[0.081s] Invoking command in '/home/rumy/acrome_ws/build/ackermann_steering_controller': CMAKE_PREFIX_PATH=/home/rumy/acrome_ws/install/steering_controllers_library:/home/rumy/acrome_ws/install/tricycle_controller:/home/rumy/acrome_ws/install/ackermann_steering_controller:/home/rumy/acrome_ws/install/range_sensor_broadcaster:/home/rumy/acrome_ws/install/pose_broadcaster:/home/rumy/acrome_ws/install/parallel_gripper_controller:/home/rumy/acrome_ws/install/omni_wheel_drive_controller:/home/rumy/acrome_ws/install/mecanum_drive_controller:/home/rumy/acrome_ws/install/joint_trajectory_controller:/home/rumy/acrome_ws/install/joint_state_broadcaster:/home/rumy/acrome_ws/install/imu_sensor_broadcaster:/home/rumy/acrome_ws/install/gripper_controllers:/home/rumy/acrome_ws/install/gps_sensor_broadcaster:/home/rumy/acrome_ws/install/gpio_controllers:/home/rumy/acrome_ws/install/forward_command_controller:/home/rumy/acrome_ws/install/force_torque_sensor_broadcaster:/home/rumy/acrome_ws/install/diff_drive_controller:/home/rumy/acrome_ws/install/admittance_controller:/home/rumy/acrome_ws/install/acrome_mini_robot:/home/rumy/acrome_ws/src/acrome_mini_robot/install/acrome_mini_robot:/opt/ros/jazzy/opt/gz_sim_vendor:/opt/ros/jazzy/opt/gz_sensors_vendor:/opt/ros/jazzy/opt/gz_physics_vendor:/opt/ros/jazzy/opt/sdformat_vendor:/opt/ros/jazzy/opt/gz_gui_vendor:/opt/ros/jazzy/opt/gz_transport_vendor:/opt/ros/jazzy/opt/gz_rendering_vendor:/opt/ros/jazzy/opt/gz_plugin_vendor:/opt/ros/jazzy/opt/gz_fuel_tools_vendor:/opt/ros/jazzy/opt/gz_msgs_vendor:/opt/ros/jazzy/opt/gz_common_vendor:/opt/ros/jazzy/opt/gz_math_vendor:/opt/ros/jazzy/opt/gz_utils_vendor:/opt/ros/jazzy/opt/gz_tools_vendor:/opt/ros/jazzy/opt/gz_ogre_next_vendor:/opt/ros/jazzy/opt/gz_dartsim_vendor:/opt/ros/jazzy/opt/gz_cmake_vendor:/home/rumy/acrome_ws/install/rqt_joint_trajectory_controller:/home/rumy/acrome_ws/install/ros2_controllers_test_nodes:/opt/ros/jazzy DEBUGINFOD_URLS=https://debuginfod.ubuntu.com LD_LIBRARY_PATH=/home/rumy/acrome_ws/install/steering_controllers_library/lib:/home/rumy/acrome_ws/install/tricycle_controller/lib:/home/rumy/acrome_ws/install/ackermann_steering_controller/lib:/home/rumy/acrome_ws/install/range_sensor_broadcaster/lib:/home/rumy/acrome_ws/install/pose_broadcaster/lib:/home/rumy/acrome_ws/install/parallel_gripper_controller/lib:/home/rumy/acrome_ws/install/omni_wheel_drive_controller/lib:/home/rumy/acrome_ws/install/mecanum_drive_controller/lib:/home/rumy/acrome_ws/install/joint_trajectory_controller/lib:/home/rumy/acrome_ws/install/joint_state_broadcaster/lib:/home/rumy/acrome_ws/install/imu_sensor_broadcaster/lib:/home/rumy/acrome_ws/install/gripper_controllers/lib:/home/rumy/acrome_ws/install/gps_sensor_broadcaster/lib:/home/rumy/acrome_ws/install/gpio_controllers/lib:/home/rumy/acrome_ws/install/forward_command_controller/lib:/home/rumy/acrome_ws/install/force_torque_sensor_broadcaster/lib:/home/rumy/acrome_ws/install/diff_drive_controller/lib:/home/rumy/acrome_ws/install/admittance_controller/lib:/opt/ros/jazzy/opt/gz_sim_vendor/lib:/opt/ros/jazzy/opt/gz_sensors_vendor/lib:/opt/ros/jazzy/opt/gz_physics_vendor/lib:/opt/ros/jazzy/opt/sdformat_vendor/lib:/opt/ros/jazzy/opt/rviz_ogre_vendor/lib:/opt/ros/jazzy/lib/x86_64-linux-gnu:/opt/ros/jazzy/opt/gz_gui_vendor/lib:/opt/ros/jazzy/opt/gz_transport_vendor/lib:/opt/ros/jazzy/opt/gz_rendering_vendor/lib:/opt/ros/jazzy/opt/gz_plugin_vendor/lib:/opt/ros/jazzy/opt/gz_fuel_tools_vendor/lib:/opt/ros/jazzy/opt/gz_msgs_vendor/lib:/opt/ros/jazzy/opt/gz_common_vendor/lib:/opt/ros/jazzy/opt/gz_math_vendor/lib:/opt/ros/jazzy/opt/gz_utils_vendor/lib:/opt/ros/jazzy/opt/gz_tools_vendor/lib:/opt/ros/jazzy/opt/gz_ogre_next_vendor/lib:/opt/ros/jazzy/opt/gz_dartsim_vendor/lib:/opt/ros/jazzy/opt/gz_cmake_vendor/lib:/opt/ros/jazzy/lib /usr/bin/cmake /home/rumy/acrome_ws/src/ros2_controllers/ackermann_steering_controller -DCMAKE_INSTALL_PREFIX=/home/rumy/acrome_ws/install/ackermann_steering_controller
[1.244s] -- Found ros2_control_cmake: 0.2.1 (/opt/ros/jazzy/share/ros2_control_cmake/cmake)
[1.244s] -- Compiler warnings enabled for GNU
[1.244s] -- Detected GCC Version: 13.3.0 (Major: 13, Minor: 3)
[1.244s] -- Found ament_cmake: 2.5.4 (/opt/ros/jazzy/share/ament_cmake/cmake)
[1.244s] -- Override CMake install command with custom implementation using symlinks instead of copying resources
[1.244s] -- Found controller_interface: 4.32.0 (/opt/ros/jazzy/share/controller_interface/cmake)
[1.244s] -- Found rosidl_generator_c: 4.6.5 (/opt/ros/jazzy/share/rosidl_generator_c/cmake)
[1.245s] -- Found rosidl_generator_cpp: 4.6.5 (/opt/ros/jazzy/share/rosidl_generator_cpp/cmake)
[1.245s] -- Using all available rosidl_typesupport_c: rosidl_typesupport_fastrtps_c;rosidl_typesupport_introspection_c
[1.245s] -- Using all available rosidl_typesupport_cpp: rosidl_typesupport_fastrtps_cpp;rosidl_typesupport_introspection_cpp
[1.245s] -- Found TinyXML2 via Config file: /usr/lib/x86_64-linux-gnu/cmake/tinyxml2
[1.245s] -- Found rmw_implementation_cmake: 7.3.2 (/opt/ros/jazzy/share/rmw_implementation_cmake/cmake)
[1.245s] -- Found rmw_fastrtps_cpp: 8.4.2 (/opt/ros/jazzy/share/rmw_fastrtps_cpp/cmake)
[1.245s] -- Found TinyXML2 via Config file: /usr/lib/x86_64-linux-gnu/cmake/tinyxml2
[1.245s] -- Found TinyXML2 via Config file: /usr/lib/x86_64-linux-gnu/cmake/tinyxml2
[1.245s] -- Found TinyXML2 via Config file: /usr/lib/x86_64-linux-gnu/cmake/tinyxml2
[1.246s] -- Found TinyXML2 via Config file: /usr/lib/x86_64-linux-gnu/cmake/tinyxml2
[1.246s] -- Using RMW implementation 'rmw_fastrtps_cpp' as default
[1.247s] -- Found generate_parameter_library: 0.5.0 (/opt/ros/jazzy/share/generate_parameter_library/cmake)
[1.247s] -- Found parameter_traits: 0.5.0 (/opt/ros/jazzy/share/parameter_traits/cmake)
[1.247s] -- Found std_srvs: 5.3.6 (/opt/ros/jazzy/share/std_srvs/cmake)
[1.247s] -- Found steering_controllers_library: 4.30.1 (/home/rumy/acrome_ws/install/steering_controllers_library/share/steering_controllers_library/cmake)
[1.308s] -- Found eigen3_cmake_module: 0.3.0 (/opt/ros/jazzy/share/eigen3_cmake_module/cmake)
[1.311s] -- Ensuring Eigen3 include directory is part of orocos-kdl CMake target
[1.380s] -- Found ament_cmake_gmock: 2.5.4 (/opt/ros/jazzy/share/ament_cmake_gmock/cmake)
[1.381s] -- Found controller_manager: 4.32.0 (/opt/ros/jazzy/share/controller_manager/cmake)
[1.491s] -- Found ros2_control_test_assets: 4.32.0 (/opt/ros/jazzy/share/ros2_control_test_assets/cmake)
[1.492s] -- Found gmock sources under '/opt/ros/jazzy/src/gmock_vendor': C++ tests using 'Google Mock' will be built
[1.498s] -- Found ament_cmake_gtest: 2.5.4 (/opt/ros/jazzy/share/ament_cmake_gtest/cmake)
[1.498s] -- Found gtest sources under '/opt/ros/jazzy/src/gtest_vendor': C++ tests using 'Google Test' will be built
[1.676s] -- Configuring done (1.6s)
[1.779s] -- Generating done (0.1s)
[1.806s] -- Build files have been written to: /home/rumy/acrome_ws/build/ackermann_steering_controller
[2.337s] Invoked command in '/home/rumy/acrome_ws/build/ackermann_steering_controller' returned '0': CMAKE_PREFIX_PATH=/home/rumy/acrome_ws/install/steering_controllers_library:/home/rumy/acrome_ws/install/tricycle_controller:/home/rumy/acrome_ws/install/ackermann_steering_controller:/home/rumy/acrome_ws/install/range_sensor_broadcaster:/home/rumy/acrome_ws/install/pose_broadcaster:/home/rumy/acrome_ws/install/parallel_gripper_controller:/home/rumy/acrome_ws/install/omni_wheel_drive_controller:/home/rumy/acrome_ws/install/mecanum_drive_controller:/home/rumy/acrome_ws/install/joint_trajectory_controller:/home/rumy/acrome_ws/install/joint_state_broadcaster:/home/rumy/acrome_ws/install/imu_sensor_broadcaster:/home/rumy/acrome_ws/install/gripper_controllers:/home/rumy/acrome_ws/install/gps_sensor_broadcaster:/home/rumy/acrome_ws/install/gpio_controllers:/home/rumy/acrome_ws/install/forward_command_controller:/home/rumy/acrome_ws/install/force_torque_sensor_broadcaster:/home/rumy/acrome_ws/install/diff_drive_controller:/home/rumy/acrome_ws/install/admittance_controller:/home/rumy/acrome_ws/install/acrome_mini_robot:/home/rumy/acrome_ws/src/acrome_mini_robot/install/acrome_mini_robot:/opt/ros/jazzy/opt/gz_sim_vendor:/opt/ros/jazzy/opt/gz_sensors_vendor:/opt/ros/jazzy/opt/gz_physics_vendor:/opt/ros/jazzy/opt/sdformat_vendor:/opt/ros/jazzy/opt/gz_gui_vendor:/opt/ros/jazzy/opt/gz_transport_vendor:/opt/ros/jazzy/opt/gz_rendering_vendor:/opt/ros/jazzy/opt/gz_plugin_vendor:/opt/ros/jazzy/opt/gz_fuel_tools_vendor:/opt/ros/jazzy/opt/gz_msgs_vendor:/opt/ros/jazzy/opt/gz_common_vendor:/opt/ros/jazzy/opt/gz_math_vendor:/opt/ros/jazzy/opt/gz_utils_vendor:/opt/ros/jazzy/opt/gz_tools_vendor:/opt/ros/jazzy/opt/gz_ogre_next_vendor:/opt/ros/jazzy/opt/gz_dartsim_vendor:/opt/ros/jazzy/opt/gz_cmake_vendor:/home/rumy/acrome_ws/install/rqt_joint_trajectory_controller:/home/rumy/acrome_ws/install/ros2_controllers_test_nodes:/opt/ros/jazzy DEBUGINFOD_URLS=https://debuginfod.ubuntu.com LD_LIBRARY_PATH=/home/rumy/acrome_ws/install/steering_controllers_library/lib:/home/rumy/acrome_ws/install/tricycle_controller/lib:/home/rumy/acrome_ws/install/ackermann_steering_controller/lib:/home/rumy/acrome_ws/install/range_sensor_broadcaster/lib:/home/rumy/acrome_ws/install/pose_broadcaster/lib:/home/rumy/acrome_ws/install/parallel_gripper_controller/lib:/home/rumy/acrome_ws/install/omni_wheel_drive_controller/lib:/home/rumy/acrome_ws/install/mecanum_drive_controller/lib:/home/rumy/acrome_ws/install/joint_trajectory_controller/lib:/home/rumy/acrome_ws/install/joint_state_broadcaster/lib:/home/rumy/acrome_ws/install/imu_sensor_broadcaster/lib:/home/rumy/acrome_ws/install/gripper_controllers/lib:/home/rumy/acrome_ws/install/gps_sensor_broadcaster/lib:/home/rumy/acrome_ws/install/gpio_controllers/lib:/home/rumy/acrome_ws/install/forward_command_controller/lib:/home/rumy/acrome_ws/install/force_torque_sensor_broadcaster/lib:/home/rumy/acrome_ws/install/diff_drive_controller/lib:/home/rumy/acrome_ws/install/admittance_controller/lib:/opt/ros/jazzy/opt/gz_sim_vendor/lib:/opt/ros/jazzy/opt/gz_sensors_vendor/lib:/opt/ros/jazzy/opt/gz_physics_vendor/lib:/opt/ros/jazzy/opt/sdformat_vendor/lib:/opt/ros/jazzy/opt/rviz_ogre_vendor/lib:/opt/ros/jazzy/lib/x86_64-linux-gnu:/opt/ros/jazzy/opt/gz_gui_vendor/lib:/opt/ros/jazzy/opt/gz_transport_vendor/lib:/opt/ros/jazzy/opt/gz_rendering_vendor/lib:/opt/ros/jazzy/opt/gz_plugin_vendor/lib:/opt/ros/jazzy/opt/gz_fuel_tools_vendor/lib:/opt/ros/jazzy/opt/gz_msgs_vendor/lib:/opt/ros/jazzy/opt/gz_common_vendor/lib:/opt/ros/jazzy/opt/gz_math_vendor/lib:/opt/ros/jazzy/opt/gz_utils_vendor/lib:/opt/ros/jazzy/opt/gz_tools_vendor/lib:/opt/ros/jazzy/opt/gz_ogre_next_vendor/lib:/opt/ros/jazzy/opt/gz_dartsim_vendor/lib:/opt/ros/jazzy/opt/gz_cmake_vendor/lib:/opt/ros/jazzy/lib /usr/bin/cmake /home/rumy/acrome_ws/src/ros2_controllers/ackermann_steering_controller -DCMAKE_INSTALL_PREFIX=/home/rumy/acrome_ws/install/ackermann_steering_controller
[2.338s] Invoking command in '/home/rumy/acrome_ws/build/ackermann_steering_controller': CMAKE_PREFIX_PATH=/home/rumy/acrome_ws/install/steering_controllers_library:/home/rumy/acrome_ws/install/tricycle_controller:/home/rumy/acrome_ws/install/ackermann_steering_controller:/home/rumy/acrome_ws/install/range_sensor_broadcaster:/home/rumy/acrome_ws/install/pose_broadcaster:/home/rumy/acrome_ws/install/parallel_gripper_controller:/home/rumy/acrome_ws/install/omni_wheel_drive_controller:/home/rumy/acrome_ws/install/mecanum_drive_controller:/home/rumy/acrome_ws/install/joint_trajectory_controller:/home/rumy/acrome_ws/install/joint_state_broadcaster:/home/rumy/acrome_ws/install/imu_sensor_broadcaster:/home/rumy/acrome_ws/install/gripper_controllers:/home/rumy/acrome_ws/install/gps_sensor_broadcaster:/home/rumy/acrome_ws/install/gpio_controllers:/home/rumy/acrome_ws/install/forward_command_controller:/home/rumy/acrome_ws/install/force_torque_sensor_broadcaster:/home/rumy/acrome_ws/install/diff_drive_controller:/home/rumy/acrome_ws/install/admittance_controller:/home/rumy/acrome_ws/install/acrome_mini_robot:/home/rumy/acrome_ws/src/acrome_mini_robot/install/acrome_mini_robot:/opt/ros/jazzy/opt/gz_sim_vendor:/opt/ros/jazzy/opt/gz_sensors_vendor:/opt/ros/jazzy/opt/gz_physics_vendor:/opt/ros/jazzy/opt/sdformat_vendor:/opt/ros/jazzy/opt/gz_gui_vendor:/opt/ros/jazzy/opt/gz_transport_vendor:/opt/ros/jazzy/opt/gz_rendering_vendor:/opt/ros/jazzy/opt/gz_plugin_vendor:/opt/ros/jazzy/opt/gz_fuel_tools_vendor:/opt/ros/jazzy/opt/gz_msgs_vendor:/opt/ros/jazzy/opt/gz_common_vendor:/opt/ros/jazzy/opt/gz_math_vendor:/opt/ros/jazzy/opt/gz_utils_vendor:/opt/ros/jazzy/opt/gz_tools_vendor:/opt/ros/jazzy/opt/gz_ogre_next_vendor:/opt/ros/jazzy/opt/gz_dartsim_vendor:/opt/ros/jazzy/opt/gz_cmake_vendor:/home/rumy/acrome_ws/install/rqt_joint_trajectory_controller:/home/rumy/acrome_ws/install/ros2_controllers_test_nodes:/opt/ros/jazzy DEBUGINFOD_URLS=https://debuginfod.ubuntu.com LD_LIBRARY_PATH=/home/rumy/acrome_ws/install/steering_controllers_library/lib:/home/rumy/acrome_ws/install/tricycle_controller/lib:/home/rumy/acrome_ws/install/ackermann_steering_controller/lib:/home/rumy/acrome_ws/install/range_sensor_broadcaster/lib:/home/rumy/acrome_ws/install/pose_broadcaster/lib:/home/rumy/acrome_ws/install/parallel_gripper_controller/lib:/home/rumy/acrome_ws/install/omni_wheel_drive_controller/lib:/home/rumy/acrome_ws/install/mecanum_drive_controller/lib:/home/rumy/acrome_ws/install/joint_trajectory_controller/lib:/home/rumy/acrome_ws/install/joint_state_broadcaster/lib:/home/rumy/acrome_ws/install/imu_sensor_broadcaster/lib:/home/rumy/acrome_ws/install/gripper_controllers/lib:/home/rumy/acrome_ws/install/gps_sensor_broadcaster/lib:/home/rumy/acrome_ws/install/gpio_controllers/lib:/home/rumy/acrome_ws/install/forward_command_controller/lib:/home/rumy/acrome_ws/install/force_torque_sensor_broadcaster/lib:/home/rumy/acrome_ws/install/diff_drive_controller/lib:/home/rumy/acrome_ws/install/admittance_controller/lib:/opt/ros/jazzy/opt/gz_sim_vendor/lib:/opt/ros/jazzy/opt/gz_sensors_vendor/lib:/opt/ros/jazzy/opt/gz_physics_vendor/lib:/opt/ros/jazzy/opt/sdformat_vendor/lib:/opt/ros/jazzy/opt/rviz_ogre_vendor/lib:/opt/ros/jazzy/lib/x86_64-linux-gnu:/opt/ros/jazzy/opt/gz_gui_vendor/lib:/opt/ros/jazzy/opt/gz_transport_vendor/lib:/opt/ros/jazzy/opt/gz_rendering_vendor/lib:/opt/ros/jazzy/opt/gz_plugin_vendor/lib:/opt/ros/jazzy/opt/gz_fuel_tools_vendor/lib:/opt/ros/jazzy/opt/gz_msgs_vendor/lib:/opt/ros/jazzy/opt/gz_common_vendor/lib:/opt/ros/jazzy/opt/gz_math_vendor/lib:/opt/ros/jazzy/opt/gz_utils_vendor/lib:/opt/ros/jazzy/opt/gz_tools_vendor/lib:/opt/ros/jazzy/opt/gz_ogre_next_vendor/lib:/opt/ros/jazzy/opt/gz_dartsim_vendor/lib:/opt/ros/jazzy/opt/gz_cmake_vendor/lib:/opt/ros/jazzy/lib /usr/bin/cmake --build /home/rumy/acrome_ws/build/ackermann_steering_controller -- -j12 -l12
[2.433s] [  6%] [34m[1mRunning `/opt/ros/jazzy/bin/generate_parameter_library_cpp /home/rumy/acrome_ws/build/ackermann_steering_controller/include/ackermann_steering_controller/ackermann_steering_controller_parameters.hpp /home/rumy/acrome_ws/src/ros2_controllers/ackermann_steering_controller/src/ackermann_steering_controller.yaml `[0m
[2.451s] [ 20%] Built target gmock_main
[2.461s] [ 40%] Built target gmock
[2.507s] [ 46%] [32mBuilding CXX object CMakeFiles/test_load_ackermann_steering_controller.dir/test/test_load_ackermann_steering_controller.cpp.o[0m
[3.943s] [ 53%] [34m[1mCreating deprecated header file /home/rumy/acrome_ws/build/ackermann_steering_controller/include/ackermann_steering_controller_parameters.hpp[0m
[4.007s] [ 53%] Built target ackermann_steering_controller_parameters
[4.099s] [ 60%] [32mBuilding CXX object CMakeFiles/ackermann_steering_controller.dir/src/ackermann_steering_controller.cpp.o[0m
[8.572s] [01m[K/home/rumy/acrome_ws/src/ros2_controllers/ackermann_steering_controller/src/ackermann_steering_controller.cpp:[m[K In member function â€˜[01m[Kvirtual bool ackermann_steering_controller::AckermannSteeringController::[01;32m[Kupdate_odometry[m[K(const rclcpp::Duration&)[m[Kâ€™:
[8.572s] [01m[K/home/rumy/acrome_ws/src/ros2_controllers/ackermann_steering_controller/src/ackermann_steering_controller.cpp:124:62:[m[K [01;35m[Kwarning: [m[Kâ€˜[01m[Kdouble hardware_interface::LoanedStateInterface::[01;32m[Kget_value[m[K() const[m[Kâ€™ is deprecated: Use std::optional<T> get_optional() instead to retrieve the value. This method will be removed by the ROS 2 Kilted Kaiju release. [[01;35m[K]8;;https://gcc.gnu.org/onlinedocs/gcc/Warning-Options.html#index-Wdeprecated-declarations-Wdeprecated-declarations]8;;[m[K]
[8.572s]   124 |       [01;35m[Kstate_interfaces_[STATE_TRACTION_RIGHT_WHEEL].get_value()[m[K;
[8.572s]       |       [01;35m[K~~~~~~~~~~~~~~~~~~~~~~~~~~~~~~~~~~~~~~~~~~~~~~~~~~~~~~~^~[m[K
[8.572s] In file included from [01m[K/opt/ros/jazzy/include/controller_interface/controller_interface/controller_interface_base.hpp:28[m[K,
[8.572s]                  from [01m[K/opt/ros/jazzy/include/controller_interface/controller_interface/chainable_controller_interface.hpp:23[m[K,
[8.572s]                  from [01m[K/home/rumy/acrome_ws/src/ros2_controllers/steering_controllers_library/include/steering_controllers_library/steering_controllers_library.hpp:23[m[K,
[8.572s]                  from [01m[K/home/rumy/acrome_ws/src/ros2_controllers/ackermann_steering_controller/include/ackermann_steering_controller/ackermann_steering_controller.hpp:24[m[K,
[8.572s]                  from [01m[K/home/rumy/acrome_ws/src/ros2_controllers/ackermann_steering_controller/src/ackermann_steering_controller.cpp:17[m[K:
[8.574s] [01m[K/opt/ros/jazzy/include/hardware_interface/hardware_interface/loaned_state_interface.hpp:94:10:[m[K [01;36m[Knote: [m[Kdeclared here
[8.575s]    94 |   double [01;36m[Kget_value[m[K() const
[8.575s]       |          [01;36m[K^~~~~~~~~[m[K
[8.575s] [01m[K/home/rumy/acrome_ws/src/ros2_controllers/ackermann_steering_controller/src/ackermann_steering_controller.cpp:126:61:[m[K [01;35m[Kwarning: [m[Kâ€˜[01m[Kdouble hardware_interface::LoanedStateInterface::[01;32m[Kget_value[m[K() const[m[Kâ€™ is deprecated: Use std::optional<T> get_optional() instead to retrieve the value. This method will be removed by the ROS 2 Kilted Kaiju release. [[01;35m[K]8;;https://gcc.gnu.org/onlinedocs/gcc/Warning-Options.html#index-Wdeprecated-declarations-Wdeprecated-declarations]8;;[m[K]
[8.575s]   126 |       [01;35m[Kstate_interfaces_[STATE_TRACTION_LEFT_WHEEL].get_value()[m[K;
[8.575s]       |       [01;35m[K~~~~~~~~~~~~~~~~~~~~~~~~~~~~~~~~~~~~~~~~~~~~~~~~~~~~~~^~[m[K
[8.575s] [01m[K/opt/ros/jazzy/include/hardware_interface/hardware_interface/loaned_state_interface.hpp:94:10:[m[K [01;36m[Knote: [m[Kdeclared here
[8.575s]    94 |   double [01;36m[Kget_value[m[K() const
[8.575s]       |          [01;36m[K^~~~~~~~~[m[K
[8.575s] [01m[K/home/rumy/acrome_ws/src/ros2_controllers/ackermann_steering_controller/src/ackermann_steering_controller.cpp:127:96:[m[K [01;35m[Kwarning: [m[Kâ€˜[01m[Kdouble hardware_interface::LoanedStateInterface::[01;32m[Kget_value[m[K() const[m[Kâ€™ is deprecated: Use std::optional<T> get_optional() instead to retrieve the value. This method will be removed by the ROS 2 Kilted Kaiju release. [[01;35m[K]8;;https://gcc.gnu.org/onlinedocs/gcc/Warning-Options.html#index-Wdeprecated-declarations-Wdeprecated-declarations]8;;[m[K]
[8.575s]   127 | ight_position = [01;35m[Kstate_interfaces_[STATE_STEER_RIGHT_WHEEL].get_value()[m[K;
[8.575s]       |                 [01;35m[K~~~~~~~~~~~~~~~~~~~~~~~~~~~~~~~~~~~~~~~~~~~~~~~~~~~~^~[m[K
[8.576s] 
[8.576s] [01m[K/opt/ros/jazzy/include/hardware_interface/hardware_interface/loaned_state_interface.hpp:94:10:[m[K [01;36m[Knote: [m[Kdeclared here
[8.576s]    94 |   double [01;36m[Kget_value[m[K() const
[8.576s]       |          [01;36m[K^~~~~~~~~[m[K
[8.576s] [01m[K/home/rumy/acrome_ws/src/ros2_controllers/ackermann_steering_controller/src/ackermann_steering_controller.cpp:128:94:[m[K [01;35m[Kwarning: [m[Kâ€˜[01m[Kdouble hardware_interface::LoanedStateInterface::[01;32m[Kget_value[m[K() const[m[Kâ€™ is deprecated: Use std::optional<T> get_optional() instead to retrieve the value. This method will be removed by the ROS 2 Kilted Kaiju release. [[01;35m[K]8;;https://gcc.gnu.org/onlinedocs/gcc/Warning-Options.html#index-Wdeprecated-declarations-Wdeprecated-declarations]8;;[m[K]
[8.576s]   128 | _left_position = [01;35m[Kstate_interfaces_[STATE_STEER_LEFT_WHEEL].get_value()[m[K;
[8.576s]       |                  [01;35m[K~~~~~~~~~~~~~~~~~~~~~~~~~~~~~~~~~~~~~~~~~~~~~~~~~~~^~[m[K
[8.576s] 
[8.576s] [01m[K/opt/ros/jazzy/include/hardware_interface/hardware_interface/loaned_state_interface.hpp:94:10:[m[K [01;36m[Knote: [m[Kdeclared here
[8.576s]    94 |   double [01;36m[Kget_value[m[K() const
[8.576s]       |          [01;36m[K^~~~~~~~~[m[K
[11.770s] [ 66%] [32m[1mLinking CXX shared library libackermann_steering_controller.so[0m
[13.250s] [ 73%] [32m[1mLinking CXX executable test_load_ackermann_steering_controller[0m
[13.583s] [ 73%] Built target ackermann_steering_controller
[13.696s] [ 80%] [32mBuilding CXX object CMakeFiles/test_ackermann_steering_controller.dir/test/test_ackermann_steering_controller.cpp.o[0m
[13.705s] [ 86%] [32mBuilding CXX object CMakeFiles/test_ackermann_steering_controller_preceding.dir/test/test_ackermann_steering_controller_preceding.cpp.o[0m
[14.321s] [ 86%] Built target test_load_ackermann_steering_controller
[19.160s] In file included from [01m[K/opt/ros/jazzy/src/gtest_vendor/include/gtest/gtest-printers.h:122[m[K,
[19.160s]                  from [01m[K/opt/ros/jazzy/src/gtest_vendor/include/gtest/gtest-matchers.h:49[m[K,
[19.160s]                  from [01m[K/opt/ros/jazzy/src/gtest_vendor/include/gtest/internal/gtest-death-test-internal.h:47[m[K,
[19.160s]                  from [01m[K/opt/ros/jazzy/src/gtest_vendor/include/gtest/gtest-death-test.h:43[m[K,
[19.160s]                  from [01m[K/opt/ros/jazzy/src/gtest_vendor/include/gtest/gtest.h:65[m[K,
[19.160s]                  from [01m[K/opt/ros/jazzy/src/gmock_vendor/include/gmock/internal/gmock-internal-utils.h:50[m[K,
[19.160s]                  from [01m[K/opt/ros/jazzy/src/gmock_vendor/include/gmock/gmock-actions.h:145[m[K,
[19.160s]                  from [01m[K/opt/ros/jazzy/src/gmock_vendor/include/gmock/gmock.h:56[m[K,
[19.160s]                  from [01m[K/home/rumy/acrome_ws/src/ros2_controllers/ackermann_steering_controller/test/test_ackermann_steering_controller.hpp:18[m[K,
[19.160s]                  from [01m[K/home/rumy/acrome_ws/src/ros2_controllers/ackermann_steering_controller/test/test_ackermann_steering_controller.cpp:20[m[K:
[19.160s] [01m[K/home/rumy/acrome_ws/src/ros2_controllers/ackermann_steering_controller/test/test_ackermann_steering_controller.cpp:[m[K In member function â€˜[01m[Kvirtual void AckermannSteeringControllerTest_reactivate_success_Test::[01;32m[KTestBody[m[K()[m[Kâ€™:
[19.160s] [01m[K/home/rumy/acrome_ws/src/ros2_controllers/ackermann_steering_controller/test/test_ackermann_steering_controller.cpp:143:71:[m[K [01;35m[Kwarning: [m[Kâ€˜[01m[Kdouble hardware_interface::LoanedCommandInterface::[01;32m[Kget_value[m[K() const[m[Kâ€™ is deprecated: Use std::optional<T> get_optional() instead to retrieve the value. This method will be removed by the ROS 2 Kilted Kaiju release. [[01;35m[K]8;;https://gcc.gnu.org/onlinedocs/gcc/Warning-Options.html#index-Wdeprecated-declarations-Wdeprecated-declarations]8;;[m[K]
[19.160s]   143 | SERT_TRUE(std::isnan([01;35m[Kcontroller_->command_interfaces_[0].get_value()[m[K));
[19.160s]       |                      [01;35m[K~~~~~~~~~~~~~~~~~~~~~~~~~~~~~~~~~~~~~~~~~~~~~^~[m[K
[19.161s] 
[19.161s] [01m[K/opt/ros/jazzy/src/gtest_vendor/include/gtest/internal/gtest-internal.h:1493:38:[m[K [01;36m[Knote: [m[Kin definition of macro â€˜[01m[KGTEST_TEST_BOOLEAN_[m[Kâ€™
[19.161s]  1493 |           ::testing::AssertionResult([01;36m[Kexpression[m[K))                     \
[19.161s]       |                                      [01;36m[K^~~~~~~~~~[m[K
[19.161s] [01m[K/opt/ros/jazzy/src/gtest_vendor/include/gtest/gtest.h:1815:32:[m[K [01;36m[Knote: [m[Kin expansion of macro â€˜[01m[KGTEST_ASSERT_TRUE[m[Kâ€™
[19.161s]  1815 | #define ASSERT_TRUE(condition) [01;36m[KGTEST_ASSERT_TRUE[m[K(condition)
[19.161s]       |                                [01;36m[K^~~~~~~~~~~~~~~~~[m[K
[19.161s] [01m[K/home/rumy/acrome_ws/src/ros2_controllers/ackermann_steering_controller/test/test_ackermann_steering_controller.cpp:143:3:[m[K [01;36m[Knote: [m[Kin expansion of macro â€˜[01m[KASSERT_TRUE[m[Kâ€™
[19.161s]   143 |   [01;36m[KASSERT_TRUE[m[K(std::isnan(controller_->command_interfaces_[0].get_value()));
[19.161s]       |   [01;36m[K^~~~~~~~~~~[m[K
[19.161s] In file included from [01m[K/opt/ros/jazzy/include/controller_interface/controller_interface/controller_interface_base.hpp:27[m[K,
[19.161s]                  from [01m[K/opt/ros/jazzy/include/controller_interface/controller_interface/chainable_controller_interface.hpp:23[m[K,
[19.161s]                  from [01m[K/home/rumy/acrome_ws/src/ros2_controllers/steering_controllers_library/include/steering_controllers_library/steering_controllers_library.hpp:23[m[K,
[19.161s]                  from [01m[K/home/rumy/acrome_ws/src/ros2_controllers/ackermann_steering_controller/include/ackermann_steering_controller/ackermann_steering_controller.hpp:24[m[K,
[19.161s]                  from [01m[K/home/rumy/acrome_ws/src/ros2_controllers/ackermann_steering_controller/test/test_ackermann_steering_controller.hpp:26[m[K:
[19.162s] [01m[K/opt/ros/jazzy/include/hardware_interface/hardware_interface/loaned_command_interface.hpp:134:10:[m[K [01;36m[Knote: [m[Kdeclared here
[19.162s]   134 |   double [01;36m[Kget_value[m[K() const
[19.162s]       |          [01;36m[K^~~~~~~~~[m[K
[19.162s] [01m[K/home/rumy/acrome_ws/src/ros2_controllers/ackermann_steering_controller/test/test_ackermann_steering_controller.cpp:145:71:[m[K [01;35m[Kwarning: [m[Kâ€˜[01m[Kdouble hardware_interface::LoanedCommandInterface::[01;32m[Kget_value[m[K() const[m[Kâ€™ is deprecated: Use std::optional<T> get_optional() instead to retrieve the value. This method will be removed by the ROS 2 Kilted Kaiju release. [[01;35m[K]8;;https://gcc.gnu.org/onlinedocs/gcc/Warning-Options.html#index-Wdeprecated-declarations-Wdeprecated-declarations]8;;[m[K]
[19.162s]   145 | SERT_TRUE(std::isnan([01;35m[Kcontroller_->command_interfaces_[0].get_value()[m[K));
[19.162s]       |                      [01;35m[K~~~~~~~~~~~~~~~~~~~~~~~~~~~~~~~~~~~~~~~~~~~~~^~[m[K
[19.162s] 
[19.162s] [01m[K/opt/ros/jazzy/src/gtest_vendor/include/gtest/internal/gtest-internal.h:1493:38:[m[K [01;36m[Knote: [m[Kin definition of macro â€˜[01m[KGTEST_TEST_BOOLEAN_[m[Kâ€™
[19.162s]  1493 |           ::testing::AssertionResult([01;36m[Kexpression[m[K))                     \
[19.162s]       |                                      [01;36m[K^~~~~~~~~~[m[K
[19.162s] [01m[K/opt/ros/jazzy/src/gtest_vendor/include/gtest/gtest.h:1815:32:[m[K [01;36m[Knote: [m[Kin expansion of macro â€˜[01m[KGTEST_ASSERT_TRUE[m[Kâ€™
[19.162s]  1815 | #define ASSERT_TRUE(condition) [01;36m[KGTEST_ASSERT_TRUE[m[K(condition)
[19.162s]       |                                [01;36m[K^~~~~~~~~~~~~~~~~[m[K
[19.162s] [01m[K/home/rumy/acrome_ws/src/ros2_controllers/ackermann_steering_controller/test/test_ackermann_steering_controller.cpp:145:3:[m[K [01;36m[Knote: [m[Kin expansion of macro â€˜[01m[KASSERT_TRUE[m[Kâ€™
[19.162s]   145 |   [01;36m[KASSERT_TRUE[m[K(std::isnan(controller_->command_interfaces_[0].get_value()));
[19.162s]       |   [01;36m[K^~~~~~~~~~~[m[K
[19.162s] [01m[K/opt/ros/jazzy/include/hardware_interface/hardware_interface/loaned_command_interface.hpp:134:10:[m[K [01;36m[Knote: [m[Kdeclared here
[19.162s]   134 |   double [01;36m[Kget_value[m[K() const
[19.163s]       |          [01;36m[K^~~~~~~~~[m[K
[19.165s] In file included from [01m[K/opt/ros/jazzy/src/gtest_vendor/include/gtest/gtest.h:72[m[K:
[19.165s] [01m[K/home/rumy/acrome_ws/src/ros2_controllers/ackermann_steering_controller/test/test_ackermann_steering_controller.cpp:[m[K In member function â€˜[01m[Kvirtual void AckermannSteeringControllerTest_test_update_logic_Test::[01;32m[KTestBody[m[K()[m[Kâ€™:
[19.165s] [01m[K/home/rumy/acrome_ws/src/ros2_controllers/ackermann_steering_controller/test/test_ackermann_steering_controller.cpp:176:73:[m[K [01;35m[Kwarning: [m[Kâ€˜[01m[Kdouble hardware_interface::LoanedCommandInterface::[01;32m[Kget_value[m[K() const[m[Kâ€™ is deprecated: Use std::optional<T> get_optional() instead to retrieve the value. This method will be removed by the ROS 2 Kilted Kaiju release. [[01;35m[K]8;;https://gcc.gnu.org/onlinedocs/gcc/Warning-Options.html#index-Wdeprecated-declarations-Wdeprecated-declarations]8;;[m[K]
[19.165s]   176 | [01;35m[Ker_->command_interfaces_[CMD_TRACTION_RIGHT_WHEEL].get_value()[m[K, 0.22222222222222224,
[19.165s]       | [01;35m[K~~~~~~~~~~~~~~~~~~~~~~~~~~~~~~~~~~~~~~~~~~~~~~~~~~~~~~~~~~~~^~[m[K
[19.165s] 
[19.165s] [01m[K/opt/ros/jazzy/src/gtest_vendor/include/gtest/gtest_pred_impl.h:79:52:[m[K [01;36m[Knote: [m[Kin definition of macro â€˜[01m[KGTEST_ASSERT_[m[Kâ€™
[19.165s]    79 |   if (const ::testing::AssertionResult gtest_ar = ([01;36m[Kexpression[m[K)) \
[19.165s]       |                                                    [01;36m[K^~~~~~~~~~[m[K
[19.165s] [01m[K/opt/ros/jazzy/src/gtest_vendor/include/gtest/gtest_pred_impl.h:183:3:[m[K [01;36m[Knote: [m[Kin expansion of macro â€˜[01m[KGTEST_PRED_FORMAT3_[m[Kâ€™
[19.166s]   183 |   [01;36m[KGTEST_PRED_FORMAT3_[m[K(pred_format, v1, v2, v3, GTEST_NONFATAL_FAILURE_)
[19.166s]       |   [01;36m[K^~~~~~~~~~~~~~~~~~~[m[K
[19.166s] [01m[K/opt/ros/jazzy/src/gtest_vendor/include/gtest/gtest.h:1986:3:[m[K [01;36m[Knote: [m[Kin expansion of macro â€˜[01m[KEXPECT_PRED_FORMAT3[m[Kâ€™
[19.166s]  1986 |   [01;36m[KEXPECT_PRED_FORMAT3[m[K(::testing::internal::DoubleNearPredFormat, val1, val2, \
[19.166s]       |   [01;36m[K^~~~~~~~~~~~~~~~~~~[m[K
[19.166s] [01m[K/home/rumy/acrome_ws/src/ros2_controllers/ackermann_steering_controller/test/test_ackermann_steering_controller.cpp:175:3:[m[K [01;36m[Knote: [m[Kin expansion of macro â€˜[01m[KEXPECT_NEAR[m[Kâ€™
[19.166s]   175 |   [01;36m[KEXPECT_NEAR[m[K(
[19.166s]       |   [01;36m[K^~~~~~~~~~~[m[K
[19.166s] [01m[K/opt/ros/jazzy/include/hardware_interface/hardware_interface/loaned_command_interface.hpp:134:10:[m[K [01;36m[Knote: [m[Kdeclared here
[19.166s]   134 |   double [01;36m[Kget_value[m[K() const
[19.166s]       |          [01;36m[K^~~~~~~~~[m[K
[19.167s] [01m[K/home/rumy/acrome_ws/src/ros2_controllers/ackermann_steering_controller/test/test_ackermann_steering_controller.cpp:179:72:[m[K [01;35m[Kwarning: [m[Kâ€˜[01m[Kdouble hardware_interface::LoanedCommandInterface::[01;32m[Kget_value[m[K() const[m[Kâ€™ is deprecated: Use std::optional<T> get_optional() instead to retrieve the value. This method will be removed by the ROS 2 Kilted Kaiju release. [[01;35m[K]8;;https://gcc.gnu.org/onlinedocs/gcc/Warning-Options.html#index-Wdeprecated-declarations-Wdeprecated-declarations]8;;[m[K]
[19.167s]   179 | [01;35m[Kler_->command_interfaces_[CMD_TRACTION_LEFT_WHEEL].get_value()[m[K, 0.22222222222222224,
[19.167s]       | [01;35m[K~~~~~~~~~~~~~~~~~~~~~~~~~~~~~~~~~~~~~~~~~~~~~~~~~~~~~~~~~~~~^~[m[K
[19.167s] 
[19.167s] [01m[K/opt/ros/jazzy/src/gtest_vendor/include/gtest/gtest_pred_impl.h:79:52:[m[K [01;36m[Knote: [m[Kin definition of macro â€˜[01m[KGTEST_ASSERT_[m[Kâ€™
[19.167s]    79 |   if (const ::testing::AssertionResult gtest_ar = ([01;36m[Kexpression[m[K)) \
[19.167s]       |                                                    [01;36m[K^~~~~~~~~~[m[K
[19.167s] [01m[K/opt/ros/jazzy/src/gtest_vendor/include/gtest/gtest_pred_impl.h:183:3:[m[K [01;36m[Knote: [m[Kin expansion of macro â€˜[01m[KGTEST_PRED_FORMAT3_[m[Kâ€™
[19.167s]   183 |   [01;36m[KGTEST_PRED_FORMAT3_[m[K(pred_format, v1, v2, v3, GTEST_NONFATAL_FAILURE_)
[19.167s]       |   [01;36m[K^~~~~~~~~~~~~~~~~~~[m[K
[19.167s] [01m[K/opt/ros/jazzy/src/gtest_vendor/include/gtest/gtest.h:1986:3:[m[K [01;36m[Knote: [m[Kin expansion of macro â€˜[01m[KEXPECT_PRED_FORMAT3[m[Kâ€™
[19.167s]  1986 |   [01;36m[KEXPECT_PRED_FORMAT3[m[K(::testing::internal::DoubleNearPredFormat, val1, val2, \
[19.167s]       |   [01;36m[K^~~~~~~~~~~~~~~~~~~[m[K
[19.167s] [01m[K/home/rumy/acrome_ws/src/ros2_controllers/ackermann_steering_controller/test/test_ackermann_steering_controller.cpp:178:3:[m[K [01;36m[Knote: [m[Kin expansion of macro â€˜[01m[KEXPECT_NEAR[m[Kâ€™
[19.167s]   178 |   [01;36m[KEXPECT_NEAR[m[K(
[19.167s]       |   [01;36m[K^~~~~~~~~~~[m[K
[19.167s] [01m[K/opt/ros/jazzy/include/hardware_interface/hardware_interface/loaned_command_interface.hpp:134:10:[m[K [01;36m[Knote: [m[Kdeclared here
[19.167s]   134 |   double [01;36m[Kget_value[m[K() const
[19.168s]       |          [01;36m[K^~~~~~~~~[m[K
[19.168s] [01m[K/home/rumy/acrome_ws/src/ros2_controllers/ackermann_steering_controller/test/test_ackermann_steering_controller.cpp:182:70:[m[K [01;35m[Kwarning: [m[Kâ€˜[01m[Kdouble hardware_interface::LoanedCommandInterface::[01;32m[Kget_value[m[K() const[m[Kâ€™ is deprecated: Use std::optional<T> get_optional() instead to retrieve the value. This method will be removed by the ROS 2 Kilted Kaiju release. [[01;35m[K]8;;https://gcc.gnu.org/onlinedocs/gcc/Warning-Options.html#index-Wdeprecated-declarations-Wdeprecated-declarations]8;;[m[K]
[19.168s]   182 | [01;35m[Koller_->command_interfaces_[CMD_STEER_RIGHT_WHEEL].get_value()[m[K, 1.4179821977774734,
[19.168s]       | [01;35m[K~~~~~~~~~~~~~~~~~~~~~~~~~~~~~~~~~~~~~~~~~~~~~~~~~~~~~~~~~~~~^~[m[K
[19.168s] 
[19.168s] [01m[K/opt/ros/jazzy/src/gtest_vendor/include/gtest/gtest_pred_impl.h:79:52:[m[K [01;36m[Knote: [m[Kin definition of macro â€˜[01m[KGTEST_ASSERT_[m[Kâ€™
[19.168s]    79 |   if (const ::testing::AssertionResult gtest_ar = ([01;36m[Kexpression[m[K)) \
[19.168s]       |                                                    [01;36m[K^~~~~~~~~~[m[K
[19.168s] [01m[K/opt/ros/jazzy/src/gtest_vendor/include/gtest/gtest_pred_impl.h:183:3:[m[K [01;36m[Knote: [m[Kin expansion of macro â€˜[01m[KGTEST_PRED_FORMAT3_[m[Kâ€™
[19.168s]   183 |   [01;36m[KGTEST_PRED_FORMAT3_[m[K(pred_format, v1, v2, v3, GTEST_NONFATAL_FAILURE_)
[19.168s]       |   [01;36m[K^~~~~~~~~~~~~~~~~~~[m[K
[19.168s] [01m[K/opt/ros/jazzy/src/gtest_vendor/include/gtest/gtest.h:1986:3:[m[K [01;36m[Knote: [m[Kin expansion of macro â€˜[01m[KEXPECT_PRED_FORMAT3[m[Kâ€™
[19.168s]  1986 |   [01;36m[KEXPECT_PRED_FORMAT3[m[K(::testing::internal::DoubleNearPredFormat, val1, val2, \
[19.168s]       |   [01;36m[K^~~~~~~~~~~~~~~~~~~[m[K
[19.168s] [01m[K/home/rumy/acrome_ws/src/ros2_controllers/ackermann_steering_controller/test/test_ackermann_steering_controller.cpp:181:3:[m[K [01;36m[Knote: [m[Kin expansion of macro â€˜[01m[KEXPECT_NEAR[m[Kâ€™
[19.168s]   181 |   [01;36m[KEXPECT_NEAR[m[K(
[19.168s]       |   [01;36m[K^~~~~~~~~~~[m[K
[19.168s] [01m[K/opt/ros/jazzy/include/hardware_interface/hardware_interface/loaned_command_interface.hpp:134:10:[m[K [01;36m[Knote: [m[Kdeclared here
[19.169s]   134 |   double [01;36m[Kget_value[m[K() const
[19.169s]       |          [01;36m[K^~~~~~~~~[m[K
[19.169s] [01m[K/home/rumy/acrome_ws/src/ros2_controllers/ackermann_steering_controller/test/test_ackermann_steering_controller.cpp:185:69:[m[K [01;35m[Kwarning: [m[Kâ€˜[01m[Kdouble hardware_interface::LoanedCommandInterface::[01;32m[Kget_value[m[K() const[m[Kâ€™ is deprecated: Use std::optional<T> get_optional() instead to retrieve the value. This method will be removed by the ROS 2 Kilted Kaiju release. [[01;35m[K]8;;https://gcc.gnu.org/onlinedocs/gcc/Warning-Options.html#index-Wdeprecated-declarations-Wdeprecated-declarations]8;;[m[K]
[19.169s]   185 | [01;35m[Kroller_->command_interfaces_[CMD_STEER_LEFT_WHEEL].get_value()[m[K, 1.4179821977774734,
[19.169s]       | [01;35m[K~~~~~~~~~~~~~~~~~~~~~~~~~~~~~~~~~~~~~~~~~~~~~~~~~~~~~~~~~~~~^~[m[K
[19.169s] 
[19.169s] [01m[K/opt/ros/jazzy/src/gtest_vendor/include/gtest/gtest_pred_impl.h:79:52:[m[K [01;36m[Knote: [m[Kin definition of macro â€˜[01m[KGTEST_ASSERT_[m[Kâ€™
[19.169s]    79 |   if (const ::testing::AssertionResult gtest_ar = ([01;36m[Kexpression[m[K)) \
[19.169s]       |                                                    [01;36m[K^~~~~~~~~~[m[K
[19.169s] [01m[K/opt/ros/jazzy/src/gtest_vendor/include/gtest/gtest_pred_impl.h:183:3:[m[K [01;36m[Knote: [m[Kin expansion of macro â€˜[01m[KGTEST_PRED_FORMAT3_[m[Kâ€™
[19.169s]   183 |   [01;36m[KGTEST_PRED_FORMAT3_[m[K(pred_format, v1, v2, v3, GTEST_NONFATAL_FAILURE_)
[19.169s]       |   [01;36m[K^~~~~~~~~~~~~~~~~~~[m[K
[19.169s] [01m[K/opt/ros/jazzy/src/gtest_vendor/include/gtest/gtest.h:1986:3:[m[K [01;36m[Knote: [m[Kin expansion of macro â€˜[01m[KEXPECT_PRED_FORMAT3[m[Kâ€™
[19.169s]  1986 |   [01;36m[KEXPECT_PRED_FORMAT3[m[K(::testing::internal::DoubleNearPredFormat, val1, val2, \
[19.169s]       |   [01;36m[K^~~~~~~~~~~~~~~~~~~[m[K
[19.169s] [01m[K/home/rumy/acrome_ws/src/ros2_controllers/ackermann_steering_controller/test/test_ackermann_steering_controller.cpp:184:3:[m[K [01;36m[Knote: [m[Kin expansion of macro â€˜[01m[KEXPECT_NEAR[m[Kâ€™
[19.170s]   184 |   [01;36m[KEXPECT_NEAR[m[K(
[19.170s]       |   [01;36m[K^~~~~~~~~~~[m[K
[19.170s] [01m[K/opt/ros/jazzy/include/hardware_interface/hardware_interface/loaned_command_interface.hpp:134:10:[m[K [01;36m[Knote: [m[Kdeclared here
[19.170s]   134 |   double [01;36m[Kget_value[m[K() const
[19.170s]       |          [01;36m[K^~~~~~~~~[m[K
[19.171s] [01m[K/home/rumy/acrome_ws/src/ros2_controllers/ackermann_steering_controller/test/test_ackermann_steering_controller.cpp:[m[K In member function â€˜[01m[Kvirtual void AckermannSteeringControllerTest_test_update_logic_chained_Test::[01;32m[KTestBody[m[K()[m[Kâ€™:
[19.172s] [01m[K/home/rumy/acrome_ws/src/ros2_controllers/ackermann_steering_controller/test/test_ackermann_steering_controller.cpp:216:75:[m[K [01;35m[Kwarning: [m[Kâ€˜[01m[Kdouble hardware_interface::LoanedCommandInterface::[01;32m[Kget_value[m[K() const[m[Kâ€™ is deprecated: Use std::optional<T> get_optional() instead to retrieve the value. This method will be removed by the ROS 2 Kilted Kaiju release. [[01;35m[K]8;;https://gcc.gnu.org/onlinedocs/gcc/Warning-Options.html#index-Wdeprecated-declarations-Wdeprecated-declarations]8;;[m[K]
[19.172s]   216 | [01;35m[K_->command_interfaces_[STATE_TRACTION_RIGHT_WHEEL].get_value()[m[K, 0.22222222222222224,
[19.172s]       | [01;35m[K~~~~~~~~~~~~~~~~~~~~~~~~~~~~~~~~~~~~~~~~~~~~~~~~~~~~~~~~~~~~^~[m[K
[19.172s] 
[19.172s] [01m[K/opt/ros/jazzy/src/gtest_vendor/include/gtest/gtest_pred_impl.h:79:52:[m[K [01;36m[Knote: [m[Kin definition of macro â€˜[01m[KGTEST_ASSERT_[m[Kâ€™
[19.172s]    79 |   if (const ::testing::AssertionResult gtest_ar = ([01;36m[Kexpression[m[K)) \
[19.172s]       |                                                    [01;36m[K^~~~~~~~~~[m[K
[19.173s] [01m[K/opt/ros/jazzy/src/gtest_vendor/include/gtest/gtest_pred_impl.h:183:3:[m[K [01;36m[Knote: [m[Kin expansion of macro â€˜[01m[KGTEST_PRED_FORMAT3_[m[Kâ€™
[19.173s]   183 |   [01;36m[KGTEST_PRED_FORMAT3_[m[K(pred_format, v1, v2, v3, GTEST_NONFATAL_FAILURE_)
[19.173s]       |   [01;36m[K^~~~~~~~~~~~~~~~~~~[m[K
[19.173s] [01m[K/opt/ros/jazzy/src/gtest_vendor/include/gtest/gtest.h:1986:3:[m[K [01;36m[Knote: [m[Kin expansion of macro â€˜[01m[KEXPECT_PRED_FORMAT3[m[Kâ€™
[19.173s]  1986 |   [01;36m[KEXPECT_PRED_FORMAT3[m[K(::testing::internal::DoubleNearPredFormat, val1, val2, \
[19.173s]       |   [01;36m[K^~~~~~~~~~~~~~~~~~~[m[K
[19.173s] [01m[K/home/rumy/acrome_ws/src/ros2_controllers/ackermann_steering_controller/test/test_ackermann_steering_controller.cpp:215:3:[m[K [01;36m[Knote: [m[Kin expansion of macro â€˜[01m[KEXPECT_NEAR[m[Kâ€™
[19.173s]   215 |   [01;36m[KEXPECT_NEAR[m[K(
[19.173s]       |   [01;36m[K^~~~~~~~~~~[m[K
[19.173s] [01m[K/opt/ros/jazzy/include/hardware_interface/hardware_interface/loaned_command_interface.hpp:134:10:[m[K [01;36m[Knote: [m[Kdeclared here
[19.174s]   134 |   double [01;36m[Kget_value[m[K() const
[19.174s]       |          [01;36m[K^~~~~~~~~[m[K
[19.174s] [01m[K/home/rumy/acrome_ws/src/ros2_controllers/ackermann_steering_controller/test/test_ackermann_steering_controller.cpp:219:74:[m[K [01;35m[Kwarning: [m[Kâ€˜[01m[Kdouble hardware_interface::LoanedCommandInterface::[01;32m[Kget_value[m[K() const[m[Kâ€™ is deprecated: Use std::optional<T> get_optional() instead to retrieve the value. This method will be removed by the ROS 2 Kilted Kaiju release. [[01;35m[K]8;;https://gcc.gnu.org/onlinedocs/gcc/Warning-Options.html#index-Wdeprecated-declarations-Wdeprecated-declarations]8;;[m[K]
[19.174s]   219 | [01;35m[Kr_->command_interfaces_[STATE_TRACTION_LEFT_WHEEL].get_value()[m[K, 0.22222222222222224,
[19.174s]       | [01;35m[K~~~~~~~~~~~~~~~~~~~~~~~~~~~~~~~~~~~~~~~~~~~~~~~~~~~~~~~~~~~~^~[m[K
[19.174s] 
[19.174s] [01m[K/opt/ros/jazzy/src/gtest_vendor/include/gtest/gtest_pred_impl.h:79:52:[m[K [01;36m[Knote: [m[Kin definition of macro â€˜[01m[KGTEST_ASSERT_[m[Kâ€™
[19.174s]    79 |   if (const ::testing::AssertionResult gtest_ar = ([01;36m[Kexpression[m[K)) \
[19.174s]       |                                                    [01;36m[K^~~~~~~~~~[m[K
[19.174s] [01m[K/opt/ros/jazzy/src/gtest_vendor/include/gtest/gtest_pred_impl.h:183:3:[m[K [01;36m[Knote: [m[Kin expansion of macro â€˜[01m[KGTEST_PRED_FORMAT3_[m[Kâ€™
[19.175s]   183 |   [01;36m[KGTEST_PRED_FORMAT3_[m[K(pred_format, v1, v2, v3, GTEST_NONFATAL_FAILURE_)
[19.175s]       |   [01;36m[K^~~~~~~~~~~~~~~~~~~[m[K
[19.175s] [01m[K/opt/ros/jazzy/src/gtest_vendor/include/gtest/gtest.h:1986:3:[m[K [01;36m[Knote: [m[Kin expansion of macro â€˜[01m[KEXPECT_PRED_FORMAT3[m[Kâ€™
[19.175s]  1986 |   [01;36m[KEXPECT_PRED_FORMAT3[m[K(::testing::internal::DoubleNearPredFormat, val1, val2, \
[19.175s]       |   [01;36m[K^~~~~~~~~~~~~~~~~~~[m[K
[19.175s] [01m[K/home/rumy/acrome_ws/src/ros2_controllers/ackermann_steering_controller/test/test_ackermann_steering_controller.cpp:218:3:[m[K [01;36m[Knote: [m[Kin expansion of macro â€˜[01m[KEXPECT_NEAR[m[Kâ€™
[19.175s]   218 |   [01;36m[KEXPECT_NEAR[m[K(
[19.175s]       |   [01;36m[K^~~~~~~~~~~[m[K
[19.175s] [01m[K/opt/ros/jazzy/include/hardware_interface/hardware_interface/loaned_command_interface.hpp:134:10:[m[K [01;36m[Knote: [m[Kdeclared here
[19.175s]   134 |   double [01;36m[Kget_value[m[K() const
[19.176s]       |          [01;36m[K^~~~~~~~~[m[K
[19.176s] [01m[K/home/rumy/acrome_ws/src/ros2_controllers/ackermann_steering_controller/test/test_ackermann_steering_controller.cpp:222:72:[m[K [01;35m[Kwarning: [m[Kâ€˜[01m[Kdouble hardware_interface::LoanedCommandInterface::[01;32m[Kget_value[m[K() const[m[Kâ€™ is deprecated: Use std::optional<T> get_optional() instead to retrieve the value. This method will be removed by the ROS 2 Kilted Kaiju release. [[01;35m[K]8;;https://gcc.gnu.org/onlinedocs/gcc/Warning-Options.html#index-Wdeprecated-declarations-Wdeprecated-declarations]8;;[m[K]
[19.176s]   222 | [01;35m[Kler_->command_interfaces_[STATE_STEER_RIGHT_WHEEL].get_value()[m[K, 1.4179821977774734,
[19.176s]       | [01;35m[K~~~~~~~~~~~~~~~~~~~~~~~~~~~~~~~~~~~~~~~~~~~~~~~~~~~~~~~~~~~~^~[m[K
[19.176s] 
[19.176s] [01m[K/opt/ros/jazzy/src/gtest_vendor/include/gtest/gtest_pred_impl.h:79:52:[m[K [01;36m[Knote: [m[Kin definition of macro â€˜[01m[KGTEST_ASSERT_[m[Kâ€™
[19.176s]    79 |   if (const ::testing::AssertionResult gtest_ar = ([01;36m[Kexpression[m[K)) \
[19.176s]       |                                                    [01;36m[K^~~~~~~~~~[m[K
[19.176s] [01m[K/opt/ros/jazzy/src/gtest_vendor/include/gtest/gtest_pred_impl.h:183:3:[m[K [01;36m[Knote: [m[Kin expansion of macro â€˜[01m[KGTEST_PRED_FORMAT3_[m[Kâ€™
[19.176s]   183 |   [01;36m[KGTEST_PRED_FORMAT3_[m[K(pred_format, v1, v2, v3, GTEST_NONFATAL_FAILURE_)
[19.176s]       |   [01;36m[K^~~~~~~~~~~~~~~~~~~[m[K
[19.177s] [01m[K/opt/ros/jazzy/src/gtest_vendor/include/gtest/gtest.h:1986:3:[m[K [01;36m[Knote: [m[Kin expansion of macro â€˜[01m[KEXPECT_PRED_FORMAT3[m[Kâ€™
[19.177s]  1986 |   [01;36m[KEXPECT_PRED_FORMAT3[m[K(::testing::internal::DoubleNearPredFormat, val1, val2, \
[19.177s]       |   [01;36m[K^~~~~~~~~~~~~~~~~~~[m[K
[19.177s] [01m[K/home/rumy/acrome_ws/src/ros2_controllers/ackermann_steering_controller/test/test_ackermann_steering_controller.cpp:221:3:[m[K [01;36m[Knote: [m[Kin expansion of macro â€˜[01m[KEXPECT_NEAR[m[Kâ€™
[19.177s]   221 |   [01;36m[KEXPECT_NEAR[m[K(
[19.177s]       |   [01;36m[K^~~~~~~~~~~[m[K
[19.177s] [01m[K/opt/ros/jazzy/include/hardware_interface/hardware_interface/loaned_command_interface.hpp:134:10:[m[K [01;36m[Knote: [m[Kdeclared here
[19.177s]   134 |   double [01;36m[Kget_value[m[K() const
[19.177s]       |          [01;36m[K^~~~~~~~~[m[K
[19.177s] [01m[K/home/rumy/acrome_ws/src/ros2_controllers/ackermann_steering_controller/test/test_ackermann_steering_controller.cpp:225:71:[m[K [01;35m[Kwarning: [m[Kâ€˜[01m[Kdouble hardware_interface::LoanedCommandInterface::[01;32m[Kget_value[m[K() const[m[Kâ€™ is deprecated: Use std::optional<T> get_optional() instead to retrieve the value. This method will be removed by the ROS 2 Kilted Kaiju release. [[01;35m[K]8;;https://gcc.gnu.org/onlinedocs/gcc/Warning-Options.html#index-Wdeprecated-declarations-Wdeprecated-declarations]8;;[m[K]
[19.177s]   225 | [01;35m[Kller_->command_interfaces_[STATE_STEER_LEFT_WHEEL].get_value()[m[K, 1.4179821977774734,
[19.177s]       | [01;35m[K~~~~~~~~~~~~~~~~~~~~~~~~~~~~~~~~~~~~~~~~~~~~~~~~~~~~~~~~~~~~^~[m[K
[19.178s] 
[19.178s] [01m[K/opt/ros/jazzy/src/gtest_vendor/include/gtest/gtest_pred_impl.h:79:52:[m[K [01;36m[Knote: [m[Kin definition of macro â€˜[01m[KGTEST_ASSERT_[m[Kâ€™
[19.178s]    79 |   if (const ::testing::AssertionResult gtest_ar = ([01;36m[Kexpression[m[K)) \
[19.178s]       |                                                    [01;36m[K^~~~~~~~~~[m[K
[19.178s] [01m[K/opt/ros/jazzy/src/gtest_vendor/include/gtest/gtest_pred_impl.h:183:3:[m[K [01;36m[Knote: [m[Kin expansion of macro â€˜[01m[KGTEST_PRED_FORMAT3_[m[Kâ€™
[19.178s]   183 |   [01;36m[KGTEST_PRED_FORMAT3_[m[K(pred_format, v1, v2, v3, GTEST_NONFATAL_FAILURE_)
[19.178s]       |   [01;36m[K^~~~~~~~~~~~~~~~~~~[m[K
[19.178s] [01m[K/opt/ros/jazzy/src/gtest_vendor/include/gtest/gtest.h:1986:3:[m[K [01;36m[Knote: [m[Kin expansion of macro â€˜[01m[KEXPECT_PRED_FORMAT3[m[Kâ€™
[19.178s]  1986 |   [01;36m[KEXPECT_PRED_FORMAT3[m[K(::testing::internal::DoubleNearPredFormat, val1, val2, \
[19.178s]       |   [01;36m[K^~~~~~~~~~~~~~~~~~~[m[K
[19.178s] [01m[K/home/rumy/acrome_ws/src/ros2_controllers/ackermann_steering_controller/test/test_ackermann_steering_controller.cpp:224:3:[m[K [01;36m[Knote: [m[Kin expansion of macro â€˜[01m[KEXPECT_NEAR[m[Kâ€™
[19.179s]   224 |   [01;36m[KEXPECT_NEAR[m[K(
[19.179s]       |   [01;36m[K^~~~~~~~~~~[m[K
[19.179s] [01m[K/opt/ros/jazzy/include/hardware_interface/hardware_interface/loaned_command_interface.hpp:134:10:[m[K [01;36m[Knote: [m[Kdeclared here
[19.179s]   134 |   double [01;36m[Kget_value[m[K() const
[19.179s]       |          [01;36m[K^~~~~~~~~[m[K
[19.179s] [01m[K/home/rumy/acrome_ws/src/ros2_controllers/ackermann_steering_controller/test/test_ackermann_steering_controller.cpp:[m[K In member function â€˜[01m[Kvirtual void AckermannSteeringControllerTest_receive_message_and_publish_updated_status_Test::[01;32m[KTestBody[m[K()[m[Kâ€™:
[19.179s] [01m[K/home/rumy/acrome_ws/src/ros2_controllers/ackermann_steering_controller/test/test_ackermann_steering_controller.cpp:266:73:[m[K [01;35m[Kwarning: [m[Kâ€˜[01m[Kdouble hardware_interface::LoanedCommandInterface::[01;32m[Kget_value[m[K() const[m[Kâ€™ is deprecated: Use std::optional<T> get_optional() instead to retrieve the value. This method will be removed by the ROS 2 Kilted Kaiju release. [[01;35m[K]8;;https://gcc.gnu.org/onlinedocs/gcc/Warning-Options.html#index-Wdeprecated-declarations-Wdeprecated-declarations]8;;[m[K]
[19.179s]   266 | [01;35m[Ker_->command_interfaces_[CMD_TRACTION_RIGHT_WHEEL].get_value()[m[K, 0.22222222222222224,
[19.179s]       | [01;35m[K~~~~~~~~~~~~~~~~~~~~~~~~~~~~~~~~~~~~~~~~~~~~~~~~~~~~~~~~~~~~^~[m[K
[19.180s] 
[19.180s] [01m[K/opt/ros/jazzy/src/gtest_vendor/include/gtest/gtest_pred_impl.h:79:52:[m[K [01;36m[Knote: [m[Kin definition of macro â€˜[01m[KGTEST_ASSERT_[m[Kâ€™
[19.180s]    79 |   if (const ::testing::AssertionResult gtest_ar = ([01;36m[Kexpression[m[K)) \
[19.180s]       |                                                    [01;36m[K^~~~~~~~~~[m[K
[19.180s] [01m[K/opt/ros/jazzy/src/gtest_vendor/include/gtest/gtest_pred_impl.h:183:3:[m[K [01;36m[Knote: [m[Kin expansion of macro â€˜[01m[KGTEST_PRED_FORMAT3_[m[Kâ€™
[19.180s]   183 |   [01;36m[KGTEST_PRED_FORMAT3_[m[K(pred_format, v1, v2, v3, GTEST_NONFATAL_FAILURE_)
[19.180s]       |   [01;36m[K^~~~~~~~~~~~~~~~~~~[m[K
[19.180s] [01m[K/opt/ros/jazzy/src/gtest_vendor/include/gtest/gtest.h:1986:3:[m[K [01;36m[Knote: [m[Kin expansion of macro â€˜[01m[KEXPECT_PRED_FORMAT3[m[Kâ€™
[19.181s]  1986 |   [01;36m[KEXPECT_PRED_FORMAT3[m[K(::testing::internal::DoubleNearPredFormat, val1, val2, \
[19.181s]       |   [01;36m[K^~~~~~~~~~~~~~~~~~~[m[K
[19.181s] [01m[K/home/rumy/acrome_ws/src/ros2_controllers/ackermann_steering_controller/test/test_ackermann_steering_controller.cpp:265:3:[m[K [01;36m[Knote: [m[Kin expansion of macro â€˜[01m[KEXPECT_NEAR[m[Kâ€™
[19.181s]   265 |   [01;36m[KEXPECT_NEAR[m[K(
[19.181s]       |   [01;36m[K^~~~~~~~~~~[m[K
[19.181s] [01m[K/opt/ros/jazzy/include/hardware_interface/hardware_interface/loaned_command_interface.hpp:134:10:[m[K [01;36m[Knote: [m[Kdeclared here
[19.181s]   134 |   double [01;36m[Kget_value[m[K() const
[19.181s]       |          [01;36m[K^~~~~~~~~[m[K
[19.182s] [01m[K/home/rumy/acrome_ws/src/ros2_controllers/ackermann_steering_controller/test/test_ackermann_steering_controller.cpp:269:72:[m[K [01;35m[Kwarning: [m[Kâ€˜[01m[Kdouble hardware_interface::LoanedCommandInterface::[01;32m[Kget_value[m[K() const[m[Kâ€™ is deprecated: Use std::optional<T> get_optional() instead to retrieve the value. This method will be removed by the ROS 2 Kilted Kaiju release. [[01;35m[K]8;;https://gcc.gnu.org/onlinedocs/gcc/Warning-Options.html#index-Wdeprecated-declarations-Wdeprecated-declarations]8;;[m[K]
[19.182s]   269 | [01;35m[Kler_->command_interfaces_[CMD_TRACTION_LEFT_WHEEL].get_value()[m[K, 0.22222222222222224,
[19.182s]       | [01;35m[K~~~~~~~~~~~~~~~~~~~~~~~~~~~~~~~~~~~~~~~~~~~~~~~~~~~~~~~~~~~~^~[m[K
[19.182s] 
[19.182s] [01m[K/opt/ros/jazzy/src/gtest_vendor/include/gtest/gtest_pred_impl.h:79:52:[m[K [01;36m[Knote: [m[Kin definition of macro â€˜[01m[KGTEST_ASSERT_[m[Kâ€™
[19.182s]    79 |   if (const ::testing::AssertionResult gtest_ar = ([01;36m[Kexpression[m[K)) \
[19.182s]       |                                                    [01;36m[K^~~~~~~~~~[m[K
[19.182s] [01m[K/opt/ros/jazzy/src/gtest_vendor/include/gtest/gtest_pred_impl.h:183:3:[m[K [01;36m[Knote: [m[Kin expansion of macro â€˜[01m[KGTEST_PRED_FORMAT3_[m[Kâ€™
[19.182s]   183 |   [01;36m[KGTEST_PRED_FORMAT3_[m[K(pred_format, v1, v2, v3, GTEST_NONFATAL_FAILURE_)
[19.182s]       |   [01;36m[K^~~~~~~~~~~~~~~~~~~[m[K
[19.182s] [01m[K/opt/ros/jazzy/src/gtest_vendor/include/gtest/gtest.h:1986:3:[m[K [01;36m[Knote: [m[Kin expansion of macro â€˜[01m[KEXPECT_PRED_FORMAT3[m[Kâ€™
[19.182s]  1986 |   [01;36m[KEXPECT_PRED_FORMAT3[m[K(::testing::internal::DoubleNearPredFormat, val1, val2, \
[19.182s]       |   [01;36m[K^~~~~~~~~~~~~~~~~~~[m[K
[19.183s] [01m[K/home/rumy/acrome_ws/src/ros2_controllers/ackermann_steering_controller/test/test_ackermann_steering_controller.cpp:268:3:[m[K [01;36m[Knote: [m[Kin expansion of macro â€˜[01m[KEXPECT_NEAR[m[Kâ€™
[19.183s]   268 |   [01;36m[KEXPECT_NEAR[m[K(
[19.183s]       |   [01;36m[K^~~~~~~~~~~[m[K
[19.183s] [01m[K/opt/ros/jazzy/include/hardware_interface/hardware_interface/loaned_command_interface.hpp:134:10:[m[K [01;36m[Knote: [m[Kdeclared here
[19.183s]   134 |   double [01;36m[Kget_value[m[K() const
[19.183s]       |          [01;36m[K^~~~~~~~~[m[K
[19.183s] [01m[K/home/rumy/acrome_ws/src/ros2_controllers/ackermann_steering_controller/test/test_ackermann_steering_controller.cpp:272:70:[m[K [01;35m[Kwarning: [m[Kâ€˜[01m[Kdouble hardware_interface::LoanedCommandInterface::[01;32m[Kget_value[m[K() const[m[Kâ€™ is deprecated: Use std::optional<T> get_optional() instead to retrieve the value. This method will be removed by the ROS 2 Kilted Kaiju release. [[01;35m[K]8;;https://gcc.gnu.org/onlinedocs/gcc/Warning-Options.html#index-Wdeprecated-declarations-Wdeprecated-declarations]8;;[m[K]
[19.183s]   272 | [01;35m[Koller_->command_interfaces_[CMD_STEER_RIGHT_WHEEL].get_value()[m[K, 1.4179821977774734,
[19.183s]       | [01;35m[K~~~~~~~~~~~~~~~~~~~~~~~~~~~~~~~~~~~~~~~~~~~~~~~~~~~~~~~~~~~~^~[m[K
[19.183s] 
[19.183s] [01m[K/opt/ros/jazzy/src/gtest_vendor/include/gtest/gtest_pred_impl.h:79:52:[m[K [01;36m[Knote: [m[Kin definition of macro â€˜[01m[KGTEST_ASSERT_[m[Kâ€™
[19.184s]    79 |   if (const ::testing::AssertionResult gtest_ar = ([01;36m[Kexpression[m[K)) \
[19.184s]       |                                                    [01;36m[K^~~~~~~~~~[m[K
[19.184s] [01m[K/opt/ros/jazzy/src/gtest_vendor/include/gtest/gtest_pred_impl.h:183:3:[m[K [01;36m[Knote: [m[Kin expansion of macro â€˜[01m[KGTEST_PRED_FORMAT3_[m[Kâ€™
[19.184s]   183 |   [01;36m[KGTEST_PRED_FORMAT3_[m[K(pred_format, v1, v2, v3, GTEST_NONFATAL_FAILURE_)
[19.184s]       |   [01;36m[K^~~~~~~~~~~~~~~~~~~[m[K
[19.184s] [01m[K/opt/ros/jazzy/src/gtest_vendor/include/gtest/gtest.h:1986:3:[m[K [01;36m[Knote: [m[Kin expansion of macro â€˜[01m[KEXPECT_PRED_FORMAT3[m[Kâ€™
[19.184s]  1986 |   [01;36m[KEXPECT_PRED_FORMAT3[m[K(::testing::internal::DoubleNearPredFormat, val1, val2, \
[19.184s]       |   [01;36m[K^~~~~~~~~~~~~~~~~~~[m[K
[19.184s] [01m[K/home/rumy/acrome_ws/src/ros2_controllers/ackermann_steering_controller/test/test_ackermann_steering_controller.cpp:271:3:[m[K [01;36m[Knote: [m[Kin expansion of macro â€˜[01m[KEXPECT_NEAR[m[Kâ€™
[19.184s]   271 |   [01;36m[KEXPECT_NEAR[m[K(
[19.185s]       |   [01;36m[K^~~~~~~~~~~[m[K
[19.185s] [01m[K/opt/ros/jazzy/include/hardware_interface/hardware_interface/loaned_command_interface.hpp:134:10:[m[K [01;36m[Knote: [m[Kdeclared here
[19.185s]   134 |   double [01;36m[Kget_value[m[K() const
[19.185s]       |          [01;36m[K^~~~~~~~~[m[K
[19.185s] [01m[K/home/rumy/acrome_ws/src/ros2_controllers/ackermann_steering_controller/test/test_ackermann_steering_controller.cpp:275:69:[m[K [01;35m[Kwarning: [m[Kâ€˜[01m[Kdouble hardware_interface::LoanedCommandInterface::[01;32m[Kget_value[m[K() const[m[Kâ€™ is deprecated: Use std::optional<T> get_optional() instead to retrieve the value. This method will be removed by the ROS 2 Kilted Kaiju release. [[01;35m[K]8;;https://gcc.gnu.org/onlinedocs/gcc/Warning-Options.html#index-Wdeprecated-declarations-Wdeprecated-declarations]8;;[m[K]
[19.185s]   275 | [01;35m[Kroller_->command_interfaces_[CMD_STEER_LEFT_WHEEL].get_value()[m[K, 1.4179821977774734,
[19.185s]       | [01;35m[K~~~~~~~~~~~~~~~~~~~~~~~~~~~~~~~~~~~~~~~~~~~~~~~~~~~~~~~~~~~~^~[m[K
[19.185s] 
[19.185s] [01m[K/opt/ros/jazzy/src/gtest_vendor/include/gtest/gtest_pred_impl.h:79:52:[m[K [01;36m[Knote: [m[Kin definition of macro â€˜[01m[KGTEST_ASSERT_[m[Kâ€™
[19.185s]    79 |   if (const ::testing::AssertionResult gtest_ar = ([01;36m[Kexpression[m[K)) \
[19.185s]       |                                                    [01;36m[K^~~~~~~~~~[m[K
[19.186s] [01m[K/opt/ros/jazzy/src/gtest_vendor/include/gtest/gtest_pred_impl.h:183:3:[m[K [01;36m[Knote: [m[Kin expansion of macro â€˜[01m[KGTEST_PRED_FORMAT3_[m[Kâ€™
[19.186s]   183 |   [01;36m[KGTEST_PRED_FORMAT3_[m[K(pred_format, v1, v2, v3, GTEST_NONFATAL_FAILURE_)
[19.186s]       |   [01;36m[K^~~~~~~~~~~~~~~~~~~[m[K
[19.186s] [01m[K/opt/ros/jazzy/src/gtest_vendor/include/gtest/gtest.h:1986:3:[m[K [01;36m[Knote: [m[Kin expansion of macro â€˜[01m[KEXPECT_PRED_FORMAT3[m[Kâ€™
[19.186s]  1986 |   [01;36m[KEXPECT_PRED_FORMAT3[m[K(::testing::internal::DoubleNearPredFormat, val1, val2, \
[19.186s]       |   [01;36m[K^~~~~~~~~~~~~~~~~~~[m[K
[19.186s] [01m[K/home/rumy/acrome_ws/src/ros2_controllers/ackermann_steering_controller/test/test_ackermann_steering_controller.cpp:274:3:[m[K [01;36m[Knote: [m[Kin expansion of macro â€˜[01m[KEXPECT_NEAR[m[Kâ€™
[19.186s]   274 |   [01;36m[KEXPECT_NEAR[m[K(
[19.186s]       |   [01;36m[K^~~~~~~~~~~[m[K
[19.186s] [01m[K/opt/ros/jazzy/include/hardware_interface/hardware_interface/loaned_command_interface.hpp:134:10:[m[K [01;36m[Knote: [m[Kdeclared here
[19.187s]   134 |   double [01;36m[Kget_value[m[K() const
[19.187s]       |          [01;36m[K^~~~~~~~~[m[K
[22.603s] [ 93%] [32m[1mLinking CXX executable test_ackermann_steering_controller_preceding[0m
[23.811s] [ 93%] Built target test_ackermann_steering_controller_preceding
[27.208s] [100%] [32m[1mLinking CXX executable test_ackermann_steering_controller[0m
[28.074s] [100%] Built target test_ackermann_steering_controller
