[0.028s] Invoking command in '/home/rumy/acrome_ws/build/tricycle_steering_controller': CMAKE_PREFIX_PATH=/home/rumy/acrome_ws/install/steering_controllers_library:/home/rumy/acrome_ws/install/tricycle_controller:/home/rumy/acrome_ws/install/ackermann_steering_controller:/home/rumy/acrome_ws/install/range_sensor_broadcaster:/home/rumy/acrome_ws/install/pose_broadcaster:/home/rumy/acrome_ws/install/parallel_gripper_controller:/home/rumy/acrome_ws/install/omni_wheel_drive_controller:/home/rumy/acrome_ws/install/mecanum_drive_controller:/home/rumy/acrome_ws/install/joint_trajectory_controller:/home/rumy/acrome_ws/install/joint_state_broadcaster:/home/rumy/acrome_ws/install/imu_sensor_broadcaster:/home/rumy/acrome_ws/install/gripper_controllers:/home/rumy/acrome_ws/install/gps_sensor_broadcaster:/home/rumy/acrome_ws/install/gpio_controllers:/home/rumy/acrome_ws/install/forward_command_controller:/home/rumy/acrome_ws/install/force_torque_sensor_broadcaster:/home/rumy/acrome_ws/install/diff_drive_controller:/home/rumy/acrome_ws/install/admittance_controller:/home/rumy/acrome_ws/install/acrome_mini_robot:/home/rumy/acrome_ws/src/acrome_mini_robot/install/acrome_mini_robot:/opt/ros/jazzy/opt/gz_sim_vendor:/opt/ros/jazzy/opt/gz_sensors_vendor:/opt/ros/jazzy/opt/gz_physics_vendor:/opt/ros/jazzy/opt/sdformat_vendor:/opt/ros/jazzy/opt/gz_gui_vendor:/opt/ros/jazzy/opt/gz_transport_vendor:/opt/ros/jazzy/opt/gz_rendering_vendor:/opt/ros/jazzy/opt/gz_plugin_vendor:/opt/ros/jazzy/opt/gz_fuel_tools_vendor:/opt/ros/jazzy/opt/gz_msgs_vendor:/opt/ros/jazzy/opt/gz_common_vendor:/opt/ros/jazzy/opt/gz_math_vendor:/opt/ros/jazzy/opt/gz_utils_vendor:/opt/ros/jazzy/opt/gz_tools_vendor:/opt/ros/jazzy/opt/gz_ogre_next_vendor:/opt/ros/jazzy/opt/gz_dartsim_vendor:/opt/ros/jazzy/opt/gz_cmake_vendor:/home/rumy/acrome_ws/install/rqt_joint_trajectory_controller:/home/rumy/acrome_ws/install/ros2_controllers_test_nodes:/opt/ros/jazzy DEBUGINFOD_URLS=https://debuginfod.ubuntu.com LD_LIBRARY_PATH=/home/rumy/acrome_ws/install/steering_controllers_library/lib:/home/rumy/acrome_ws/install/tricycle_controller/lib:/home/rumy/acrome_ws/install/ackermann_steering_controller/lib:/home/rumy/acrome_ws/install/range_sensor_broadcaster/lib:/home/rumy/acrome_ws/install/pose_broadcaster/lib:/home/rumy/acrome_ws/install/parallel_gripper_controller/lib:/home/rumy/acrome_ws/install/omni_wheel_drive_controller/lib:/home/rumy/acrome_ws/install/mecanum_drive_controller/lib:/home/rumy/acrome_ws/install/joint_trajectory_controller/lib:/home/rumy/acrome_ws/install/joint_state_broadcaster/lib:/home/rumy/acrome_ws/install/imu_sensor_broadcaster/lib:/home/rumy/acrome_ws/install/gripper_controllers/lib:/home/rumy/acrome_ws/install/gps_sensor_broadcaster/lib:/home/rumy/acrome_ws/install/gpio_controllers/lib:/home/rumy/acrome_ws/install/forward_command_controller/lib:/home/rumy/acrome_ws/install/force_torque_sensor_broadcaster/lib:/home/rumy/acrome_ws/install/diff_drive_controller/lib:/home/rumy/acrome_ws/install/admittance_controller/lib:/opt/ros/jazzy/opt/gz_sim_vendor/lib:/opt/ros/jazzy/opt/gz_sensors_vendor/lib:/opt/ros/jazzy/opt/gz_physics_vendor/lib:/opt/ros/jazzy/opt/sdformat_vendor/lib:/opt/ros/jazzy/opt/rviz_ogre_vendor/lib:/opt/ros/jazzy/lib/x86_64-linux-gnu:/opt/ros/jazzy/opt/gz_gui_vendor/lib:/opt/ros/jazzy/opt/gz_transport_vendor/lib:/opt/ros/jazzy/opt/gz_rendering_vendor/lib:/opt/ros/jazzy/opt/gz_plugin_vendor/lib:/opt/ros/jazzy/opt/gz_fuel_tools_vendor/lib:/opt/ros/jazzy/opt/gz_msgs_vendor/lib:/opt/ros/jazzy/opt/gz_common_vendor/lib:/opt/ros/jazzy/opt/gz_math_vendor/lib:/opt/ros/jazzy/opt/gz_utils_vendor/lib:/opt/ros/jazzy/opt/gz_tools_vendor/lib:/opt/ros/jazzy/opt/gz_ogre_next_vendor/lib:/opt/ros/jazzy/opt/gz_dartsim_vendor/lib:/opt/ros/jazzy/opt/gz_cmake_vendor/lib:/opt/ros/jazzy/lib /usr/bin/cmake /home/rumy/acrome_ws/src/ros2_controllers/tricycle_steering_controller -DCMAKE_INSTALL_PREFIX=/home/rumy/acrome_ws/install/tricycle_steering_controller
[1.265s] -- Found ros2_control_cmake: 0.2.1 (/opt/ros/jazzy/share/ros2_control_cmake/cmake)
[1.265s] -- Compiler warnings enabled for GNU
[1.265s] -- Detected GCC Version: 13.3.0 (Major: 13, Minor: 3)
[1.265s] -- Found ament_cmake: 2.5.4 (/opt/ros/jazzy/share/ament_cmake/cmake)
[1.268s] -- Override CMake install command with custom implementation using symlinks instead of copying resources
[1.268s] -- Found controller_interface: 4.32.0 (/opt/ros/jazzy/share/controller_interface/cmake)
[1.269s] -- Found rosidl_generator_c: 4.6.5 (/opt/ros/jazzy/share/rosidl_generator_c/cmake)
[1.269s] -- Found rosidl_generator_cpp: 4.6.5 (/opt/ros/jazzy/share/rosidl_generator_cpp/cmake)
[1.269s] -- Using all available rosidl_typesupport_c: rosidl_typesupport_fastrtps_c;rosidl_typesupport_introspection_c
[1.269s] -- Using all available rosidl_typesupport_cpp: rosidl_typesupport_fastrtps_cpp;rosidl_typesupport_introspection_cpp
[1.269s] -- Found TinyXML2 via Config file: /usr/lib/x86_64-linux-gnu/cmake/tinyxml2
[1.269s] -- Found rmw_implementation_cmake: 7.3.2 (/opt/ros/jazzy/share/rmw_implementation_cmake/cmake)
[1.269s] -- Found rmw_fastrtps_cpp: 8.4.2 (/opt/ros/jazzy/share/rmw_fastrtps_cpp/cmake)
[1.269s] -- Found TinyXML2 via Config file: /usr/lib/x86_64-linux-gnu/cmake/tinyxml2
[1.269s] -- Found TinyXML2 via Config file: /usr/lib/x86_64-linux-gnu/cmake/tinyxml2
[1.269s] -- Found TinyXML2 via Config file: /usr/lib/x86_64-linux-gnu/cmake/tinyxml2
[1.270s] -- Found TinyXML2 via Config file: /usr/lib/x86_64-linux-gnu/cmake/tinyxml2
[1.270s] -- Using RMW implementation 'rmw_fastrtps_cpp' as default
[1.270s] -- Found generate_parameter_library: 0.5.0 (/opt/ros/jazzy/share/generate_parameter_library/cmake)
[1.270s] -- Found parameter_traits: 0.5.0 (/opt/ros/jazzy/share/parameter_traits/cmake)
[1.270s] -- Found std_srvs: 5.3.6 (/opt/ros/jazzy/share/std_srvs/cmake)
[1.274s] -- Found steering_controllers_library: 4.30.1 (/home/rumy/acrome_ws/install/steering_controllers_library/share/steering_controllers_library/cmake)
[1.274s] -- Found eigen3_cmake_module: 0.3.0 (/opt/ros/jazzy/share/eigen3_cmake_module/cmake)
[1.274s] -- Ensuring Eigen3 include directory is part of orocos-kdl CMake target
[1.329s] -- Found ament_cmake_gmock: 2.5.4 (/opt/ros/jazzy/share/ament_cmake_gmock/cmake)
[1.330s] -- Found controller_manager: 4.32.0 (/opt/ros/jazzy/share/controller_manager/cmake)
[1.438s] -- Found ros2_control_test_assets: 4.32.0 (/opt/ros/jazzy/share/ros2_control_test_assets/cmake)
[1.439s] -- Found gmock sources under '/opt/ros/jazzy/src/gmock_vendor': C++ tests using 'Google Mock' will be built
[1.442s] -- Found ament_cmake_gtest: 2.5.4 (/opt/ros/jazzy/share/ament_cmake_gtest/cmake)
[1.443s] -- Found gtest sources under '/opt/ros/jazzy/src/gtest_vendor': C++ tests using 'Google Test' will be built
[1.610s] -- Configuring done (1.6s)
[1.703s] -- Generating done (0.1s)
[1.730s] -- Build files have been written to: /home/rumy/acrome_ws/build/tricycle_steering_controller
[2.274s] Invoked command in '/home/rumy/acrome_ws/build/tricycle_steering_controller' returned '0': CMAKE_PREFIX_PATH=/home/rumy/acrome_ws/install/steering_controllers_library:/home/rumy/acrome_ws/install/tricycle_controller:/home/rumy/acrome_ws/install/ackermann_steering_controller:/home/rumy/acrome_ws/install/range_sensor_broadcaster:/home/rumy/acrome_ws/install/pose_broadcaster:/home/rumy/acrome_ws/install/parallel_gripper_controller:/home/rumy/acrome_ws/install/omni_wheel_drive_controller:/home/rumy/acrome_ws/install/mecanum_drive_controller:/home/rumy/acrome_ws/install/joint_trajectory_controller:/home/rumy/acrome_ws/install/joint_state_broadcaster:/home/rumy/acrome_ws/install/imu_sensor_broadcaster:/home/rumy/acrome_ws/install/gripper_controllers:/home/rumy/acrome_ws/install/gps_sensor_broadcaster:/home/rumy/acrome_ws/install/gpio_controllers:/home/rumy/acrome_ws/install/forward_command_controller:/home/rumy/acrome_ws/install/force_torque_sensor_broadcaster:/home/rumy/acrome_ws/install/diff_drive_controller:/home/rumy/acrome_ws/install/admittance_controller:/home/rumy/acrome_ws/install/acrome_mini_robot:/home/rumy/acrome_ws/src/acrome_mini_robot/install/acrome_mini_robot:/opt/ros/jazzy/opt/gz_sim_vendor:/opt/ros/jazzy/opt/gz_sensors_vendor:/opt/ros/jazzy/opt/gz_physics_vendor:/opt/ros/jazzy/opt/sdformat_vendor:/opt/ros/jazzy/opt/gz_gui_vendor:/opt/ros/jazzy/opt/gz_transport_vendor:/opt/ros/jazzy/opt/gz_rendering_vendor:/opt/ros/jazzy/opt/gz_plugin_vendor:/opt/ros/jazzy/opt/gz_fuel_tools_vendor:/opt/ros/jazzy/opt/gz_msgs_vendor:/opt/ros/jazzy/opt/gz_common_vendor:/opt/ros/jazzy/opt/gz_math_vendor:/opt/ros/jazzy/opt/gz_utils_vendor:/opt/ros/jazzy/opt/gz_tools_vendor:/opt/ros/jazzy/opt/gz_ogre_next_vendor:/opt/ros/jazzy/opt/gz_dartsim_vendor:/opt/ros/jazzy/opt/gz_cmake_vendor:/home/rumy/acrome_ws/install/rqt_joint_trajectory_controller:/home/rumy/acrome_ws/install/ros2_controllers_test_nodes:/opt/ros/jazzy DEBUGINFOD_URLS=https://debuginfod.ubuntu.com LD_LIBRARY_PATH=/home/rumy/acrome_ws/install/steering_controllers_library/lib:/home/rumy/acrome_ws/install/tricycle_controller/lib:/home/rumy/acrome_ws/install/ackermann_steering_controller/lib:/home/rumy/acrome_ws/install/range_sensor_broadcaster/lib:/home/rumy/acrome_ws/install/pose_broadcaster/lib:/home/rumy/acrome_ws/install/parallel_gripper_controller/lib:/home/rumy/acrome_ws/install/omni_wheel_drive_controller/lib:/home/rumy/acrome_ws/install/mecanum_drive_controller/lib:/home/rumy/acrome_ws/install/joint_trajectory_controller/lib:/home/rumy/acrome_ws/install/joint_state_broadcaster/lib:/home/rumy/acrome_ws/install/imu_sensor_broadcaster/lib:/home/rumy/acrome_ws/install/gripper_controllers/lib:/home/rumy/acrome_ws/install/gps_sensor_broadcaster/lib:/home/rumy/acrome_ws/install/gpio_controllers/lib:/home/rumy/acrome_ws/install/forward_command_controller/lib:/home/rumy/acrome_ws/install/force_torque_sensor_broadcaster/lib:/home/rumy/acrome_ws/install/diff_drive_controller/lib:/home/rumy/acrome_ws/install/admittance_controller/lib:/opt/ros/jazzy/opt/gz_sim_vendor/lib:/opt/ros/jazzy/opt/gz_sensors_vendor/lib:/opt/ros/jazzy/opt/gz_physics_vendor/lib:/opt/ros/jazzy/opt/sdformat_vendor/lib:/opt/ros/jazzy/opt/rviz_ogre_vendor/lib:/opt/ros/jazzy/lib/x86_64-linux-gnu:/opt/ros/jazzy/opt/gz_gui_vendor/lib:/opt/ros/jazzy/opt/gz_transport_vendor/lib:/opt/ros/jazzy/opt/gz_rendering_vendor/lib:/opt/ros/jazzy/opt/gz_plugin_vendor/lib:/opt/ros/jazzy/opt/gz_fuel_tools_vendor/lib:/opt/ros/jazzy/opt/gz_msgs_vendor/lib:/opt/ros/jazzy/opt/gz_common_vendor/lib:/opt/ros/jazzy/opt/gz_math_vendor/lib:/opt/ros/jazzy/opt/gz_utils_vendor/lib:/opt/ros/jazzy/opt/gz_tools_vendor/lib:/opt/ros/jazzy/opt/gz_ogre_next_vendor/lib:/opt/ros/jazzy/opt/gz_dartsim_vendor/lib:/opt/ros/jazzy/opt/gz_cmake_vendor/lib:/opt/ros/jazzy/lib /usr/bin/cmake /home/rumy/acrome_ws/src/ros2_controllers/tricycle_steering_controller -DCMAKE_INSTALL_PREFIX=/home/rumy/acrome_ws/install/tricycle_steering_controller
[2.275s] Invoking command in '/home/rumy/acrome_ws/build/tricycle_steering_controller': CMAKE_PREFIX_PATH=/home/rumy/acrome_ws/install/steering_controllers_library:/home/rumy/acrome_ws/install/tricycle_controller:/home/rumy/acrome_ws/install/ackermann_steering_controller:/home/rumy/acrome_ws/install/range_sensor_broadcaster:/home/rumy/acrome_ws/install/pose_broadcaster:/home/rumy/acrome_ws/install/parallel_gripper_controller:/home/rumy/acrome_ws/install/omni_wheel_drive_controller:/home/rumy/acrome_ws/install/mecanum_drive_controller:/home/rumy/acrome_ws/install/joint_trajectory_controller:/home/rumy/acrome_ws/install/joint_state_broadcaster:/home/rumy/acrome_ws/install/imu_sensor_broadcaster:/home/rumy/acrome_ws/install/gripper_controllers:/home/rumy/acrome_ws/install/gps_sensor_broadcaster:/home/rumy/acrome_ws/install/gpio_controllers:/home/rumy/acrome_ws/install/forward_command_controller:/home/rumy/acrome_ws/install/force_torque_sensor_broadcaster:/home/rumy/acrome_ws/install/diff_drive_controller:/home/rumy/acrome_ws/install/admittance_controller:/home/rumy/acrome_ws/install/acrome_mini_robot:/home/rumy/acrome_ws/src/acrome_mini_robot/install/acrome_mini_robot:/opt/ros/jazzy/opt/gz_sim_vendor:/opt/ros/jazzy/opt/gz_sensors_vendor:/opt/ros/jazzy/opt/gz_physics_vendor:/opt/ros/jazzy/opt/sdformat_vendor:/opt/ros/jazzy/opt/gz_gui_vendor:/opt/ros/jazzy/opt/gz_transport_vendor:/opt/ros/jazzy/opt/gz_rendering_vendor:/opt/ros/jazzy/opt/gz_plugin_vendor:/opt/ros/jazzy/opt/gz_fuel_tools_vendor:/opt/ros/jazzy/opt/gz_msgs_vendor:/opt/ros/jazzy/opt/gz_common_vendor:/opt/ros/jazzy/opt/gz_math_vendor:/opt/ros/jazzy/opt/gz_utils_vendor:/opt/ros/jazzy/opt/gz_tools_vendor:/opt/ros/jazzy/opt/gz_ogre_next_vendor:/opt/ros/jazzy/opt/gz_dartsim_vendor:/opt/ros/jazzy/opt/gz_cmake_vendor:/home/rumy/acrome_ws/install/rqt_joint_trajectory_controller:/home/rumy/acrome_ws/install/ros2_controllers_test_nodes:/opt/ros/jazzy DEBUGINFOD_URLS=https://debuginfod.ubuntu.com LD_LIBRARY_PATH=/home/rumy/acrome_ws/install/steering_controllers_library/lib:/home/rumy/acrome_ws/install/tricycle_controller/lib:/home/rumy/acrome_ws/install/ackermann_steering_controller/lib:/home/rumy/acrome_ws/install/range_sensor_broadcaster/lib:/home/rumy/acrome_ws/install/pose_broadcaster/lib:/home/rumy/acrome_ws/install/parallel_gripper_controller/lib:/home/rumy/acrome_ws/install/omni_wheel_drive_controller/lib:/home/rumy/acrome_ws/install/mecanum_drive_controller/lib:/home/rumy/acrome_ws/install/joint_trajectory_controller/lib:/home/rumy/acrome_ws/install/joint_state_broadcaster/lib:/home/rumy/acrome_ws/install/imu_sensor_broadcaster/lib:/home/rumy/acrome_ws/install/gripper_controllers/lib:/home/rumy/acrome_ws/install/gps_sensor_broadcaster/lib:/home/rumy/acrome_ws/install/gpio_controllers/lib:/home/rumy/acrome_ws/install/forward_command_controller/lib:/home/rumy/acrome_ws/install/force_torque_sensor_broadcaster/lib:/home/rumy/acrome_ws/install/diff_drive_controller/lib:/home/rumy/acrome_ws/install/admittance_controller/lib:/opt/ros/jazzy/opt/gz_sim_vendor/lib:/opt/ros/jazzy/opt/gz_sensors_vendor/lib:/opt/ros/jazzy/opt/gz_physics_vendor/lib:/opt/ros/jazzy/opt/sdformat_vendor/lib:/opt/ros/jazzy/opt/rviz_ogre_vendor/lib:/opt/ros/jazzy/lib/x86_64-linux-gnu:/opt/ros/jazzy/opt/gz_gui_vendor/lib:/opt/ros/jazzy/opt/gz_transport_vendor/lib:/opt/ros/jazzy/opt/gz_rendering_vendor/lib:/opt/ros/jazzy/opt/gz_plugin_vendor/lib:/opt/ros/jazzy/opt/gz_fuel_tools_vendor/lib:/opt/ros/jazzy/opt/gz_msgs_vendor/lib:/opt/ros/jazzy/opt/gz_common_vendor/lib:/opt/ros/jazzy/opt/gz_math_vendor/lib:/opt/ros/jazzy/opt/gz_utils_vendor/lib:/opt/ros/jazzy/opt/gz_tools_vendor/lib:/opt/ros/jazzy/opt/gz_ogre_next_vendor/lib:/opt/ros/jazzy/opt/gz_dartsim_vendor/lib:/opt/ros/jazzy/opt/gz_cmake_vendor/lib:/opt/ros/jazzy/lib /usr/bin/cmake --build /home/rumy/acrome_ws/build/tricycle_steering_controller -- -j12 -l12
[2.373s] [  6%] [34m[1mRunning `/opt/ros/jazzy/bin/generate_parameter_library_cpp /home/rumy/acrome_ws/build/tricycle_steering_controller/include/tricycle_steering_controller/tricycle_steering_controller_parameters.hpp /home/rumy/acrome_ws/src/ros2_controllers/tricycle_steering_controller/src/tricycle_steering_controller.yaml `[0m
[2.395s] [ 20%] Built target gmock_main
[2.395s] [ 40%] Built target gmock
[2.460s] [ 46%] [32mBuilding CXX object CMakeFiles/test_load_tricycle_steering_controller.dir/test/test_load_tricycle_steering_controller.cpp.o[0m
[3.610s] [ 53%] [34m[1mCreating deprecated header file /home/rumy/acrome_ws/build/tricycle_steering_controller/include/tricycle_steering_controller_parameters.hpp[0m
[3.668s] [ 53%] Built target tricycle_steering_controller_parameters
[3.740s] [ 60%] [32mBuilding CXX object CMakeFiles/tricycle_steering_controller.dir/src/tricycle_steering_controller.cpp.o[0m
[8.219s] [01m[K/home/rumy/acrome_ws/src/ros2_controllers/tricycle_steering_controller/src/tricycle_steering_controller.cpp:[m[K In member function â€˜[01m[Kvirtual bool tricycle_steering_controller::TricycleSteeringController::[01;32m[Kupdate_odometry[m[K(const rclcpp::Duration&)[m[Kâ€™:
[8.219s] [01m[K/home/rumy/acrome_ws/src/ros2_controllers/tricycle_steering_controller/src/tricycle_steering_controller.cpp:90:62:[m[K [01;35m[Kwarning: [m[Kâ€˜[01m[Kdouble hardware_interface::LoanedStateInterface::[01;32m[Kget_value[m[K() const[m[Kâ€™ is deprecated: Use std::optional<T> get_optional() instead to retrieve the value. This method will be removed by the ROS 2 Kilted Kaiju release. [[01;35m[K]8;;https://gcc.gnu.org/onlinedocs/gcc/Warning-Options.html#index-Wdeprecated-declarations-Wdeprecated-declarations]8;;[m[K]
[8.219s]    90 |       [01;35m[Kstate_interfaces_[STATE_TRACTION_RIGHT_WHEEL].get_value()[m[K;
[8.219s]       |       [01;35m[K~~~~~~~~~~~~~~~~~~~~~~~~~~~~~~~~~~~~~~~~~~~~~~~~~~~~~~~^~[m[K
[8.220s] In file included from [01m[K/opt/ros/jazzy/include/controller_interface/controller_interface/controller_interface_base.hpp:28[m[K,
[8.220s]                  from [01m[K/opt/ros/jazzy/include/controller_interface/controller_interface/chainable_controller_interface.hpp:23[m[K,
[8.220s]                  from [01m[K/home/rumy/acrome_ws/src/ros2_controllers/steering_controllers_library/include/steering_controllers_library/steering_controllers_library.hpp:23[m[K,
[8.220s]                  from [01m[K/home/rumy/acrome_ws/src/ros2_controllers/tricycle_steering_controller/include/tricycle_steering_controller/tricycle_steering_controller.hpp:23[m[K,
[8.220s]                  from [01m[K/home/rumy/acrome_ws/src/ros2_controllers/tricycle_steering_controller/src/tricycle_steering_controller.cpp:15[m[K:
[8.220s] [01m[K/opt/ros/jazzy/include/hardware_interface/hardware_interface/loaned_state_interface.hpp:94:10:[m[K [01;36m[Knote: [m[Kdeclared here
[8.220s]    94 |   double [01;36m[Kget_value[m[K() const
[8.220s]       |          [01;36m[K^~~~~~~~~[m[K
[8.220s] [01m[K/home/rumy/acrome_ws/src/ros2_controllers/tricycle_steering_controller/src/tricycle_steering_controller.cpp:92:61:[m[K [01;35m[Kwarning: [m[Kâ€˜[01m[Kdouble hardware_interface::LoanedStateInterface::[01;32m[Kget_value[m[K() const[m[Kâ€™ is deprecated: Use std::optional<T> get_optional() instead to retrieve the value. This method will be removed by the ROS 2 Kilted Kaiju release. [[01;35m[K]8;;https://gcc.gnu.org/onlinedocs/gcc/Warning-Options.html#index-Wdeprecated-declarations-Wdeprecated-declarations]8;;[m[K]
[8.220s]    92 |       [01;35m[Kstate_interfaces_[STATE_TRACTION_LEFT_WHEEL].get_value()[m[K;
[8.220s]       |       [01;35m[K~~~~~~~~~~~~~~~~~~~~~~~~~~~~~~~~~~~~~~~~~~~~~~~~~~~~~~^~[m[K
[8.221s] [01m[K/opt/ros/jazzy/include/hardware_interface/hardware_interface/loaned_state_interface.hpp:94:10:[m[K [01;36m[Knote: [m[Kdeclared here
[8.221s]    94 |   double [01;36m[Kget_value[m[K() const
[8.221s]       |          [01;36m[K^~~~~~~~~[m[K
[8.221s] [01m[K/home/rumy/acrome_ws/src/ros2_controllers/tricycle_steering_controller/src/tricycle_steering_controller.cpp:93:83:[m[K [01;35m[Kwarning: [m[Kâ€˜[01m[Kdouble hardware_interface::LoanedStateInterface::[01;32m[Kget_value[m[K() const[m[Kâ€™ is deprecated: Use std::optional<T> get_optional() instead to retrieve the value. This method will be removed by the ROS 2 Kilted Kaiju release. [[01;35m[K]8;;https://gcc.gnu.org/onlinedocs/gcc/Warning-Options.html#index-Wdeprecated-declarations-Wdeprecated-declarations]8;;[m[K]
[8.221s]    93 | le steering_position = [01;35m[Kstate_interfaces_[STATE_STEER_AXIS].get_value()[m[K;
[8.221s]       |                        [01;35m[K~~~~~~~~~~~~~~~~~~~~~~~~~~~~~~~~~~~~~~~~~~~~~^~[m[K
[8.221s] 
[8.221s] [01m[K/opt/ros/jazzy/include/hardware_interface/hardware_interface/loaned_state_interface.hpp:94:10:[m[K [01;36m[Knote: [m[Kdeclared here
[8.221s]    94 |   double [01;36m[Kget_value[m[K() const
[8.221s]       |          [01;36m[K^~~~~~~~~[m[K
[12.201s] [ 66%] [32m[1mLinking CXX shared library libtricycle_steering_controller.so[0m
[13.388s] [ 73%] [32m[1mLinking CXX executable test_load_tricycle_steering_controller[0m
[14.243s] [ 73%] Built target tricycle_steering_controller
[14.315s] [ 80%] [32mBuilding CXX object CMakeFiles/test_tricycle_steering_controller_preceding.dir/test/test_tricycle_steering_controller_preceding.cpp.o[0m
[14.327s] [ 86%] [32mBuilding CXX object CMakeFiles/test_tricycle_steering_controller.dir/test/test_tricycle_steering_controller.cpp.o[0m
[14.354s] [ 86%] Built target test_load_tricycle_steering_controller
[19.603s] In file included from [01m[K/opt/ros/jazzy/src/gtest_vendor/include/gtest/gtest-printers.h:122[m[K,
[19.603s]                  from [01m[K/opt/ros/jazzy/src/gtest_vendor/include/gtest/gtest-matchers.h:49[m[K,
[19.604s]                  from [01m[K/opt/ros/jazzy/src/gtest_vendor/include/gtest/internal/gtest-death-test-internal.h:47[m[K,
[19.604s]                  from [01m[K/opt/ros/jazzy/src/gtest_vendor/include/gtest/gtest-death-test.h:43[m[K,
[19.604s]                  from [01m[K/opt/ros/jazzy/src/gtest_vendor/include/gtest/gtest.h:65[m[K,
[19.604s]                  from [01m[K/opt/ros/jazzy/src/gmock_vendor/include/gmock/internal/gmock-internal-utils.h:50[m[K,
[19.604s]                  from [01m[K/opt/ros/jazzy/src/gmock_vendor/include/gmock/gmock-actions.h:145[m[K,
[19.604s]                  from [01m[K/opt/ros/jazzy/src/gmock_vendor/include/gmock/gmock.h:56[m[K,
[19.604s]                  from [01m[K/home/rumy/acrome_ws/src/ros2_controllers/tricycle_steering_controller/test/test_tricycle_steering_controller.hpp:18[m[K,
[19.604s]                  from [01m[K/home/rumy/acrome_ws/src/ros2_controllers/tricycle_steering_controller/test/test_tricycle_steering_controller.cpp:20[m[K:
[19.604s] [01m[K/home/rumy/acrome_ws/src/ros2_controllers/tricycle_steering_controller/test/test_tricycle_steering_controller.cpp:[m[K In member function â€˜[01m[Kvirtual void TricycleSteeringControllerTest_reactivate_success_Test::[01;32m[KTestBody[m[K()[m[Kâ€™:
[19.605s] [01m[K/home/rumy/acrome_ws/src/ros2_controllers/tricycle_steering_controller/test/test_tricycle_steering_controller.cpp:136:71:[m[K [01;35m[Kwarning: [m[Kâ€˜[01m[Kdouble hardware_interface::LoanedCommandInterface::[01;32m[Kget_value[m[K() const[m[Kâ€™ is deprecated: Use std::optional<T> get_optional() instead to retrieve the value. This method will be removed by the ROS 2 Kilted Kaiju release. [[01;35m[K]8;;https://gcc.gnu.org/onlinedocs/gcc/Warning-Options.html#index-Wdeprecated-declarations-Wdeprecated-declarations]8;;[m[K]
[19.605s]   136 | SERT_TRUE(std::isnan([01;35m[Kcontroller_->command_interfaces_[0].get_value()[m[K));
[19.605s]       |                      [01;35m[K~~~~~~~~~~~~~~~~~~~~~~~~~~~~~~~~~~~~~~~~~~~~~^~[m[K
[19.605s] 
[19.605s] [01m[K/opt/ros/jazzy/src/gtest_vendor/include/gtest/internal/gtest-internal.h:1493:38:[m[K [01;36m[Knote: [m[Kin definition of macro â€˜[01m[KGTEST_TEST_BOOLEAN_[m[Kâ€™
[19.605s]  1493 |           ::testing::AssertionResult([01;36m[Kexpression[m[K))                     \
[19.605s]       |                                      [01;36m[K^~~~~~~~~~[m[K
[19.605s] [01m[K/opt/ros/jazzy/src/gtest_vendor/include/gtest/gtest.h:1815:32:[m[K [01;36m[Knote: [m[Kin expansion of macro â€˜[01m[KGTEST_ASSERT_TRUE[m[Kâ€™
[19.605s]  1815 | #define ASSERT_TRUE(condition) [01;36m[KGTEST_ASSERT_TRUE[m[K(condition)
[19.606s]       |                                [01;36m[K^~~~~~~~~~~~~~~~~[m[K
[19.606s] [01m[K/home/rumy/acrome_ws/src/ros2_controllers/tricycle_steering_controller/test/test_tricycle_steering_controller.cpp:136:3:[m[K [01;36m[Knote: [m[Kin expansion of macro â€˜[01m[KASSERT_TRUE[m[Kâ€™
[19.606s]   136 |   [01;36m[KASSERT_TRUE[m[K(std::isnan(controller_->command_interfaces_[0].get_value()));
[19.606s]       |   [01;36m[K^~~~~~~~~~~[m[K
[19.606s] In file included from [01m[K/home/rumy/acrome_ws/src/ros2_controllers/tricycle_steering_controller/test/test_tricycle_steering_controller.hpp:26[m[K:
[19.606s] [01m[K/opt/ros/jazzy/include/hardware_interface/hardware_interface/loaned_command_interface.hpp:134:10:[m[K [01;36m[Knote: [m[Kdeclared here
[19.606s]   134 |   double [01;36m[Kget_value[m[K() const
[19.606s]       |          [01;36m[K^~~~~~~~~[m[K
[19.607s] [01m[K/home/rumy/acrome_ws/src/ros2_controllers/tricycle_steering_controller/test/test_tricycle_steering_controller.cpp:138:71:[m[K [01;35m[Kwarning: [m[Kâ€˜[01m[Kdouble hardware_interface::LoanedCommandInterface::[01;32m[Kget_value[m[K() const[m[Kâ€™ is deprecated: Use std::optional<T> get_optional() instead to retrieve the value. This method will be removed by the ROS 2 Kilted Kaiju release. [[01;35m[K]8;;https://gcc.gnu.org/onlinedocs/gcc/Warning-Options.html#index-Wdeprecated-declarations-Wdeprecated-declarations]8;;[m[K]
[19.607s]   138 | SERT_TRUE(std::isnan([01;35m[Kcontroller_->command_interfaces_[0].get_value()[m[K));
[19.607s]       |                      [01;35m[K~~~~~~~~~~~~~~~~~~~~~~~~~~~~~~~~~~~~~~~~~~~~~^~[m[K
[19.607s] 
[19.607s] [01m[K/opt/ros/jazzy/src/gtest_vendor/include/gtest/internal/gtest-internal.h:1493:38:[m[K [01;36m[Knote: [m[Kin definition of macro â€˜[01m[KGTEST_TEST_BOOLEAN_[m[Kâ€™
[19.607s]  1493 |           ::testing::AssertionResult([01;36m[Kexpression[m[K))                     \
[19.607s]       |                                      [01;36m[K^~~~~~~~~~[m[K
[19.607s] [01m[K/opt/ros/jazzy/src/gtest_vendor/include/gtest/gtest.h:1815:32:[m[K [01;36m[Knote: [m[Kin expansion of macro â€˜[01m[KGTEST_ASSERT_TRUE[m[Kâ€™
[19.607s]  1815 | #define ASSERT_TRUE(condition) [01;36m[KGTEST_ASSERT_TRUE[m[K(condition)
[19.608s]       |                                [01;36m[K^~~~~~~~~~~~~~~~~[m[K
[19.608s] [01m[K/home/rumy/acrome_ws/src/ros2_controllers/tricycle_steering_controller/test/test_tricycle_steering_controller.cpp:138:3:[m[K [01;36m[Knote: [m[Kin expansion of macro â€˜[01m[KASSERT_TRUE[m[Kâ€™
[19.608s]   138 |   [01;36m[KASSERT_TRUE[m[K(std::isnan(controller_->command_interfaces_[0].get_value()));
[19.608s]       |   [01;36m[K^~~~~~~~~~~[m[K
[19.608s] [01m[K/opt/ros/jazzy/include/hardware_interface/hardware_interface/loaned_command_interface.hpp:134:10:[m[K [01;36m[Knote: [m[Kdeclared here
[19.608s]   134 |   double [01;36m[Kget_value[m[K() const
[19.608s]       |          [01;36m[K^~~~~~~~~[m[K
[19.609s] In file included from [01m[K/opt/ros/jazzy/src/gtest_vendor/include/gtest/gtest.h:72[m[K:
[19.609s] [01m[K/home/rumy/acrome_ws/src/ros2_controllers/tricycle_steering_controller/test/test_tricycle_steering_controller.cpp:[m[K In member function â€˜[01m[Kvirtual void TricycleSteeringControllerTest_test_update_logic_Test::[01;32m[KTestBody[m[K()[m[Kâ€™:
[19.609s] [01m[K/home/rumy/acrome_ws/src/ros2_controllers/tricycle_steering_controller/test/test_tricycle_steering_controller.cpp:168:73:[m[K [01;35m[Kwarning: [m[Kâ€˜[01m[Kdouble hardware_interface::LoanedCommandInterface::[01;32m[Kget_value[m[K() const[m[Kâ€™ is deprecated: Use std::optional<T> get_optional() instead to retrieve the value. This method will be removed by the ROS 2 Kilted Kaiju release. [[01;35m[K]8;;https://gcc.gnu.org/onlinedocs/gcc/Warning-Options.html#index-Wdeprecated-declarations-Wdeprecated-declarations]8;;[m[K]
[19.609s]   168 | [01;35m[Ker_->command_interfaces_[CMD_TRACTION_RIGHT_WHEEL].get_value()[m[K, 0.22222222222222224,
[19.609s]       | [01;35m[K~~~~~~~~~~~~~~~~~~~~~~~~~~~~~~~~~~~~~~~~~~~~~~~~~~~~~~~~~~~~^~[m[K
[19.609s] 
[19.609s] [01m[K/opt/ros/jazzy/src/gtest_vendor/include/gtest/gtest_pred_impl.h:79:52:[m[K [01;36m[Knote: [m[Kin definition of macro â€˜[01m[KGTEST_ASSERT_[m[Kâ€™
[19.609s]    79 |   if (const ::testing::AssertionResult gtest_ar = ([01;36m[Kexpression[m[K)) \
[19.610s]       |                                                    [01;36m[K^~~~~~~~~~[m[K
[19.610s] [01m[K/opt/ros/jazzy/src/gtest_vendor/include/gtest/gtest_pred_impl.h:183:3:[m[K [01;36m[Knote: [m[Kin expansion of macro â€˜[01m[KGTEST_PRED_FORMAT3_[m[Kâ€™
[19.610s]   183 |   [01;36m[KGTEST_PRED_FORMAT3_[m[K(pred_format, v1, v2, v3, GTEST_NONFATAL_FAILURE_)
[19.610s]       |   [01;36m[K^~~~~~~~~~~~~~~~~~~[m[K
[19.610s] [01m[K/opt/ros/jazzy/src/gtest_vendor/include/gtest/gtest.h:1986:3:[m[K [01;36m[Knote: [m[Kin expansion of macro â€˜[01m[KEXPECT_PRED_FORMAT3[m[Kâ€™
[19.610s]  1986 |   [01;36m[KEXPECT_PRED_FORMAT3[m[K(::testing::internal::DoubleNearPredFormat, val1, val2, \
[19.610s]       |   [01;36m[K^~~~~~~~~~~~~~~~~~~[m[K
[19.610s] [01m[K/home/rumy/acrome_ws/src/ros2_controllers/tricycle_steering_controller/test/test_tricycle_steering_controller.cpp:167:3:[m[K [01;36m[Knote: [m[Kin expansion of macro â€˜[01m[KEXPECT_NEAR[m[Kâ€™
[19.610s]   167 |   [01;36m[KEXPECT_NEAR[m[K(
[19.611s]       |   [01;36m[K^~~~~~~~~~~[m[K
[19.611s] [01m[K/opt/ros/jazzy/include/hardware_interface/hardware_interface/loaned_command_interface.hpp:134:10:[m[K [01;36m[Knote: [m[Kdeclared here
[19.611s]   134 |   double [01;36m[Kget_value[m[K() const
[19.611s]       |          [01;36m[K^~~~~~~~~[m[K
[19.611s] [01m[K/home/rumy/acrome_ws/src/ros2_controllers/tricycle_steering_controller/test/test_tricycle_steering_controller.cpp:171:72:[m[K [01;35m[Kwarning: [m[Kâ€˜[01m[Kdouble hardware_interface::LoanedCommandInterface::[01;32m[Kget_value[m[K() const[m[Kâ€™ is deprecated: Use std::optional<T> get_optional() instead to retrieve the value. This method will be removed by the ROS 2 Kilted Kaiju release. [[01;35m[K]8;;https://gcc.gnu.org/onlinedocs/gcc/Warning-Options.html#index-Wdeprecated-declarations-Wdeprecated-declarations]8;;[m[K]
[19.611s]   171 | [01;35m[Kler_->command_interfaces_[CMD_TRACTION_LEFT_WHEEL].get_value()[m[K, 0.22222222222222224,
[19.611s]       | [01;35m[K~~~~~~~~~~~~~~~~~~~~~~~~~~~~~~~~~~~~~~~~~~~~~~~~~~~~~~~~~~~~^~[m[K
[19.611s] 
[19.612s] [01m[K/opt/ros/jazzy/src/gtest_vendor/include/gtest/gtest_pred_impl.h:79:52:[m[K [01;36m[Knote: [m[Kin definition of macro â€˜[01m[KGTEST_ASSERT_[m[Kâ€™
[19.612s]    79 |   if (const ::testing::AssertionResult gtest_ar = ([01;36m[Kexpression[m[K)) \
[19.612s]       |                                                    [01;36m[K^~~~~~~~~~[m[K
[19.612s] [01m[K/opt/ros/jazzy/src/gtest_vendor/include/gtest/gtest_pred_impl.h:183:3:[m[K [01;36m[Knote: [m[Kin expansion of macro â€˜[01m[KGTEST_PRED_FORMAT3_[m[Kâ€™
[19.612s]   183 |   [01;36m[KGTEST_PRED_FORMAT3_[m[K(pred_format, v1, v2, v3, GTEST_NONFATAL_FAILURE_)
[19.612s]       |   [01;36m[K^~~~~~~~~~~~~~~~~~~[m[K
[19.612s] [01m[K/opt/ros/jazzy/src/gtest_vendor/include/gtest/gtest.h:1986:3:[m[K [01;36m[Knote: [m[Kin expansion of macro â€˜[01m[KEXPECT_PRED_FORMAT3[m[Kâ€™
[19.612s]  1986 |   [01;36m[KEXPECT_PRED_FORMAT3[m[K(::testing::internal::DoubleNearPredFormat, val1, val2, \
[19.612s]       |   [01;36m[K^~~~~~~~~~~~~~~~~~~[m[K
[19.612s] [01m[K/home/rumy/acrome_ws/src/ros2_controllers/tricycle_steering_controller/test/test_tricycle_steering_controller.cpp:170:3:[m[K [01;36m[Knote: [m[Kin expansion of macro â€˜[01m[KEXPECT_NEAR[m[Kâ€™
[19.613s]   170 |   [01;36m[KEXPECT_NEAR[m[K(
[19.613s]       |   [01;36m[K^~~~~~~~~~~[m[K
[19.613s] [01m[K/opt/ros/jazzy/include/hardware_interface/hardware_interface/loaned_command_interface.hpp:134:10:[m[K [01;36m[Knote: [m[Kdeclared here
[19.613s]   134 |   double [01;36m[Kget_value[m[K() const
[19.613s]       |          [01;36m[K^~~~~~~~~[m[K
[19.613s] [01m[K/home/rumy/acrome_ws/src/ros2_controllers/tricycle_steering_controller/test/test_tricycle_steering_controller.cpp:174:64:[m[K [01;35m[Kwarning: [m[Kâ€˜[01m[Kdouble hardware_interface::LoanedCommandInterface::[01;32m[Kget_value[m[K() const[m[Kâ€™ is deprecated: Use std::optional<T> get_optional() instead to retrieve the value. This method will be removed by the ROS 2 Kilted Kaiju release. [[01;35m[K]8;;https://gcc.gnu.org/onlinedocs/gcc/Warning-Options.html#index-Wdeprecated-declarations-Wdeprecated-declarations]8;;[m[K]
[19.613s]   174 |  [01;35m[Kcontroller_->command_interfaces_[CMD_STEER_WHEEL].get_value()[m[K, 1.4179821977774734,
[19.613s]       |  [01;35m[K~~~~~~~~~~~~~~~~~~~~~~~~~~~~~~~~~~~~~~~~~~~~~~~~~~~~~~~~~~~^~[m[K
[19.613s] 
[19.614s] [01m[K/opt/ros/jazzy/src/gtest_vendor/include/gtest/gtest_pred_impl.h:79:52:[m[K [01;36m[Knote: [m[Kin definition of macro â€˜[01m[KGTEST_ASSERT_[m[Kâ€™
[19.614s]    79 |   if (const ::testing::AssertionResult gtest_ar = ([01;36m[Kexpression[m[K)) \
[19.614s]       |                                                    [01;36m[K^~~~~~~~~~[m[K
[19.614s] [01m[K/opt/ros/jazzy/src/gtest_vendor/include/gtest/gtest_pred_impl.h:183:3:[m[K [01;36m[Knote: [m[Kin expansion of macro â€˜[01m[KGTEST_PRED_FORMAT3_[m[Kâ€™
[19.614s]   183 |   [01;36m[KGTEST_PRED_FORMAT3_[m[K(pred_format, v1, v2, v3, GTEST_NONFATAL_FAILURE_)
[19.614s]       |   [01;36m[K^~~~~~~~~~~~~~~~~~~[m[K
[19.614s] [01m[K/opt/ros/jazzy/src/gtest_vendor/include/gtest/gtest.h:1986:3:[m[K [01;36m[Knote: [m[Kin expansion of macro â€˜[01m[KEXPECT_PRED_FORMAT3[m[Kâ€™
[19.614s]  1986 |   [01;36m[KEXPECT_PRED_FORMAT3[m[K(::testing::internal::DoubleNearPredFormat, val1, val2, \
[19.614s]       |   [01;36m[K^~~~~~~~~~~~~~~~~~~[m[K
[19.615s] [01m[K/home/rumy/acrome_ws/src/ros2_controllers/tricycle_steering_controller/test/test_tricycle_steering_controller.cpp:173:3:[m[K [01;36m[Knote: [m[Kin expansion of macro â€˜[01m[KEXPECT_NEAR[m[Kâ€™
[19.615s]   173 |   [01;36m[KEXPECT_NEAR[m[K(
[19.615s]       |   [01;36m[K^~~~~~~~~~~[m[K
[19.615s] [01m[K/opt/ros/jazzy/include/hardware_interface/hardware_interface/loaned_command_interface.hpp:134:10:[m[K [01;36m[Knote: [m[Kdeclared here
[19.615s]   134 |   double [01;36m[Kget_value[m[K() const
[19.615s]       |          [01;36m[K^~~~~~~~~[m[K
[19.617s] [01m[K/home/rumy/acrome_ws/src/ros2_controllers/tricycle_steering_controller/test/test_tricycle_steering_controller.cpp:[m[K In member function â€˜[01m[Kvirtual void TricycleSteeringControllerTest_test_update_logic_chained_Test::[01;32m[KTestBody[m[K()[m[Kâ€™:
[19.618s] [01m[K/home/rumy/acrome_ws/src/ros2_controllers/tricycle_steering_controller/test/test_tricycle_steering_controller.cpp:205:73:[m[K [01;35m[Kwarning: [m[Kâ€˜[01m[Kdouble hardware_interface::LoanedCommandInterface::[01;32m[Kget_value[m[K() const[m[Kâ€™ is deprecated: Use std::optional<T> get_optional() instead to retrieve the value. This method will be removed by the ROS 2 Kilted Kaiju release. [[01;35m[K]8;;https://gcc.gnu.org/onlinedocs/gcc/Warning-Options.html#index-Wdeprecated-declarations-Wdeprecated-declarations]8;;[m[K]
[19.618s]   205 | [01;35m[Ker_->command_interfaces_[CMD_TRACTION_RIGHT_WHEEL].get_value()[m[K, 0.22222222222222224,
[19.618s]       | [01;35m[K~~~~~~~~~~~~~~~~~~~~~~~~~~~~~~~~~~~~~~~~~~~~~~~~~~~~~~~~~~~~^~[m[K
[19.618s] 
[19.618s] [01m[K/opt/ros/jazzy/src/gtest_vendor/include/gtest/gtest_pred_impl.h:79:52:[m[K [01;36m[Knote: [m[Kin definition of macro â€˜[01m[KGTEST_ASSERT_[m[Kâ€™
[19.618s]    79 |   if (const ::testing::AssertionResult gtest_ar = ([01;36m[Kexpression[m[K)) \
[19.618s]       |                                                    [01;36m[K^~~~~~~~~~[m[K
[19.618s] [01m[K/opt/ros/jazzy/src/gtest_vendor/include/gtest/gtest_pred_impl.h:183:3:[m[K [01;36m[Knote: [m[Kin expansion of macro â€˜[01m[KGTEST_PRED_FORMAT3_[m[Kâ€™
[19.619s]   183 |   [01;36m[KGTEST_PRED_FORMAT3_[m[K(pred_format, v1, v2, v3, GTEST_NONFATAL_FAILURE_)
[19.619s]       |   [01;36m[K^~~~~~~~~~~~~~~~~~~[m[K
[19.619s] [01m[K/opt/ros/jazzy/src/gtest_vendor/include/gtest/gtest.h:1986:3:[m[K [01;36m[Knote: [m[Kin expansion of macro â€˜[01m[KEXPECT_PRED_FORMAT3[m[Kâ€™
[19.619s]  1986 |   [01;36m[KEXPECT_PRED_FORMAT3[m[K(::testing::internal::DoubleNearPredFormat, val1, val2, \
[19.619s]       |   [01;36m[K^~~~~~~~~~~~~~~~~~~[m[K
[19.619s] [01m[K/home/rumy/acrome_ws/src/ros2_controllers/tricycle_steering_controller/test/test_tricycle_steering_controller.cpp:204:3:[m[K [01;36m[Knote: [m[Kin expansion of macro â€˜[01m[KEXPECT_NEAR[m[Kâ€™
[19.619s]   204 |   [01;36m[KEXPECT_NEAR[m[K(
[19.619s]       |   [01;36m[K^~~~~~~~~~~[m[K
[19.619s] [01m[K/opt/ros/jazzy/include/hardware_interface/hardware_interface/loaned_command_interface.hpp:134:10:[m[K [01;36m[Knote: [m[Kdeclared here
[19.620s]   134 |   double [01;36m[Kget_value[m[K() const
[19.620s]       |          [01;36m[K^~~~~~~~~[m[K
[19.620s] [01m[K/home/rumy/acrome_ws/src/ros2_controllers/tricycle_steering_controller/test/test_tricycle_steering_controller.cpp:208:72:[m[K [01;35m[Kwarning: [m[Kâ€˜[01m[Kdouble hardware_interface::LoanedCommandInterface::[01;32m[Kget_value[m[K() const[m[Kâ€™ is deprecated: Use std::optional<T> get_optional() instead to retrieve the value. This method will be removed by the ROS 2 Kilted Kaiju release. [[01;35m[K]8;;https://gcc.gnu.org/onlinedocs/gcc/Warning-Options.html#index-Wdeprecated-declarations-Wdeprecated-declarations]8;;[m[K]
[19.620s]   208 | [01;35m[Kler_->command_interfaces_[CMD_TRACTION_LEFT_WHEEL].get_value()[m[K, 0.22222222222222224,
[19.620s]       | [01;35m[K~~~~~~~~~~~~~~~~~~~~~~~~~~~~~~~~~~~~~~~~~~~~~~~~~~~~~~~~~~~~^~[m[K
[19.620s] 
[19.620s] [01m[K/opt/ros/jazzy/src/gtest_vendor/include/gtest/gtest_pred_impl.h:79:52:[m[K [01;36m[Knote: [m[Kin definition of macro â€˜[01m[KGTEST_ASSERT_[m[Kâ€™
[19.620s]    79 |   if (const ::testing::AssertionResult gtest_ar = ([01;36m[Kexpression[m[K)) \
[19.620s]       |                                                    [01;36m[K^~~~~~~~~~[m[K
[19.621s] [01m[K/opt/ros/jazzy/src/gtest_vendor/include/gtest/gtest_pred_impl.h:183:3:[m[K [01;36m[Knote: [m[Kin expansion of macro â€˜[01m[KGTEST_PRED_FORMAT3_[m[Kâ€™
[19.621s]   183 |   [01;36m[KGTEST_PRED_FORMAT3_[m[K(pred_format, v1, v2, v3, GTEST_NONFATAL_FAILURE_)
[19.621s]       |   [01;36m[K^~~~~~~~~~~~~~~~~~~[m[K
[19.621s] [01m[K/opt/ros/jazzy/src/gtest_vendor/include/gtest/gtest.h:1986:3:[m[K [01;36m[Knote: [m[Kin expansion of macro â€˜[01m[KEXPECT_PRED_FORMAT3[m[Kâ€™
[19.621s]  1986 |   [01;36m[KEXPECT_PRED_FORMAT3[m[K(::testing::internal::DoubleNearPredFormat, val1, val2, \
[19.621s]       |   [01;36m[K^~~~~~~~~~~~~~~~~~~[m[K
[19.621s] [01m[K/home/rumy/acrome_ws/src/ros2_controllers/tricycle_steering_controller/test/test_tricycle_steering_controller.cpp:207:3:[m[K [01;36m[Knote: [m[Kin expansion of macro â€˜[01m[KEXPECT_NEAR[m[Kâ€™
[19.621s]   207 |   [01;36m[KEXPECT_NEAR[m[K(
[19.621s]       |   [01;36m[K^~~~~~~~~~~[m[K
[19.622s] [01m[K/opt/ros/jazzy/include/hardware_interface/hardware_interface/loaned_command_interface.hpp:134:10:[m[K [01;36m[Knote: [m[Kdeclared here
[19.622s]   134 |   double [01;36m[Kget_value[m[K() const
[19.622s]       |          [01;36m[K^~~~~~~~~[m[K
[19.622s] [01m[K/home/rumy/acrome_ws/src/ros2_controllers/tricycle_steering_controller/test/test_tricycle_steering_controller.cpp:211:64:[m[K [01;35m[Kwarning: [m[Kâ€˜[01m[Kdouble hardware_interface::LoanedCommandInterface::[01;32m[Kget_value[m[K() const[m[Kâ€™ is deprecated: Use std::optional<T> get_optional() instead to retrieve the value. This method will be removed by the ROS 2 Kilted Kaiju release. [[01;35m[K]8;;https://gcc.gnu.org/onlinedocs/gcc/Warning-Options.html#index-Wdeprecated-declarations-Wdeprecated-declarations]8;;[m[K]
[19.622s]   211 |  [01;35m[Kcontroller_->command_interfaces_[CMD_STEER_WHEEL].get_value()[m[K, 1.4179821977774734,
[19.622s]       |  [01;35m[K~~~~~~~~~~~~~~~~~~~~~~~~~~~~~~~~~~~~~~~~~~~~~~~~~~~~~~~~~~~^~[m[K
[19.623s] 
[19.623s] [01m[K/opt/ros/jazzy/src/gtest_vendor/include/gtest/gtest_pred_impl.h:79:52:[m[K [01;36m[Knote: [m[Kin definition of macro â€˜[01m[KGTEST_ASSERT_[m[Kâ€™
[19.623s]    79 |   if (const ::testing::AssertionResult gtest_ar = ([01;36m[Kexpression[m[K)) \
[19.623s]       |                                                    [01;36m[K^~~~~~~~~~[m[K
[19.623s] [01m[K/opt/ros/jazzy/src/gtest_vendor/include/gtest/gtest_pred_impl.h:183:3:[m[K [01;36m[Knote: [m[Kin expansion of macro â€˜[01m[KGTEST_PRED_FORMAT3_[m[Kâ€™
[19.623s]   183 |   [01;36m[KGTEST_PRED_FORMAT3_[m[K(pred_format, v1, v2, v3, GTEST_NONFATAL_FAILURE_)
[19.623s]       |   [01;36m[K^~~~~~~~~~~~~~~~~~~[m[K
[19.623s] [01m[K/opt/ros/jazzy/src/gtest_vendor/include/gtest/gtest.h:1986:3:[m[K [01;36m[Knote: [m[Kin expansion of macro â€˜[01m[KEXPECT_PRED_FORMAT3[m[Kâ€™
[19.623s]  1986 |   [01;36m[KEXPECT_PRED_FORMAT3[m[K(::testing::internal::DoubleNearPredFormat, val1, val2, \
[19.624s]       |   [01;36m[K^~~~~~~~~~~~~~~~~~~[m[K
[19.624s] [01m[K/home/rumy/acrome_ws/src/ros2_controllers/tricycle_steering_controller/test/test_tricycle_steering_controller.cpp:210:3:[m[K [01;36m[Knote: [m[Kin expansion of macro â€˜[01m[KEXPECT_NEAR[m[Kâ€™
[19.624s]   210 |   [01;36m[KEXPECT_NEAR[m[K(
[19.624s]       |   [01;36m[K^~~~~~~~~~~[m[K
[19.624s] [01m[K/opt/ros/jazzy/include/hardware_interface/hardware_interface/loaned_command_interface.hpp:134:10:[m[K [01;36m[Knote: [m[Kdeclared here
[19.624s]   134 |   double [01;36m[Kget_value[m[K() const
[19.624s]       |          [01;36m[K^~~~~~~~~[m[K
[19.624s] [01m[K/home/rumy/acrome_ws/src/ros2_controllers/tricycle_steering_controller/test/test_tricycle_steering_controller.cpp:[m[K In member function â€˜[01m[Kvirtual void TricycleSteeringControllerTest_receive_message_and_publish_updated_status_Test::[01;32m[KTestBody[m[K()[m[Kâ€™:
[19.624s] [01m[K/home/rumy/acrome_ws/src/ros2_controllers/tricycle_steering_controller/test/test_tricycle_steering_controller.cpp:251:73:[m[K [01;35m[Kwarning: [m[Kâ€˜[01m[Kdouble hardware_interface::LoanedCommandInterface::[01;32m[Kget_value[m[K() const[m[Kâ€™ is deprecated: Use std::optional<T> get_optional() instead to retrieve the value. This method will be removed by the ROS 2 Kilted Kaiju release. [[01;35m[K]8;;https://gcc.gnu.org/onlinedocs/gcc/Warning-Options.html#index-Wdeprecated-declarations-Wdeprecated-declarations]8;;[m[K]
[19.624s]   251 | [01;35m[Ker_->command_interfaces_[CMD_TRACTION_RIGHT_WHEEL].get_value()[m[K, 0.22222222222222224,
[19.625s]       | [01;35m[K~~~~~~~~~~~~~~~~~~~~~~~~~~~~~~~~~~~~~~~~~~~~~~~~~~~~~~~~~~~~^~[m[K
[19.625s] 
[19.625s] [01m[K/opt/ros/jazzy/src/gtest_vendor/include/gtest/gtest_pred_impl.h:79:52:[m[K [01;36m[Knote: [m[Kin definition of macro â€˜[01m[KGTEST_ASSERT_[m[Kâ€™
[19.625s]    79 |   if (const ::testing::AssertionResult gtest_ar = ([01;36m[Kexpression[m[K)) \
[19.625s]       |                                                    [01;36m[K^~~~~~~~~~[m[K
[19.625s] [01m[K/opt/ros/jazzy/src/gtest_vendor/include/gtest/gtest_pred_impl.h:183:3:[m[K [01;36m[Knote: [m[Kin expansion of macro â€˜[01m[KGTEST_PRED_FORMAT3_[m[Kâ€™
[19.625s]   183 |   [01;36m[KGTEST_PRED_FORMAT3_[m[K(pred_format, v1, v2, v3, GTEST_NONFATAL_FAILURE_)
[19.625s]       |   [01;36m[K^~~~~~~~~~~~~~~~~~~[m[K
[19.625s] [01m[K/opt/ros/jazzy/src/gtest_vendor/include/gtest/gtest.h:1986:3:[m[K [01;36m[Knote: [m[Kin expansion of macro â€˜[01m[KEXPECT_PRED_FORMAT3[m[Kâ€™
[19.625s]  1986 |   [01;36m[KEXPECT_PRED_FORMAT3[m[K(::testing::internal::DoubleNearPredFormat, val1, val2, \
[19.625s]       |   [01;36m[K^~~~~~~~~~~~~~~~~~~[m[K
[19.626s] [01m[K/home/rumy/acrome_ws/src/ros2_controllers/tricycle_steering_controller/test/test_tricycle_steering_controller.cpp:250:3:[m[K [01;36m[Knote: [m[Kin expansion of macro â€˜[01m[KEXPECT_NEAR[m[Kâ€™
[19.626s]   250 |   [01;36m[KEXPECT_NEAR[m[K(
[19.626s]       |   [01;36m[K^~~~~~~~~~~[m[K
[19.626s] [01m[K/opt/ros/jazzy/include/hardware_interface/hardware_interface/loaned_command_interface.hpp:134:10:[m[K [01;36m[Knote: [m[Kdeclared here
[19.626s]   134 |   double [01;36m[Kget_value[m[K() const
[19.626s]       |          [01;36m[K^~~~~~~~~[m[K
[19.626s] [01m[K/home/rumy/acrome_ws/src/ros2_controllers/tricycle_steering_controller/test/test_tricycle_steering_controller.cpp:254:72:[m[K [01;35m[Kwarning: [m[Kâ€˜[01m[Kdouble hardware_interface::LoanedCommandInterface::[01;32m[Kget_value[m[K() const[m[Kâ€™ is deprecated: Use std::optional<T> get_optional() instead to retrieve the value. This method will be removed by the ROS 2 Kilted Kaiju release. [[01;35m[K]8;;https://gcc.gnu.org/onlinedocs/gcc/Warning-Options.html#index-Wdeprecated-declarations-Wdeprecated-declarations]8;;[m[K]
[19.626s]   254 | [01;35m[Kler_->command_interfaces_[CMD_TRACTION_LEFT_WHEEL].get_value()[m[K, 0.22222222222222224,
[19.626s]       | [01;35m[K~~~~~~~~~~~~~~~~~~~~~~~~~~~~~~~~~~~~~~~~~~~~~~~~~~~~~~~~~~~~^~[m[K
[19.626s] 
[19.627s] [01m[K/opt/ros/jazzy/src/gtest_vendor/include/gtest/gtest_pred_impl.h:79:52:[m[K [01;36m[Knote: [m[Kin definition of macro â€˜[01m[KGTEST_ASSERT_[m[Kâ€™
[19.627s]    79 |   if (const ::testing::AssertionResult gtest_ar = ([01;36m[Kexpression[m[K)) \
[19.627s]       |                                                    [01;36m[K^~~~~~~~~~[m[K
[19.627s] [01m[K/opt/ros/jazzy/src/gtest_vendor/include/gtest/gtest_pred_impl.h:183:3:[m[K [01;36m[Knote: [m[Kin expansion of macro â€˜[01m[KGTEST_PRED_FORMAT3_[m[Kâ€™
[19.627s]   183 |   [01;36m[KGTEST_PRED_FORMAT3_[m[K(pred_format, v1, v2, v3, GTEST_NONFATAL_FAILURE_)
[19.627s]       |   [01;36m[K^~~~~~~~~~~~~~~~~~~[m[K
[19.627s] [01m[K/opt/ros/jazzy/src/gtest_vendor/include/gtest/gtest.h:1986:3:[m[K [01;36m[Knote: [m[Kin expansion of macro â€˜[01m[KEXPECT_PRED_FORMAT3[m[Kâ€™
[19.627s]  1986 |   [01;36m[KEXPECT_PRED_FORMAT3[m[K(::testing::internal::DoubleNearPredFormat, val1, val2, \
[19.627s]       |   [01;36m[K^~~~~~~~~~~~~~~~~~~[m[K
[19.628s] [01m[K/home/rumy/acrome_ws/src/ros2_controllers/tricycle_steering_controller/test/test_tricycle_steering_controller.cpp:253:3:[m[K [01;36m[Knote: [m[Kin expansion of macro â€˜[01m[KEXPECT_NEAR[m[Kâ€™
[19.628s]   253 |   [01;36m[KEXPECT_NEAR[m[K(
[19.628s]       |   [01;36m[K^~~~~~~~~~~[m[K
[19.628s] [01m[K/opt/ros/jazzy/include/hardware_interface/hardware_interface/loaned_command_interface.hpp:134:10:[m[K [01;36m[Knote: [m[Kdeclared here
[19.628s]   134 |   double [01;36m[Kget_value[m[K() const
[19.628s]       |          [01;36m[K^~~~~~~~~[m[K
[19.628s] [01m[K/home/rumy/acrome_ws/src/ros2_controllers/tricycle_steering_controller/test/test_tricycle_steering_controller.cpp:257:64:[m[K [01;35m[Kwarning: [m[Kâ€˜[01m[Kdouble hardware_interface::LoanedCommandInterface::[01;32m[Kget_value[m[K() const[m[Kâ€™ is deprecated: Use std::optional<T> get_optional() instead to retrieve the value. This method will be removed by the ROS 2 Kilted Kaiju release. [[01;35m[K]8;;https://gcc.gnu.org/onlinedocs/gcc/Warning-Options.html#index-Wdeprecated-declarations-Wdeprecated-declarations]8;;[m[K]
[19.628s]   257 |  [01;35m[Kcontroller_->command_interfaces_[CMD_STEER_WHEEL].get_value()[m[K, 1.4179821977774734,
[19.628s]       |  [01;35m[K~~~~~~~~~~~~~~~~~~~~~~~~~~~~~~~~~~~~~~~~~~~~~~~~~~~~~~~~~~~^~[m[K
[19.629s] 
[19.629s] [01m[K/opt/ros/jazzy/src/gtest_vendor/include/gtest/gtest_pred_impl.h:79:52:[m[K [01;36m[Knote: [m[Kin definition of macro â€˜[01m[KGTEST_ASSERT_[m[Kâ€™
[19.629s]    79 |   if (const ::testing::AssertionResult gtest_ar = ([01;36m[Kexpression[m[K)) \
[19.629s]       |                                                    [01;36m[K^~~~~~~~~~[m[K
[19.629s] [01m[K/opt/ros/jazzy/src/gtest_vendor/include/gtest/gtest_pred_impl.h:183:3:[m[K [01;36m[Knote: [m[Kin expansion of macro â€˜[01m[KGTEST_PRED_FORMAT3_[m[Kâ€™
[19.629s]   183 |   [01;36m[KGTEST_PRED_FORMAT3_[m[K(pred_format, v1, v2, v3, GTEST_NONFATAL_FAILURE_)
[19.629s]       |   [01;36m[K^~~~~~~~~~~~~~~~~~~[m[K
[19.629s] [01m[K/opt/ros/jazzy/src/gtest_vendor/include/gtest/gtest.h:1986:3:[m[K [01;36m[Knote: [m[Kin expansion of macro â€˜[01m[KEXPECT_PRED_FORMAT3[m[Kâ€™
[19.629s]  1986 |   [01;36m[KEXPECT_PRED_FORMAT3[m[K(::testing::internal::DoubleNearPredFormat, val1, val2, \
[19.630s]       |   [01;36m[K^~~~~~~~~~~~~~~~~~~[m[K
[19.630s] [01m[K/home/rumy/acrome_ws/src/ros2_controllers/tricycle_steering_controller/test/test_tricycle_steering_controller.cpp:256:3:[m[K [01;36m[Knote: [m[Kin expansion of macro â€˜[01m[KEXPECT_NEAR[m[Kâ€™
[19.630s]   256 |   [01;36m[KEXPECT_NEAR[m[K(
[19.630s]       |   [01;36m[K^~~~~~~~~~~[m[K
[19.630s] [01m[K/opt/ros/jazzy/include/hardware_interface/hardware_interface/loaned_command_interface.hpp:134:10:[m[K [01;36m[Knote: [m[Kdeclared here
[19.630s]   134 |   double [01;36m[Kget_value[m[K() const
[19.630s]       |          [01;36m[K^~~~~~~~~[m[K
[24.123s] [ 93%] [32m[1mLinking CXX executable test_tricycle_steering_controller_preceding[0m
[24.916s] [ 93%] Built target test_tricycle_steering_controller_preceding
[28.039s] [100%] [32m[1mLinking CXX executable test_tricycle_steering_controller[0m
[28.801s] [100%] Built target test_tricycle_steering_controller
