[0.075s] Invoking command in '/home/rumy/acrome_ws/build/bicycle_steering_controller': CMAKE_PREFIX_PATH=/home/rumy/acrome_ws/install/steering_controllers_library:/home/rumy/acrome_ws/install/tricycle_controller:/home/rumy/acrome_ws/install/ackermann_steering_controller:/home/rumy/acrome_ws/install/range_sensor_broadcaster:/home/rumy/acrome_ws/install/pose_broadcaster:/home/rumy/acrome_ws/install/parallel_gripper_controller:/home/rumy/acrome_ws/install/omni_wheel_drive_controller:/home/rumy/acrome_ws/install/mecanum_drive_controller:/home/rumy/acrome_ws/install/joint_trajectory_controller:/home/rumy/acrome_ws/install/joint_state_broadcaster:/home/rumy/acrome_ws/install/imu_sensor_broadcaster:/home/rumy/acrome_ws/install/gripper_controllers:/home/rumy/acrome_ws/install/gps_sensor_broadcaster:/home/rumy/acrome_ws/install/gpio_controllers:/home/rumy/acrome_ws/install/forward_command_controller:/home/rumy/acrome_ws/install/force_torque_sensor_broadcaster:/home/rumy/acrome_ws/install/diff_drive_controller:/home/rumy/acrome_ws/install/admittance_controller:/home/rumy/acrome_ws/install/acrome_mini_robot:/home/rumy/acrome_ws/src/acrome_mini_robot/install/acrome_mini_robot:/opt/ros/jazzy/opt/gz_sim_vendor:/opt/ros/jazzy/opt/gz_sensors_vendor:/opt/ros/jazzy/opt/gz_physics_vendor:/opt/ros/jazzy/opt/sdformat_vendor:/opt/ros/jazzy/opt/gz_gui_vendor:/opt/ros/jazzy/opt/gz_transport_vendor:/opt/ros/jazzy/opt/gz_rendering_vendor:/opt/ros/jazzy/opt/gz_plugin_vendor:/opt/ros/jazzy/opt/gz_fuel_tools_vendor:/opt/ros/jazzy/opt/gz_msgs_vendor:/opt/ros/jazzy/opt/gz_common_vendor:/opt/ros/jazzy/opt/gz_math_vendor:/opt/ros/jazzy/opt/gz_utils_vendor:/opt/ros/jazzy/opt/gz_tools_vendor:/opt/ros/jazzy/opt/gz_ogre_next_vendor:/opt/ros/jazzy/opt/gz_dartsim_vendor:/opt/ros/jazzy/opt/gz_cmake_vendor:/home/rumy/acrome_ws/install/rqt_joint_trajectory_controller:/home/rumy/acrome_ws/install/ros2_controllers_test_nodes:/opt/ros/jazzy DEBUGINFOD_URLS=https://debuginfod.ubuntu.com LD_LIBRARY_PATH=/home/rumy/acrome_ws/install/steering_controllers_library/lib:/home/rumy/acrome_ws/install/tricycle_controller/lib:/home/rumy/acrome_ws/install/ackermann_steering_controller/lib:/home/rumy/acrome_ws/install/range_sensor_broadcaster/lib:/home/rumy/acrome_ws/install/pose_broadcaster/lib:/home/rumy/acrome_ws/install/parallel_gripper_controller/lib:/home/rumy/acrome_ws/install/omni_wheel_drive_controller/lib:/home/rumy/acrome_ws/install/mecanum_drive_controller/lib:/home/rumy/acrome_ws/install/joint_trajectory_controller/lib:/home/rumy/acrome_ws/install/joint_state_broadcaster/lib:/home/rumy/acrome_ws/install/imu_sensor_broadcaster/lib:/home/rumy/acrome_ws/install/gripper_controllers/lib:/home/rumy/acrome_ws/install/gps_sensor_broadcaster/lib:/home/rumy/acrome_ws/install/gpio_controllers/lib:/home/rumy/acrome_ws/install/forward_command_controller/lib:/home/rumy/acrome_ws/install/force_torque_sensor_broadcaster/lib:/home/rumy/acrome_ws/install/diff_drive_controller/lib:/home/rumy/acrome_ws/install/admittance_controller/lib:/opt/ros/jazzy/opt/gz_sim_vendor/lib:/opt/ros/jazzy/opt/gz_sensors_vendor/lib:/opt/ros/jazzy/opt/gz_physics_vendor/lib:/opt/ros/jazzy/opt/sdformat_vendor/lib:/opt/ros/jazzy/opt/rviz_ogre_vendor/lib:/opt/ros/jazzy/lib/x86_64-linux-gnu:/opt/ros/jazzy/opt/gz_gui_vendor/lib:/opt/ros/jazzy/opt/gz_transport_vendor/lib:/opt/ros/jazzy/opt/gz_rendering_vendor/lib:/opt/ros/jazzy/opt/gz_plugin_vendor/lib:/opt/ros/jazzy/opt/gz_fuel_tools_vendor/lib:/opt/ros/jazzy/opt/gz_msgs_vendor/lib:/opt/ros/jazzy/opt/gz_common_vendor/lib:/opt/ros/jazzy/opt/gz_math_vendor/lib:/opt/ros/jazzy/opt/gz_utils_vendor/lib:/opt/ros/jazzy/opt/gz_tools_vendor/lib:/opt/ros/jazzy/opt/gz_ogre_next_vendor/lib:/opt/ros/jazzy/opt/gz_dartsim_vendor/lib:/opt/ros/jazzy/opt/gz_cmake_vendor/lib:/opt/ros/jazzy/lib /usr/bin/cmake /home/rumy/acrome_ws/src/ros2_controllers/bicycle_steering_controller -DCMAKE_INSTALL_PREFIX=/home/rumy/acrome_ws/install/bicycle_steering_controller
[1.288s] -- Found ros2_control_cmake: 0.2.1 (/opt/ros/jazzy/share/ros2_control_cmake/cmake)
[1.289s] -- Compiler warnings enabled for GNU
[1.289s] -- Detected GCC Version: 13.3.0 (Major: 13, Minor: 3)
[1.289s] -- Found ament_cmake: 2.5.4 (/opt/ros/jazzy/share/ament_cmake/cmake)
[1.289s] -- Override CMake install command with custom implementation using symlinks instead of copying resources
[1.289s] -- Found controller_interface: 4.32.0 (/opt/ros/jazzy/share/controller_interface/cmake)
[1.289s] -- Found rosidl_generator_c: 4.6.5 (/opt/ros/jazzy/share/rosidl_generator_c/cmake)
[1.289s] -- Found rosidl_generator_cpp: 4.6.5 (/opt/ros/jazzy/share/rosidl_generator_cpp/cmake)
[1.289s] -- Using all available rosidl_typesupport_c: rosidl_typesupport_fastrtps_c;rosidl_typesupport_introspection_c
[1.289s] -- Using all available rosidl_typesupport_cpp: rosidl_typesupport_fastrtps_cpp;rosidl_typesupport_introspection_cpp
[1.290s] -- Found TinyXML2 via Config file: /usr/lib/x86_64-linux-gnu/cmake/tinyxml2
[1.290s] -- Found rmw_implementation_cmake: 7.3.2 (/opt/ros/jazzy/share/rmw_implementation_cmake/cmake)
[1.290s] -- Found rmw_fastrtps_cpp: 8.4.2 (/opt/ros/jazzy/share/rmw_fastrtps_cpp/cmake)
[1.290s] -- Found TinyXML2 via Config file: /usr/lib/x86_64-linux-gnu/cmake/tinyxml2
[1.290s] -- Found TinyXML2 via Config file: /usr/lib/x86_64-linux-gnu/cmake/tinyxml2
[1.290s] -- Found TinyXML2 via Config file: /usr/lib/x86_64-linux-gnu/cmake/tinyxml2
[1.290s] -- Found TinyXML2 via Config file: /usr/lib/x86_64-linux-gnu/cmake/tinyxml2
[1.290s] -- Using RMW implementation 'rmw_fastrtps_cpp' as default
[1.290s] -- Found generate_parameter_library: 0.5.0 (/opt/ros/jazzy/share/generate_parameter_library/cmake)
[1.290s] -- Found parameter_traits: 0.5.0 (/opt/ros/jazzy/share/parameter_traits/cmake)
[1.290s] -- Found std_srvs: 5.3.6 (/opt/ros/jazzy/share/std_srvs/cmake)
[1.291s] -- Found steering_controllers_library: 4.30.1 (/home/rumy/acrome_ws/install/steering_controllers_library/share/steering_controllers_library/cmake)
[1.297s] -- Found eigen3_cmake_module: 0.3.0 (/opt/ros/jazzy/share/eigen3_cmake_module/cmake)
[1.297s] -- Ensuring Eigen3 include directory is part of orocos-kdl CMake target
[1.362s] -- Found ament_cmake_gmock: 2.5.4 (/opt/ros/jazzy/share/ament_cmake_gmock/cmake)
[1.362s] -- Found controller_manager: 4.32.0 (/opt/ros/jazzy/share/controller_manager/cmake)
[1.469s] -- Found ros2_control_test_assets: 4.32.0 (/opt/ros/jazzy/share/ros2_control_test_assets/cmake)
[1.470s] -- Found gmock sources under '/opt/ros/jazzy/src/gmock_vendor': C++ tests using 'Google Mock' will be built
[1.474s] -- Found ament_cmake_gtest: 2.5.4 (/opt/ros/jazzy/share/ament_cmake_gtest/cmake)
[1.474s] -- Found gtest sources under '/opt/ros/jazzy/src/gtest_vendor': C++ tests using 'Google Test' will be built
[1.640s] -- Configuring done (1.5s)
[1.736s] -- Generating done (0.1s)
[1.761s] -- Build files have been written to: /home/rumy/acrome_ws/build/bicycle_steering_controller
[2.327s] Invoked command in '/home/rumy/acrome_ws/build/bicycle_steering_controller' returned '0': CMAKE_PREFIX_PATH=/home/rumy/acrome_ws/install/steering_controllers_library:/home/rumy/acrome_ws/install/tricycle_controller:/home/rumy/acrome_ws/install/ackermann_steering_controller:/home/rumy/acrome_ws/install/range_sensor_broadcaster:/home/rumy/acrome_ws/install/pose_broadcaster:/home/rumy/acrome_ws/install/parallel_gripper_controller:/home/rumy/acrome_ws/install/omni_wheel_drive_controller:/home/rumy/acrome_ws/install/mecanum_drive_controller:/home/rumy/acrome_ws/install/joint_trajectory_controller:/home/rumy/acrome_ws/install/joint_state_broadcaster:/home/rumy/acrome_ws/install/imu_sensor_broadcaster:/home/rumy/acrome_ws/install/gripper_controllers:/home/rumy/acrome_ws/install/gps_sensor_broadcaster:/home/rumy/acrome_ws/install/gpio_controllers:/home/rumy/acrome_ws/install/forward_command_controller:/home/rumy/acrome_ws/install/force_torque_sensor_broadcaster:/home/rumy/acrome_ws/install/diff_drive_controller:/home/rumy/acrome_ws/install/admittance_controller:/home/rumy/acrome_ws/install/acrome_mini_robot:/home/rumy/acrome_ws/src/acrome_mini_robot/install/acrome_mini_robot:/opt/ros/jazzy/opt/gz_sim_vendor:/opt/ros/jazzy/opt/gz_sensors_vendor:/opt/ros/jazzy/opt/gz_physics_vendor:/opt/ros/jazzy/opt/sdformat_vendor:/opt/ros/jazzy/opt/gz_gui_vendor:/opt/ros/jazzy/opt/gz_transport_vendor:/opt/ros/jazzy/opt/gz_rendering_vendor:/opt/ros/jazzy/opt/gz_plugin_vendor:/opt/ros/jazzy/opt/gz_fuel_tools_vendor:/opt/ros/jazzy/opt/gz_msgs_vendor:/opt/ros/jazzy/opt/gz_common_vendor:/opt/ros/jazzy/opt/gz_math_vendor:/opt/ros/jazzy/opt/gz_utils_vendor:/opt/ros/jazzy/opt/gz_tools_vendor:/opt/ros/jazzy/opt/gz_ogre_next_vendor:/opt/ros/jazzy/opt/gz_dartsim_vendor:/opt/ros/jazzy/opt/gz_cmake_vendor:/home/rumy/acrome_ws/install/rqt_joint_trajectory_controller:/home/rumy/acrome_ws/install/ros2_controllers_test_nodes:/opt/ros/jazzy DEBUGINFOD_URLS=https://debuginfod.ubuntu.com LD_LIBRARY_PATH=/home/rumy/acrome_ws/install/steering_controllers_library/lib:/home/rumy/acrome_ws/install/tricycle_controller/lib:/home/rumy/acrome_ws/install/ackermann_steering_controller/lib:/home/rumy/acrome_ws/install/range_sensor_broadcaster/lib:/home/rumy/acrome_ws/install/pose_broadcaster/lib:/home/rumy/acrome_ws/install/parallel_gripper_controller/lib:/home/rumy/acrome_ws/install/omni_wheel_drive_controller/lib:/home/rumy/acrome_ws/install/mecanum_drive_controller/lib:/home/rumy/acrome_ws/install/joint_trajectory_controller/lib:/home/rumy/acrome_ws/install/joint_state_broadcaster/lib:/home/rumy/acrome_ws/install/imu_sensor_broadcaster/lib:/home/rumy/acrome_ws/install/gripper_controllers/lib:/home/rumy/acrome_ws/install/gps_sensor_broadcaster/lib:/home/rumy/acrome_ws/install/gpio_controllers/lib:/home/rumy/acrome_ws/install/forward_command_controller/lib:/home/rumy/acrome_ws/install/force_torque_sensor_broadcaster/lib:/home/rumy/acrome_ws/install/diff_drive_controller/lib:/home/rumy/acrome_ws/install/admittance_controller/lib:/opt/ros/jazzy/opt/gz_sim_vendor/lib:/opt/ros/jazzy/opt/gz_sensors_vendor/lib:/opt/ros/jazzy/opt/gz_physics_vendor/lib:/opt/ros/jazzy/opt/sdformat_vendor/lib:/opt/ros/jazzy/opt/rviz_ogre_vendor/lib:/opt/ros/jazzy/lib/x86_64-linux-gnu:/opt/ros/jazzy/opt/gz_gui_vendor/lib:/opt/ros/jazzy/opt/gz_transport_vendor/lib:/opt/ros/jazzy/opt/gz_rendering_vendor/lib:/opt/ros/jazzy/opt/gz_plugin_vendor/lib:/opt/ros/jazzy/opt/gz_fuel_tools_vendor/lib:/opt/ros/jazzy/opt/gz_msgs_vendor/lib:/opt/ros/jazzy/opt/gz_common_vendor/lib:/opt/ros/jazzy/opt/gz_math_vendor/lib:/opt/ros/jazzy/opt/gz_utils_vendor/lib:/opt/ros/jazzy/opt/gz_tools_vendor/lib:/opt/ros/jazzy/opt/gz_ogre_next_vendor/lib:/opt/ros/jazzy/opt/gz_dartsim_vendor/lib:/opt/ros/jazzy/opt/gz_cmake_vendor/lib:/opt/ros/jazzy/lib /usr/bin/cmake /home/rumy/acrome_ws/src/ros2_controllers/bicycle_steering_controller -DCMAKE_INSTALL_PREFIX=/home/rumy/acrome_ws/install/bicycle_steering_controller
[2.328s] Invoking command in '/home/rumy/acrome_ws/build/bicycle_steering_controller': CMAKE_PREFIX_PATH=/home/rumy/acrome_ws/install/steering_controllers_library:/home/rumy/acrome_ws/install/tricycle_controller:/home/rumy/acrome_ws/install/ackermann_steering_controller:/home/rumy/acrome_ws/install/range_sensor_broadcaster:/home/rumy/acrome_ws/install/pose_broadcaster:/home/rumy/acrome_ws/install/parallel_gripper_controller:/home/rumy/acrome_ws/install/omni_wheel_drive_controller:/home/rumy/acrome_ws/install/mecanum_drive_controller:/home/rumy/acrome_ws/install/joint_trajectory_controller:/home/rumy/acrome_ws/install/joint_state_broadcaster:/home/rumy/acrome_ws/install/imu_sensor_broadcaster:/home/rumy/acrome_ws/install/gripper_controllers:/home/rumy/acrome_ws/install/gps_sensor_broadcaster:/home/rumy/acrome_ws/install/gpio_controllers:/home/rumy/acrome_ws/install/forward_command_controller:/home/rumy/acrome_ws/install/force_torque_sensor_broadcaster:/home/rumy/acrome_ws/install/diff_drive_controller:/home/rumy/acrome_ws/install/admittance_controller:/home/rumy/acrome_ws/install/acrome_mini_robot:/home/rumy/acrome_ws/src/acrome_mini_robot/install/acrome_mini_robot:/opt/ros/jazzy/opt/gz_sim_vendor:/opt/ros/jazzy/opt/gz_sensors_vendor:/opt/ros/jazzy/opt/gz_physics_vendor:/opt/ros/jazzy/opt/sdformat_vendor:/opt/ros/jazzy/opt/gz_gui_vendor:/opt/ros/jazzy/opt/gz_transport_vendor:/opt/ros/jazzy/opt/gz_rendering_vendor:/opt/ros/jazzy/opt/gz_plugin_vendor:/opt/ros/jazzy/opt/gz_fuel_tools_vendor:/opt/ros/jazzy/opt/gz_msgs_vendor:/opt/ros/jazzy/opt/gz_common_vendor:/opt/ros/jazzy/opt/gz_math_vendor:/opt/ros/jazzy/opt/gz_utils_vendor:/opt/ros/jazzy/opt/gz_tools_vendor:/opt/ros/jazzy/opt/gz_ogre_next_vendor:/opt/ros/jazzy/opt/gz_dartsim_vendor:/opt/ros/jazzy/opt/gz_cmake_vendor:/home/rumy/acrome_ws/install/rqt_joint_trajectory_controller:/home/rumy/acrome_ws/install/ros2_controllers_test_nodes:/opt/ros/jazzy DEBUGINFOD_URLS=https://debuginfod.ubuntu.com LD_LIBRARY_PATH=/home/rumy/acrome_ws/install/steering_controllers_library/lib:/home/rumy/acrome_ws/install/tricycle_controller/lib:/home/rumy/acrome_ws/install/ackermann_steering_controller/lib:/home/rumy/acrome_ws/install/range_sensor_broadcaster/lib:/home/rumy/acrome_ws/install/pose_broadcaster/lib:/home/rumy/acrome_ws/install/parallel_gripper_controller/lib:/home/rumy/acrome_ws/install/omni_wheel_drive_controller/lib:/home/rumy/acrome_ws/install/mecanum_drive_controller/lib:/home/rumy/acrome_ws/install/joint_trajectory_controller/lib:/home/rumy/acrome_ws/install/joint_state_broadcaster/lib:/home/rumy/acrome_ws/install/imu_sensor_broadcaster/lib:/home/rumy/acrome_ws/install/gripper_controllers/lib:/home/rumy/acrome_ws/install/gps_sensor_broadcaster/lib:/home/rumy/acrome_ws/install/gpio_controllers/lib:/home/rumy/acrome_ws/install/forward_command_controller/lib:/home/rumy/acrome_ws/install/force_torque_sensor_broadcaster/lib:/home/rumy/acrome_ws/install/diff_drive_controller/lib:/home/rumy/acrome_ws/install/admittance_controller/lib:/opt/ros/jazzy/opt/gz_sim_vendor/lib:/opt/ros/jazzy/opt/gz_sensors_vendor/lib:/opt/ros/jazzy/opt/gz_physics_vendor/lib:/opt/ros/jazzy/opt/sdformat_vendor/lib:/opt/ros/jazzy/opt/rviz_ogre_vendor/lib:/opt/ros/jazzy/lib/x86_64-linux-gnu:/opt/ros/jazzy/opt/gz_gui_vendor/lib:/opt/ros/jazzy/opt/gz_transport_vendor/lib:/opt/ros/jazzy/opt/gz_rendering_vendor/lib:/opt/ros/jazzy/opt/gz_plugin_vendor/lib:/opt/ros/jazzy/opt/gz_fuel_tools_vendor/lib:/opt/ros/jazzy/opt/gz_msgs_vendor/lib:/opt/ros/jazzy/opt/gz_common_vendor/lib:/opt/ros/jazzy/opt/gz_math_vendor/lib:/opt/ros/jazzy/opt/gz_utils_vendor/lib:/opt/ros/jazzy/opt/gz_tools_vendor/lib:/opt/ros/jazzy/opt/gz_ogre_next_vendor/lib:/opt/ros/jazzy/opt/gz_dartsim_vendor/lib:/opt/ros/jazzy/opt/gz_cmake_vendor/lib:/opt/ros/jazzy/lib /usr/bin/cmake --build /home/rumy/acrome_ws/build/bicycle_steering_controller -- -j12 -l12
[2.408s] [  6%] [34m[1mRunning `/opt/ros/jazzy/bin/generate_parameter_library_cpp /home/rumy/acrome_ws/build/bicycle_steering_controller/include/bicycle_steering_controller/bicycle_steering_controller_parameters.hpp /home/rumy/acrome_ws/src/ros2_controllers/bicycle_steering_controller/src/bicycle_steering_controller.yaml `[0m
[2.416s] [ 33%] Built target gmock_main
[2.419s] [ 40%] Built target gmock
[2.488s] [ 46%] [32mBuilding CXX object CMakeFiles/test_load_bicycle_steering_controller.dir/test/test_load_bicycle_steering_controller.cpp.o[0m
[3.606s] [ 53%] [34m[1mCreating deprecated header file /home/rumy/acrome_ws/build/bicycle_steering_controller/include/bicycle_steering_controller_parameters.hpp[0m
[3.670s] [ 53%] Built target bicycle_steering_controller_parameters
[3.749s] [ 60%] [32mBuilding CXX object CMakeFiles/bicycle_steering_controller.dir/src/bicycle_steering_controller.cpp.o[0m
[8.184s] [01m[K/home/rumy/acrome_ws/src/ros2_controllers/bicycle_steering_controller/src/bicycle_steering_controller.cpp:[m[K In member function â€˜[01m[Kvirtual bool bicycle_steering_controller::BicycleSteeringController::[01;32m[Kupdate_odometry[m[K(const rclcpp::Duration&)[m[Kâ€™:
[8.184s] [01m[K/home/rumy/acrome_ws/src/ros2_controllers/bicycle_steering_controller/src/bicycle_steering_controller.cpp:73:90:[m[K [01;35m[Kwarning: [m[Kâ€˜[01m[Kdouble hardware_interface::LoanedStateInterface::[01;32m[Kget_value[m[K() const[m[Kâ€™ is deprecated: Use std::optional<T> get_optional() instead to retrieve the value. This method will be removed by the ROS 2 Kilted Kaiju release. [[01;35m[K]8;;https://gcc.gnu.org/onlinedocs/gcc/Warning-Options.html#index-Wdeprecated-declarations-Wdeprecated-declarations]8;;[m[K]
[8.184s]    73 | tion_wheel_value = [01;35m[Kstate_interfaces_[STATE_TRACTION_WHEEL].get_value()[m[K;
[8.184s]       |                    [01;35m[K~~~~~~~~~~~~~~~~~~~~~~~~~~~~~~~~~~~~~~~~~~~~~~~~~^~[m[K
[8.184s] 
[8.184s] In file included from [01m[K/opt/ros/jazzy/include/controller_interface/controller_interface/controller_interface_base.hpp:28[m[K,
[8.184s]                  from [01m[K/opt/ros/jazzy/include/controller_interface/controller_interface/chainable_controller_interface.hpp:23[m[K,
[8.184s]                  from [01m[K/home/rumy/acrome_ws/src/ros2_controllers/steering_controllers_library/include/steering_controllers_library/steering_controllers_library.hpp:23[m[K,
[8.184s]                  from [01m[K/home/rumy/acrome_ws/src/ros2_controllers/bicycle_steering_controller/include/bicycle_steering_controller/bicycle_steering_controller.hpp:24[m[K,
[8.185s]                  from [01m[K/home/rumy/acrome_ws/src/ros2_controllers/bicycle_steering_controller/src/bicycle_steering_controller.cpp:15[m[K:
[8.185s] [01m[K/opt/ros/jazzy/include/hardware_interface/hardware_interface/loaned_state_interface.hpp:94:10:[m[K [01;36m[Knote: [m[Kdeclared here
[8.185s]    94 |   double [01;36m[Kget_value[m[K() const
[8.185s]       |          [01;36m[K^~~~~~~~~[m[K
[8.189s] [01m[K/home/rumy/acrome_ws/src/ros2_controllers/bicycle_steering_controller/src/bicycle_steering_controller.cpp:74:83:[m[K [01;35m[Kwarning: [m[Kâ€˜[01m[Kdouble hardware_interface::LoanedStateInterface::[01;32m[Kget_value[m[K() const[m[Kâ€™ is deprecated: Use std::optional<T> get_optional() instead to retrieve the value. This method will be removed by the ROS 2 Kilted Kaiju release. [[01;35m[K]8;;https://gcc.gnu.org/onlinedocs/gcc/Warning-Options.html#index-Wdeprecated-declarations-Wdeprecated-declarations]8;;[m[K]
[8.189s]    74 | le steering_position = [01;35m[Kstate_interfaces_[STATE_STEER_AXIS].get_value()[m[K;
[8.189s]       |                        [01;35m[K~~~~~~~~~~~~~~~~~~~~~~~~~~~~~~~~~~~~~~~~~~~~~^~[m[K
[8.189s] 
[8.189s] [01m[K/opt/ros/jazzy/include/hardware_interface/hardware_interface/loaned_state_interface.hpp:94:10:[m[K [01;36m[Knote: [m[Kdeclared here
[8.190s]    94 |   double [01;36m[Kget_value[m[K() const
[8.190s]       |          [01;36m[K^~~~~~~~~[m[K
[12.335s] [ 66%] [32m[1mLinking CXX shared library libbicycle_steering_controller.so[0m
[12.543s] [ 73%] [32m[1mLinking CXX executable test_load_bicycle_steering_controller[0m
[13.713s] [ 73%] Built target test_load_bicycle_steering_controller
[14.427s] [ 73%] Built target bicycle_steering_controller
[14.501s] [ 80%] [32mBuilding CXX object CMakeFiles/test_bicycle_steering_controller.dir/test/test_bicycle_steering_controller.cpp.o[0m
[14.507s] [ 86%] [32mBuilding CXX object CMakeFiles/test_bicycle_steering_controller_preceding.dir/test/test_bicycle_steering_controller_preceding.cpp.o[0m
[19.762s] In file included from [01m[K/opt/ros/jazzy/src/gtest_vendor/include/gtest/gtest-printers.h:122[m[K,
[19.762s]                  from [01m[K/opt/ros/jazzy/src/gtest_vendor/include/gtest/gtest-matchers.h:49[m[K,
[19.762s]                  from [01m[K/opt/ros/jazzy/src/gtest_vendor/include/gtest/internal/gtest-death-test-internal.h:47[m[K,
[19.762s]                  from [01m[K/opt/ros/jazzy/src/gtest_vendor/include/gtest/gtest-death-test.h:43[m[K,
[19.762s]                  from [01m[K/opt/ros/jazzy/src/gtest_vendor/include/gtest/gtest.h:65[m[K,
[19.765s]                  from [01m[K/opt/ros/jazzy/src/gmock_vendor/include/gmock/internal/gmock-internal-utils.h:50[m[K,
[19.765s]                  from [01m[K/opt/ros/jazzy/src/gmock_vendor/include/gmock/gmock-actions.h:145[m[K,
[19.765s]                  from [01m[K/opt/ros/jazzy/src/gmock_vendor/include/gmock/gmock.h:56[m[K,
[19.765s]                  from [01m[K/home/rumy/acrome_ws/src/ros2_controllers/bicycle_steering_controller/test/test_bicycle_steering_controller.hpp:18[m[K,
[19.765s]                  from [01m[K/home/rumy/acrome_ws/src/ros2_controllers/bicycle_steering_controller/test/test_bicycle_steering_controller.cpp:20[m[K:
[19.766s] [01m[K/home/rumy/acrome_ws/src/ros2_controllers/bicycle_steering_controller/test/test_bicycle_steering_controller.cpp:[m[K In member function â€˜[01m[Kvirtual void BicycleSteeringControllerTest_reactivate_success_Test::[01;32m[KTestBody[m[K()[m[Kâ€™:
[19.766s] [01m[K/home/rumy/acrome_ws/src/ros2_controllers/bicycle_steering_controller/test/test_bicycle_steering_controller.cpp:129:71:[m[K [01;35m[Kwarning: [m[Kâ€˜[01m[Kdouble hardware_interface::LoanedCommandInterface::[01;32m[Kget_value[m[K() const[m[Kâ€™ is deprecated: Use std::optional<T> get_optional() instead to retrieve the value. This method will be removed by the ROS 2 Kilted Kaiju release. [[01;35m[K]8;;https://gcc.gnu.org/onlinedocs/gcc/Warning-Options.html#index-Wdeprecated-declarations-Wdeprecated-declarations]8;;[m[K]
[19.766s]   129 | SERT_TRUE(std::isnan([01;35m[Kcontroller_->command_interfaces_[0].get_value()[m[K));
[19.766s]       |                      [01;35m[K~~~~~~~~~~~~~~~~~~~~~~~~~~~~~~~~~~~~~~~~~~~~~^~[m[K
[19.766s] 
[19.766s] [01m[K/opt/ros/jazzy/src/gtest_vendor/include/gtest/internal/gtest-internal.h:1493:38:[m[K [01;36m[Knote: [m[Kin definition of macro â€˜[01m[KGTEST_TEST_BOOLEAN_[m[Kâ€™
[19.766s]  1493 |           ::testing::AssertionResult([01;36m[Kexpression[m[K))                     \
[19.766s]       |                                      [01;36m[K^~~~~~~~~~[m[K
[19.766s] [01m[K/opt/ros/jazzy/src/gtest_vendor/include/gtest/gtest.h:1815:32:[m[K [01;36m[Knote: [m[Kin expansion of macro â€˜[01m[KGTEST_ASSERT_TRUE[m[Kâ€™
[19.767s]  1815 | #define ASSERT_TRUE(condition) [01;36m[KGTEST_ASSERT_TRUE[m[K(condition)
[19.767s]       |                                [01;36m[K^~~~~~~~~~~~~~~~~[m[K
[19.767s] [01m[K/home/rumy/acrome_ws/src/ros2_controllers/bicycle_steering_controller/test/test_bicycle_steering_controller.cpp:129:3:[m[K [01;36m[Knote: [m[Kin expansion of macro â€˜[01m[KASSERT_TRUE[m[Kâ€™
[19.767s]   129 |   [01;36m[KASSERT_TRUE[m[K(std::isnan(controller_->command_interfaces_[0].get_value()));
[19.767s]       |   [01;36m[K^~~~~~~~~~~[m[K
[19.767s] In file included from [01m[K/opt/ros/jazzy/include/controller_interface/controller_interface/controller_interface_base.hpp:27[m[K,
[19.767s]                  from [01m[K/opt/ros/jazzy/include/controller_interface/controller_interface/chainable_controller_interface.hpp:23[m[K,
[19.767s]                  from [01m[K/home/rumy/acrome_ws/src/ros2_controllers/steering_controllers_library/include/steering_controllers_library/steering_controllers_library.hpp:23[m[K,
[19.767s]                  from [01m[K/home/rumy/acrome_ws/src/ros2_controllers/bicycle_steering_controller/include/bicycle_steering_controller/bicycle_steering_controller.hpp:24[m[K,
[19.768s]                  from [01m[K/home/rumy/acrome_ws/src/ros2_controllers/bicycle_steering_controller/test/test_bicycle_steering_controller.hpp:26[m[K:
[19.768s] [01m[K/opt/ros/jazzy/include/hardware_interface/hardware_interface/loaned_command_interface.hpp:134:10:[m[K [01;36m[Knote: [m[Kdeclared here
[19.772s]   134 |   double [01;36m[Kget_value[m[K() const
[19.772s]       |          [01;36m[K^~~~~~~~~[m[K
[19.772s] [01m[K/home/rumy/acrome_ws/src/ros2_controllers/bicycle_steering_controller/test/test_bicycle_steering_controller.cpp:131:71:[m[K [01;35m[Kwarning: [m[Kâ€˜[01m[Kdouble hardware_interface::LoanedCommandInterface::[01;32m[Kget_value[m[K() const[m[Kâ€™ is deprecated: Use std::optional<T> get_optional() instead to retrieve the value. This method will be removed by the ROS 2 Kilted Kaiju release. [[01;35m[K]8;;https://gcc.gnu.org/onlinedocs/gcc/Warning-Options.html#index-Wdeprecated-declarations-Wdeprecated-declarations]8;;[m[K]
[19.772s]   131 | SERT_TRUE(std::isnan([01;35m[Kcontroller_->command_interfaces_[0].get_value()[m[K));
[19.773s]       |                      [01;35m[K~~~~~~~~~~~~~~~~~~~~~~~~~~~~~~~~~~~~~~~~~~~~~^~[m[K
[19.773s] 
[19.773s] [01m[K/opt/ros/jazzy/src/gtest_vendor/include/gtest/internal/gtest-internal.h:1493:38:[m[K [01;36m[Knote: [m[Kin definition of macro â€˜[01m[KGTEST_TEST_BOOLEAN_[m[Kâ€™
[19.773s]  1493 |           ::testing::AssertionResult([01;36m[Kexpression[m[K))                     \
[19.773s]       |                                      [01;36m[K^~~~~~~~~~[m[K
[19.773s] [01m[K/opt/ros/jazzy/src/gtest_vendor/include/gtest/gtest.h:1815:32:[m[K [01;36m[Knote: [m[Kin expansion of macro â€˜[01m[KGTEST_ASSERT_TRUE[m[Kâ€™
[19.774s]  1815 | #define ASSERT_TRUE(condition) [01;36m[KGTEST_ASSERT_TRUE[m[K(condition)
[19.774s]       |                                [01;36m[K^~~~~~~~~~~~~~~~~[m[K
[19.774s] [01m[K/home/rumy/acrome_ws/src/ros2_controllers/bicycle_steering_controller/test/test_bicycle_steering_controller.cpp:131:3:[m[K [01;36m[Knote: [m[Kin expansion of macro â€˜[01m[KASSERT_TRUE[m[Kâ€™
[19.774s]   131 |   [01;36m[KASSERT_TRUE[m[K(std::isnan(controller_->command_interfaces_[0].get_value()));
[19.774s]       |   [01;36m[K^~~~~~~~~~~[m[K
[19.774s] [01m[K/opt/ros/jazzy/include/hardware_interface/hardware_interface/loaned_command_interface.hpp:134:10:[m[K [01;36m[Knote: [m[Kdeclared here
[19.774s]   134 |   double [01;36m[Kget_value[m[K() const
[19.774s]       |          [01;36m[K^~~~~~~~~[m[K
[19.775s] In file included from [01m[K/opt/ros/jazzy/src/gtest_vendor/include/gtest/gtest.h:72[m[K:
[19.775s] [01m[K/home/rumy/acrome_ws/src/ros2_controllers/bicycle_steering_controller/test/test_bicycle_steering_controller.cpp:[m[K In member function â€˜[01m[Kvirtual void BicycleSteeringControllerTest_test_update_logic_Test::[01;32m[KTestBody[m[K()[m[Kâ€™:
[19.775s] [01m[K/home/rumy/acrome_ws/src/ros2_controllers/bicycle_steering_controller/test/test_bicycle_steering_controller.cpp:161:67:[m[K [01;35m[Kwarning: [m[Kâ€˜[01m[Kdouble hardware_interface::LoanedCommandInterface::[01;32m[Kget_value[m[K() const[m[Kâ€™ is deprecated: Use std::optional<T> get_optional() instead to retrieve the value. This method will be removed by the ROS 2 Kilted Kaiju release. [[01;35m[K]8;;https://gcc.gnu.org/onlinedocs/gcc/Warning-Options.html#index-Wdeprecated-declarations-Wdeprecated-declarations]8;;[m[K]
[19.775s]   161 | [01;35m[Kntroller_->command_interfaces_[CMD_TRACTION_WHEEL].get_value()[m[K, 0.1 / 0.45, COMMON_THRESHOLD);
[19.775s]       | [01;35m[K~~~~~~~~~~~~~~~~~~~~~~~~~~~~~~~~~~~~~~~~~~~~~~~~~~~~~~~~~~~~^~[m[K
[19.775s] 
[19.775s] [01m[K/opt/ros/jazzy/src/gtest_vendor/include/gtest/gtest_pred_impl.h:79:52:[m[K [01;36m[Knote: [m[Kin definition of macro â€˜[01m[KGTEST_ASSERT_[m[Kâ€™
[19.776s]    79 |   if (const ::testing::AssertionResult gtest_ar = ([01;36m[Kexpression[m[K)) \
[19.776s]       |                                                    [01;36m[K^~~~~~~~~~[m[K
[19.776s] [01m[K/opt/ros/jazzy/src/gtest_vendor/include/gtest/gtest_pred_impl.h:183:3:[m[K [01;36m[Knote: [m[Kin expansion of macro â€˜[01m[KGTEST_PRED_FORMAT3_[m[Kâ€™
[19.776s]   183 |   [01;36m[KGTEST_PRED_FORMAT3_[m[K(pred_format, v1, v2, v3, GTEST_NONFATAL_FAILURE_)
[19.776s]       |   [01;36m[K^~~~~~~~~~~~~~~~~~~[m[K
[19.776s] [01m[K/opt/ros/jazzy/src/gtest_vendor/include/gtest/gtest.h:1986:3:[m[K [01;36m[Knote: [m[Kin expansion of macro â€˜[01m[KEXPECT_PRED_FORMAT3[m[Kâ€™
[19.776s]  1986 |   [01;36m[KEXPECT_PRED_FORMAT3[m[K(::testing::internal::DoubleNearPredFormat, val1, val2, \
[19.776s]       |   [01;36m[K^~~~~~~~~~~~~~~~~~~[m[K
[19.776s] [01m[K/home/rumy/acrome_ws/src/ros2_controllers/bicycle_steering_controller/test/test_bicycle_steering_controller.cpp:160:3:[m[K [01;36m[Knote: [m[Kin expansion of macro â€˜[01m[KEXPECT_NEAR[m[Kâ€™
[19.777s]   160 |   [01;36m[KEXPECT_NEAR[m[K(
[19.777s]       |   [01;36m[K^~~~~~~~~~~[m[K
[19.777s] [01m[K/opt/ros/jazzy/include/hardware_interface/hardware_interface/loaned_command_interface.hpp:134:10:[m[K [01;36m[Knote: [m[Kdeclared here
[19.777s]   134 |   double [01;36m[Kget_value[m[K() const
[19.777s]       |          [01;36m[K^~~~~~~~~[m[K
[19.777s] [01m[K/home/rumy/acrome_ws/src/ros2_controllers/bicycle_steering_controller/test/test_bicycle_steering_controller.cpp:163:64:[m[K [01;35m[Kwarning: [m[Kâ€˜[01m[Kdouble hardware_interface::LoanedCommandInterface::[01;32m[Kget_value[m[K() const[m[Kâ€™ is deprecated: Use std::optional<T> get_optional() instead to retrieve the value. This method will be removed by the ROS 2 Kilted Kaiju release. [[01;35m[K]8;;https://gcc.gnu.org/onlinedocs/gcc/Warning-Options.html#index-Wdeprecated-declarations-Wdeprecated-declarations]8;;[m[K]
[19.777s]   163 |  [01;35m[Kcontroller_->command_interfaces_[CMD_STEER_WHEEL].get_value()[m[K, 1.4179821977774734,
[19.777s]       |  [01;35m[K~~~~~~~~~~~~~~~~~~~~~~~~~~~~~~~~~~~~~~~~~~~~~~~~~~~~~~~~~~~^~[m[K
[19.777s] 
[19.778s] [01m[K/opt/ros/jazzy/src/gtest_vendor/include/gtest/gtest_pred_impl.h:79:52:[m[K [01;36m[Knote: [m[Kin definition of macro â€˜[01m[KGTEST_ASSERT_[m[Kâ€™
[19.778s]    79 |   if (const ::testing::AssertionResult gtest_ar = ([01;36m[Kexpression[m[K)) \
[19.778s]       |                                                    [01;36m[K^~~~~~~~~~[m[K
[19.778s] [01m[K/opt/ros/jazzy/src/gtest_vendor/include/gtest/gtest_pred_impl.h:183:3:[m[K [01;36m[Knote: [m[Kin expansion of macro â€˜[01m[KGTEST_PRED_FORMAT3_[m[Kâ€™
[19.778s]   183 |   [01;36m[KGTEST_PRED_FORMAT3_[m[K(pred_format, v1, v2, v3, GTEST_NONFATAL_FAILURE_)
[19.778s]       |   [01;36m[K^~~~~~~~~~~~~~~~~~~[m[K
[19.778s] [01m[K/opt/ros/jazzy/src/gtest_vendor/include/gtest/gtest.h:1986:3:[m[K [01;36m[Knote: [m[Kin expansion of macro â€˜[01m[KEXPECT_PRED_FORMAT3[m[Kâ€™
[19.778s]  1986 |   [01;36m[KEXPECT_PRED_FORMAT3[m[K(::testing::internal::DoubleNearPredFormat, val1, val2, \
[19.778s]       |   [01;36m[K^~~~~~~~~~~~~~~~~~~[m[K
[19.779s] [01m[K/home/rumy/acrome_ws/src/ros2_controllers/bicycle_steering_controller/test/test_bicycle_steering_controller.cpp:162:3:[m[K [01;36m[Knote: [m[Kin expansion of macro â€˜[01m[KEXPECT_NEAR[m[Kâ€™
[19.779s]   162 |   [01;36m[KEXPECT_NEAR[m[K(
[19.779s]       |   [01;36m[K^~~~~~~~~~~[m[K
[19.779s] [01m[K/opt/ros/jazzy/include/hardware_interface/hardware_interface/loaned_command_interface.hpp:134:10:[m[K [01;36m[Knote: [m[Kdeclared here
[19.779s]   134 |   double [01;36m[Kget_value[m[K() const
[19.779s]       |          [01;36m[K^~~~~~~~~[m[K
[19.779s] [01m[K/home/rumy/acrome_ws/src/ros2_controllers/bicycle_steering_controller/test/test_bicycle_steering_controller.cpp:[m[K In member function â€˜[01m[Kvirtual void BicycleSteeringControllerTest_test_update_logic_chained_Test::[01;32m[KTestBody[m[K()[m[Kâ€™:
[19.779s] [01m[K/home/rumy/acrome_ws/src/ros2_controllers/bicycle_steering_controller/test/test_bicycle_steering_controller.cpp:193:67:[m[K [01;35m[Kwarning: [m[Kâ€˜[01m[Kdouble hardware_interface::LoanedCommandInterface::[01;32m[Kget_value[m[K() const[m[Kâ€™ is deprecated: Use std::optional<T> get_optional() instead to retrieve the value. This method will be removed by the ROS 2 Kilted Kaiju release. [[01;35m[K]8;;https://gcc.gnu.org/onlinedocs/gcc/Warning-Options.html#index-Wdeprecated-declarations-Wdeprecated-declarations]8;;[m[K]
[19.780s]   193 | [01;35m[Kntroller_->command_interfaces_[CMD_TRACTION_WHEEL].get_value()[m[K, 0.1 / 0.45, COMMON_THRESHOLD);
[19.780s]       | [01;35m[K~~~~~~~~~~~~~~~~~~~~~~~~~~~~~~~~~~~~~~~~~~~~~~~~~~~~~~~~~~~~^~[m[K
[19.780s] 
[19.780s] [01m[K/opt/ros/jazzy/src/gtest_vendor/include/gtest/gtest_pred_impl.h:79:52:[m[K [01;36m[Knote: [m[Kin definition of macro â€˜[01m[KGTEST_ASSERT_[m[Kâ€™
[19.780s]    79 |   if (const ::testing::AssertionResult gtest_ar = ([01;36m[Kexpression[m[K)) \
[19.780s]       |                                                    [01;36m[K^~~~~~~~~~[m[K
[19.780s] [01m[K/opt/ros/jazzy/src/gtest_vendor/include/gtest/gtest_pred_impl.h:183:3:[m[K [01;36m[Knote: [m[Kin expansion of macro â€˜[01m[KGTEST_PRED_FORMAT3_[m[Kâ€™
[19.780s]   183 |   [01;36m[KGTEST_PRED_FORMAT3_[m[K(pred_format, v1, v2, v3, GTEST_NONFATAL_FAILURE_)
[19.780s]       |   [01;36m[K^~~~~~~~~~~~~~~~~~~[m[K
[19.781s] [01m[K/opt/ros/jazzy/src/gtest_vendor/include/gtest/gtest.h:1986:3:[m[K [01;36m[Knote: [m[Kin expansion of macro â€˜[01m[KEXPECT_PRED_FORMAT3[m[Kâ€™
[19.781s]  1986 |   [01;36m[KEXPECT_PRED_FORMAT3[m[K(::testing::internal::DoubleNearPredFormat, val1, val2, \
[19.781s]       |   [01;36m[K^~~~~~~~~~~~~~~~~~~[m[K
[19.781s] [01m[K/home/rumy/acrome_ws/src/ros2_controllers/bicycle_steering_controller/test/test_bicycle_steering_controller.cpp:192:3:[m[K [01;36m[Knote: [m[Kin expansion of macro â€˜[01m[KEXPECT_NEAR[m[Kâ€™
[19.781s]   192 |   [01;36m[KEXPECT_NEAR[m[K(
[19.781s]       |   [01;36m[K^~~~~~~~~~~[m[K
[19.781s] [01m[K/opt/ros/jazzy/include/hardware_interface/hardware_interface/loaned_command_interface.hpp:134:10:[m[K [01;36m[Knote: [m[Kdeclared here
[19.781s]   134 |   double [01;36m[Kget_value[m[K() const
[19.781s]       |          [01;36m[K^~~~~~~~~[m[K
[19.782s] [01m[K/home/rumy/acrome_ws/src/ros2_controllers/bicycle_steering_controller/test/test_bicycle_steering_controller.cpp:195:64:[m[K [01;35m[Kwarning: [m[Kâ€˜[01m[Kdouble hardware_interface::LoanedCommandInterface::[01;32m[Kget_value[m[K() const[m[Kâ€™ is deprecated: Use std::optional<T> get_optional() instead to retrieve the value. This method will be removed by the ROS 2 Kilted Kaiju release. [[01;35m[K]8;;https://gcc.gnu.org/onlinedocs/gcc/Warning-Options.html#index-Wdeprecated-declarations-Wdeprecated-declarations]8;;[m[K]
[19.782s]   195 |  [01;35m[Kcontroller_->command_interfaces_[CMD_STEER_WHEEL].get_value()[m[K, 1.4179821977774734,
[19.782s]       |  [01;35m[K~~~~~~~~~~~~~~~~~~~~~~~~~~~~~~~~~~~~~~~~~~~~~~~~~~~~~~~~~~~^~[m[K
[19.782s] 
[19.782s] [01m[K/opt/ros/jazzy/src/gtest_vendor/include/gtest/gtest_pred_impl.h:79:52:[m[K [01;36m[Knote: [m[Kin definition of macro â€˜[01m[KGTEST_ASSERT_[m[Kâ€™
[19.782s]    79 |   if (const ::testing::AssertionResult gtest_ar = ([01;36m[Kexpression[m[K)) \
[19.782s]       |                                                    [01;36m[K^~~~~~~~~~[m[K
[19.782s] [01m[K/opt/ros/jazzy/src/gtest_vendor/include/gtest/gtest_pred_impl.h:183:3:[m[K [01;36m[Knote: [m[Kin expansion of macro â€˜[01m[KGTEST_PRED_FORMAT3_[m[Kâ€™
[19.782s]   183 |   [01;36m[KGTEST_PRED_FORMAT3_[m[K(pred_format, v1, v2, v3, GTEST_NONFATAL_FAILURE_)
[19.783s]       |   [01;36m[K^~~~~~~~~~~~~~~~~~~[m[K
[19.783s] [01m[K/opt/ros/jazzy/src/gtest_vendor/include/gtest/gtest.h:1986:3:[m[K [01;36m[Knote: [m[Kin expansion of macro â€˜[01m[KEXPECT_PRED_FORMAT3[m[Kâ€™
[19.783s]  1986 |   [01;36m[KEXPECT_PRED_FORMAT3[m[K(::testing::internal::DoubleNearPredFormat, val1, val2, \
[19.783s]       |   [01;36m[K^~~~~~~~~~~~~~~~~~~[m[K
[19.783s] [01m[K/home/rumy/acrome_ws/src/ros2_controllers/bicycle_steering_controller/test/test_bicycle_steering_controller.cpp:194:3:[m[K [01;36m[Knote: [m[Kin expansion of macro â€˜[01m[KEXPECT_NEAR[m[Kâ€™
[19.783s]   194 |   [01;36m[KEXPECT_NEAR[m[K(
[19.783s]       |   [01;36m[K^~~~~~~~~~~[m[K
[19.783s] [01m[K/opt/ros/jazzy/include/hardware_interface/hardware_interface/loaned_command_interface.hpp:134:10:[m[K [01;36m[Knote: [m[Kdeclared here
[19.784s]   134 |   double [01;36m[Kget_value[m[K() const
[19.784s]       |          [01;36m[K^~~~~~~~~[m[K
[19.784s] [01m[K/home/rumy/acrome_ws/src/ros2_controllers/bicycle_steering_controller/test/test_bicycle_steering_controller.cpp:[m[K In member function â€˜[01m[Kvirtual void BicycleSteeringControllerTest_receive_message_and_publish_updated_status_Test::[01;32m[KTestBody[m[K()[m[Kâ€™:
[19.784s] [01m[K/home/rumy/acrome_ws/src/ros2_controllers/bicycle_steering_controller/test/test_bicycle_steering_controller.cpp:248:67:[m[K [01;35m[Kwarning: [m[Kâ€˜[01m[Kdouble hardware_interface::LoanedCommandInterface::[01;32m[Kget_value[m[K() const[m[Kâ€™ is deprecated: Use std::optional<T> get_optional() instead to retrieve the value. This method will be removed by the ROS 2 Kilted Kaiju release. [[01;35m[K]8;;https://gcc.gnu.org/onlinedocs/gcc/Warning-Options.html#index-Wdeprecated-declarations-Wdeprecated-declarations]8;;[m[K]
[19.784s]   248 | [01;35m[Kntroller_->command_interfaces_[CMD_TRACTION_WHEEL].get_value()[m[K, 0.1 / 0.45, COMMON_THRESHOLD);
[19.784s]       | [01;35m[K~~~~~~~~~~~~~~~~~~~~~~~~~~~~~~~~~~~~~~~~~~~~~~~~~~~~~~~~~~~~^~[m[K
[19.784s] 
[19.785s] [01m[K/opt/ros/jazzy/src/gtest_vendor/include/gtest/gtest_pred_impl.h:79:52:[m[K [01;36m[Knote: [m[Kin definition of macro â€˜[01m[KGTEST_ASSERT_[m[Kâ€™
[19.785s]    79 |   if (const ::testing::AssertionResult gtest_ar = ([01;36m[Kexpression[m[K)) \
[19.785s]       |                                                    [01;36m[K^~~~~~~~~~[m[K
[19.785s] [01m[K/opt/ros/jazzy/src/gtest_vendor/include/gtest/gtest_pred_impl.h:183:3:[m[K [01;36m[Knote: [m[Kin expansion of macro â€˜[01m[KGTEST_PRED_FORMAT3_[m[Kâ€™
[19.785s]   183 |   [01;36m[KGTEST_PRED_FORMAT3_[m[K(pred_format, v1, v2, v3, GTEST_NONFATAL_FAILURE_)
[19.785s]       |   [01;36m[K^~~~~~~~~~~~~~~~~~~[m[K
[19.785s] [01m[K/opt/ros/jazzy/src/gtest_vendor/include/gtest/gtest.h:1986:3:[m[K [01;36m[Knote: [m[Kin expansion of macro â€˜[01m[KEXPECT_PRED_FORMAT3[m[Kâ€™
[19.785s]  1986 |   [01;36m[KEXPECT_PRED_FORMAT3[m[K(::testing::internal::DoubleNearPredFormat, val1, val2, \
[19.785s]       |   [01;36m[K^~~~~~~~~~~~~~~~~~~[m[K
[19.786s] [01m[K/home/rumy/acrome_ws/src/ros2_controllers/bicycle_steering_controller/test/test_bicycle_steering_controller.cpp:247:3:[m[K [01;36m[Knote: [m[Kin expansion of macro â€˜[01m[KEXPECT_NEAR[m[Kâ€™
[19.786s]   247 |   [01;36m[KEXPECT_NEAR[m[K(
[19.786s]       |   [01;36m[K^~~~~~~~~~~[m[K
[19.786s] [01m[K/opt/ros/jazzy/include/hardware_interface/hardware_interface/loaned_command_interface.hpp:134:10:[m[K [01;36m[Knote: [m[Kdeclared here
[19.786s]   134 |   double [01;36m[Kget_value[m[K() const
[19.786s]       |          [01;36m[K^~~~~~~~~[m[K
[19.786s] [01m[K/home/rumy/acrome_ws/src/ros2_controllers/bicycle_steering_controller/test/test_bicycle_steering_controller.cpp:250:64:[m[K [01;35m[Kwarning: [m[Kâ€˜[01m[Kdouble hardware_interface::LoanedCommandInterface::[01;32m[Kget_value[m[K() const[m[Kâ€™ is deprecated: Use std::optional<T> get_optional() instead to retrieve the value. This method will be removed by the ROS 2 Kilted Kaiju release. [[01;35m[K]8;;https://gcc.gnu.org/onlinedocs/gcc/Warning-Options.html#index-Wdeprecated-declarations-Wdeprecated-declarations]8;;[m[K]
[19.786s]   250 |  [01;35m[Kcontroller_->command_interfaces_[CMD_STEER_WHEEL].get_value()[m[K, 1.4179821977774734,
[19.786s]       |  [01;35m[K~~~~~~~~~~~~~~~~~~~~~~~~~~~~~~~~~~~~~~~~~~~~~~~~~~~~~~~~~~~^~[m[K
[19.786s] 
[19.787s] [01m[K/opt/ros/jazzy/src/gtest_vendor/include/gtest/gtest_pred_impl.h:79:52:[m[K [01;36m[Knote: [m[Kin definition of macro â€˜[01m[KGTEST_ASSERT_[m[Kâ€™
[19.787s]    79 |   if (const ::testing::AssertionResult gtest_ar = ([01;36m[Kexpression[m[K)) \
[19.787s]       |                                                    [01;36m[K^~~~~~~~~~[m[K
[19.787s] [01m[K/opt/ros/jazzy/src/gtest_vendor/include/gtest/gtest_pred_impl.h:183:3:[m[K [01;36m[Knote: [m[Kin expansion of macro â€˜[01m[KGTEST_PRED_FORMAT3_[m[Kâ€™
[19.787s]   183 |   [01;36m[KGTEST_PRED_FORMAT3_[m[K(pred_format, v1, v2, v3, GTEST_NONFATAL_FAILURE_)
[19.787s]       |   [01;36m[K^~~~~~~~~~~~~~~~~~~[m[K
[19.787s] [01m[K/opt/ros/jazzy/src/gtest_vendor/include/gtest/gtest.h:1986:3:[m[K [01;36m[Knote: [m[Kin expansion of macro â€˜[01m[KEXPECT_PRED_FORMAT3[m[Kâ€™
[19.787s]  1986 |   [01;36m[KEXPECT_PRED_FORMAT3[m[K(::testing::internal::DoubleNearPredFormat, val1, val2, \
[19.787s]       |   [01;36m[K^~~~~~~~~~~~~~~~~~~[m[K
[19.788s] [01m[K/home/rumy/acrome_ws/src/ros2_controllers/bicycle_steering_controller/test/test_bicycle_steering_controller.cpp:249:3:[m[K [01;36m[Knote: [m[Kin expansion of macro â€˜[01m[KEXPECT_NEAR[m[Kâ€™
[19.788s]   249 |   [01;36m[KEXPECT_NEAR[m[K(
[19.788s]       |   [01;36m[K^~~~~~~~~~~[m[K
[19.788s] [01m[K/opt/ros/jazzy/include/hardware_interface/hardware_interface/loaned_command_interface.hpp:134:10:[m[K [01;36m[Knote: [m[Kdeclared here
[19.788s]   134 |   double [01;36m[Kget_value[m[K() const
[19.788s]       |          [01;36m[K^~~~~~~~~[m[K
[23.269s] [ 93%] [32m[1mLinking CXX executable test_bicycle_steering_controller_preceding[0m
[24.497s] [ 93%] Built target test_bicycle_steering_controller_preceding
[28.976s] [100%] [32m[1mLinking CXX executable test_bicycle_steering_controller[0m
[29.627s] [100%] Built target test_bicycle_steering_controller
