-- Found ros2_control_cmake: 0.2.1 (/opt/ros/jazzy/share/ros2_control_cmake/cmake)
-- Compiler warnings enabled for GNU
-- Detected GCC Version: 13.3.0 (Major: 13, Minor: 3)
-- Found ament_cmake: 2.5.4 (/opt/ros/jazzy/share/ament_cmake/cmake)
-- Override CMake install command with custom implementation using symlinks instead of copying resources
-- Found angles: 1.16.0 (/opt/ros/jazzy/share/angles/cmake)
-- Found control_msgs: 5.4.1 (/opt/ros/jazzy/share/control_msgs/cmake)
-- Found rosidl_generator_c: 4.6.5 (/opt/ros/jazzy/share/rosidl_generator_c/cmake)
-- Found rosidl_generator_cpp: 4.6.5 (/opt/ros/jazzy/share/rosidl_generator_cpp/cmake)
-- Using all available rosidl_typesupport_c: rosidl_typesupport_fastrtps_c;rosidl_typesupport_introspection_c
-- Using all available rosidl_typesupport_cpp: rosidl_typesupport_fastrtps_cpp;rosidl_typesupport_introspection_cpp
-- Found control_toolbox: 4.5.0 (/opt/ros/jazzy/share/control_toolbox/cmake)
-- Found rmw_implementation_cmake: 7.3.2 (/opt/ros/jazzy/share/rmw_implementation_cmake/cmake)
-- Found rmw_fastrtps_cpp: 8.4.2 (/opt/ros/jazzy/share/rmw_fastrtps_cpp/cmake)
-- Using RMW implementation 'rmw_fastrtps_cpp' as default
-- Found eigen3_cmake_module: 0.3.0 (/opt/ros/jazzy/share/eigen3_cmake_module/cmake)
-- Ensuring Eigen3 include directory is part of orocos-kdl CMake target
-- Found controller_interface: 4.32.0 (/opt/ros/jazzy/share/controller_interface/cmake)
-- Found std_srvs: 5.3.6 (/opt/ros/jazzy/share/std_srvs/cmake)
-- Found ament_cmake_gmock: 2.5.4 (/opt/ros/jazzy/share/ament_cmake_gmock/cmake)
-- Found controller_manager: 4.32.0 (/opt/ros/jazzy/share/controller_manager/cmake)
-- Found ros2_control_test_assets: 4.32.0 (/opt/ros/jazzy/share/ros2_control_test_assets/cmake)
-- Found gmock sources under '/opt/ros/jazzy/src/gmock_vendor': C++ tests using 'Google Mock' will be built
-- Found ament_cmake_gtest: 2.5.4 (/opt/ros/jazzy/share/ament_cmake_gtest/cmake)
-- Found gtest sources under '/opt/ros/jazzy/src/gtest_vendor': C++ tests using 'Google Test' will be built
-- Found gmock sources under '/opt/ros/jazzy/src/gmock_vendor': C++ tests using 'Google Mock' will be built
-- Found ament_cmake_gtest: 2.5.4 (/opt/ros/jazzy/share/ament_cmake_gtest/cmake)
-- Found gtest sources under '/opt/ros/jazzy/src/gtest_vendor': C++ tests using 'Google Test' will be built
-- Found gmock sources under '/opt/ros/jazzy/src/gmock_vendor': C++ tests using 'Google Mock' will be built
-- Found ament_cmake_gtest: 2.5.4 (/opt/ros/jazzy/share/ament_cmake_gtest/cmake)
-- Found gtest sources under '/opt/ros/jazzy/src/gtest_vendor': C++ tests using 'Google Test' will be built
-- Found gmock sources under '/opt/ros/jazzy/src/gmock_vendor': C++ tests using 'Google Mock' will be built
-- Found ament_cmake_gtest: 2.5.4 (/opt/ros/jazzy/share/ament_cmake_gtest/cmake)
-- Found gtest sources under '/opt/ros/jazzy/src/gtest_vendor': C++ tests using 'Google Test' will be built
-- Configuring done (1.1s)
-- Generating done (0.1s)
-- Build files have been written to: /home/rumy/acrome_ws/build/pid_controller
[ 11%] Built target pid_controller_parameters
[ 23%] Built target gmock_main
[ 41%] Built target gmock
[ 47%] [32mBuilding CXX object CMakeFiles/pid_controller.dir/src/pid_controller.cpp.o[0m
[ 58%] Built target test_load_pid_controller
[01m[K/home/rumy/acrome_ws/src/ros2_controllers/pid_controller/src/pid_controller.cpp:[m[K In member function â€˜[01m[Kvirtual controller_interface::return_type pid_controller::PidController::[01;32m[Kupdate_and_write_commands[m[K(const rclcpp::Time&, const rclcpp::Duration&)[m[Kâ€™:
[01m[K/home/rumy/acrome_ws/src/ros2_controllers/pid_controller/src/pid_controller.cpp:496:65:[m[K [01;35m[Kwarning: [m[Kâ€˜[01m[Kdouble hardware_interface::LoanedStateInterface::[01;32m[Kget_value[m[K() const[m[Kâ€™ is deprecated: Use std::optional<T> get_optional() instead to retrieve the value. This method will be removed by the ROS 2 Kilted Kaiju release. [[01;35m[K]8;;https://gcc.gnu.org/onlinedocs/gcc/Warning-Options.html#index-Wdeprecated-declarations-Wdeprecated-declarations]8;;[m[K]
  496 |       measured_state_values_[i] = [01;35m[Kstate_interfaces_[i].get_value()[m[K;
      |                                   [01;35m[K~~~~~~~~~~~~~~~~~~~~~~~~~~~~~~^~[m[K
In file included from [01m[K/opt/ros/jazzy/include/controller_interface/controller_interface/controller_interface_base.hpp:28[m[K,
                 from [01m[K/opt/ros/jazzy/include/controller_interface/controller_interface/chainable_controller_interface.hpp:23[m[K,
                 from [01m[K/home/rumy/acrome_ws/src/ros2_controllers/pid_controller/include/pid_controller/pid_controller.hpp:28[m[K,
                 from [01m[K/home/rumy/acrome_ws/src/ros2_controllers/pid_controller/src/pid_controller.cpp:18[m[K:
[01m[K/opt/ros/jazzy/include/hardware_interface/hardware_interface/loaned_state_interface.hpp:94:10:[m[K [01;36m[Knote: [m[Kdeclared here
   94 |   double [01;36m[Kget_value[m[K() const
      |          [01;36m[K^~~~~~~~~[m[K
[01m[K/home/rumy/acrome_ws/src/ros2_controllers/pid_controller/src/pid_controller.cpp:601:85:[m[K [01;35m[Kwarning: [m[Kâ€˜[01m[Kdouble hardware_interface::LoanedCommandInterface::[01;32m[Kget_value[m[K() const[m[Kâ€™ is deprecated: Use std::optional<T> get_optional() instead to retrieve the value. This method will be removed by the ROS 2 Kilted Kaiju release. [[01;35m[K]8;;https://gcc.gnu.org/onlinedocs/gcc/Warning-Options.html#index-Wdeprecated-declarations-Wdeprecated-declarations]8;;[m[K]
  601 | isher_->msg_.dof_states[i].output = [01;35m[Kcommand_interfaces_[i].get_value()[m[K;
      |                                     [01;35m[K~~~~~~~~~~~~~~~~~~~~~~~~~~~~~~~~^~[m[K

In file included from [01m[K/opt/ros/jazzy/include/controller_interface/controller_interface/controller_interface_base.hpp:27[m[K:
[01m[K/opt/ros/jazzy/include/hardware_interface/hardware_interface/loaned_command_interface.hpp:134:10:[m[K [01;36m[Knote: [m[Kdeclared here
  134 |   double [01;36m[Kget_value[m[K() const
      |          [01;36m[K^~~~~~~~~[m[K
[ 64%] [32m[1mLinking CXX shared library libpid_controller.so[0m
[ 64%] Built target pid_controller
[ 82%] [32mBuilding CXX object CMakeFiles/test_pid_controller.dir/test/test_pid_controller.cpp.o[0m
[ 82%] [32mBuilding CXX object CMakeFiles/test_pid_controller_preceding.dir/test/test_pid_controller_preceding.cpp.o[0m
[ 82%] [32mBuilding CXX object CMakeFiles/test_pid_controller_dual_interface.dir/test/test_pid_controller_dual_interface.cpp.o[0m
In file included from [01m[K/opt/ros/jazzy/src/gtest_vendor/include/gtest/gtest.h:72[m[K,
                 from [01m[K/opt/ros/jazzy/src/gmock_vendor/include/gmock/internal/gmock-internal-utils.h:50[m[K,
                 from [01m[K/opt/ros/jazzy/src/gmock_vendor/include/gmock/gmock-actions.h:145[m[K,
                 from [01m[K/opt/ros/jazzy/src/gmock_vendor/include/gmock/gmock.h:56[m[K,
                 from [01m[K/home/rumy/acrome_ws/src/ros2_controllers/pid_controller/test/test_pid_controller.hpp:21[m[K,
                 from [01m[K/home/rumy/acrome_ws/src/ros2_controllers/pid_controller/test/test_pid_controller_dual_interface.cpp:16[m[K:
[01m[K/home/rumy/acrome_ws/src/ros2_controllers/pid_controller/test/test_pid_controller_dual_interface.cpp:[m[K In member function â€˜[01m[Kvirtual void PidControllerDualInterfaceTest_test_chained_feedforward_with_gain_dual_interface_Test::[01;32m[KTestBody[m[K()[m[Kâ€™:
[01m[K/home/rumy/acrome_ws/src/ros2_controllers/pid_controller/test/test_pid_controller_dual_interface.cpp:98:58:[m[K [01;35m[Kwarning: [m[Kâ€˜[01m[Kdouble hardware_interface::LoanedCommandInterface::[01;32m[Kget_value[m[K() const[m[Kâ€™ is deprecated: Use std::optional<T> get_optional() instead to retrieve the value. This method will be removed by the ROS 2 Kilted Kaiju release. [[01;35m[K]8;;https://gcc.gnu.org/onlinedocs/gcc/Warning-Options.html#index-Wdeprecated-declarations-Wdeprecated-declarations]8;;[m[K]
   98 |   ASSERT_EQ([01;35m[Kcontroller_->command_interfaces_[0].get_value()[m[K, joint1_expected_cmd);
      |             [01;35m[K~~~~~~~~~~~~~~~~~~~~~~~~~~~~~~~~~~~~~~~~~~~~~^~[m[K
[01m[K/opt/ros/jazzy/src/gtest_vendor/include/gtest/gtest_pred_impl.h:79:52:[m[K [01;36m[Knote: [m[Kin definition of macro â€˜[01m[KGTEST_ASSERT_[m[Kâ€™
   79 |   if (const ::testing::AssertionResult gtest_ar = ([01;36m[Kexpression[m[K)) \
      |                                                    [01;36m[K^~~~~~~~~~[m[K
[01m[K/opt/ros/jazzy/src/gtest_vendor/include/gtest/gtest_pred_impl.h:148:3:[m[K [01;36m[Knote: [m[Kin expansion of macro â€˜[01m[KGTEST_PRED_FORMAT2_[m[Kâ€™
  148 |   [01;36m[KGTEST_PRED_FORMAT2_[m[K(pred_format, v1, v2, GTEST_FATAL_FAILURE_)
      |   [01;36m[K^~~~~~~~~~~~~~~~~~~[m[K
[01m[K/opt/ros/jazzy/src/gtest_vendor/include/gtest/gtest.h:1882:3:[m[K [01;36m[Knote: [m[Kin expansion of macro â€˜[01m[KASSERT_PRED_FORMAT2[m[Kâ€™
 1882 |   [01;36m[KASSERT_PRED_FORMAT2[m[K(::testing::internal::EqHelper::Compare, val1, val2)
      |   [01;36m[K^~~~~~~~~~~~~~~~~~~[m[K
[01m[K/opt/ros/jazzy/src/gtest_vendor/include/gtest/gtest.h:1898:31:[m[K [01;36m[Knote: [m[Kin expansion of macro â€˜[01m[KGTEST_ASSERT_EQ[m[Kâ€™
 1898 | #define ASSERT_EQ(val1, val2) [01;36m[KGTEST_ASSERT_EQ[m[K(val1, val2)
      |                               [01;36m[K^~~~~~~~~~~~~~~[m[K
[01m[K/home/rumy/acrome_ws/src/ros2_controllers/pid_controller/test/test_pid_controller_dual_interface.cpp:98:3:[m[K [01;36m[Knote: [m[Kin expansion of macro â€˜[01m[KASSERT_EQ[m[Kâ€™
   98 |   [01;36m[KASSERT_EQ[m[K(controller_->command_interfaces_[0].get_value(), joint1_expected_cmd);
      |   [01;36m[K^~~~~~~~~[m[K
In file included from [01m[K/home/rumy/acrome_ws/src/ros2_controllers/pid_controller/test/test_pid_controller.hpp:30[m[K:
[01m[K/opt/ros/jazzy/include/hardware_interface/hardware_interface/loaned_command_interface.hpp:134:10:[m[K [01;36m[Knote: [m[Kdeclared here
  134 |   double [01;36m[Kget_value[m[K() const
      |          [01;36m[K^~~~~~~~~[m[K
[01m[K/home/rumy/acrome_ws/src/ros2_controllers/pid_controller/test/test_pid_controller_dual_interface.cpp:99:58:[m[K [01;35m[Kwarning: [m[Kâ€˜[01m[Kdouble hardware_interface::LoanedCommandInterface::[01;32m[Kget_value[m[K() const[m[Kâ€™ is deprecated: Use std::optional<T> get_optional() instead to retrieve the value. This method will be removed by the ROS 2 Kilted Kaiju release. [[01;35m[K]8;;https://gcc.gnu.org/onlinedocs/gcc/Warning-Options.html#index-Wdeprecated-declarations-Wdeprecated-declarations]8;;[m[K]
   99 |   ASSERT_EQ([01;35m[Kcontroller_->command_interfaces_[1].get_value()[m[K, joint2_expected_cmd);
      |             [01;35m[K~~~~~~~~~~~~~~~~~~~~~~~~~~~~~~~~~~~~~~~~~~~~~^~[m[K
[01m[K/opt/ros/jazzy/src/gtest_vendor/include/gtest/gtest_pred_impl.h:79:52:[m[K [01;36m[Knote: [m[Kin definition of macro â€˜[01m[KGTEST_ASSERT_[m[Kâ€™
   79 |   if (const ::testing::AssertionResult gtest_ar = ([01;36m[Kexpression[m[K)) \
      |                                                    [01;36m[K^~~~~~~~~~[m[K
[01m[K/opt/ros/jazzy/src/gtest_vendor/include/gtest/gtest_pred_impl.h:148:3:[m[K [01;36m[Knote: [m[Kin expansion of macro â€˜[01m[KGTEST_PRED_FORMAT2_[m[Kâ€™
  148 |   [01;36m[KGTEST_PRED_FORMAT2_[m[K(pred_format, v1, v2, GTEST_FATAL_FAILURE_)
      |   [01;36m[K^~~~~~~~~~~~~~~~~~~[m[K
[01m[K/opt/ros/jazzy/src/gtest_vendor/include/gtest/gtest.h:1882:3:[m[K [01;36m[Knote: [m[Kin expansion of macro â€˜[01m[KASSERT_PRED_FORMAT2[m[Kâ€™
 1882 |   [01;36m[KASSERT_PRED_FORMAT2[m[K(::testing::internal::EqHelper::Compare, val1, val2)
      |   [01;36m[K^~~~~~~~~~~~~~~~~~~[m[K
[01m[K/opt/ros/jazzy/src/gtest_vendor/include/gtest/gtest.h:1898:31:[m[K [01;36m[Knote: [m[Kin expansion of macro â€˜[01m[KGTEST_ASSERT_EQ[m[Kâ€™
 1898 | #define ASSERT_EQ(val1, val2) [01;36m[KGTEST_ASSERT_EQ[m[K(val1, val2)
      |                               [01;36m[K^~~~~~~~~~~~~~~[m[K
[01m[K/home/rumy/acrome_ws/src/ros2_controllers/pid_controller/test/test_pid_controller_dual_interface.cpp:99:3:[m[K [01;36m[Knote: [m[Kin expansion of macro â€˜[01m[KASSERT_EQ[m[Kâ€™
   99 |   [01;36m[KASSERT_EQ[m[K(controller_->command_interfaces_[1].get_value(), joint2_expected_cmd);
      |   [01;36m[K^~~~~~~~~[m[K
[01m[K/opt/ros/jazzy/include/hardware_interface/hardware_interface/loaned_command_interface.hpp:134:10:[m[K [01;36m[Knote: [m[Kdeclared here
  134 |   double [01;36m[Kget_value[m[K() const
      |          [01;36m[K^~~~~~~~~[m[K
In file included from [01m[K/opt/ros/jazzy/src/gtest_vendor/include/gtest/gtest.h:72[m[K,
                 from [01m[K/opt/ros/jazzy/src/gmock_vendor/include/gmock/internal/gmock-internal-utils.h:50[m[K,
                 from [01m[K/opt/ros/jazzy/src/gmock_vendor/include/gmock/gmock-actions.h:145[m[K,
                 from [01m[K/opt/ros/jazzy/src/gmock_vendor/include/gmock/gmock.h:56[m[K,
                 from [01m[K/home/rumy/acrome_ws/src/ros2_controllers/pid_controller/test/test_pid_controller.hpp:21[m[K,
                 from [01m[K/home/rumy/acrome_ws/src/ros2_controllers/pid_controller/test/test_pid_controller.cpp:18[m[K:
[01m[K/home/rumy/acrome_ws/src/ros2_controllers/pid_controller/test/test_pid_controller.cpp:[m[K In member function â€˜[01m[Kvirtual void PidControllerTest_reactivate_success_Test::[01;32m[KTestBody[m[K()[m[Kâ€™:
[01m[K/home/rumy/acrome_ws/src/ros2_controllers/pid_controller/test/test_pid_controller.cpp:182:58:[m[K [01;35m[Kwarning: [m[Kâ€˜[01m[Kdouble hardware_interface::LoanedCommandInterface::[01;32m[Kget_value[m[K() const[m[Kâ€™ is deprecated: Use std::optional<T> get_optional() instead to retrieve the value. This method will be removed by the ROS 2 Kilted Kaiju release. [[01;35m[K]8;;https://gcc.gnu.org/onlinedocs/gcc/Warning-Options.html#index-Wdeprecated-declarations-Wdeprecated-declarations]8;;[m[K]
  182 |   ASSERT_EQ([01;35m[Kcontroller_->command_interfaces_[0].get_value()[m[K, 101.101);
      |             [01;35m[K~~~~~~~~~~~~~~~~~~~~~~~~~~~~~~~~~~~~~~~~~~~~~^~[m[K
[01m[K/opt/ros/jazzy/src/gtest_vendor/include/gtest/gtest_pred_impl.h:79:52:[m[K [01;36m[Knote: [m[Kin definition of macro â€˜[01m[KGTEST_ASSERT_[m[Kâ€™
   79 |   if (const ::testing::AssertionResult gtest_ar = ([01;36m[Kexpression[m[K)) \
      |                                                    [01;36m[K^~~~~~~~~~[m[K
[01m[K/opt/ros/jazzy/src/gtest_vendor/include/gtest/gtest_pred_impl.h:148:3:[m[K [01;36m[Knote: [m[Kin expansion of macro â€˜[01m[KGTEST_PRED_FORMAT2_[m[Kâ€™
  148 |   [01;36m[KGTEST_PRED_FORMAT2_[m[K(pred_format, v1, v2, GTEST_FATAL_FAILURE_)
      |   [01;36m[K^~~~~~~~~~~~~~~~~~~[m[K
[01m[K/opt/ros/jazzy/src/gtest_vendor/include/gtest/gtest.h:1882:3:[m[K [01;36m[Knote: [m[Kin expansion of macro â€˜[01m[KASSERT_PRED_FORMAT2[m[Kâ€™
 1882 |   [01;36m[KASSERT_PRED_FORMAT2[m[K(::testing::internal::EqHelper::Compare, val1, val2)
      |   [01;36m[K^~~~~~~~~~~~~~~~~~~[m[K
[01m[K/opt/ros/jazzy/src/gtest_vendor/include/gtest/gtest.h:1898:31:[m[K [01;36m[Knote: [m[Kin expansion of macro â€˜[01m[KGTEST_ASSERT_EQ[m[Kâ€™
 1898 | #define ASSERT_EQ(val1, val2) [01;36m[KGTEST_ASSERT_EQ[m[K(val1, val2)
      |                               [01;36m[K^~~~~~~~~~~~~~~[m[K
[01m[K/home/rumy/acrome_ws/src/ros2_controllers/pid_controller/test/test_pid_controller.cpp:182:3:[m[K [01;36m[Knote: [m[Kin expansion of macro â€˜[01m[KASSERT_EQ[m[Kâ€™
  182 |   [01;36m[KASSERT_EQ[m[K(controller_->command_interfaces_[0].get_value(), 101.101);
      |   [01;36m[K^~~~~~~~~[m[K
In file included from [01m[K/home/rumy/acrome_ws/src/ros2_controllers/pid_controller/test/test_pid_controller.hpp:30[m[K:
[01m[K/opt/ros/jazzy/include/hardware_interface/hardware_interface/loaned_command_interface.hpp:134:10:[m[K [01;36m[Knote: [m[Kdeclared here
  134 |   double [01;36m[Kget_value[m[K() const
      |          [01;36m[K^~~~~~~~~[m[K
[01m[K/home/rumy/acrome_ws/src/ros2_controllers/pid_controller/test/test_pid_controller.cpp:186:58:[m[K [01;35m[Kwarning: [m[Kâ€˜[01m[Kdouble hardware_interface::LoanedCommandInterface::[01;32m[Kget_value[m[K() const[m[Kâ€™ is deprecated: Use std::optional<T> get_optional() instead to retrieve the value. This method will be removed by the ROS 2 Kilted Kaiju release. [[01;35m[K]8;;https://gcc.gnu.org/onlinedocs/gcc/Warning-Options.html#index-Wdeprecated-declarations-Wdeprecated-declarations]8;;[m[K]
  186 |   ASSERT_EQ([01;35m[Kcontroller_->command_interfaces_[0].get_value()[m[K, 101.101);
      |             [01;35m[K~~~~~~~~~~~~~~~~~~~~~~~~~~~~~~~~~~~~~~~~~~~~~^~[m[K
[01m[K/opt/ros/jazzy/src/gtest_vendor/include/gtest/gtest_pred_impl.h:79:52:[m[K [01;36m[Knote: [m[Kin definition of macro â€˜[01m[KGTEST_ASSERT_[m[Kâ€™
   79 |   if (const ::testing::AssertionResult gtest_ar = ([01;36m[Kexpression[m[K)) \
      |                                                    [01;36m[K^~~~~~~~~~[m[K
[01m[K/opt/ros/jazzy/src/gtest_vendor/include/gtest/gtest_pred_impl.h:148:3:[m[K [01;36m[Knote: [m[Kin expansion of macro â€˜[01m[KGTEST_PRED_FORMAT2_[m[Kâ€™
  148 |   [01;36m[KGTEST_PRED_FORMAT2_[m[K(pred_format, v1, v2, GTEST_FATAL_FAILURE_)
      |   [01;36m[K^~~~~~~~~~~~~~~~~~~[m[K
[01m[K/opt/ros/jazzy/src/gtest_vendor/include/gtest/gtest.h:1882:3:[m[K [01;36m[Knote: [m[Kin expansion of macro â€˜[01m[KASSERT_PRED_FORMAT2[m[Kâ€™
 1882 |   [01;36m[KASSERT_PRED_FORMAT2[m[K(::testing::internal::EqHelper::Compare, val1, val2)
      |   [01;36m[K^~~~~~~~~~~~~~~~~~~[m[K
[01m[K/opt/ros/jazzy/src/gtest_vendor/include/gtest/gtest.h:1898:31:[m[K [01;36m[Knote: [m[Kin expansion of macro â€˜[01m[KGTEST_ASSERT_EQ[m[Kâ€™
 1898 | #define ASSERT_EQ(val1, val2) [01;36m[KGTEST_ASSERT_EQ[m[K(val1, val2)
      |                               [01;36m[K^~~~~~~~~~~~~~~[m[K
[01m[K/home/rumy/acrome_ws/src/ros2_controllers/pid_controller/test/test_pid_controller.cpp:186:3:[m[K [01;36m[Knote: [m[Kin expansion of macro â€˜[01m[KASSERT_EQ[m[Kâ€™
  186 |   [01;36m[KASSERT_EQ[m[K(controller_->command_interfaces_[0].get_value(), 101.101);
      |   [01;36m[K^~~~~~~~~[m[K
[01m[K/opt/ros/jazzy/include/hardware_interface/hardware_interface/loaned_command_interface.hpp:134:10:[m[K [01;36m[Knote: [m[Kdeclared here
  134 |   double [01;36m[Kget_value[m[K() const
      |          [01;36m[K^~~~~~~~~[m[K
[01m[K/home/rumy/acrome_ws/src/ros2_controllers/pid_controller/test/test_pid_controller.cpp:190:58:[m[K [01;35m[Kwarning: [m[Kâ€˜[01m[Kdouble hardware_interface::LoanedCommandInterface::[01;32m[Kget_value[m[K() const[m[Kâ€™ is deprecated: Use std::optional<T> get_optional() instead to retrieve the value. This method will be removed by the ROS 2 Kilted Kaiju release. [[01;35m[K]8;;https://gcc.gnu.org/onlinedocs/gcc/Warning-Options.html#index-Wdeprecated-declarations-Wdeprecated-declarations]8;;[m[K]
  190 |   ASSERT_EQ([01;35m[Kcontroller_->command_interfaces_[0].get_value()[m[K, 101.101);
      |             [01;35m[K~~~~~~~~~~~~~~~~~~~~~~~~~~~~~~~~~~~~~~~~~~~~~^~[m[K
[01m[K/opt/ros/jazzy/src/gtest_vendor/include/gtest/gtest_pred_impl.h:79:52:[m[K [01;36m[Knote: [m[Kin definition of macro â€˜[01m[KGTEST_ASSERT_[m[Kâ€™
   79 |   if (const ::testing::AssertionResult gtest_ar = ([01;36m[Kexpression[m[K)) \
      |                                                    [01;36m[K^~~~~~~~~~[m[K
[01m[K/opt/ros/jazzy/src/gtest_vendor/include/gtest/gtest_pred_impl.h:148:3:[m[K [01;36m[Knote: [m[Kin expansion of macro â€˜[01m[KGTEST_PRED_FORMAT2_[m[Kâ€™
  148 |   [01;36m[KGTEST_PRED_FORMAT2_[m[K(pred_format, v1, v2, GTEST_FATAL_FAILURE_)
      |   [01;36m[K^~~~~~~~~~~~~~~~~~~[m[K
[01m[K/opt/ros/jazzy/src/gtest_vendor/include/gtest/gtest.h:1882:3:[m[K [01;36m[Knote: [m[Kin expansion of macro â€˜[01m[KASSERT_PRED_FORMAT2[m[Kâ€™
 1882 |   [01;36m[KASSERT_PRED_FORMAT2[m[K(::testing::internal::EqHelper::Compare, val1, val2)
      |   [01;36m[K^~~~~~~~~~~~~~~~~~~[m[K
[01m[K/opt/ros/jazzy/src/gtest_vendor/include/gtest/gtest.h:1898:31:[m[K [01;36m[Knote: [m[Kin expansion of macro â€˜[01m[KGTEST_ASSERT_EQ[m[Kâ€™
 1898 | #define ASSERT_EQ(val1, val2) [01;36m[KGTEST_ASSERT_EQ[m[K(val1, val2)
      |                               [01;36m[K^~~~~~~~~~~~~~~[m[K
[01m[K/home/rumy/acrome_ws/src/ros2_controllers/pid_controller/test/test_pid_controller.cpp:190:3:[m[K [01;36m[Knote: [m[Kin expansion of macro â€˜[01m[KASSERT_EQ[m[Kâ€™
  190 |   [01;36m[KASSERT_EQ[m[K(controller_->command_interfaces_[0].get_value(), 101.101);
      |   [01;36m[K^~~~~~~~~[m[K
[01m[K/opt/ros/jazzy/include/hardware_interface/hardware_interface/loaned_command_interface.hpp:134:10:[m[K [01;36m[Knote: [m[Kdeclared here
  134 |   double [01;36m[Kget_value[m[K() const
      |          [01;36m[K^~~~~~~~~[m[K
[01m[K/home/rumy/acrome_ws/src/ros2_controllers/pid_controller/test/test_pid_controller.cpp:[m[K In member function â€˜[01m[Kvirtual void PidControllerTest_test_update_logic_feedforward_off_Test::[01;32m[KTestBody[m[K()[m[Kâ€™:
[01m[K/home/rumy/acrome_ws/src/ros2_controllers/pid_controller/test/test_pid_controller.cpp:322:81:[m[K [01;35m[Kwarning: [m[Kâ€˜[01m[Kdouble hardware_interface::LoanedCommandInterface::[01;32m[Kget_value[m[K() const[m[Kâ€™ is deprecated: Use std::optional<T> get_optional() instead to retrieve the value. This method will be removed by the ROS 2 Kilted Kaiju release. [[01;35m[K]8;;https://gcc.gnu.org/onlinedocs/gcc/Warning-Options.html#index-Wdeprecated-declarations-Wdeprecated-declarations]8;;[m[K]
  322 | e = std::round([01;35m[Kcontroller_->command_interfaces_[0].get_value()[m[K * 1e5) / 1e5;
      |                [01;35m[K~~~~~~~~~~~~~~~~~~~~~~~~~~~~~~~~~~~~~~~~~~~~~^~[m[K

[01m[K/opt/ros/jazzy/include/hardware_interface/hardware_interface/loaned_command_interface.hpp:134:10:[m[K [01;36m[Knote: [m[Kdeclared here
  134 |   double [01;36m[Kget_value[m[K() const
      |          [01;36m[K^~~~~~~~~[m[K
[01m[K/home/rumy/acrome_ws/src/ros2_controllers/pid_controller/test/test_pid_controller.cpp:[m[K In member function â€˜[01m[Kvirtual void PidControllerTest_test_update_logic_feedforward_on_with_zero_feedforward_gain_Test::[01;32m[KTestBody[m[K()[m[Kâ€™:
[01m[K/home/rumy/acrome_ws/src/ros2_controllers/pid_controller/test/test_pid_controller.cpp:382:83:[m[K [01;35m[Kwarning: [m[Kâ€˜[01m[Kdouble hardware_interface::LoanedCommandInterface::[01;32m[Kget_value[m[K() const[m[Kâ€™ is deprecated: Use std::optional<T> get_optional() instead to retrieve the value. This method will be removed by the ROS 2 Kilted Kaiju release. [[01;35m[K]8;;https://gcc.gnu.org/onlinedocs/gcc/Warning-Options.html#index-Wdeprecated-declarations-Wdeprecated-declarations]8;;[m[K]
  382 | e = std::round([01;35m[Kcontroller_->command_interfaces_[0].get_value()[m[K * 1e5) / 1e5;
      |                [01;35m[K~~~~~~~~~~~~~~~~~~~~~~~~~~~~~~~~~~~~~~~~~~~~~^~[m[K

[01m[K/opt/ros/jazzy/include/hardware_interface/hardware_interface/loaned_command_interface.hpp:134:10:[m[K [01;36m[Knote: [m[Kdeclared here
  134 |   double [01;36m[Kget_value[m[K() const
      |          [01;36m[K^~~~~~~~~[m[K
[01m[K/home/rumy/acrome_ws/src/ros2_controllers/pid_controller/test/test_pid_controller.cpp:[m[K In member function â€˜[01m[Kvirtual void PidControllerTest_test_update_logic_chainable_not_use_subscriber_update_Test::[01;32m[KTestBody[m[K()[m[Kâ€™:
[01m[K/home/rumy/acrome_ws/src/ros2_controllers/pid_controller/test/test_pid_controller.cpp:439:60:[m[K [01;35m[Kwarning: [m[Kâ€˜[01m[Kdouble hardware_interface::LoanedCommandInterface::[01;32m[Kget_value[m[K() const[m[Kâ€™ is deprecated: Use std::optional<T> get_optional() instead to retrieve the value. This method will be removed by the ROS 2 Kilted Kaiju release. [[01;35m[K]8;;https://gcc.gnu.org/onlinedocs/gcc/Warning-Options.html#index-Wdeprecated-declarations-Wdeprecated-declarations]8;;[m[K]
  439 |     EXPECT_EQ([01;35m[Kcontroller_->command_interfaces_[0].get_value()[m[K, expected_command_value);
      |               [01;35m[K~~~~~~~~~~~~~~~~~~~~~~~~~~~~~~~~~~~~~~~~~~~~~^~[m[K
[01m[K/opt/ros/jazzy/src/gtest_vendor/include/gtest/gtest_pred_impl.h:79:52:[m[K [01;36m[Knote: [m[Kin definition of macro â€˜[01m[KGTEST_ASSERT_[m[Kâ€™
   79 |   if (const ::testing::AssertionResult gtest_ar = ([01;36m[Kexpression[m[K)) \
      |                                                    [01;36m[K^~~~~~~~~~[m[K
[01m[K/opt/ros/jazzy/src/gtest_vendor/include/gtest/gtest_pred_impl.h:144:3:[m[K [01;36m[Knote: [m[Kin expansion of macro â€˜[01m[KGTEST_PRED_FORMAT2_[m[Kâ€™
  144 |   [01;36m[KGTEST_PRED_FORMAT2_[m[K(pred_format, v1, v2, GTEST_NONFATAL_FAILURE_)
      |   [01;36m[K^~~~~~~~~~~~~~~~~~~[m[K
[01m[K/opt/ros/jazzy/src/gtest_vendor/include/gtest/gtest.h:1869:3:[m[K [01;36m[Knote: [m[Kin expansion of macro â€˜[01m[KEXPECT_PRED_FORMAT2[m[Kâ€™
 1869 |   [01;36m[KEXPECT_PRED_FORMAT2[m[K(::testing::internal::EqHelper::Compare, val1, val2)
      |   [01;36m[K^~~~~~~~~~~~~~~~~~~[m[K
[01m[K/home/rumy/acrome_ws/src/ros2_controllers/pid_controller/test/test_pid_controller.cpp:439:5:[m[K [01;36m[Knote: [m[Kin expansion of macro â€˜[01m[KEXPECT_EQ[m[Kâ€™
  439 |     [01;36m[KEXPECT_EQ[m[K(controller_->command_interfaces_[0].get_value(), expected_command_value);
      |     [01;36m[K^~~~~~~~~[m[K
[01m[K/opt/ros/jazzy/include/hardware_interface/hardware_interface/loaned_command_interface.hpp:134:10:[m[K [01;36m[Knote: [m[Kdeclared here
  134 |   double [01;36m[Kget_value[m[K() const
      |          [01;36m[K^~~~~~~~~[m[K
[01m[K/home/rumy/acrome_ws/src/ros2_controllers/pid_controller/test/test_pid_controller.cpp:[m[K In member function â€˜[01m[Kvirtual void PidControllerTest_test_update_logic_angle_wraparound_off_Test::[01;32m[KTestBody[m[K()[m[Kâ€™:
[01m[K/home/rumy/acrome_ws/src/ros2_controllers/pid_controller/test/test_pid_controller.cpp:473:60:[m[K [01;35m[Kwarning: [m[Kâ€˜[01m[Kdouble hardware_interface::LoanedCommandInterface::[01;32m[Kget_value[m[K() const[m[Kâ€™ is deprecated: Use std::optional<T> get_optional() instead to retrieve the value. This method will be removed by the ROS 2 Kilted Kaiju release. [[01;35m[K]8;;https://gcc.gnu.org/onlinedocs/gcc/Warning-Options.html#index-Wdeprecated-declarations-Wdeprecated-declarations]8;;[m[K]
  473 |   EXPECT_NEAR([01;35m[Kcontroller_->command_interfaces_[0].get_value()[m[K, expected_command_value, 1e-5);
      |               [01;35m[K~~~~~~~~~~~~~~~~~~~~~~~~~~~~~~~~~~~~~~~~~~~~~^~[m[K
[01m[K/opt/ros/jazzy/src/gtest_vendor/include/gtest/gtest_pred_impl.h:79:52:[m[K [01;36m[Knote: [m[Kin definition of macro â€˜[01m[KGTEST_ASSERT_[m[Kâ€™
   79 |   if (const ::testing::AssertionResult gtest_ar = ([01;36m[Kexpression[m[K)) \
      |                                                    [01;36m[K^~~~~~~~~~[m[K
[01m[K/opt/ros/jazzy/src/gtest_vendor/include/gtest/gtest_pred_impl.h:183:3:[m[K [01;36m[Knote: [m[Kin expansion of macro â€˜[01m[KGTEST_PRED_FORMAT3_[m[Kâ€™
  183 |   [01;36m[KGTEST_PRED_FORMAT3_[m[K(pred_format, v1, v2, v3, GTEST_NONFATAL_FAILURE_)
      |   [01;36m[K^~~~~~~~~~~~~~~~~~~[m[K
[01m[K/opt/ros/jazzy/src/gtest_vendor/include/gtest/gtest.h:1986:3:[m[K [01;36m[Knote: [m[Kin expansion of macro â€˜[01m[KEXPECT_PRED_FORMAT3[m[Kâ€™
 1986 |   [01;36m[KEXPECT_PRED_FORMAT3[m[K(::testing::internal::DoubleNearPredFormat, val1, val2, \
      |   [01;36m[K^~~~~~~~~~~~~~~~~~~[m[K
[01m[K/home/rumy/acrome_ws/src/ros2_controllers/pid_controller/test/test_pid_controller.cpp:473:3:[m[K [01;36m[Knote: [m[Kin expansion of macro â€˜[01m[KEXPECT_NEAR[m[Kâ€™
  473 |   [01;36m[KEXPECT_NEAR[m[K(controller_->command_interfaces_[0].get_value(), expected_command_value, 1e-5);
      |   [01;36m[K^~~~~~~~~~~[m[K
[01m[K/opt/ros/jazzy/include/hardware_interface/hardware_interface/loaned_command_interface.hpp:134:10:[m[K [01;36m[Knote: [m[Kdeclared here
  134 |   double [01;36m[Kget_value[m[K() const
      |          [01;36m[K^~~~~~~~~[m[K
[01m[K/home/rumy/acrome_ws/src/ros2_controllers/pid_controller/test/test_pid_controller.cpp:[m[K In member function â€˜[01m[Kvirtual void PidControllerTest_test_update_logic_angle_wraparound_on_Test::[01;32m[KTestBody[m[K()[m[Kâ€™:
[01m[K/home/rumy/acrome_ws/src/ros2_controllers/pid_controller/test/test_pid_controller.cpp:509:60:[m[K [01;35m[Kwarning: [m[Kâ€˜[01m[Kdouble hardware_interface::LoanedCommandInterface::[01;32m[Kget_value[m[K() const[m[Kâ€™ is deprecated: Use std::optional<T> get_optional() instead to retrieve the value. This method will be removed by the ROS 2 Kilted Kaiju release. [[01;35m[K]8;;https://gcc.gnu.org/onlinedocs/gcc/Warning-Options.html#index-Wdeprecated-declarations-Wdeprecated-declarations]8;;[m[K]
  509 |   EXPECT_NEAR([01;35m[Kcontroller_->command_interfaces_[0].get_value()[m[K, expected_command_value, 1e-5);
      |               [01;35m[K~~~~~~~~~~~~~~~~~~~~~~~~~~~~~~~~~~~~~~~~~~~~~^~[m[K
[01m[K/opt/ros/jazzy/src/gtest_vendor/include/gtest/gtest_pred_impl.h:79:52:[m[K [01;36m[Knote: [m[Kin definition of macro â€˜[01m[KGTEST_ASSERT_[m[Kâ€™
   79 |   if (const ::testing::AssertionResult gtest_ar = ([01;36m[Kexpression[m[K)) \
      |                                                    [01;36m[K^~~~~~~~~~[m[K
[01m[K/opt/ros/jazzy/src/gtest_vendor/include/gtest/gtest_pred_impl.h:183:3:[m[K [01;36m[Knote: [m[Kin expansion of macro â€˜[01m[KGTEST_PRED_FORMAT3_[m[Kâ€™
  183 |   [01;36m[KGTEST_PRED_FORMAT3_[m[K(pred_format, v1, v2, v3, GTEST_NONFATAL_FAILURE_)
      |   [01;36m[K^~~~~~~~~~~~~~~~~~~[m[K
[01m[K/opt/ros/jazzy/src/gtest_vendor/include/gtest/gtest.h:1986:3:[m[K [01;36m[Knote: [m[Kin expansion of macro â€˜[01m[KEXPECT_PRED_FORMAT3[m[Kâ€™
 1986 |   [01;36m[KEXPECT_PRED_FORMAT3[m[K(::testing::internal::DoubleNearPredFormat, val1, val2, \
      |   [01;36m[K^~~~~~~~~~~~~~~~~~~[m[K
[01m[K/home/rumy/acrome_ws/src/ros2_controllers/pid_controller/test/test_pid_controller.cpp:509:3:[m[K [01;36m[Knote: [m[Kin expansion of macro â€˜[01m[KEXPECT_NEAR[m[Kâ€™
  509 |   [01;36m[KEXPECT_NEAR[m[K(controller_->command_interfaces_[0].get_value(), expected_command_value, 1e-5);
      |   [01;36m[K^~~~~~~~~~~[m[K
[01m[K/opt/ros/jazzy/include/hardware_interface/hardware_interface/loaned_command_interface.hpp:134:10:[m[K [01;36m[Knote: [m[Kdeclared here
  134 |   double [01;36m[Kget_value[m[K() const
      |          [01;36m[K^~~~~~~~~[m[K
[01m[K/home/rumy/acrome_ws/src/ros2_controllers/pid_controller/test/test_pid_controller.cpp:[m[K In member function â€˜[01m[Kvirtual void PidControllerTest_test_update_chained_feedforward_with_gain_Test::[01;32m[KTestBody[m[K()[m[Kâ€™:
[01m[K/home/rumy/acrome_ws/src/ros2_controllers/pid_controller/test/test_pid_controller.cpp:647:58:[m[K [01;35m[Kwarning: [m[Kâ€˜[01m[Kdouble hardware_interface::LoanedCommandInterface::[01;32m[Kget_value[m[K() const[m[Kâ€™ is deprecated: Use std::optional<T> get_optional() instead to retrieve the value. This method will be removed by the ROS 2 Kilted Kaiju release. [[01;35m[K]8;;https://gcc.gnu.org/onlinedocs/gcc/Warning-Options.html#index-Wdeprecated-declarations-Wdeprecated-declarations]8;;[m[K]
  647 |   ASSERT_EQ([01;35m[Kcontroller_->command_interfaces_[0].get_value()[m[K, expected_command_value);
      |             [01;35m[K~~~~~~~~~~~~~~~~~~~~~~~~~~~~~~~~~~~~~~~~~~~~~^~[m[K
[01m[K/opt/ros/jazzy/src/gtest_vendor/include/gtest/gtest_pred_impl.h:79:52:[m[K [01;36m[Knote: [m[Kin definition of macro â€˜[01m[KGTEST_ASSERT_[m[Kâ€™
   79 |   if (const ::testing::AssertionResult gtest_ar = ([01;36m[Kexpression[m[K)) \
      |                                                    [01;36m[K^~~~~~~~~~[m[K
[01m[K/opt/ros/jazzy/src/gtest_vendor/include/gtest/gtest_pred_impl.h:148:3:[m[K [01;36m[Knote: [m[Kin expansion of macro â€˜[01m[KGTEST_PRED_FORMAT2_[m[Kâ€™
  148 |   [01;36m[KGTEST_PRED_FORMAT2_[m[K(pred_format, v1, v2, GTEST_FATAL_FAILURE_)
      |   [01;36m[K^~~~~~~~~~~~~~~~~~~[m[K
[01m[K/opt/ros/jazzy/src/gtest_vendor/include/gtest/gtest.h:1882:3:[m[K [01;36m[Knote: [m[Kin expansion of macro â€˜[01m[KASSERT_PRED_FORMAT2[m[Kâ€™
 1882 |   [01;36m[KASSERT_PRED_FORMAT2[m[K(::testing::internal::EqHelper::Compare, val1, val2)
      |   [01;36m[K^~~~~~~~~~~~~~~~~~~[m[K
[01m[K/opt/ros/jazzy/src/gtest_vendor/include/gtest/gtest.h:1898:31:[m[K [01;36m[Knote: [m[Kin expansion of macro â€˜[01m[KGTEST_ASSERT_EQ[m[Kâ€™
 1898 | #define ASSERT_EQ(val1, val2) [01;36m[KGTEST_ASSERT_EQ[m[K(val1, val2)
      |                               [01;36m[K^~~~~~~~~~~~~~~[m[K
[01m[K/home/rumy/acrome_ws/src/ros2_controllers/pid_controller/test/test_pid_controller.cpp:647:3:[m[K [01;36m[Knote: [m[Kin expansion of macro â€˜[01m[KASSERT_EQ[m[Kâ€™
  647 |   [01;36m[KASSERT_EQ[m[K(controller_->command_interfaces_[0].get_value(), expected_command_value);
      |   [01;36m[K^~~~~~~~~[m[K
[01m[K/opt/ros/jazzy/include/hardware_interface/hardware_interface/loaned_command_interface.hpp:134:10:[m[K [01;36m[Knote: [m[Kdeclared here
  134 |   double [01;36m[Kget_value[m[K() const
      |          [01;36m[K^~~~~~~~~[m[K
[01m[K/home/rumy/acrome_ws/src/ros2_controllers/pid_controller/test/test_pid_controller.cpp:[m[K In member function â€˜[01m[Kvirtual void PidControllerTest_test_update_chained_feedforward_off_with_gain_Test::[01;32m[KTestBody[m[K()[m[Kâ€™:
[01m[K/home/rumy/acrome_ws/src/ros2_controllers/pid_controller/test/test_pid_controller.cpp:705:58:[m[K [01;35m[Kwarning: [m[Kâ€˜[01m[Kdouble hardware_interface::LoanedCommandInterface::[01;32m[Kget_value[m[K() const[m[Kâ€™ is deprecated: Use std::optional<T> get_optional() instead to retrieve the value. This method will be removed by the ROS 2 Kilted Kaiju release. [[01;35m[K]8;;https://gcc.gnu.org/onlinedocs/gcc/Warning-Options.html#index-Wdeprecated-declarations-Wdeprecated-declarations]8;;[m[K]
  705 |   ASSERT_EQ([01;35m[Kcontroller_->command_interfaces_[0].get_value()[m[K, expected_command_value);
      |             [01;35m[K~~~~~~~~~~~~~~~~~~~~~~~~~~~~~~~~~~~~~~~~~~~~~^~[m[K
[01m[K/opt/ros/jazzy/src/gtest_vendor/include/gtest/gtest_pred_impl.h:79:52:[m[K [01;36m[Knote: [m[Kin definition of macro â€˜[01m[KGTEST_ASSERT_[m[Kâ€™
   79 |   if (const ::testing::AssertionResult gtest_ar = ([01;36m[Kexpression[m[K)) \
      |                                                    [01;36m[K^~~~~~~~~~[m[K
[01m[K/opt/ros/jazzy/src/gtest_vendor/include/gtest/gtest_pred_impl.h:148:3:[m[K [01;36m[Knote: [m[Kin expansion of macro â€˜[01m[KGTEST_PRED_FORMAT2_[m[Kâ€™
  148 |   [01;36m[KGTEST_PRED_FORMAT2_[m[K(pred_format, v1, v2, GTEST_FATAL_FAILURE_)
      |   [01;36m[K^~~~~~~~~~~~~~~~~~~[m[K
[01m[K/opt/ros/jazzy/src/gtest_vendor/include/gtest/gtest.h:1882:3:[m[K [01;36m[Knote: [m[Kin expansion of macro â€˜[01m[KASSERT_PRED_FORMAT2[m[Kâ€™
 1882 |   [01;36m[KASSERT_PRED_FORMAT2[m[K(::testing::internal::EqHelper::Compare, val1, val2)
      |   [01;36m[K^~~~~~~~~~~~~~~~~~~[m[K
[01m[K/opt/ros/jazzy/src/gtest_vendor/include/gtest/gtest.h:1898:31:[m[K [01;36m[Knote: [m[Kin expansion of macro â€˜[01m[KGTEST_ASSERT_EQ[m[Kâ€™
 1898 | #define ASSERT_EQ(val1, val2) [01;36m[KGTEST_ASSERT_EQ[m[K(val1, val2)
      |                               [01;36m[K^~~~~~~~~~~~~~~[m[K
[01m[K/home/rumy/acrome_ws/src/ros2_controllers/pid_controller/test/test_pid_controller.cpp:705:3:[m[K [01;36m[Knote: [m[Kin expansion of macro â€˜[01m[KASSERT_EQ[m[Kâ€™
  705 |   [01;36m[KASSERT_EQ[m[K(controller_->command_interfaces_[0].get_value(), expected_command_value);
      |   [01;36m[K^~~~~~~~~[m[K
[01m[K/opt/ros/jazzy/include/hardware_interface/hardware_interface/loaned_command_interface.hpp:134:10:[m[K [01;36m[Knote: [m[Kdeclared here
  134 |   double [01;36m[Kget_value[m[K() const
      |          [01;36m[K^~~~~~~~~[m[K
[01m[K/home/rumy/acrome_ws/src/ros2_controllers/pid_controller/test/test_pid_controller.cpp:[m[K In member function â€˜[01m[Kvirtual void PidControllerTest_test_save_i_term_off_Test::[01;32m[KTestBody[m[K()[m[Kâ€™:
[01m[K/home/rumy/acrome_ws/src/ros2_controllers/pid_controller/test/test_pid_controller.cpp:741:81:[m[K [01;35m[Kwarning: [m[Kâ€˜[01m[Kdouble hardware_interface::LoanedCommandInterface::[01;32m[Kget_value[m[K() const[m[Kâ€™ is deprecated: Use std::optional<T> get_optional() instead to retrieve the value. This method will be removed by the ROS 2 Kilted Kaiju release. [[01;35m[K]8;;https://gcc.gnu.org/onlinedocs/gcc/Warning-Options.html#index-Wdeprecated-declarations-Wdeprecated-declarations]8;;[m[K]
  741 | e = std::round([01;35m[Kcontroller_->command_interfaces_[0].get_value()[m[K * 1e5) / 1e5;
      |                [01;35m[K~~~~~~~~~~~~~~~~~~~~~~~~~~~~~~~~~~~~~~~~~~~~~^~[m[K

[01m[K/opt/ros/jazzy/include/hardware_interface/hardware_interface/loaned_command_interface.hpp:134:10:[m[K [01;36m[Knote: [m[Kdeclared here
  134 |   double [01;36m[Kget_value[m[K() const
      |          [01;36m[K^~~~~~~~~[m[K
[01m[K/home/rumy/acrome_ws/src/ros2_controllers/pid_controller/test/test_pid_controller.cpp:754:74:[m[K [01;35m[Kwarning: [m[Kâ€˜[01m[Kdouble hardware_interface::LoanedCommandInterface::[01;32m[Kget_value[m[K() const[m[Kâ€™ is deprecated: Use std::optional<T> get_optional() instead to retrieve the value. This method will be removed by the ROS 2 Kilted Kaiju release. [[01;35m[K]8;;https://gcc.gnu.org/onlinedocs/gcc/Warning-Options.html#index-Wdeprecated-declarations-Wdeprecated-declarations]8;;[m[K]
  754 | e = std::round([01;35m[Kcontroller_->command_interfaces_[0].get_value()[m[K * 1e5) / 1e5;
      |                [01;35m[K~~~~~~~~~~~~~~~~~~~~~~~~~~~~~~~~~~~~~~~~~~~~~^~[m[K

[01m[K/opt/ros/jazzy/include/hardware_interface/hardware_interface/loaned_command_interface.hpp:134:10:[m[K [01;36m[Knote: [m[Kdeclared here
  134 |   double [01;36m[Kget_value[m[K() const
      |          [01;36m[K^~~~~~~~~[m[K
[01m[K/home/rumy/acrome_ws/src/ros2_controllers/pid_controller/test/test_pid_controller.cpp:[m[K In member function â€˜[01m[Kvirtual void PidControllerTest_test_save_i_term_on_Test::[01;32m[KTestBody[m[K()[m[Kâ€™:
[01m[K/home/rumy/acrome_ws/src/ros2_controllers/pid_controller/test/test_pid_controller.cpp:791:81:[m[K [01;35m[Kwarning: [m[Kâ€˜[01m[Kdouble hardware_interface::LoanedCommandInterface::[01;32m[Kget_value[m[K() const[m[Kâ€™ is deprecated: Use std::optional<T> get_optional() instead to retrieve the value. This method will be removed by the ROS 2 Kilted Kaiju release. [[01;35m[K]8;;https://gcc.gnu.org/onlinedocs/gcc/Warning-Options.html#index-Wdeprecated-declarations-Wdeprecated-declarations]8;;[m[K]
  791 | e = std::round([01;35m[Kcontroller_->command_interfaces_[0].get_value()[m[K * 1e5) / 1e5;
      |                [01;35m[K~~~~~~~~~~~~~~~~~~~~~~~~~~~~~~~~~~~~~~~~~~~~~^~[m[K

[01m[K/opt/ros/jazzy/include/hardware_interface/hardware_interface/loaned_command_interface.hpp:134:10:[m[K [01;36m[Knote: [m[Kdeclared here
  134 |   double [01;36m[Kget_value[m[K() const
      |          [01;36m[K^~~~~~~~~[m[K
[01m[K/home/rumy/acrome_ws/src/ros2_controllers/pid_controller/test/test_pid_controller.cpp:804:74:[m[K [01;35m[Kwarning: [m[Kâ€˜[01m[Kdouble hardware_interface::LoanedCommandInterface::[01;32m[Kget_value[m[K() const[m[Kâ€™ is deprecated: Use std::optional<T> get_optional() instead to retrieve the value. This method will be removed by the ROS 2 Kilted Kaiju release. [[01;35m[K]8;;https://gcc.gnu.org/onlinedocs/gcc/Warning-Options.html#index-Wdeprecated-declarations-Wdeprecated-declarations]8;;[m[K]
  804 | e = std::round([01;35m[Kcontroller_->command_interfaces_[0].get_value()[m[K * 1e5) / 1e5;
      |                [01;35m[K~~~~~~~~~~~~~~~~~~~~~~~~~~~~~~~~~~~~~~~~~~~~~^~[m[K

[01m[K/opt/ros/jazzy/include/hardware_interface/hardware_interface/loaned_command_interface.hpp:134:10:[m[K [01;36m[Knote: [m[Kdeclared here
  134 |   double [01;36m[Kget_value[m[K() const
      |          [01;36m[K^~~~~~~~~[m[K
[ 88%] [32m[1mLinking CXX executable test_pid_controller_preceding[0m
[ 94%] [32m[1mLinking CXX executable test_pid_controller_dual_interface[0m
[ 94%] Built target test_pid_controller_preceding
[ 94%] Built target test_pid_controller_dual_interface
[100%] [32m[1mLinking CXX executable test_pid_controller[0m
[100%] Built target test_pid_controller
-- Install configuration: ""
-- Execute custom install script
-- Symlinking: /home/rumy/acrome_ws/install/pid_controller/include/pid_controller/pid_controller_parameters.hpp
-- Symlinking: /home/rumy/acrome_ws/install/pid_controller/share/pid_controller//pid_controller.xml
-- Symlinking: /home/rumy/acrome_ws/install/pid_controller/include/pid_controller/pid_controller/pid_controller.hpp
-- Symlinking: /home/rumy/acrome_ws/install/pid_controller/share/pid_controller/environment/library_path.sh
-- Symlinking: /home/rumy/acrome_ws/install/pid_controller/share/pid_controller/environment/library_path.dsv
-- Symlinking: /home/rumy/acrome_ws/install/pid_controller/share/ament_index/resource_index/package_run_dependencies/pid_controller
-- Symlinking: /home/rumy/acrome_ws/install/pid_controller/share/ament_index/resource_index/parent_prefix_path/pid_controller
-- Symlinking: /home/rumy/acrome_ws/install/pid_controller/share/pid_controller/environment/ament_prefix_path.sh
-- Symlinking: /home/rumy/acrome_ws/install/pid_controller/share/pid_controller/environment/ament_prefix_path.dsv
-- Symlinking: /home/rumy/acrome_ws/install/pid_controller/share/pid_controller/environment/path.sh
-- Symlinking: /home/rumy/acrome_ws/install/pid_controller/share/pid_controller/environment/path.dsv
-- Symlinking: /home/rumy/acrome_ws/install/pid_controller/share/pid_controller/local_setup.bash
-- Symlinking: /home/rumy/acrome_ws/install/pid_controller/share/pid_controller/local_setup.sh
-- Symlinking: /home/rumy/acrome_ws/install/pid_controller/share/pid_controller/local_setup.zsh
-- Symlinking: /home/rumy/acrome_ws/install/pid_controller/share/pid_controller/local_setup.dsv
-- Symlinking: /home/rumy/acrome_ws/install/pid_controller/share/pid_controller/package.dsv
-- Symlinking: /home/rumy/acrome_ws/install/pid_controller/share/ament_index/resource_index/packages/pid_controller
-- Symlinking: /home/rumy/acrome_ws/install/pid_controller/share/ament_index/resource_index/controller_interface__pluginlib__plugin/pid_controller
-- Symlinking: /home/rumy/acrome_ws/install/pid_controller/share/pid_controller/cmake/ament_cmake_export_dependencies-extras.cmake
-- Symlinking: /home/rumy/acrome_ws/install/pid_controller/share/pid_controller/cmake/ament_cmake_export_targets-extras.cmake
-- Symlinking: /home/rumy/acrome_ws/install/pid_controller/share/pid_controller/cmake/pid_controllerConfig.cmake
-- Symlinking: /home/rumy/acrome_ws/install/pid_controller/share/pid_controller/cmake/pid_controllerConfig-version.cmake
-- Symlinking: /home/rumy/acrome_ws/install/pid_controller/share/pid_controller/package.xml
-- Installing: /home/rumy/acrome_ws/install/pid_controller/lib/libpid_controller.so
-- Set non-toolchain portion of runtime path of "/home/rumy/acrome_ws/install/pid_controller/lib/libpid_controller.so" to ""
-- Installing: /home/rumy/acrome_ws/install/pid_controller/share/pid_controller/cmake/export_pid_controllerExport.cmake
-- Installing: /home/rumy/acrome_ws/install/pid_controller/share/pid_controller/cmake/export_pid_controllerExport-noconfig.cmake
