[0.061s] Invoking command in '/home/rumy/acrome_ws/build/pid_controller': CMAKE_PREFIX_PATH=/home/rumy/acrome_ws/install/control_toolbox:/home/rumy/acrome_ws/install/velocity_controllers:/home/rumy/acrome_ws/install/tricycle_steering_controller:/home/rumy/acrome_ws/install/tricycle_controller:/home/rumy/acrome_ws/install/bicycle_steering_controller:/home/rumy/acrome_ws/install/ackermann_steering_controller:/home/rumy/acrome_ws/install/steering_controllers_library:/home/rumy/acrome_ws/install/range_sensor_broadcaster:/home/rumy/acrome_ws/install/position_controllers:/home/rumy/acrome_ws/install/pose_broadcaster:/home/rumy/acrome_ws/install/parallel_gripper_controller:/home/rumy/acrome_ws/install/omni_wheel_drive_controller:/home/rumy/acrome_ws/install/mecanum_drive_controller:/home/rumy/acrome_ws/install/joint_trajectory_controller:/home/rumy/acrome_ws/install/joint_state_broadcaster:/home/rumy/acrome_ws/install/imu_sensor_broadcaster:/home/rumy/acrome_ws/install/gripper_controllers:/home/rumy/acrome_ws/install/gps_sensor_broadcaster:/home/rumy/acrome_ws/install/gpio_controllers:/home/rumy/acrome_ws/install/effort_controllers:/home/rumy/acrome_ws/install/forward_command_controller:/home/rumy/acrome_ws/install/force_torque_sensor_broadcaster:/home/rumy/acrome_ws/install/diff_drive_controller:/home/rumy/acrome_ws/install/admittance_controller:/home/rumy/acrome_ws/install/acrome_mini_robot:/home/rumy/acrome_ws/src/acrome_mini_robot/install/acrome_mini_robot:/opt/ros/jazzy/opt/gz_sim_vendor:/opt/ros/jazzy/opt/gz_sensors_vendor:/opt/ros/jazzy/opt/gz_physics_vendor:/opt/ros/jazzy/opt/sdformat_vendor:/opt/ros/jazzy/opt/gz_gui_vendor:/opt/ros/jazzy/opt/gz_transport_vendor:/opt/ros/jazzy/opt/gz_rendering_vendor:/opt/ros/jazzy/opt/gz_plugin_vendor:/opt/ros/jazzy/opt/gz_fuel_tools_vendor:/opt/ros/jazzy/opt/gz_msgs_vendor:/opt/ros/jazzy/opt/gz_common_vendor:/opt/ros/jazzy/opt/gz_math_vendor:/opt/ros/jazzy/opt/gz_utils_vendor:/opt/ros/jazzy/opt/gz_tools_vendor:/opt/ros/jazzy/opt/gz_ogre_next_vendor:/opt/ros/jazzy/opt/gz_dartsim_vendor:/opt/ros/jazzy/opt/gz_cmake_vendor:/home/rumy/acrome_ws/install/rqt_joint_trajectory_controller:/home/rumy/acrome_ws/install/ros2_controllers_test_nodes:/opt/ros/jazzy DEBUGINFOD_URLS=https://debuginfod.ubuntu.com LD_LIBRARY_PATH=/home/rumy/acrome_ws/install/control_toolbox/lib:/home/rumy/acrome_ws/install/velocity_controllers/lib:/home/rumy/acrome_ws/install/tricycle_steering_controller/lib:/home/rumy/acrome_ws/install/tricycle_controller/lib:/home/rumy/acrome_ws/install/bicycle_steering_controller/lib:/home/rumy/acrome_ws/install/ackermann_steering_controller/lib:/home/rumy/acrome_ws/install/steering_controllers_library/lib:/home/rumy/acrome_ws/install/range_sensor_broadcaster/lib:/home/rumy/acrome_ws/install/position_controllers/lib:/home/rumy/acrome_ws/install/pose_broadcaster/lib:/home/rumy/acrome_ws/install/parallel_gripper_controller/lib:/home/rumy/acrome_ws/install/omni_wheel_drive_controller/lib:/home/rumy/acrome_ws/install/mecanum_drive_controller/lib:/home/rumy/acrome_ws/install/joint_trajectory_controller/lib:/home/rumy/acrome_ws/install/joint_state_broadcaster/lib:/home/rumy/acrome_ws/install/imu_sensor_broadcaster/lib:/home/rumy/acrome_ws/install/gripper_controllers/lib:/home/rumy/acrome_ws/install/gps_sensor_broadcaster/lib:/home/rumy/acrome_ws/install/gpio_controllers/lib:/home/rumy/acrome_ws/install/effort_controllers/lib:/home/rumy/acrome_ws/install/forward_command_controller/lib:/home/rumy/acrome_ws/install/force_torque_sensor_broadcaster/lib:/home/rumy/acrome_ws/install/diff_drive_controller/lib:/home/rumy/acrome_ws/install/admittance_controller/lib:/opt/ros/jazzy/opt/gz_sim_vendor/lib:/opt/ros/jazzy/opt/gz_sensors_vendor/lib:/opt/ros/jazzy/opt/gz_physics_vendor/lib:/opt/ros/jazzy/opt/sdformat_vendor/lib:/opt/ros/jazzy/opt/rviz_ogre_vendor/lib:/opt/ros/jazzy/lib/x86_64-linux-gnu:/opt/ros/jazzy/opt/gz_gui_vendor/lib:/opt/ros/jazzy/opt/gz_transport_vendor/lib:/opt/ros/jazzy/opt/gz_rendering_vendor/lib:/opt/ros/jazzy/opt/gz_plugin_vendor/lib:/opt/ros/jazzy/opt/gz_fuel_tools_vendor/lib:/opt/ros/jazzy/opt/gz_msgs_vendor/lib:/opt/ros/jazzy/opt/gz_common_vendor/lib:/opt/ros/jazzy/opt/gz_math_vendor/lib:/opt/ros/jazzy/opt/gz_utils_vendor/lib:/opt/ros/jazzy/opt/gz_tools_vendor/lib:/opt/ros/jazzy/opt/gz_ogre_next_vendor/lib:/opt/ros/jazzy/opt/gz_dartsim_vendor/lib:/opt/ros/jazzy/opt/gz_cmake_vendor/lib:/opt/ros/jazzy/lib /usr/bin/cmake /home/rumy/acrome_ws/src/ros2_controllers/pid_controller -DCMAKE_INSTALL_PREFIX=/home/rumy/acrome_ws/install/pid_controller
[0.088s] -- Found ros2_control_cmake: 0.2.1 (/opt/ros/jazzy/share/ros2_control_cmake/cmake)
[0.088s] -- Compiler warnings enabled for GNU
[0.088s] -- Detected GCC Version: 13.3.0 (Major: 13, Minor: 3)
[0.088s] -- Found ament_cmake: 2.5.4 (/opt/ros/jazzy/share/ament_cmake/cmake)
[0.378s] -- Override CMake install command with custom implementation using symlinks instead of copying resources
[0.384s] -- Found angles: 1.16.0 (/opt/ros/jazzy/share/angles/cmake)
[0.385s] -- Found control_msgs: 5.4.1 (/opt/ros/jazzy/share/control_msgs/cmake)
[0.409s] -- Found rosidl_generator_c: 4.6.5 (/opt/ros/jazzy/share/rosidl_generator_c/cmake)
[0.419s] -- Found rosidl_generator_cpp: 4.6.5 (/opt/ros/jazzy/share/rosidl_generator_cpp/cmake)
[0.430s] -- Using all available rosidl_typesupport_c: rosidl_typesupport_fastrtps_c;rosidl_typesupport_introspection_c
[0.442s] -- Using all available rosidl_typesupport_cpp: rosidl_typesupport_fastrtps_cpp;rosidl_typesupport_introspection_cpp
[0.597s] -- Found control_toolbox: 4.5.0 (/opt/ros/jazzy/share/control_toolbox/cmake)
[0.634s] -- Found rmw_implementation_cmake: 7.3.2 (/opt/ros/jazzy/share/rmw_implementation_cmake/cmake)
[0.636s] -- Found rmw_fastrtps_cpp: 8.4.2 (/opt/ros/jazzy/share/rmw_fastrtps_cpp/cmake)
[0.697s] -- Using RMW implementation 'rmw_fastrtps_cpp' as default
[0.841s] -- Found eigen3_cmake_module: 0.3.0 (/opt/ros/jazzy/share/eigen3_cmake_module/cmake)
[0.842s] -- Ensuring Eigen3 include directory is part of orocos-kdl CMake target
[0.911s] -- Found controller_interface: 4.32.0 (/opt/ros/jazzy/share/controller_interface/cmake)
[0.955s] -- Found std_srvs: 5.3.6 (/opt/ros/jazzy/share/std_srvs/cmake)
[0.973s] -- Found ament_cmake_gmock: 2.5.4 (/opt/ros/jazzy/share/ament_cmake_gmock/cmake)
[0.973s] -- Found controller_manager: 4.32.0 (/opt/ros/jazzy/share/controller_manager/cmake)
[1.039s] -- Found ros2_control_test_assets: 4.32.0 (/opt/ros/jazzy/share/ros2_control_test_assets/cmake)
[1.039s] -- Found gmock sources under '/opt/ros/jazzy/src/gmock_vendor': C++ tests using 'Google Mock' will be built
[1.041s] -- Found ament_cmake_gtest: 2.5.4 (/opt/ros/jazzy/share/ament_cmake_gtest/cmake)
[1.042s] -- Found gtest sources under '/opt/ros/jazzy/src/gtest_vendor': C++ tests using 'Google Test' will be built
[1.044s] -- Found gmock sources under '/opt/ros/jazzy/src/gmock_vendor': C++ tests using 'Google Mock' will be built
[1.044s] -- Found ament_cmake_gtest: 2.5.4 (/opt/ros/jazzy/share/ament_cmake_gtest/cmake)
[1.045s] -- Found gtest sources under '/opt/ros/jazzy/src/gtest_vendor': C++ tests using 'Google Test' will be built
[1.045s] -- Found gmock sources under '/opt/ros/jazzy/src/gmock_vendor': C++ tests using 'Google Mock' will be built
[1.045s] -- Found ament_cmake_gtest: 2.5.4 (/opt/ros/jazzy/share/ament_cmake_gtest/cmake)
[1.046s] -- Found gtest sources under '/opt/ros/jazzy/src/gtest_vendor': C++ tests using 'Google Test' will be built
[1.046s] -- Found gmock sources under '/opt/ros/jazzy/src/gmock_vendor': C++ tests using 'Google Mock' will be built
[1.047s] -- Found ament_cmake_gtest: 2.5.4 (/opt/ros/jazzy/share/ament_cmake_gtest/cmake)
[1.047s] -- Found gtest sources under '/opt/ros/jazzy/src/gtest_vendor': C++ tests using 'Google Test' will be built
[1.138s] -- Configuring done (1.1s)
[1.209s] -- Generating done (0.1s)
[1.223s] -- Build files have been written to: /home/rumy/acrome_ws/build/pid_controller
[1.235s] Invoked command in '/home/rumy/acrome_ws/build/pid_controller' returned '0': CMAKE_PREFIX_PATH=/home/rumy/acrome_ws/install/control_toolbox:/home/rumy/acrome_ws/install/velocity_controllers:/home/rumy/acrome_ws/install/tricycle_steering_controller:/home/rumy/acrome_ws/install/tricycle_controller:/home/rumy/acrome_ws/install/bicycle_steering_controller:/home/rumy/acrome_ws/install/ackermann_steering_controller:/home/rumy/acrome_ws/install/steering_controllers_library:/home/rumy/acrome_ws/install/range_sensor_broadcaster:/home/rumy/acrome_ws/install/position_controllers:/home/rumy/acrome_ws/install/pose_broadcaster:/home/rumy/acrome_ws/install/parallel_gripper_controller:/home/rumy/acrome_ws/install/omni_wheel_drive_controller:/home/rumy/acrome_ws/install/mecanum_drive_controller:/home/rumy/acrome_ws/install/joint_trajectory_controller:/home/rumy/acrome_ws/install/joint_state_broadcaster:/home/rumy/acrome_ws/install/imu_sensor_broadcaster:/home/rumy/acrome_ws/install/gripper_controllers:/home/rumy/acrome_ws/install/gps_sensor_broadcaster:/home/rumy/acrome_ws/install/gpio_controllers:/home/rumy/acrome_ws/install/effort_controllers:/home/rumy/acrome_ws/install/forward_command_controller:/home/rumy/acrome_ws/install/force_torque_sensor_broadcaster:/home/rumy/acrome_ws/install/diff_drive_controller:/home/rumy/acrome_ws/install/admittance_controller:/home/rumy/acrome_ws/install/acrome_mini_robot:/home/rumy/acrome_ws/src/acrome_mini_robot/install/acrome_mini_robot:/opt/ros/jazzy/opt/gz_sim_vendor:/opt/ros/jazzy/opt/gz_sensors_vendor:/opt/ros/jazzy/opt/gz_physics_vendor:/opt/ros/jazzy/opt/sdformat_vendor:/opt/ros/jazzy/opt/gz_gui_vendor:/opt/ros/jazzy/opt/gz_transport_vendor:/opt/ros/jazzy/opt/gz_rendering_vendor:/opt/ros/jazzy/opt/gz_plugin_vendor:/opt/ros/jazzy/opt/gz_fuel_tools_vendor:/opt/ros/jazzy/opt/gz_msgs_vendor:/opt/ros/jazzy/opt/gz_common_vendor:/opt/ros/jazzy/opt/gz_math_vendor:/opt/ros/jazzy/opt/gz_utils_vendor:/opt/ros/jazzy/opt/gz_tools_vendor:/opt/ros/jazzy/opt/gz_ogre_next_vendor:/opt/ros/jazzy/opt/gz_dartsim_vendor:/opt/ros/jazzy/opt/gz_cmake_vendor:/home/rumy/acrome_ws/install/rqt_joint_trajectory_controller:/home/rumy/acrome_ws/install/ros2_controllers_test_nodes:/opt/ros/jazzy DEBUGINFOD_URLS=https://debuginfod.ubuntu.com LD_LIBRARY_PATH=/home/rumy/acrome_ws/install/control_toolbox/lib:/home/rumy/acrome_ws/install/velocity_controllers/lib:/home/rumy/acrome_ws/install/tricycle_steering_controller/lib:/home/rumy/acrome_ws/install/tricycle_controller/lib:/home/rumy/acrome_ws/install/bicycle_steering_controller/lib:/home/rumy/acrome_ws/install/ackermann_steering_controller/lib:/home/rumy/acrome_ws/install/steering_controllers_library/lib:/home/rumy/acrome_ws/install/range_sensor_broadcaster/lib:/home/rumy/acrome_ws/install/position_controllers/lib:/home/rumy/acrome_ws/install/pose_broadcaster/lib:/home/rumy/acrome_ws/install/parallel_gripper_controller/lib:/home/rumy/acrome_ws/install/omni_wheel_drive_controller/lib:/home/rumy/acrome_ws/install/mecanum_drive_controller/lib:/home/rumy/acrome_ws/install/joint_trajectory_controller/lib:/home/rumy/acrome_ws/install/joint_state_broadcaster/lib:/home/rumy/acrome_ws/install/imu_sensor_broadcaster/lib:/home/rumy/acrome_ws/install/gripper_controllers/lib:/home/rumy/acrome_ws/install/gps_sensor_broadcaster/lib:/home/rumy/acrome_ws/install/gpio_controllers/lib:/home/rumy/acrome_ws/install/effort_controllers/lib:/home/rumy/acrome_ws/install/forward_command_controller/lib:/home/rumy/acrome_ws/install/force_torque_sensor_broadcaster/lib:/home/rumy/acrome_ws/install/diff_drive_controller/lib:/home/rumy/acrome_ws/install/admittance_controller/lib:/opt/ros/jazzy/opt/gz_sim_vendor/lib:/opt/ros/jazzy/opt/gz_sensors_vendor/lib:/opt/ros/jazzy/opt/gz_physics_vendor/lib:/opt/ros/jazzy/opt/sdformat_vendor/lib:/opt/ros/jazzy/opt/rviz_ogre_vendor/lib:/opt/ros/jazzy/lib/x86_64-linux-gnu:/opt/ros/jazzy/opt/gz_gui_vendor/lib:/opt/ros/jazzy/opt/gz_transport_vendor/lib:/opt/ros/jazzy/opt/gz_rendering_vendor/lib:/opt/ros/jazzy/opt/gz_plugin_vendor/lib:/opt/ros/jazzy/opt/gz_fuel_tools_vendor/lib:/opt/ros/jazzy/opt/gz_msgs_vendor/lib:/opt/ros/jazzy/opt/gz_common_vendor/lib:/opt/ros/jazzy/opt/gz_math_vendor/lib:/opt/ros/jazzy/opt/gz_utils_vendor/lib:/opt/ros/jazzy/opt/gz_tools_vendor/lib:/opt/ros/jazzy/opt/gz_ogre_next_vendor/lib:/opt/ros/jazzy/opt/gz_dartsim_vendor/lib:/opt/ros/jazzy/opt/gz_cmake_vendor/lib:/opt/ros/jazzy/lib /usr/bin/cmake /home/rumy/acrome_ws/src/ros2_controllers/pid_controller -DCMAKE_INSTALL_PREFIX=/home/rumy/acrome_ws/install/pid_controller
[1.236s] Invoking command in '/home/rumy/acrome_ws/build/pid_controller': CMAKE_PREFIX_PATH=/home/rumy/acrome_ws/install/control_toolbox:/home/rumy/acrome_ws/install/velocity_controllers:/home/rumy/acrome_ws/install/tricycle_steering_controller:/home/rumy/acrome_ws/install/tricycle_controller:/home/rumy/acrome_ws/install/bicycle_steering_controller:/home/rumy/acrome_ws/install/ackermann_steering_controller:/home/rumy/acrome_ws/install/steering_controllers_library:/home/rumy/acrome_ws/install/range_sensor_broadcaster:/home/rumy/acrome_ws/install/position_controllers:/home/rumy/acrome_ws/install/pose_broadcaster:/home/rumy/acrome_ws/install/parallel_gripper_controller:/home/rumy/acrome_ws/install/omni_wheel_drive_controller:/home/rumy/acrome_ws/install/mecanum_drive_controller:/home/rumy/acrome_ws/install/joint_trajectory_controller:/home/rumy/acrome_ws/install/joint_state_broadcaster:/home/rumy/acrome_ws/install/imu_sensor_broadcaster:/home/rumy/acrome_ws/install/gripper_controllers:/home/rumy/acrome_ws/install/gps_sensor_broadcaster:/home/rumy/acrome_ws/install/gpio_controllers:/home/rumy/acrome_ws/install/effort_controllers:/home/rumy/acrome_ws/install/forward_command_controller:/home/rumy/acrome_ws/install/force_torque_sensor_broadcaster:/home/rumy/acrome_ws/install/diff_drive_controller:/home/rumy/acrome_ws/install/admittance_controller:/home/rumy/acrome_ws/install/acrome_mini_robot:/home/rumy/acrome_ws/src/acrome_mini_robot/install/acrome_mini_robot:/opt/ros/jazzy/opt/gz_sim_vendor:/opt/ros/jazzy/opt/gz_sensors_vendor:/opt/ros/jazzy/opt/gz_physics_vendor:/opt/ros/jazzy/opt/sdformat_vendor:/opt/ros/jazzy/opt/gz_gui_vendor:/opt/ros/jazzy/opt/gz_transport_vendor:/opt/ros/jazzy/opt/gz_rendering_vendor:/opt/ros/jazzy/opt/gz_plugin_vendor:/opt/ros/jazzy/opt/gz_fuel_tools_vendor:/opt/ros/jazzy/opt/gz_msgs_vendor:/opt/ros/jazzy/opt/gz_common_vendor:/opt/ros/jazzy/opt/gz_math_vendor:/opt/ros/jazzy/opt/gz_utils_vendor:/opt/ros/jazzy/opt/gz_tools_vendor:/opt/ros/jazzy/opt/gz_ogre_next_vendor:/opt/ros/jazzy/opt/gz_dartsim_vendor:/opt/ros/jazzy/opt/gz_cmake_vendor:/home/rumy/acrome_ws/install/rqt_joint_trajectory_controller:/home/rumy/acrome_ws/install/ros2_controllers_test_nodes:/opt/ros/jazzy DEBUGINFOD_URLS=https://debuginfod.ubuntu.com LD_LIBRARY_PATH=/home/rumy/acrome_ws/install/control_toolbox/lib:/home/rumy/acrome_ws/install/velocity_controllers/lib:/home/rumy/acrome_ws/install/tricycle_steering_controller/lib:/home/rumy/acrome_ws/install/tricycle_controller/lib:/home/rumy/acrome_ws/install/bicycle_steering_controller/lib:/home/rumy/acrome_ws/install/ackermann_steering_controller/lib:/home/rumy/acrome_ws/install/steering_controllers_library/lib:/home/rumy/acrome_ws/install/range_sensor_broadcaster/lib:/home/rumy/acrome_ws/install/position_controllers/lib:/home/rumy/acrome_ws/install/pose_broadcaster/lib:/home/rumy/acrome_ws/install/parallel_gripper_controller/lib:/home/rumy/acrome_ws/install/omni_wheel_drive_controller/lib:/home/rumy/acrome_ws/install/mecanum_drive_controller/lib:/home/rumy/acrome_ws/install/joint_trajectory_controller/lib:/home/rumy/acrome_ws/install/joint_state_broadcaster/lib:/home/rumy/acrome_ws/install/imu_sensor_broadcaster/lib:/home/rumy/acrome_ws/install/gripper_controllers/lib:/home/rumy/acrome_ws/install/gps_sensor_broadcaster/lib:/home/rumy/acrome_ws/install/gpio_controllers/lib:/home/rumy/acrome_ws/install/effort_controllers/lib:/home/rumy/acrome_ws/install/forward_command_controller/lib:/home/rumy/acrome_ws/install/force_torque_sensor_broadcaster/lib:/home/rumy/acrome_ws/install/diff_drive_controller/lib:/home/rumy/acrome_ws/install/admittance_controller/lib:/opt/ros/jazzy/opt/gz_sim_vendor/lib:/opt/ros/jazzy/opt/gz_sensors_vendor/lib:/opt/ros/jazzy/opt/gz_physics_vendor/lib:/opt/ros/jazzy/opt/sdformat_vendor/lib:/opt/ros/jazzy/opt/rviz_ogre_vendor/lib:/opt/ros/jazzy/lib/x86_64-linux-gnu:/opt/ros/jazzy/opt/gz_gui_vendor/lib:/opt/ros/jazzy/opt/gz_transport_vendor/lib:/opt/ros/jazzy/opt/gz_rendering_vendor/lib:/opt/ros/jazzy/opt/gz_plugin_vendor/lib:/opt/ros/jazzy/opt/gz_fuel_tools_vendor/lib:/opt/ros/jazzy/opt/gz_msgs_vendor/lib:/opt/ros/jazzy/opt/gz_common_vendor/lib:/opt/ros/jazzy/opt/gz_math_vendor/lib:/opt/ros/jazzy/opt/gz_utils_vendor/lib:/opt/ros/jazzy/opt/gz_tools_vendor/lib:/opt/ros/jazzy/opt/gz_ogre_next_vendor/lib:/opt/ros/jazzy/opt/gz_dartsim_vendor/lib:/opt/ros/jazzy/opt/gz_cmake_vendor/lib:/opt/ros/jazzy/lib /usr/bin/cmake --build /home/rumy/acrome_ws/build/pid_controller -- -j12 -l12
[1.286s] [ 11%] Built target pid_controller_parameters
[1.288s] [ 23%] Built target gmock_main
[1.289s] [ 41%] Built target gmock
[1.312s] [ 47%] [32mBuilding CXX object CMakeFiles/pid_controller.dir/src/pid_controller.cpp.o[0m
[1.315s] [ 58%] Built target test_load_pid_controller
[3.391s] [01m[K/home/rumy/acrome_ws/src/ros2_controllers/pid_controller/src/pid_controller.cpp:[m[K In member function â€˜[01m[Kvirtual controller_interface::return_type pid_controller::PidController::[01;32m[Kupdate_and_write_commands[m[K(const rclcpp::Time&, const rclcpp::Duration&)[m[Kâ€™:
[3.391s] [01m[K/home/rumy/acrome_ws/src/ros2_controllers/pid_controller/src/pid_controller.cpp:496:65:[m[K [01;35m[Kwarning: [m[Kâ€˜[01m[Kdouble hardware_interface::LoanedStateInterface::[01;32m[Kget_value[m[K() const[m[Kâ€™ is deprecated: Use std::optional<T> get_optional() instead to retrieve the value. This method will be removed by the ROS 2 Kilted Kaiju release. [[01;35m[K]8;;https://gcc.gnu.org/onlinedocs/gcc/Warning-Options.html#index-Wdeprecated-declarations-Wdeprecated-declarations]8;;[m[K]
[3.391s]   496 |       measured_state_values_[i] = [01;35m[Kstate_interfaces_[i].get_value()[m[K;
[3.391s]       |                                   [01;35m[K~~~~~~~~~~~~~~~~~~~~~~~~~~~~~~^~[m[K
[3.391s] In file included from [01m[K/opt/ros/jazzy/include/controller_interface/controller_interface/controller_interface_base.hpp:28[m[K,
[3.391s]                  from [01m[K/opt/ros/jazzy/include/controller_interface/controller_interface/chainable_controller_interface.hpp:23[m[K,
[3.391s]                  from [01m[K/home/rumy/acrome_ws/src/ros2_controllers/pid_controller/include/pid_controller/pid_controller.hpp:28[m[K,
[3.391s]                  from [01m[K/home/rumy/acrome_ws/src/ros2_controllers/pid_controller/src/pid_controller.cpp:18[m[K:
[3.391s] [01m[K/opt/ros/jazzy/include/hardware_interface/hardware_interface/loaned_state_interface.hpp:94:10:[m[K [01;36m[Knote: [m[Kdeclared here
[3.391s]    94 |   double [01;36m[Kget_value[m[K() const
[3.391s]       |          [01;36m[K^~~~~~~~~[m[K
[3.392s] [01m[K/home/rumy/acrome_ws/src/ros2_controllers/pid_controller/src/pid_controller.cpp:601:85:[m[K [01;35m[Kwarning: [m[Kâ€˜[01m[Kdouble hardware_interface::LoanedCommandInterface::[01;32m[Kget_value[m[K() const[m[Kâ€™ is deprecated: Use std::optional<T> get_optional() instead to retrieve the value. This method will be removed by the ROS 2 Kilted Kaiju release. [[01;35m[K]8;;https://gcc.gnu.org/onlinedocs/gcc/Warning-Options.html#index-Wdeprecated-declarations-Wdeprecated-declarations]8;;[m[K]
[3.392s]   601 | isher_->msg_.dof_states[i].output = [01;35m[Kcommand_interfaces_[i].get_value()[m[K;
[3.392s]       |                                     [01;35m[K~~~~~~~~~~~~~~~~~~~~~~~~~~~~~~~~^~[m[K
[3.392s] 
[3.392s] In file included from [01m[K/opt/ros/jazzy/include/controller_interface/controller_interface/controller_interface_base.hpp:27[m[K:
[3.392s] [01m[K/opt/ros/jazzy/include/hardware_interface/hardware_interface/loaned_command_interface.hpp:134:10:[m[K [01;36m[Knote: [m[Kdeclared here
[3.392s]   134 |   double [01;36m[Kget_value[m[K() const
[3.392s]       |          [01;36m[K^~~~~~~~~[m[K
[9.890s] [ 64%] [32m[1mLinking CXX shared library libpid_controller.so[0m
[10.227s] [ 64%] Built target pid_controller
[10.246s] [ 82%] [32mBuilding CXX object CMakeFiles/test_pid_controller.dir/test/test_pid_controller.cpp.o[0m
[10.246s] [ 82%] [32mBuilding CXX object CMakeFiles/test_pid_controller_preceding.dir/test/test_pid_controller_preceding.cpp.o[0m
[10.246s] [ 82%] [32mBuilding CXX object CMakeFiles/test_pid_controller_dual_interface.dir/test/test_pid_controller_dual_interface.cpp.o[0m
[12.755s] In file included from [01m[K/opt/ros/jazzy/src/gtest_vendor/include/gtest/gtest.h:72[m[K,
[12.755s]                  from [01m[K/opt/ros/jazzy/src/gmock_vendor/include/gmock/internal/gmock-internal-utils.h:50[m[K,
[12.755s]                  from [01m[K/opt/ros/jazzy/src/gmock_vendor/include/gmock/gmock-actions.h:145[m[K,
[12.755s]                  from [01m[K/opt/ros/jazzy/src/gmock_vendor/include/gmock/gmock.h:56[m[K,
[12.755s]                  from [01m[K/home/rumy/acrome_ws/src/ros2_controllers/pid_controller/test/test_pid_controller.hpp:21[m[K,
[12.755s]                  from [01m[K/home/rumy/acrome_ws/src/ros2_controllers/pid_controller/test/test_pid_controller_dual_interface.cpp:16[m[K:
[12.755s] [01m[K/home/rumy/acrome_ws/src/ros2_controllers/pid_controller/test/test_pid_controller_dual_interface.cpp:[m[K In member function â€˜[01m[Kvirtual void PidControllerDualInterfaceTest_test_chained_feedforward_with_gain_dual_interface_Test::[01;32m[KTestBody[m[K()[m[Kâ€™:
[12.755s] [01m[K/home/rumy/acrome_ws/src/ros2_controllers/pid_controller/test/test_pid_controller_dual_interface.cpp:98:58:[m[K [01;35m[Kwarning: [m[Kâ€˜[01m[Kdouble hardware_interface::LoanedCommandInterface::[01;32m[Kget_value[m[K() const[m[Kâ€™ is deprecated: Use std::optional<T> get_optional() instead to retrieve the value. This method will be removed by the ROS 2 Kilted Kaiju release. [[01;35m[K]8;;https://gcc.gnu.org/onlinedocs/gcc/Warning-Options.html#index-Wdeprecated-declarations-Wdeprecated-declarations]8;;[m[K]
[12.755s]    98 |   ASSERT_EQ([01;35m[Kcontroller_->command_interfaces_[0].get_value()[m[K, joint1_expected_cmd);
[12.756s]       |             [01;35m[K~~~~~~~~~~~~~~~~~~~~~~~~~~~~~~~~~~~~~~~~~~~~~^~[m[K
[12.756s] [01m[K/opt/ros/jazzy/src/gtest_vendor/include/gtest/gtest_pred_impl.h:79:52:[m[K [01;36m[Knote: [m[Kin definition of macro â€˜[01m[KGTEST_ASSERT_[m[Kâ€™
[12.756s]    79 |   if (const ::testing::AssertionResult gtest_ar = ([01;36m[Kexpression[m[K)) \
[12.756s]       |                                                    [01;36m[K^~~~~~~~~~[m[K
[12.756s] [01m[K/opt/ros/jazzy/src/gtest_vendor/include/gtest/gtest_pred_impl.h:148:3:[m[K [01;36m[Knote: [m[Kin expansion of macro â€˜[01m[KGTEST_PRED_FORMAT2_[m[Kâ€™
[12.756s]   148 |   [01;36m[KGTEST_PRED_FORMAT2_[m[K(pred_format, v1, v2, GTEST_FATAL_FAILURE_)
[12.756s]       |   [01;36m[K^~~~~~~~~~~~~~~~~~~[m[K
[12.756s] [01m[K/opt/ros/jazzy/src/gtest_vendor/include/gtest/gtest.h:1882:3:[m[K [01;36m[Knote: [m[Kin expansion of macro â€˜[01m[KASSERT_PRED_FORMAT2[m[Kâ€™
[12.756s]  1882 |   [01;36m[KASSERT_PRED_FORMAT2[m[K(::testing::internal::EqHelper::Compare, val1, val2)
[12.756s]       |   [01;36m[K^~~~~~~~~~~~~~~~~~~[m[K
[12.756s] [01m[K/opt/ros/jazzy/src/gtest_vendor/include/gtest/gtest.h:1898:31:[m[K [01;36m[Knote: [m[Kin expansion of macro â€˜[01m[KGTEST_ASSERT_EQ[m[Kâ€™
[12.756s]  1898 | #define ASSERT_EQ(val1, val2) [01;36m[KGTEST_ASSERT_EQ[m[K(val1, val2)
[12.756s]       |                               [01;36m[K^~~~~~~~~~~~~~~[m[K
[12.756s] [01m[K/home/rumy/acrome_ws/src/ros2_controllers/pid_controller/test/test_pid_controller_dual_interface.cpp:98:3:[m[K [01;36m[Knote: [m[Kin expansion of macro â€˜[01m[KASSERT_EQ[m[Kâ€™
[12.756s]    98 |   [01;36m[KASSERT_EQ[m[K(controller_->command_interfaces_[0].get_value(), joint1_expected_cmd);
[12.756s]       |   [01;36m[K^~~~~~~~~[m[K
[12.756s] In file included from [01m[K/home/rumy/acrome_ws/src/ros2_controllers/pid_controller/test/test_pid_controller.hpp:30[m[K:
[12.756s] [01m[K/opt/ros/jazzy/include/hardware_interface/hardware_interface/loaned_command_interface.hpp:134:10:[m[K [01;36m[Knote: [m[Kdeclared here
[12.756s]   134 |   double [01;36m[Kget_value[m[K() const
[12.757s]       |          [01;36m[K^~~~~~~~~[m[K
[12.757s] [01m[K/home/rumy/acrome_ws/src/ros2_controllers/pid_controller/test/test_pid_controller_dual_interface.cpp:99:58:[m[K [01;35m[Kwarning: [m[Kâ€˜[01m[Kdouble hardware_interface::LoanedCommandInterface::[01;32m[Kget_value[m[K() const[m[Kâ€™ is deprecated: Use std::optional<T> get_optional() instead to retrieve the value. This method will be removed by the ROS 2 Kilted Kaiju release. [[01;35m[K]8;;https://gcc.gnu.org/onlinedocs/gcc/Warning-Options.html#index-Wdeprecated-declarations-Wdeprecated-declarations]8;;[m[K]
[12.757s]    99 |   ASSERT_EQ([01;35m[Kcontroller_->command_interfaces_[1].get_value()[m[K, joint2_expected_cmd);
[12.757s]       |             [01;35m[K~~~~~~~~~~~~~~~~~~~~~~~~~~~~~~~~~~~~~~~~~~~~~^~[m[K
[12.757s] [01m[K/opt/ros/jazzy/src/gtest_vendor/include/gtest/gtest_pred_impl.h:79:52:[m[K [01;36m[Knote: [m[Kin definition of macro â€˜[01m[KGTEST_ASSERT_[m[Kâ€™
[12.757s]    79 |   if (const ::testing::AssertionResult gtest_ar = ([01;36m[Kexpression[m[K)) \
[12.757s]       |                                                    [01;36m[K^~~~~~~~~~[m[K
[12.757s] [01m[K/opt/ros/jazzy/src/gtest_vendor/include/gtest/gtest_pred_impl.h:148:3:[m[K [01;36m[Knote: [m[Kin expansion of macro â€˜[01m[KGTEST_PRED_FORMAT2_[m[Kâ€™
[12.757s]   148 |   [01;36m[KGTEST_PRED_FORMAT2_[m[K(pred_format, v1, v2, GTEST_FATAL_FAILURE_)
[12.757s]       |   [01;36m[K^~~~~~~~~~~~~~~~~~~[m[K
[12.757s] [01m[K/opt/ros/jazzy/src/gtest_vendor/include/gtest/gtest.h:1882:3:[m[K [01;36m[Knote: [m[Kin expansion of macro â€˜[01m[KASSERT_PRED_FORMAT2[m[Kâ€™
[12.757s]  1882 |   [01;36m[KASSERT_PRED_FORMAT2[m[K(::testing::internal::EqHelper::Compare, val1, val2)
[12.757s]       |   [01;36m[K^~~~~~~~~~~~~~~~~~~[m[K
[12.757s] [01m[K/opt/ros/jazzy/src/gtest_vendor/include/gtest/gtest.h:1898:31:[m[K [01;36m[Knote: [m[Kin expansion of macro â€˜[01m[KGTEST_ASSERT_EQ[m[Kâ€™
[12.757s]  1898 | #define ASSERT_EQ(val1, val2) [01;36m[KGTEST_ASSERT_EQ[m[K(val1, val2)
[12.757s]       |                               [01;36m[K^~~~~~~~~~~~~~~[m[K
[12.757s] [01m[K/home/rumy/acrome_ws/src/ros2_controllers/pid_controller/test/test_pid_controller_dual_interface.cpp:99:3:[m[K [01;36m[Knote: [m[Kin expansion of macro â€˜[01m[KASSERT_EQ[m[Kâ€™
[12.757s]    99 |   [01;36m[KASSERT_EQ[m[K(controller_->command_interfaces_[1].get_value(), joint2_expected_cmd);
[12.757s]       |   [01;36m[K^~~~~~~~~[m[K
[12.758s] [01m[K/opt/ros/jazzy/include/hardware_interface/hardware_interface/loaned_command_interface.hpp:134:10:[m[K [01;36m[Knote: [m[Kdeclared here
[12.758s]   134 |   double [01;36m[Kget_value[m[K() const
[12.758s]       |          [01;36m[K^~~~~~~~~[m[K
[12.795s] In file included from [01m[K/opt/ros/jazzy/src/gtest_vendor/include/gtest/gtest.h:72[m[K,
[12.795s]                  from [01m[K/opt/ros/jazzy/src/gmock_vendor/include/gmock/internal/gmock-internal-utils.h:50[m[K,
[12.795s]                  from [01m[K/opt/ros/jazzy/src/gmock_vendor/include/gmock/gmock-actions.h:145[m[K,
[12.795s]                  from [01m[K/opt/ros/jazzy/src/gmock_vendor/include/gmock/gmock.h:56[m[K,
[12.795s]                  from [01m[K/home/rumy/acrome_ws/src/ros2_controllers/pid_controller/test/test_pid_controller.hpp:21[m[K,
[12.795s]                  from [01m[K/home/rumy/acrome_ws/src/ros2_controllers/pid_controller/test/test_pid_controller.cpp:18[m[K:
[12.795s] [01m[K/home/rumy/acrome_ws/src/ros2_controllers/pid_controller/test/test_pid_controller.cpp:[m[K In member function â€˜[01m[Kvirtual void PidControllerTest_reactivate_success_Test::[01;32m[KTestBody[m[K()[m[Kâ€™:
[12.795s] [01m[K/home/rumy/acrome_ws/src/ros2_controllers/pid_controller/test/test_pid_controller.cpp:182:58:[m[K [01;35m[Kwarning: [m[Kâ€˜[01m[Kdouble hardware_interface::LoanedCommandInterface::[01;32m[Kget_value[m[K() const[m[Kâ€™ is deprecated: Use std::optional<T> get_optional() instead to retrieve the value. This method will be removed by the ROS 2 Kilted Kaiju release. [[01;35m[K]8;;https://gcc.gnu.org/onlinedocs/gcc/Warning-Options.html#index-Wdeprecated-declarations-Wdeprecated-declarations]8;;[m[K]
[12.795s]   182 |   ASSERT_EQ([01;35m[Kcontroller_->command_interfaces_[0].get_value()[m[K, 101.101);
[12.795s]       |             [01;35m[K~~~~~~~~~~~~~~~~~~~~~~~~~~~~~~~~~~~~~~~~~~~~~^~[m[K
[12.795s] [01m[K/opt/ros/jazzy/src/gtest_vendor/include/gtest/gtest_pred_impl.h:79:52:[m[K [01;36m[Knote: [m[Kin definition of macro â€˜[01m[KGTEST_ASSERT_[m[Kâ€™
[12.795s]    79 |   if (const ::testing::AssertionResult gtest_ar = ([01;36m[Kexpression[m[K)) \
[12.796s]       |                                                    [01;36m[K^~~~~~~~~~[m[K
[12.796s] [01m[K/opt/ros/jazzy/src/gtest_vendor/include/gtest/gtest_pred_impl.h:148:3:[m[K [01;36m[Knote: [m[Kin expansion of macro â€˜[01m[KGTEST_PRED_FORMAT2_[m[Kâ€™
[12.796s]   148 |   [01;36m[KGTEST_PRED_FORMAT2_[m[K(pred_format, v1, v2, GTEST_FATAL_FAILURE_)
[12.796s]       |   [01;36m[K^~~~~~~~~~~~~~~~~~~[m[K
[12.796s] [01m[K/opt/ros/jazzy/src/gtest_vendor/include/gtest/gtest.h:1882:3:[m[K [01;36m[Knote: [m[Kin expansion of macro â€˜[01m[KASSERT_PRED_FORMAT2[m[Kâ€™
[12.796s]  1882 |   [01;36m[KASSERT_PRED_FORMAT2[m[K(::testing::internal::EqHelper::Compare, val1, val2)
[12.796s]       |   [01;36m[K^~~~~~~~~~~~~~~~~~~[m[K
[12.796s] [01m[K/opt/ros/jazzy/src/gtest_vendor/include/gtest/gtest.h:1898:31:[m[K [01;36m[Knote: [m[Kin expansion of macro â€˜[01m[KGTEST_ASSERT_EQ[m[Kâ€™
[12.796s]  1898 | #define ASSERT_EQ(val1, val2) [01;36m[KGTEST_ASSERT_EQ[m[K(val1, val2)
[12.796s]       |                               [01;36m[K^~~~~~~~~~~~~~~[m[K
[12.796s] [01m[K/home/rumy/acrome_ws/src/ros2_controllers/pid_controller/test/test_pid_controller.cpp:182:3:[m[K [01;36m[Knote: [m[Kin expansion of macro â€˜[01m[KASSERT_EQ[m[Kâ€™
[12.796s]   182 |   [01;36m[KASSERT_EQ[m[K(controller_->command_interfaces_[0].get_value(), 101.101);
[12.797s]       |   [01;36m[K^~~~~~~~~[m[K
[12.797s] In file included from [01m[K/home/rumy/acrome_ws/src/ros2_controllers/pid_controller/test/test_pid_controller.hpp:30[m[K:
[12.797s] [01m[K/opt/ros/jazzy/include/hardware_interface/hardware_interface/loaned_command_interface.hpp:134:10:[m[K [01;36m[Knote: [m[Kdeclared here
[12.797s]   134 |   double [01;36m[Kget_value[m[K() const
[12.797s]       |          [01;36m[K^~~~~~~~~[m[K
[12.797s] [01m[K/home/rumy/acrome_ws/src/ros2_controllers/pid_controller/test/test_pid_controller.cpp:186:58:[m[K [01;35m[Kwarning: [m[Kâ€˜[01m[Kdouble hardware_interface::LoanedCommandInterface::[01;32m[Kget_value[m[K() const[m[Kâ€™ is deprecated: Use std::optional<T> get_optional() instead to retrieve the value. This method will be removed by the ROS 2 Kilted Kaiju release. [[01;35m[K]8;;https://gcc.gnu.org/onlinedocs/gcc/Warning-Options.html#index-Wdeprecated-declarations-Wdeprecated-declarations]8;;[m[K]
[12.797s]   186 |   ASSERT_EQ([01;35m[Kcontroller_->command_interfaces_[0].get_value()[m[K, 101.101);
[12.797s]       |             [01;35m[K~~~~~~~~~~~~~~~~~~~~~~~~~~~~~~~~~~~~~~~~~~~~~^~[m[K
[12.797s] [01m[K/opt/ros/jazzy/src/gtest_vendor/include/gtest/gtest_pred_impl.h:79:52:[m[K [01;36m[Knote: [m[Kin definition of macro â€˜[01m[KGTEST_ASSERT_[m[Kâ€™
[12.797s]    79 |   if (const ::testing::AssertionResult gtest_ar = ([01;36m[Kexpression[m[K)) \
[12.797s]       |                                                    [01;36m[K^~~~~~~~~~[m[K
[12.797s] [01m[K/opt/ros/jazzy/src/gtest_vendor/include/gtest/gtest_pred_impl.h:148:3:[m[K [01;36m[Knote: [m[Kin expansion of macro â€˜[01m[KGTEST_PRED_FORMAT2_[m[Kâ€™
[12.797s]   148 |   [01;36m[KGTEST_PRED_FORMAT2_[m[K(pred_format, v1, v2, GTEST_FATAL_FAILURE_)
[12.797s]       |   [01;36m[K^~~~~~~~~~~~~~~~~~~[m[K
[12.797s] [01m[K/opt/ros/jazzy/src/gtest_vendor/include/gtest/gtest.h:1882:3:[m[K [01;36m[Knote: [m[Kin expansion of macro â€˜[01m[KASSERT_PRED_FORMAT2[m[Kâ€™
[12.797s]  1882 |   [01;36m[KASSERT_PRED_FORMAT2[m[K(::testing::internal::EqHelper::Compare, val1, val2)
[12.797s]       |   [01;36m[K^~~~~~~~~~~~~~~~~~~[m[K
[12.797s] [01m[K/opt/ros/jazzy/src/gtest_vendor/include/gtest/gtest.h:1898:31:[m[K [01;36m[Knote: [m[Kin expansion of macro â€˜[01m[KGTEST_ASSERT_EQ[m[Kâ€™
[12.798s]  1898 | #define ASSERT_EQ(val1, val2) [01;36m[KGTEST_ASSERT_EQ[m[K(val1, val2)
[12.798s]       |                               [01;36m[K^~~~~~~~~~~~~~~[m[K
[12.798s] [01m[K/home/rumy/acrome_ws/src/ros2_controllers/pid_controller/test/test_pid_controller.cpp:186:3:[m[K [01;36m[Knote: [m[Kin expansion of macro â€˜[01m[KASSERT_EQ[m[Kâ€™
[12.798s]   186 |   [01;36m[KASSERT_EQ[m[K(controller_->command_interfaces_[0].get_value(), 101.101);
[12.798s]       |   [01;36m[K^~~~~~~~~[m[K
[12.798s] [01m[K/opt/ros/jazzy/include/hardware_interface/hardware_interface/loaned_command_interface.hpp:134:10:[m[K [01;36m[Knote: [m[Kdeclared here
[12.798s]   134 |   double [01;36m[Kget_value[m[K() const
[12.798s]       |          [01;36m[K^~~~~~~~~[m[K
[12.798s] [01m[K/home/rumy/acrome_ws/src/ros2_controllers/pid_controller/test/test_pid_controller.cpp:190:58:[m[K [01;35m[Kwarning: [m[Kâ€˜[01m[Kdouble hardware_interface::LoanedCommandInterface::[01;32m[Kget_value[m[K() const[m[Kâ€™ is deprecated: Use std::optional<T> get_optional() instead to retrieve the value. This method will be removed by the ROS 2 Kilted Kaiju release. [[01;35m[K]8;;https://gcc.gnu.org/onlinedocs/gcc/Warning-Options.html#index-Wdeprecated-declarations-Wdeprecated-declarations]8;;[m[K]
[12.798s]   190 |   ASSERT_EQ([01;35m[Kcontroller_->command_interfaces_[0].get_value()[m[K, 101.101);
[12.798s]       |             [01;35m[K~~~~~~~~~~~~~~~~~~~~~~~~~~~~~~~~~~~~~~~~~~~~~^~[m[K
[12.798s] [01m[K/opt/ros/jazzy/src/gtest_vendor/include/gtest/gtest_pred_impl.h:79:52:[m[K [01;36m[Knote: [m[Kin definition of macro â€˜[01m[KGTEST_ASSERT_[m[Kâ€™
[12.798s]    79 |   if (const ::testing::AssertionResult gtest_ar = ([01;36m[Kexpression[m[K)) \
[12.798s]       |                                                    [01;36m[K^~~~~~~~~~[m[K
[12.798s] [01m[K/opt/ros/jazzy/src/gtest_vendor/include/gtest/gtest_pred_impl.h:148:3:[m[K [01;36m[Knote: [m[Kin expansion of macro â€˜[01m[KGTEST_PRED_FORMAT2_[m[Kâ€™
[12.798s]   148 |   [01;36m[KGTEST_PRED_FORMAT2_[m[K(pred_format, v1, v2, GTEST_FATAL_FAILURE_)
[12.798s]       |   [01;36m[K^~~~~~~~~~~~~~~~~~~[m[K
[12.798s] [01m[K/opt/ros/jazzy/src/gtest_vendor/include/gtest/gtest.h:1882:3:[m[K [01;36m[Knote: [m[Kin expansion of macro â€˜[01m[KASSERT_PRED_FORMAT2[m[Kâ€™
[12.798s]  1882 |   [01;36m[KASSERT_PRED_FORMAT2[m[K(::testing::internal::EqHelper::Compare, val1, val2)
[12.799s]       |   [01;36m[K^~~~~~~~~~~~~~~~~~~[m[K
[12.799s] [01m[K/opt/ros/jazzy/src/gtest_vendor/include/gtest/gtest.h:1898:31:[m[K [01;36m[Knote: [m[Kin expansion of macro â€˜[01m[KGTEST_ASSERT_EQ[m[Kâ€™
[12.799s]  1898 | #define ASSERT_EQ(val1, val2) [01;36m[KGTEST_ASSERT_EQ[m[K(val1, val2)
[12.799s]       |                               [01;36m[K^~~~~~~~~~~~~~~[m[K
[12.799s] [01m[K/home/rumy/acrome_ws/src/ros2_controllers/pid_controller/test/test_pid_controller.cpp:190:3:[m[K [01;36m[Knote: [m[Kin expansion of macro â€˜[01m[KASSERT_EQ[m[Kâ€™
[12.799s]   190 |   [01;36m[KASSERT_EQ[m[K(controller_->command_interfaces_[0].get_value(), 101.101);
[12.799s]       |   [01;36m[K^~~~~~~~~[m[K
[12.799s] [01m[K/opt/ros/jazzy/include/hardware_interface/hardware_interface/loaned_command_interface.hpp:134:10:[m[K [01;36m[Knote: [m[Kdeclared here
[12.799s]   134 |   double [01;36m[Kget_value[m[K() const
[12.799s]       |          [01;36m[K^~~~~~~~~[m[K
[12.808s] [01m[K/home/rumy/acrome_ws/src/ros2_controllers/pid_controller/test/test_pid_controller.cpp:[m[K In member function â€˜[01m[Kvirtual void PidControllerTest_test_update_logic_feedforward_off_Test::[01;32m[KTestBody[m[K()[m[Kâ€™:
[12.808s] [01m[K/home/rumy/acrome_ws/src/ros2_controllers/pid_controller/test/test_pid_controller.cpp:322:81:[m[K [01;35m[Kwarning: [m[Kâ€˜[01m[Kdouble hardware_interface::LoanedCommandInterface::[01;32m[Kget_value[m[K() const[m[Kâ€™ is deprecated: Use std::optional<T> get_optional() instead to retrieve the value. This method will be removed by the ROS 2 Kilted Kaiju release. [[01;35m[K]8;;https://gcc.gnu.org/onlinedocs/gcc/Warning-Options.html#index-Wdeprecated-declarations-Wdeprecated-declarations]8;;[m[K]
[12.809s]   322 | e = std::round([01;35m[Kcontroller_->command_interfaces_[0].get_value()[m[K * 1e5) / 1e5;
[12.809s]       |                [01;35m[K~~~~~~~~~~~~~~~~~~~~~~~~~~~~~~~~~~~~~~~~~~~~~^~[m[K
[12.809s] 
[12.809s] [01m[K/opt/ros/jazzy/include/hardware_interface/hardware_interface/loaned_command_interface.hpp:134:10:[m[K [01;36m[Knote: [m[Kdeclared here
[12.809s]   134 |   double [01;36m[Kget_value[m[K() const
[12.809s]       |          [01;36m[K^~~~~~~~~[m[K
[12.812s] [01m[K/home/rumy/acrome_ws/src/ros2_controllers/pid_controller/test/test_pid_controller.cpp:[m[K In member function â€˜[01m[Kvirtual void PidControllerTest_test_update_logic_feedforward_on_with_zero_feedforward_gain_Test::[01;32m[KTestBody[m[K()[m[Kâ€™:
[12.812s] [01m[K/home/rumy/acrome_ws/src/ros2_controllers/pid_controller/test/test_pid_controller.cpp:382:83:[m[K [01;35m[Kwarning: [m[Kâ€˜[01m[Kdouble hardware_interface::LoanedCommandInterface::[01;32m[Kget_value[m[K() const[m[Kâ€™ is deprecated: Use std::optional<T> get_optional() instead to retrieve the value. This method will be removed by the ROS 2 Kilted Kaiju release. [[01;35m[K]8;;https://gcc.gnu.org/onlinedocs/gcc/Warning-Options.html#index-Wdeprecated-declarations-Wdeprecated-declarations]8;;[m[K]
[12.813s]   382 | e = std::round([01;35m[Kcontroller_->command_interfaces_[0].get_value()[m[K * 1e5) / 1e5;
[12.813s]       |                [01;35m[K~~~~~~~~~~~~~~~~~~~~~~~~~~~~~~~~~~~~~~~~~~~~~^~[m[K
[12.813s] 
[12.813s] [01m[K/opt/ros/jazzy/include/hardware_interface/hardware_interface/loaned_command_interface.hpp:134:10:[m[K [01;36m[Knote: [m[Kdeclared here
[12.813s]   134 |   double [01;36m[Kget_value[m[K() const
[12.813s]       |          [01;36m[K^~~~~~~~~[m[K
[12.815s] [01m[K/home/rumy/acrome_ws/src/ros2_controllers/pid_controller/test/test_pid_controller.cpp:[m[K In member function â€˜[01m[Kvirtual void PidControllerTest_test_update_logic_chainable_not_use_subscriber_update_Test::[01;32m[KTestBody[m[K()[m[Kâ€™:
[12.815s] [01m[K/home/rumy/acrome_ws/src/ros2_controllers/pid_controller/test/test_pid_controller.cpp:439:60:[m[K [01;35m[Kwarning: [m[Kâ€˜[01m[Kdouble hardware_interface::LoanedCommandInterface::[01;32m[Kget_value[m[K() const[m[Kâ€™ is deprecated: Use std::optional<T> get_optional() instead to retrieve the value. This method will be removed by the ROS 2 Kilted Kaiju release. [[01;35m[K]8;;https://gcc.gnu.org/onlinedocs/gcc/Warning-Options.html#index-Wdeprecated-declarations-Wdeprecated-declarations]8;;[m[K]
[12.816s]   439 |     EXPECT_EQ([01;35m[Kcontroller_->command_interfaces_[0].get_value()[m[K, expected_command_value);
[12.816s]       |               [01;35m[K~~~~~~~~~~~~~~~~~~~~~~~~~~~~~~~~~~~~~~~~~~~~~^~[m[K
[12.816s] [01m[K/opt/ros/jazzy/src/gtest_vendor/include/gtest/gtest_pred_impl.h:79:52:[m[K [01;36m[Knote: [m[Kin definition of macro â€˜[01m[KGTEST_ASSERT_[m[Kâ€™
[12.816s]    79 |   if (const ::testing::AssertionResult gtest_ar = ([01;36m[Kexpression[m[K)) \
[12.816s]       |                                                    [01;36m[K^~~~~~~~~~[m[K
[12.816s] [01m[K/opt/ros/jazzy/src/gtest_vendor/include/gtest/gtest_pred_impl.h:144:3:[m[K [01;36m[Knote: [m[Kin expansion of macro â€˜[01m[KGTEST_PRED_FORMAT2_[m[Kâ€™
[12.816s]   144 |   [01;36m[KGTEST_PRED_FORMAT2_[m[K(pred_format, v1, v2, GTEST_NONFATAL_FAILURE_)
[12.816s]       |   [01;36m[K^~~~~~~~~~~~~~~~~~~[m[K
[12.816s] [01m[K/opt/ros/jazzy/src/gtest_vendor/include/gtest/gtest.h:1869:3:[m[K [01;36m[Knote: [m[Kin expansion of macro â€˜[01m[KEXPECT_PRED_FORMAT2[m[Kâ€™
[12.816s]  1869 |   [01;36m[KEXPECT_PRED_FORMAT2[m[K(::testing::internal::EqHelper::Compare, val1, val2)
[12.816s]       |   [01;36m[K^~~~~~~~~~~~~~~~~~~[m[K
[12.816s] [01m[K/home/rumy/acrome_ws/src/ros2_controllers/pid_controller/test/test_pid_controller.cpp:439:5:[m[K [01;36m[Knote: [m[Kin expansion of macro â€˜[01m[KEXPECT_EQ[m[Kâ€™
[12.816s]   439 |     [01;36m[KEXPECT_EQ[m[K(controller_->command_interfaces_[0].get_value(), expected_command_value);
[12.816s]       |     [01;36m[K^~~~~~~~~[m[K
[12.816s] [01m[K/opt/ros/jazzy/include/hardware_interface/hardware_interface/loaned_command_interface.hpp:134:10:[m[K [01;36m[Knote: [m[Kdeclared here
[12.816s]   134 |   double [01;36m[Kget_value[m[K() const
[12.816s]       |          [01;36m[K^~~~~~~~~[m[K
[12.817s] [01m[K/home/rumy/acrome_ws/src/ros2_controllers/pid_controller/test/test_pid_controller.cpp:[m[K In member function â€˜[01m[Kvirtual void PidControllerTest_test_update_logic_angle_wraparound_off_Test::[01;32m[KTestBody[m[K()[m[Kâ€™:
[12.817s] [01m[K/home/rumy/acrome_ws/src/ros2_controllers/pid_controller/test/test_pid_controller.cpp:473:60:[m[K [01;35m[Kwarning: [m[Kâ€˜[01m[Kdouble hardware_interface::LoanedCommandInterface::[01;32m[Kget_value[m[K() const[m[Kâ€™ is deprecated: Use std::optional<T> get_optional() instead to retrieve the value. This method will be removed by the ROS 2 Kilted Kaiju release. [[01;35m[K]8;;https://gcc.gnu.org/onlinedocs/gcc/Warning-Options.html#index-Wdeprecated-declarations-Wdeprecated-declarations]8;;[m[K]
[12.817s]   473 |   EXPECT_NEAR([01;35m[Kcontroller_->command_interfaces_[0].get_value()[m[K, expected_command_value, 1e-5);
[12.818s]       |               [01;35m[K~~~~~~~~~~~~~~~~~~~~~~~~~~~~~~~~~~~~~~~~~~~~~^~[m[K
[12.818s] [01m[K/opt/ros/jazzy/src/gtest_vendor/include/gtest/gtest_pred_impl.h:79:52:[m[K [01;36m[Knote: [m[Kin definition of macro â€˜[01m[KGTEST_ASSERT_[m[Kâ€™
[12.818s]    79 |   if (const ::testing::AssertionResult gtest_ar = ([01;36m[Kexpression[m[K)) \
[12.818s]       |                                                    [01;36m[K^~~~~~~~~~[m[K
[12.818s] [01m[K/opt/ros/jazzy/src/gtest_vendor/include/gtest/gtest_pred_impl.h:183:3:[m[K [01;36m[Knote: [m[Kin expansion of macro â€˜[01m[KGTEST_PRED_FORMAT3_[m[Kâ€™
[12.818s]   183 |   [01;36m[KGTEST_PRED_FORMAT3_[m[K(pred_format, v1, v2, v3, GTEST_NONFATAL_FAILURE_)
[12.818s]       |   [01;36m[K^~~~~~~~~~~~~~~~~~~[m[K
[12.818s] [01m[K/opt/ros/jazzy/src/gtest_vendor/include/gtest/gtest.h:1986:3:[m[K [01;36m[Knote: [m[Kin expansion of macro â€˜[01m[KEXPECT_PRED_FORMAT3[m[Kâ€™
[12.818s]  1986 |   [01;36m[KEXPECT_PRED_FORMAT3[m[K(::testing::internal::DoubleNearPredFormat, val1, val2, \
[12.818s]       |   [01;36m[K^~~~~~~~~~~~~~~~~~~[m[K
[12.818s] [01m[K/home/rumy/acrome_ws/src/ros2_controllers/pid_controller/test/test_pid_controller.cpp:473:3:[m[K [01;36m[Knote: [m[Kin expansion of macro â€˜[01m[KEXPECT_NEAR[m[Kâ€™
[12.818s]   473 |   [01;36m[KEXPECT_NEAR[m[K(controller_->command_interfaces_[0].get_value(), expected_command_value, 1e-5);
[12.818s]       |   [01;36m[K^~~~~~~~~~~[m[K
[12.818s] [01m[K/opt/ros/jazzy/include/hardware_interface/hardware_interface/loaned_command_interface.hpp:134:10:[m[K [01;36m[Knote: [m[Kdeclared here
[12.818s]   134 |   double [01;36m[Kget_value[m[K() const
[12.818s]       |          [01;36m[K^~~~~~~~~[m[K
[12.819s] [01m[K/home/rumy/acrome_ws/src/ros2_controllers/pid_controller/test/test_pid_controller.cpp:[m[K In member function â€˜[01m[Kvirtual void PidControllerTest_test_update_logic_angle_wraparound_on_Test::[01;32m[KTestBody[m[K()[m[Kâ€™:
[12.819s] [01m[K/home/rumy/acrome_ws/src/ros2_controllers/pid_controller/test/test_pid_controller.cpp:509:60:[m[K [01;35m[Kwarning: [m[Kâ€˜[01m[Kdouble hardware_interface::LoanedCommandInterface::[01;32m[Kget_value[m[K() const[m[Kâ€™ is deprecated: Use std::optional<T> get_optional() instead to retrieve the value. This method will be removed by the ROS 2 Kilted Kaiju release. [[01;35m[K]8;;https://gcc.gnu.org/onlinedocs/gcc/Warning-Options.html#index-Wdeprecated-declarations-Wdeprecated-declarations]8;;[m[K]
[12.819s]   509 |   EXPECT_NEAR([01;35m[Kcontroller_->command_interfaces_[0].get_value()[m[K, expected_command_value, 1e-5);
[12.819s]       |               [01;35m[K~~~~~~~~~~~~~~~~~~~~~~~~~~~~~~~~~~~~~~~~~~~~~^~[m[K
[12.819s] [01m[K/opt/ros/jazzy/src/gtest_vendor/include/gtest/gtest_pred_impl.h:79:52:[m[K [01;36m[Knote: [m[Kin definition of macro â€˜[01m[KGTEST_ASSERT_[m[Kâ€™
[12.819s]    79 |   if (const ::testing::AssertionResult gtest_ar = ([01;36m[Kexpression[m[K)) \
[12.820s]       |                                                    [01;36m[K^~~~~~~~~~[m[K
[12.820s] [01m[K/opt/ros/jazzy/src/gtest_vendor/include/gtest/gtest_pred_impl.h:183:3:[m[K [01;36m[Knote: [m[Kin expansion of macro â€˜[01m[KGTEST_PRED_FORMAT3_[m[Kâ€™
[12.820s]   183 |   [01;36m[KGTEST_PRED_FORMAT3_[m[K(pred_format, v1, v2, v3, GTEST_NONFATAL_FAILURE_)
[12.820s]       |   [01;36m[K^~~~~~~~~~~~~~~~~~~[m[K
[12.820s] [01m[K/opt/ros/jazzy/src/gtest_vendor/include/gtest/gtest.h:1986:3:[m[K [01;36m[Knote: [m[Kin expansion of macro â€˜[01m[KEXPECT_PRED_FORMAT3[m[Kâ€™
[12.820s]  1986 |   [01;36m[KEXPECT_PRED_FORMAT3[m[K(::testing::internal::DoubleNearPredFormat, val1, val2, \
[12.820s]       |   [01;36m[K^~~~~~~~~~~~~~~~~~~[m[K
[12.820s] [01m[K/home/rumy/acrome_ws/src/ros2_controllers/pid_controller/test/test_pid_controller.cpp:509:3:[m[K [01;36m[Knote: [m[Kin expansion of macro â€˜[01m[KEXPECT_NEAR[m[Kâ€™
[12.820s]   509 |   [01;36m[KEXPECT_NEAR[m[K(controller_->command_interfaces_[0].get_value(), expected_command_value, 1e-5);
[12.820s]       |   [01;36m[K^~~~~~~~~~~[m[K
[12.820s] [01m[K/opt/ros/jazzy/include/hardware_interface/hardware_interface/loaned_command_interface.hpp:134:10:[m[K [01;36m[Knote: [m[Kdeclared here
[12.820s]   134 |   double [01;36m[Kget_value[m[K() const
[12.820s]       |          [01;36m[K^~~~~~~~~[m[K
[12.828s] [01m[K/home/rumy/acrome_ws/src/ros2_controllers/pid_controller/test/test_pid_controller.cpp:[m[K In member function â€˜[01m[Kvirtual void PidControllerTest_test_update_chained_feedforward_with_gain_Test::[01;32m[KTestBody[m[K()[m[Kâ€™:
[12.828s] [01m[K/home/rumy/acrome_ws/src/ros2_controllers/pid_controller/test/test_pid_controller.cpp:647:58:[m[K [01;35m[Kwarning: [m[Kâ€˜[01m[Kdouble hardware_interface::LoanedCommandInterface::[01;32m[Kget_value[m[K() const[m[Kâ€™ is deprecated: Use std::optional<T> get_optional() instead to retrieve the value. This method will be removed by the ROS 2 Kilted Kaiju release. [[01;35m[K]8;;https://gcc.gnu.org/onlinedocs/gcc/Warning-Options.html#index-Wdeprecated-declarations-Wdeprecated-declarations]8;;[m[K]
[12.828s]   647 |   ASSERT_EQ([01;35m[Kcontroller_->command_interfaces_[0].get_value()[m[K, expected_command_value);
[12.828s]       |             [01;35m[K~~~~~~~~~~~~~~~~~~~~~~~~~~~~~~~~~~~~~~~~~~~~~^~[m[K
[12.828s] [01m[K/opt/ros/jazzy/src/gtest_vendor/include/gtest/gtest_pred_impl.h:79:52:[m[K [01;36m[Knote: [m[Kin definition of macro â€˜[01m[KGTEST_ASSERT_[m[Kâ€™
[12.828s]    79 |   if (const ::testing::AssertionResult gtest_ar = ([01;36m[Kexpression[m[K)) \
[12.828s]       |                                                    [01;36m[K^~~~~~~~~~[m[K
[12.828s] [01m[K/opt/ros/jazzy/src/gtest_vendor/include/gtest/gtest_pred_impl.h:148:3:[m[K [01;36m[Knote: [m[Kin expansion of macro â€˜[01m[KGTEST_PRED_FORMAT2_[m[Kâ€™
[12.828s]   148 |   [01;36m[KGTEST_PRED_FORMAT2_[m[K(pred_format, v1, v2, GTEST_FATAL_FAILURE_)
[12.828s]       |   [01;36m[K^~~~~~~~~~~~~~~~~~~[m[K
[12.828s] [01m[K/opt/ros/jazzy/src/gtest_vendor/include/gtest/gtest.h:1882:3:[m[K [01;36m[Knote: [m[Kin expansion of macro â€˜[01m[KASSERT_PRED_FORMAT2[m[Kâ€™
[12.828s]  1882 |   [01;36m[KASSERT_PRED_FORMAT2[m[K(::testing::internal::EqHelper::Compare, val1, val2)
[12.828s]       |   [01;36m[K^~~~~~~~~~~~~~~~~~~[m[K
[12.828s] [01m[K/opt/ros/jazzy/src/gtest_vendor/include/gtest/gtest.h:1898:31:[m[K [01;36m[Knote: [m[Kin expansion of macro â€˜[01m[KGTEST_ASSERT_EQ[m[Kâ€™
[12.828s]  1898 | #define ASSERT_EQ(val1, val2) [01;36m[KGTEST_ASSERT_EQ[m[K(val1, val2)
[12.828s]       |                               [01;36m[K^~~~~~~~~~~~~~~[m[K
[12.828s] [01m[K/home/rumy/acrome_ws/src/ros2_controllers/pid_controller/test/test_pid_controller.cpp:647:3:[m[K [01;36m[Knote: [m[Kin expansion of macro â€˜[01m[KASSERT_EQ[m[Kâ€™
[12.829s]   647 |   [01;36m[KASSERT_EQ[m[K(controller_->command_interfaces_[0].get_value(), expected_command_value);
[12.829s]       |   [01;36m[K^~~~~~~~~[m[K
[12.829s] [01m[K/opt/ros/jazzy/include/hardware_interface/hardware_interface/loaned_command_interface.hpp:134:10:[m[K [01;36m[Knote: [m[Kdeclared here
[12.829s]   134 |   double [01;36m[Kget_value[m[K() const
[12.829s]       |          [01;36m[K^~~~~~~~~[m[K
[12.831s] [01m[K/home/rumy/acrome_ws/src/ros2_controllers/pid_controller/test/test_pid_controller.cpp:[m[K In member function â€˜[01m[Kvirtual void PidControllerTest_test_update_chained_feedforward_off_with_gain_Test::[01;32m[KTestBody[m[K()[m[Kâ€™:
[12.831s] [01m[K/home/rumy/acrome_ws/src/ros2_controllers/pid_controller/test/test_pid_controller.cpp:705:58:[m[K [01;35m[Kwarning: [m[Kâ€˜[01m[Kdouble hardware_interface::LoanedCommandInterface::[01;32m[Kget_value[m[K() const[m[Kâ€™ is deprecated: Use std::optional<T> get_optional() instead to retrieve the value. This method will be removed by the ROS 2 Kilted Kaiju release. [[01;35m[K]8;;https://gcc.gnu.org/onlinedocs/gcc/Warning-Options.html#index-Wdeprecated-declarations-Wdeprecated-declarations]8;;[m[K]
[12.831s]   705 |   ASSERT_EQ([01;35m[Kcontroller_->command_interfaces_[0].get_value()[m[K, expected_command_value);
[12.831s]       |             [01;35m[K~~~~~~~~~~~~~~~~~~~~~~~~~~~~~~~~~~~~~~~~~~~~~^~[m[K
[12.831s] [01m[K/opt/ros/jazzy/src/gtest_vendor/include/gtest/gtest_pred_impl.h:79:52:[m[K [01;36m[Knote: [m[Kin definition of macro â€˜[01m[KGTEST_ASSERT_[m[Kâ€™
[12.831s]    79 |   if (const ::testing::AssertionResult gtest_ar = ([01;36m[Kexpression[m[K)) \
[12.831s]       |                                                    [01;36m[K^~~~~~~~~~[m[K
[12.831s] [01m[K/opt/ros/jazzy/src/gtest_vendor/include/gtest/gtest_pred_impl.h:148:3:[m[K [01;36m[Knote: [m[Kin expansion of macro â€˜[01m[KGTEST_PRED_FORMAT2_[m[Kâ€™
[12.831s]   148 |   [01;36m[KGTEST_PRED_FORMAT2_[m[K(pred_format, v1, v2, GTEST_FATAL_FAILURE_)
[12.831s]       |   [01;36m[K^~~~~~~~~~~~~~~~~~~[m[K
[12.831s] [01m[K/opt/ros/jazzy/src/gtest_vendor/include/gtest/gtest.h:1882:3:[m[K [01;36m[Knote: [m[Kin expansion of macro â€˜[01m[KASSERT_PRED_FORMAT2[m[Kâ€™
[12.831s]  1882 |   [01;36m[KASSERT_PRED_FORMAT2[m[K(::testing::internal::EqHelper::Compare, val1, val2)
[12.831s]       |   [01;36m[K^~~~~~~~~~~~~~~~~~~[m[K
[12.831s] [01m[K/opt/ros/jazzy/src/gtest_vendor/include/gtest/gtest.h:1898:31:[m[K [01;36m[Knote: [m[Kin expansion of macro â€˜[01m[KGTEST_ASSERT_EQ[m[Kâ€™
[12.832s]  1898 | #define ASSERT_EQ(val1, val2) [01;36m[KGTEST_ASSERT_EQ[m[K(val1, val2)
[12.832s]       |                               [01;36m[K^~~~~~~~~~~~~~~[m[K
[12.832s] [01m[K/home/rumy/acrome_ws/src/ros2_controllers/pid_controller/test/test_pid_controller.cpp:705:3:[m[K [01;36m[Knote: [m[Kin expansion of macro â€˜[01m[KASSERT_EQ[m[Kâ€™
[12.832s]   705 |   [01;36m[KASSERT_EQ[m[K(controller_->command_interfaces_[0].get_value(), expected_command_value);
[12.832s]       |   [01;36m[K^~~~~~~~~[m[K
[12.832s] [01m[K/opt/ros/jazzy/include/hardware_interface/hardware_interface/loaned_command_interface.hpp:134:10:[m[K [01;36m[Knote: [m[Kdeclared here
[12.832s]   134 |   double [01;36m[Kget_value[m[K() const
[12.832s]       |          [01;36m[K^~~~~~~~~[m[K
[12.833s] [01m[K/home/rumy/acrome_ws/src/ros2_controllers/pid_controller/test/test_pid_controller.cpp:[m[K In member function â€˜[01m[Kvirtual void PidControllerTest_test_save_i_term_off_Test::[01;32m[KTestBody[m[K()[m[Kâ€™:
[12.833s] [01m[K/home/rumy/acrome_ws/src/ros2_controllers/pid_controller/test/test_pid_controller.cpp:741:81:[m[K [01;35m[Kwarning: [m[Kâ€˜[01m[Kdouble hardware_interface::LoanedCommandInterface::[01;32m[Kget_value[m[K() const[m[Kâ€™ is deprecated: Use std::optional<T> get_optional() instead to retrieve the value. This method will be removed by the ROS 2 Kilted Kaiju release. [[01;35m[K]8;;https://gcc.gnu.org/onlinedocs/gcc/Warning-Options.html#index-Wdeprecated-declarations-Wdeprecated-declarations]8;;[m[K]
[12.833s]   741 | e = std::round([01;35m[Kcontroller_->command_interfaces_[0].get_value()[m[K * 1e5) / 1e5;
[12.833s]       |                [01;35m[K~~~~~~~~~~~~~~~~~~~~~~~~~~~~~~~~~~~~~~~~~~~~~^~[m[K
[12.833s] 
[12.833s] [01m[K/opt/ros/jazzy/include/hardware_interface/hardware_interface/loaned_command_interface.hpp:134:10:[m[K [01;36m[Knote: [m[Kdeclared here
[12.833s]   134 |   double [01;36m[Kget_value[m[K() const
[12.834s]       |          [01;36m[K^~~~~~~~~[m[K
[12.834s] [01m[K/home/rumy/acrome_ws/src/ros2_controllers/pid_controller/test/test_pid_controller.cpp:754:74:[m[K [01;35m[Kwarning: [m[Kâ€˜[01m[Kdouble hardware_interface::LoanedCommandInterface::[01;32m[Kget_value[m[K() const[m[Kâ€™ is deprecated: Use std::optional<T> get_optional() instead to retrieve the value. This method will be removed by the ROS 2 Kilted Kaiju release. [[01;35m[K]8;;https://gcc.gnu.org/onlinedocs/gcc/Warning-Options.html#index-Wdeprecated-declarations-Wdeprecated-declarations]8;;[m[K]
[12.834s]   754 | e = std::round([01;35m[Kcontroller_->command_interfaces_[0].get_value()[m[K * 1e5) / 1e5;
[12.834s]       |                [01;35m[K~~~~~~~~~~~~~~~~~~~~~~~~~~~~~~~~~~~~~~~~~~~~~^~[m[K
[12.834s] 
[12.834s] [01m[K/opt/ros/jazzy/include/hardware_interface/hardware_interface/loaned_command_interface.hpp:134:10:[m[K [01;36m[Knote: [m[Kdeclared here
[12.834s]   134 |   double [01;36m[Kget_value[m[K() const
[12.834s]       |          [01;36m[K^~~~~~~~~[m[K
[12.836s] [01m[K/home/rumy/acrome_ws/src/ros2_controllers/pid_controller/test/test_pid_controller.cpp:[m[K In member function â€˜[01m[Kvirtual void PidControllerTest_test_save_i_term_on_Test::[01;32m[KTestBody[m[K()[m[Kâ€™:
[12.836s] [01m[K/home/rumy/acrome_ws/src/ros2_controllers/pid_controller/test/test_pid_controller.cpp:791:81:[m[K [01;35m[Kwarning: [m[Kâ€˜[01m[Kdouble hardware_interface::LoanedCommandInterface::[01;32m[Kget_value[m[K() const[m[Kâ€™ is deprecated: Use std::optional<T> get_optional() instead to retrieve the value. This method will be removed by the ROS 2 Kilted Kaiju release. [[01;35m[K]8;;https://gcc.gnu.org/onlinedocs/gcc/Warning-Options.html#index-Wdeprecated-declarations-Wdeprecated-declarations]8;;[m[K]
[12.836s]   791 | e = std::round([01;35m[Kcontroller_->command_interfaces_[0].get_value()[m[K * 1e5) / 1e5;
[12.836s]       |                [01;35m[K~~~~~~~~~~~~~~~~~~~~~~~~~~~~~~~~~~~~~~~~~~~~~^~[m[K
[12.836s] 
[12.836s] [01m[K/opt/ros/jazzy/include/hardware_interface/hardware_interface/loaned_command_interface.hpp:134:10:[m[K [01;36m[Knote: [m[Kdeclared here
[12.836s]   134 |   double [01;36m[Kget_value[m[K() const
[12.836s]       |          [01;36m[K^~~~~~~~~[m[K
[12.837s] [01m[K/home/rumy/acrome_ws/src/ros2_controllers/pid_controller/test/test_pid_controller.cpp:804:74:[m[K [01;35m[Kwarning: [m[Kâ€˜[01m[Kdouble hardware_interface::LoanedCommandInterface::[01;32m[Kget_value[m[K() const[m[Kâ€™ is deprecated: Use std::optional<T> get_optional() instead to retrieve the value. This method will be removed by the ROS 2 Kilted Kaiju release. [[01;35m[K]8;;https://gcc.gnu.org/onlinedocs/gcc/Warning-Options.html#index-Wdeprecated-declarations-Wdeprecated-declarations]8;;[m[K]
[12.837s]   804 | e = std::round([01;35m[Kcontroller_->command_interfaces_[0].get_value()[m[K * 1e5) / 1e5;
[12.837s]       |                [01;35m[K~~~~~~~~~~~~~~~~~~~~~~~~~~~~~~~~~~~~~~~~~~~~~^~[m[K
[12.837s] 
[12.837s] [01m[K/opt/ros/jazzy/include/hardware_interface/hardware_interface/loaned_command_interface.hpp:134:10:[m[K [01;36m[Knote: [m[Kdeclared here
[12.837s]   134 |   double [01;36m[Kget_value[m[K() const
[12.837s]       |          [01;36m[K^~~~~~~~~[m[K
[15.896s] [ 88%] [32m[1mLinking CXX executable test_pid_controller_preceding[0m
[15.911s] [ 94%] [32m[1mLinking CXX executable test_pid_controller_dual_interface[0m
[16.582s] [ 94%] Built target test_pid_controller_preceding
[16.595s] [ 94%] Built target test_pid_controller_dual_interface
[20.114s] [100%] [32m[1mLinking CXX executable test_pid_controller[0m
[20.590s] [100%] Built target test_pid_controller
[20.601s] Invoked command in '/home/rumy/acrome_ws/build/pid_controller' returned '0': CMAKE_PREFIX_PATH=/home/rumy/acrome_ws/install/control_toolbox:/home/rumy/acrome_ws/install/velocity_controllers:/home/rumy/acrome_ws/install/tricycle_steering_controller:/home/rumy/acrome_ws/install/tricycle_controller:/home/rumy/acrome_ws/install/bicycle_steering_controller:/home/rumy/acrome_ws/install/ackermann_steering_controller:/home/rumy/acrome_ws/install/steering_controllers_library:/home/rumy/acrome_ws/install/range_sensor_broadcaster:/home/rumy/acrome_ws/install/position_controllers:/home/rumy/acrome_ws/install/pose_broadcaster:/home/rumy/acrome_ws/install/parallel_gripper_controller:/home/rumy/acrome_ws/install/omni_wheel_drive_controller:/home/rumy/acrome_ws/install/mecanum_drive_controller:/home/rumy/acrome_ws/install/joint_trajectory_controller:/home/rumy/acrome_ws/install/joint_state_broadcaster:/home/rumy/acrome_ws/install/imu_sensor_broadcaster:/home/rumy/acrome_ws/install/gripper_controllers:/home/rumy/acrome_ws/install/gps_sensor_broadcaster:/home/rumy/acrome_ws/install/gpio_controllers:/home/rumy/acrome_ws/install/effort_controllers:/home/rumy/acrome_ws/install/forward_command_controller:/home/rumy/acrome_ws/install/force_torque_sensor_broadcaster:/home/rumy/acrome_ws/install/diff_drive_controller:/home/rumy/acrome_ws/install/admittance_controller:/home/rumy/acrome_ws/install/acrome_mini_robot:/home/rumy/acrome_ws/src/acrome_mini_robot/install/acrome_mini_robot:/opt/ros/jazzy/opt/gz_sim_vendor:/opt/ros/jazzy/opt/gz_sensors_vendor:/opt/ros/jazzy/opt/gz_physics_vendor:/opt/ros/jazzy/opt/sdformat_vendor:/opt/ros/jazzy/opt/gz_gui_vendor:/opt/ros/jazzy/opt/gz_transport_vendor:/opt/ros/jazzy/opt/gz_rendering_vendor:/opt/ros/jazzy/opt/gz_plugin_vendor:/opt/ros/jazzy/opt/gz_fuel_tools_vendor:/opt/ros/jazzy/opt/gz_msgs_vendor:/opt/ros/jazzy/opt/gz_common_vendor:/opt/ros/jazzy/opt/gz_math_vendor:/opt/ros/jazzy/opt/gz_utils_vendor:/opt/ros/jazzy/opt/gz_tools_vendor:/opt/ros/jazzy/opt/gz_ogre_next_vendor:/opt/ros/jazzy/opt/gz_dartsim_vendor:/opt/ros/jazzy/opt/gz_cmake_vendor:/home/rumy/acrome_ws/install/rqt_joint_trajectory_controller:/home/rumy/acrome_ws/install/ros2_controllers_test_nodes:/opt/ros/jazzy DEBUGINFOD_URLS=https://debuginfod.ubuntu.com LD_LIBRARY_PATH=/home/rumy/acrome_ws/install/control_toolbox/lib:/home/rumy/acrome_ws/install/velocity_controllers/lib:/home/rumy/acrome_ws/install/tricycle_steering_controller/lib:/home/rumy/acrome_ws/install/tricycle_controller/lib:/home/rumy/acrome_ws/install/bicycle_steering_controller/lib:/home/rumy/acrome_ws/install/ackermann_steering_controller/lib:/home/rumy/acrome_ws/install/steering_controllers_library/lib:/home/rumy/acrome_ws/install/range_sensor_broadcaster/lib:/home/rumy/acrome_ws/install/position_controllers/lib:/home/rumy/acrome_ws/install/pose_broadcaster/lib:/home/rumy/acrome_ws/install/parallel_gripper_controller/lib:/home/rumy/acrome_ws/install/omni_wheel_drive_controller/lib:/home/rumy/acrome_ws/install/mecanum_drive_controller/lib:/home/rumy/acrome_ws/install/joint_trajectory_controller/lib:/home/rumy/acrome_ws/install/joint_state_broadcaster/lib:/home/rumy/acrome_ws/install/imu_sensor_broadcaster/lib:/home/rumy/acrome_ws/install/gripper_controllers/lib:/home/rumy/acrome_ws/install/gps_sensor_broadcaster/lib:/home/rumy/acrome_ws/install/gpio_controllers/lib:/home/rumy/acrome_ws/install/effort_controllers/lib:/home/rumy/acrome_ws/install/forward_command_controller/lib:/home/rumy/acrome_ws/install/force_torque_sensor_broadcaster/lib:/home/rumy/acrome_ws/install/diff_drive_controller/lib:/home/rumy/acrome_ws/install/admittance_controller/lib:/opt/ros/jazzy/opt/gz_sim_vendor/lib:/opt/ros/jazzy/opt/gz_sensors_vendor/lib:/opt/ros/jazzy/opt/gz_physics_vendor/lib:/opt/ros/jazzy/opt/sdformat_vendor/lib:/opt/ros/jazzy/opt/rviz_ogre_vendor/lib:/opt/ros/jazzy/lib/x86_64-linux-gnu:/opt/ros/jazzy/opt/gz_gui_vendor/lib:/opt/ros/jazzy/opt/gz_transport_vendor/lib:/opt/ros/jazzy/opt/gz_rendering_vendor/lib:/opt/ros/jazzy/opt/gz_plugin_vendor/lib:/opt/ros/jazzy/opt/gz_fuel_tools_vendor/lib:/opt/ros/jazzy/opt/gz_msgs_vendor/lib:/opt/ros/jazzy/opt/gz_common_vendor/lib:/opt/ros/jazzy/opt/gz_math_vendor/lib:/opt/ros/jazzy/opt/gz_utils_vendor/lib:/opt/ros/jazzy/opt/gz_tools_vendor/lib:/opt/ros/jazzy/opt/gz_ogre_next_vendor/lib:/opt/ros/jazzy/opt/gz_dartsim_vendor/lib:/opt/ros/jazzy/opt/gz_cmake_vendor/lib:/opt/ros/jazzy/lib /usr/bin/cmake --build /home/rumy/acrome_ws/build/pid_controller -- -j12 -l12
[20.601s] Invoking command in '/home/rumy/acrome_ws/build/pid_controller': CMAKE_PREFIX_PATH=/home/rumy/acrome_ws/install/control_toolbox:/home/rumy/acrome_ws/install/velocity_controllers:/home/rumy/acrome_ws/install/tricycle_steering_controller:/home/rumy/acrome_ws/install/tricycle_controller:/home/rumy/acrome_ws/install/bicycle_steering_controller:/home/rumy/acrome_ws/install/ackermann_steering_controller:/home/rumy/acrome_ws/install/steering_controllers_library:/home/rumy/acrome_ws/install/range_sensor_broadcaster:/home/rumy/acrome_ws/install/position_controllers:/home/rumy/acrome_ws/install/pose_broadcaster:/home/rumy/acrome_ws/install/parallel_gripper_controller:/home/rumy/acrome_ws/install/omni_wheel_drive_controller:/home/rumy/acrome_ws/install/mecanum_drive_controller:/home/rumy/acrome_ws/install/joint_trajectory_controller:/home/rumy/acrome_ws/install/joint_state_broadcaster:/home/rumy/acrome_ws/install/imu_sensor_broadcaster:/home/rumy/acrome_ws/install/gripper_controllers:/home/rumy/acrome_ws/install/gps_sensor_broadcaster:/home/rumy/acrome_ws/install/gpio_controllers:/home/rumy/acrome_ws/install/effort_controllers:/home/rumy/acrome_ws/install/forward_command_controller:/home/rumy/acrome_ws/install/force_torque_sensor_broadcaster:/home/rumy/acrome_ws/install/diff_drive_controller:/home/rumy/acrome_ws/install/admittance_controller:/home/rumy/acrome_ws/install/acrome_mini_robot:/home/rumy/acrome_ws/src/acrome_mini_robot/install/acrome_mini_robot:/opt/ros/jazzy/opt/gz_sim_vendor:/opt/ros/jazzy/opt/gz_sensors_vendor:/opt/ros/jazzy/opt/gz_physics_vendor:/opt/ros/jazzy/opt/sdformat_vendor:/opt/ros/jazzy/opt/gz_gui_vendor:/opt/ros/jazzy/opt/gz_transport_vendor:/opt/ros/jazzy/opt/gz_rendering_vendor:/opt/ros/jazzy/opt/gz_plugin_vendor:/opt/ros/jazzy/opt/gz_fuel_tools_vendor:/opt/ros/jazzy/opt/gz_msgs_vendor:/opt/ros/jazzy/opt/gz_common_vendor:/opt/ros/jazzy/opt/gz_math_vendor:/opt/ros/jazzy/opt/gz_utils_vendor:/opt/ros/jazzy/opt/gz_tools_vendor:/opt/ros/jazzy/opt/gz_ogre_next_vendor:/opt/ros/jazzy/opt/gz_dartsim_vendor:/opt/ros/jazzy/opt/gz_cmake_vendor:/home/rumy/acrome_ws/install/rqt_joint_trajectory_controller:/home/rumy/acrome_ws/install/ros2_controllers_test_nodes:/opt/ros/jazzy DEBUGINFOD_URLS=https://debuginfod.ubuntu.com LD_LIBRARY_PATH=/home/rumy/acrome_ws/install/control_toolbox/lib:/home/rumy/acrome_ws/install/velocity_controllers/lib:/home/rumy/acrome_ws/install/tricycle_steering_controller/lib:/home/rumy/acrome_ws/install/tricycle_controller/lib:/home/rumy/acrome_ws/install/bicycle_steering_controller/lib:/home/rumy/acrome_ws/install/ackermann_steering_controller/lib:/home/rumy/acrome_ws/install/steering_controllers_library/lib:/home/rumy/acrome_ws/install/range_sensor_broadcaster/lib:/home/rumy/acrome_ws/install/position_controllers/lib:/home/rumy/acrome_ws/install/pose_broadcaster/lib:/home/rumy/acrome_ws/install/parallel_gripper_controller/lib:/home/rumy/acrome_ws/install/omni_wheel_drive_controller/lib:/home/rumy/acrome_ws/install/mecanum_drive_controller/lib:/home/rumy/acrome_ws/install/joint_trajectory_controller/lib:/home/rumy/acrome_ws/install/joint_state_broadcaster/lib:/home/rumy/acrome_ws/install/imu_sensor_broadcaster/lib:/home/rumy/acrome_ws/install/gripper_controllers/lib:/home/rumy/acrome_ws/install/gps_sensor_broadcaster/lib:/home/rumy/acrome_ws/install/gpio_controllers/lib:/home/rumy/acrome_ws/install/effort_controllers/lib:/home/rumy/acrome_ws/install/forward_command_controller/lib:/home/rumy/acrome_ws/install/force_torque_sensor_broadcaster/lib:/home/rumy/acrome_ws/install/diff_drive_controller/lib:/home/rumy/acrome_ws/install/admittance_controller/lib:/opt/ros/jazzy/opt/gz_sim_vendor/lib:/opt/ros/jazzy/opt/gz_sensors_vendor/lib:/opt/ros/jazzy/opt/gz_physics_vendor/lib:/opt/ros/jazzy/opt/sdformat_vendor/lib:/opt/ros/jazzy/opt/rviz_ogre_vendor/lib:/opt/ros/jazzy/lib/x86_64-linux-gnu:/opt/ros/jazzy/opt/gz_gui_vendor/lib:/opt/ros/jazzy/opt/gz_transport_vendor/lib:/opt/ros/jazzy/opt/gz_rendering_vendor/lib:/opt/ros/jazzy/opt/gz_plugin_vendor/lib:/opt/ros/jazzy/opt/gz_fuel_tools_vendor/lib:/opt/ros/jazzy/opt/gz_msgs_vendor/lib:/opt/ros/jazzy/opt/gz_common_vendor/lib:/opt/ros/jazzy/opt/gz_math_vendor/lib:/opt/ros/jazzy/opt/gz_utils_vendor/lib:/opt/ros/jazzy/opt/gz_tools_vendor/lib:/opt/ros/jazzy/opt/gz_ogre_next_vendor/lib:/opt/ros/jazzy/opt/gz_dartsim_vendor/lib:/opt/ros/jazzy/opt/gz_cmake_vendor/lib:/opt/ros/jazzy/lib /usr/bin/cmake --install /home/rumy/acrome_ws/build/pid_controller
[20.609s] -- Install configuration: ""
[20.609s] -- Execute custom install script
[20.609s] -- Symlinking: /home/rumy/acrome_ws/install/pid_controller/include/pid_controller/pid_controller_parameters.hpp
[20.617s] -- Symlinking: /home/rumy/acrome_ws/install/pid_controller/share/pid_controller//pid_controller.xml
[20.625s] -- Symlinking: /home/rumy/acrome_ws/install/pid_controller/include/pid_controller/pid_controller/pid_controller.hpp
[20.634s] -- Symlinking: /home/rumy/acrome_ws/install/pid_controller/share/pid_controller/environment/library_path.sh
[20.641s] -- Symlinking: /home/rumy/acrome_ws/install/pid_controller/share/pid_controller/environment/library_path.dsv
[20.648s] -- Symlinking: /home/rumy/acrome_ws/install/pid_controller/share/ament_index/resource_index/package_run_dependencies/pid_controller
[20.655s] -- Symlinking: /home/rumy/acrome_ws/install/pid_controller/share/ament_index/resource_index/parent_prefix_path/pid_controller
[20.662s] -- Symlinking: /home/rumy/acrome_ws/install/pid_controller/share/pid_controller/environment/ament_prefix_path.sh
[20.670s] -- Symlinking: /home/rumy/acrome_ws/install/pid_controller/share/pid_controller/environment/ament_prefix_path.dsv
[20.676s] -- Symlinking: /home/rumy/acrome_ws/install/pid_controller/share/pid_controller/environment/path.sh
[20.683s] -- Symlinking: /home/rumy/acrome_ws/install/pid_controller/share/pid_controller/environment/path.dsv
[20.690s] -- Symlinking: /home/rumy/acrome_ws/install/pid_controller/share/pid_controller/local_setup.bash
[20.697s] -- Symlinking: /home/rumy/acrome_ws/install/pid_controller/share/pid_controller/local_setup.sh
[20.704s] -- Symlinking: /home/rumy/acrome_ws/install/pid_controller/share/pid_controller/local_setup.zsh
[20.711s] -- Symlinking: /home/rumy/acrome_ws/install/pid_controller/share/pid_controller/local_setup.dsv
[20.718s] -- Symlinking: /home/rumy/acrome_ws/install/pid_controller/share/pid_controller/package.dsv
[20.725s] -- Symlinking: /home/rumy/acrome_ws/install/pid_controller/share/ament_index/resource_index/packages/pid_controller
[20.733s] -- Symlinking: /home/rumy/acrome_ws/install/pid_controller/share/ament_index/resource_index/controller_interface__pluginlib__plugin/pid_controller
[20.740s] -- Symlinking: /home/rumy/acrome_ws/install/pid_controller/share/pid_controller/cmake/ament_cmake_export_dependencies-extras.cmake
[20.747s] -- Symlinking: /home/rumy/acrome_ws/install/pid_controller/share/pid_controller/cmake/ament_cmake_export_targets-extras.cmake
[20.754s] -- Symlinking: /home/rumy/acrome_ws/install/pid_controller/share/pid_controller/cmake/pid_controllerConfig.cmake
[20.761s] -- Symlinking: /home/rumy/acrome_ws/install/pid_controller/share/pid_controller/cmake/pid_controllerConfig-version.cmake
[20.768s] -- Symlinking: /home/rumy/acrome_ws/install/pid_controller/share/pid_controller/package.xml
[20.775s] -- Installing: /home/rumy/acrome_ws/install/pid_controller/lib/libpid_controller.so
[20.779s] -- Set non-toolchain portion of runtime path of "/home/rumy/acrome_ws/install/pid_controller/lib/libpid_controller.so" to ""
[20.779s] -- Installing: /home/rumy/acrome_ws/install/pid_controller/share/pid_controller/cmake/export_pid_controllerExport.cmake
[20.779s] -- Installing: /home/rumy/acrome_ws/install/pid_controller/share/pid_controller/cmake/export_pid_controllerExport-noconfig.cmake
[20.781s] Invoked command in '/home/rumy/acrome_ws/build/pid_controller' returned '0': CMAKE_PREFIX_PATH=/home/rumy/acrome_ws/install/control_toolbox:/home/rumy/acrome_ws/install/velocity_controllers:/home/rumy/acrome_ws/install/tricycle_steering_controller:/home/rumy/acrome_ws/install/tricycle_controller:/home/rumy/acrome_ws/install/bicycle_steering_controller:/home/rumy/acrome_ws/install/ackermann_steering_controller:/home/rumy/acrome_ws/install/steering_controllers_library:/home/rumy/acrome_ws/install/range_sensor_broadcaster:/home/rumy/acrome_ws/install/position_controllers:/home/rumy/acrome_ws/install/pose_broadcaster:/home/rumy/acrome_ws/install/parallel_gripper_controller:/home/rumy/acrome_ws/install/omni_wheel_drive_controller:/home/rumy/acrome_ws/install/mecanum_drive_controller:/home/rumy/acrome_ws/install/joint_trajectory_controller:/home/rumy/acrome_ws/install/joint_state_broadcaster:/home/rumy/acrome_ws/install/imu_sensor_broadcaster:/home/rumy/acrome_ws/install/gripper_controllers:/home/rumy/acrome_ws/install/gps_sensor_broadcaster:/home/rumy/acrome_ws/install/gpio_controllers:/home/rumy/acrome_ws/install/effort_controllers:/home/rumy/acrome_ws/install/forward_command_controller:/home/rumy/acrome_ws/install/force_torque_sensor_broadcaster:/home/rumy/acrome_ws/install/diff_drive_controller:/home/rumy/acrome_ws/install/admittance_controller:/home/rumy/acrome_ws/install/acrome_mini_robot:/home/rumy/acrome_ws/src/acrome_mini_robot/install/acrome_mini_robot:/opt/ros/jazzy/opt/gz_sim_vendor:/opt/ros/jazzy/opt/gz_sensors_vendor:/opt/ros/jazzy/opt/gz_physics_vendor:/opt/ros/jazzy/opt/sdformat_vendor:/opt/ros/jazzy/opt/gz_gui_vendor:/opt/ros/jazzy/opt/gz_transport_vendor:/opt/ros/jazzy/opt/gz_rendering_vendor:/opt/ros/jazzy/opt/gz_plugin_vendor:/opt/ros/jazzy/opt/gz_fuel_tools_vendor:/opt/ros/jazzy/opt/gz_msgs_vendor:/opt/ros/jazzy/opt/gz_common_vendor:/opt/ros/jazzy/opt/gz_math_vendor:/opt/ros/jazzy/opt/gz_utils_vendor:/opt/ros/jazzy/opt/gz_tools_vendor:/opt/ros/jazzy/opt/gz_ogre_next_vendor:/opt/ros/jazzy/opt/gz_dartsim_vendor:/opt/ros/jazzy/opt/gz_cmake_vendor:/home/rumy/acrome_ws/install/rqt_joint_trajectory_controller:/home/rumy/acrome_ws/install/ros2_controllers_test_nodes:/opt/ros/jazzy DEBUGINFOD_URLS=https://debuginfod.ubuntu.com LD_LIBRARY_PATH=/home/rumy/acrome_ws/install/control_toolbox/lib:/home/rumy/acrome_ws/install/velocity_controllers/lib:/home/rumy/acrome_ws/install/tricycle_steering_controller/lib:/home/rumy/acrome_ws/install/tricycle_controller/lib:/home/rumy/acrome_ws/install/bicycle_steering_controller/lib:/home/rumy/acrome_ws/install/ackermann_steering_controller/lib:/home/rumy/acrome_ws/install/steering_controllers_library/lib:/home/rumy/acrome_ws/install/range_sensor_broadcaster/lib:/home/rumy/acrome_ws/install/position_controllers/lib:/home/rumy/acrome_ws/install/pose_broadcaster/lib:/home/rumy/acrome_ws/install/parallel_gripper_controller/lib:/home/rumy/acrome_ws/install/omni_wheel_drive_controller/lib:/home/rumy/acrome_ws/install/mecanum_drive_controller/lib:/home/rumy/acrome_ws/install/joint_trajectory_controller/lib:/home/rumy/acrome_ws/install/joint_state_broadcaster/lib:/home/rumy/acrome_ws/install/imu_sensor_broadcaster/lib:/home/rumy/acrome_ws/install/gripper_controllers/lib:/home/rumy/acrome_ws/install/gps_sensor_broadcaster/lib:/home/rumy/acrome_ws/install/gpio_controllers/lib:/home/rumy/acrome_ws/install/effort_controllers/lib:/home/rumy/acrome_ws/install/forward_command_controller/lib:/home/rumy/acrome_ws/install/force_torque_sensor_broadcaster/lib:/home/rumy/acrome_ws/install/diff_drive_controller/lib:/home/rumy/acrome_ws/install/admittance_controller/lib:/opt/ros/jazzy/opt/gz_sim_vendor/lib:/opt/ros/jazzy/opt/gz_sensors_vendor/lib:/opt/ros/jazzy/opt/gz_physics_vendor/lib:/opt/ros/jazzy/opt/sdformat_vendor/lib:/opt/ros/jazzy/opt/rviz_ogre_vendor/lib:/opt/ros/jazzy/lib/x86_64-linux-gnu:/opt/ros/jazzy/opt/gz_gui_vendor/lib:/opt/ros/jazzy/opt/gz_transport_vendor/lib:/opt/ros/jazzy/opt/gz_rendering_vendor/lib:/opt/ros/jazzy/opt/gz_plugin_vendor/lib:/opt/ros/jazzy/opt/gz_fuel_tools_vendor/lib:/opt/ros/jazzy/opt/gz_msgs_vendor/lib:/opt/ros/jazzy/opt/gz_common_vendor/lib:/opt/ros/jazzy/opt/gz_math_vendor/lib:/opt/ros/jazzy/opt/gz_utils_vendor/lib:/opt/ros/jazzy/opt/gz_tools_vendor/lib:/opt/ros/jazzy/opt/gz_ogre_next_vendor/lib:/opt/ros/jazzy/opt/gz_dartsim_vendor/lib:/opt/ros/jazzy/opt/gz_cmake_vendor/lib:/opt/ros/jazzy/lib /usr/bin/cmake --install /home/rumy/acrome_ws/build/pid_controller
