[0.049s] Invoking command in '/home/rumy/acrome_ws/build/steering_controllers_library': CMAKE_PREFIX_PATH=${CMAKE_PREFIX_PATH}:/opt/ros/jazzy DEBUGINFOD_URLS=https://debuginfod.ubuntu.com /usr/bin/cmake /home/rumy/acrome_ws/src/ros2_controllers/steering_controllers_library -DCMAKE_INSTALL_PREFIX=/home/rumy/acrome_ws/install/steering_controllers_library
[0.177s] -- The C compiler identification is GNU 13.3.0
[0.284s] -- The CXX compiler identification is GNU 13.3.0
[0.302s] -- Detecting C compiler ABI info
[0.459s] -- Detecting C compiler ABI info - done
[0.477s] -- Check for working C compiler: /usr/bin/cc - skipped
[0.477s] -- Detecting C compile features
[0.478s] -- Detecting C compile features - done
[0.493s] -- Detecting CXX compiler ABI info
[0.643s] -- Detecting CXX compiler ABI info - done
[0.670s] -- Check for working CXX compiler: /usr/bin/c++ - skipped
[0.670s] -- Detecting CXX compile features
[0.670s] -- Detecting CXX compile features - done
[0.676s] -- Found ros2_control_cmake: 0.2.1 (/opt/ros/jazzy/share/ros2_control_cmake/cmake)
[0.679s] -- Compiler warnings enabled for GNU
[0.679s] -- Detected GCC Version: 13.3.0 (Major: 13, Minor: 3)
[0.681s] -- Found ament_cmake: 2.5.4 (/opt/ros/jazzy/share/ament_cmake/cmake)
[0.935s] -- Found Python3: /usr/bin/python3 (found version "3.12.3") found components: Interpreter 
[1.118s] -- Found control_msgs: 5.4.1 (/opt/ros/jazzy/share/control_msgs/cmake)
[1.196s] -- Found rosidl_generator_c: 4.6.5 (/opt/ros/jazzy/share/rosidl_generator_c/cmake)
[1.223s] -- Found rosidl_generator_cpp: 4.6.5 (/opt/ros/jazzy/share/rosidl_generator_cpp/cmake)
[1.253s] -- Using all available rosidl_typesupport_c: rosidl_typesupport_fastrtps_c;rosidl_typesupport_introspection_c
[1.287s] -- Using all available rosidl_typesupport_cpp: rosidl_typesupport_fastrtps_cpp;rosidl_typesupport_introspection_cpp
[1.586s] -- Found controller_interface: 4.32.0 (/opt/ros/jazzy/share/controller_interface/cmake)
[1.663s] -- Found TinyXML2 via Config file: /usr/lib/x86_64-linux-gnu/cmake/tinyxml2
[1.747s] -- Found rmw_implementation_cmake: 7.3.2 (/opt/ros/jazzy/share/rmw_implementation_cmake/cmake)
[1.753s] -- Found rmw_fastrtps_cpp: 8.4.2 (/opt/ros/jazzy/share/rmw_fastrtps_cpp/cmake)
[1.796s] -- Found TinyXML2 via Config file: /usr/lib/x86_64-linux-gnu/cmake/tinyxml2
[1.873s] -- Found OpenSSL: /usr/lib/x86_64-linux-gnu/libcrypto.so (found version "3.0.13")  
[1.879s] -- Found TinyXML2 via Config file: /usr/lib/x86_64-linux-gnu/cmake/tinyxml2
[1.908s] -- Found FastRTPS: /opt/ros/jazzy/include (Required is at least version "2.13") 
[1.913s] -- Found TinyXML2 via Config file: /usr/lib/x86_64-linux-gnu/cmake/tinyxml2
[1.924s] -- Found TinyXML2 via Config file: /usr/lib/x86_64-linux-gnu/cmake/tinyxml2
[1.943s] -- Using RMW implementation 'rmw_fastrtps_cpp' as default
[2.447s] -- Found generate_parameter_library: 0.5.0 (/opt/ros/jazzy/share/generate_parameter_library/cmake)
[2.455s] -- Found parameter_traits: 0.5.0 (/opt/ros/jazzy/share/parameter_traits/cmake)
[2.487s] -- Found nav_msgs: 5.3.6 (/opt/ros/jazzy/share/nav_msgs/cmake)
[2.534s] -- Found std_srvs: 5.3.6 (/opt/ros/jazzy/share/std_srvs/cmake)
[2.561s] -- Found tf2: 0.36.12 (/opt/ros/jazzy/share/tf2/cmake)
[2.571s] -- Found tf2_msgs: 0.36.12 (/opt/ros/jazzy/share/tf2_msgs/cmake)
[2.616s] -- Found tf2_geometry_msgs: 0.36.12 (/opt/ros/jazzy/share/tf2_geometry_msgs/cmake)
[2.637s] -- Found eigen3_cmake_module: 0.3.0 (/opt/ros/jazzy/share/eigen3_cmake_module/cmake)
[2.639s] -- Found Eigen3: TRUE (found version "3.4.0") 
[2.640s] -- Ensuring Eigen3 include directory is part of orocos-kdl CMake target
[2.731s] -- Found ament_cmake_gmock: 2.5.4 (/opt/ros/jazzy/share/ament_cmake_gmock/cmake)
[2.737s] -- Found controller_manager: 4.32.0 (/opt/ros/jazzy/share/controller_manager/cmake)
[2.866s] -- Found ros2_control_test_assets: 4.32.0 (/opt/ros/jazzy/share/ros2_control_test_assets/cmake)
[2.871s] -- Found gmock sources under '/opt/ros/jazzy/src/gmock_vendor': C++ tests using 'Google Mock' will be built
[2.883s] -- Found ament_cmake_gtest: 2.5.4 (/opt/ros/jazzy/share/ament_cmake_gtest/cmake)
[2.884s] -- Found gtest sources under '/opt/ros/jazzy/src/gtest_vendor': C++ tests using 'Google Test' will be built
[2.894s] -- Found gmock sources under '/opt/ros/jazzy/src/gmock_vendor': C++ tests using 'Google Mock' will be built
[2.894s] -- Found ament_cmake_gtest: 2.5.4 (/opt/ros/jazzy/share/ament_cmake_gtest/cmake)
[2.894s] -- Found gtest sources under '/opt/ros/jazzy/src/gtest_vendor': C++ tests using 'Google Test' will be built
[3.052s] -- Configuring done (3.0s)
[3.347s] -- Generating done (0.2s)
[3.425s] -- Build files have been written to: /home/rumy/acrome_ws/build/steering_controllers_library
[3.522s] Invoked command in '/home/rumy/acrome_ws/build/steering_controllers_library' returned '0': CMAKE_PREFIX_PATH=${CMAKE_PREFIX_PATH}:/opt/ros/jazzy DEBUGINFOD_URLS=https://debuginfod.ubuntu.com /usr/bin/cmake /home/rumy/acrome_ws/src/ros2_controllers/steering_controllers_library -DCMAKE_INSTALL_PREFIX=/home/rumy/acrome_ws/install/steering_controllers_library
[3.523s] Invoking command in '/home/rumy/acrome_ws/build/steering_controllers_library': CMAKE_PREFIX_PATH=${CMAKE_PREFIX_PATH}:/opt/ros/jazzy DEBUGINFOD_URLS=https://debuginfod.ubuntu.com /usr/bin/cmake --build /home/rumy/acrome_ws/build/steering_controllers_library -- -j12 -l12
[54.450s] [  7%] [34m[1mRunning `/opt/ros/jazzy/bin/generate_parameter_library_cpp /home/rumy/acrome_ws/build/steering_controllers_library/include/steering_controllers_library/steering_controllers_library_parameters.hpp /home/rumy/acrome_ws/src/ros2_controllers/steering_controllers_library/src/steering_controllers_library.yaml `[0m
[54.451s] [ 14%] [32mBuilding CXX object gmock/CMakeFiles/gmock.dir/opt/ros/jazzy/src/gtest_vendor/src/gtest-all.cc.o[0m
[54.451s] [ 21%] [32mBuilding CXX object gmock/CMakeFiles/gmock.dir/src/gmock-all.cc.o[0m
[54.451s] [ 28%] [32mBuilding CXX object gmock/CMakeFiles/gmock_main.dir/src/gmock_main.cc.o[0m
[54.451s] [ 35%] [34m[1mCreating deprecated header file /home/rumy/acrome_ws/build/steering_controllers_library/include/steering_controllers_library_parameters.hpp[0m
[54.452s] [ 35%] Built target steering_controllers_library_parameters
[54.452s] [ 42%] [32mBuilding CXX object CMakeFiles/steering_controllers_library.dir/src/steering_odometry.cpp.o[0m
[54.453s] [ 50%] [32mBuilding CXX object CMakeFiles/steering_controllers_library.dir/src/steering_controllers_library.cpp.o[0m
[54.453s] [ 57%] [32m[1mLinking CXX static library libgmock_main.a[0m
[54.453s] [ 57%] Built target gmock_main
[54.453s] [ 64%] [32m[1mLinking CXX static library libgmock.a[0m
[54.453s] [ 64%] Built target gmock
[54.453s] [ 71%] [32m[1mLinking CXX shared library libsteering_controllers_library.so[0m
[54.453s] [ 71%] Built target steering_controllers_library
[54.454s] [ 78%] [32mBuilding CXX object CMakeFiles/test_steering_controllers_library.dir/test/test_steering_controllers_library.cpp.o[0m
[54.454s] [01m[K/home/rumy/acrome_ws/src/ros2_controllers/steering_controllers_library/src/steering_controllers_library.cpp:[m[K In member function â€˜[01m[Kvirtual controller_interface::CallbackReturn steering_controllers_library::SteeringControllersLibrary::[01;32m[Kon_deactivate[m[K(const rclcpp_lifecycle::State&)[m[Kâ€™:
[54.454s] [01m[K/home/rumy/acrome_ws/src/ros2_controllers/steering_controllers_library/src/steering_controllers_library.cpp:532:37:[m[K [01;35m[Kwarning: [m[Kignoring return value of â€˜[01m[Kbool hardware_interface::LoanedCommandInterface::[01;32m[Kset_value[m[K(const T&, unsigned int) [35m[K[with T = double][m[K[m[Kâ€™, declared with attribute â€˜[01m[Knodiscard[m[Kâ€™ [[01;35m[K]8;;https://gcc.gnu.org/onlinedocs/gcc/Warning-Options.html#index-Wunused-result-Wunused-result]8;;[m[K]
[54.454s]   532 |     [01;35m[Kcommand_interfaces_[i].set_value(std::numeric_limits<double>::quiet_NaN())[m[K;
[54.455s]       |     [01;35m[K~~~~~~~~~~~~~~~~~~~~~~~~~~~~~~~~^~~~~~~~~~~~~~~~~~~~~~~~~~~~~~~~~~~~~~~~~~[m[K
[54.455s] In file included from [01m[K/opt/ros/jazzy/include/controller_interface/controller_interface/controller_interface_base.hpp:27[m[K,
[54.455s]                  from [01m[K/opt/ros/jazzy/include/controller_interface/controller_interface/chainable_controller_interface.hpp:23[m[K,
[54.455s]                  from [01m[K/home/rumy/acrome_ws/src/ros2_controllers/steering_controllers_library/include/steering_controllers_library/steering_controllers_library.hpp:23[m[K,
[54.455s]                  from [01m[K/home/rumy/acrome_ws/src/ros2_controllers/steering_controllers_library/src/steering_controllers_library.cpp:15[m[K:
[54.455s] [01m[K/opt/ros/jazzy/include/hardware_interface/hardware_interface/loaned_command_interface.hpp:113:22:[m[K [01;36m[Knote: [m[Kdeclared here
[54.455s]   113 |   [[nodiscard]] bool [01;36m[Kset_value[m[K(const T & value, unsigned int max_tries = 10)
[54.456s]       |                      [01;36m[K^~~~~~~~~[m[K
[54.456s] [01m[K/home/rumy/acrome_ws/src/ros2_controllers/steering_controllers_library/src/steering_controllers_library.cpp:[m[K In member function â€˜[01m[Kvirtual controller_interface::return_type steering_controllers_library::SteeringControllersLibrary::[01;32m[Kupdate_and_write_commands[m[K(const rclcpp::Time&, const rclcpp::Duration&)[m[Kâ€™:
[54.456s] [01m[K/home/rumy/acrome_ws/src/ros2_controllers/steering_controllers_library/src/steering_controllers_library.cpp:577:39:[m[K [01;35m[Kwarning: [m[Kignoring return value of â€˜[01m[Kbool hardware_interface::LoanedCommandInterface::[01;32m[Kset_value[m[K(const T&, unsigned int) [35m[K[with T = double][m[K[m[Kâ€™, declared with attribute â€˜[01m[Knodiscard[m[Kâ€™ [[01;35m[K]8;;https://gcc.gnu.org/onlinedocs/gcc/Warning-Options.html#index-Wunused-result-Wunused-result]8;;[m[K]
[54.456s]   577 |       [01;35m[Kcommand_interfaces_[i].set_value(timeout ? 0.0 : traction_commands[i])[m[K;
[54.456s]       |       [01;35m[K~~~~~~~~~~~~~~~~~~~~~~~~~~~~~~~~^~~~~~~~~~~~~~~~~~~~~~~~~~~~~~~~~~~~~~[m[K
[54.456s] [01m[K/opt/ros/jazzy/include/hardware_interface/hardware_interface/loaned_command_interface.hpp:113:22:[m[K [01;36m[Knote: [m[Kdeclared here
[54.457s]   113 |   [[nodiscard]] bool [01;36m[Kset_value[m[K(const T & value, unsigned int max_tries = 10)
[54.457s]       |                      [01;36m[K^~~~~~~~~[m[K
[54.457s] [01m[K/home/rumy/acrome_ws/src/ros2_controllers/steering_controllers_library/src/steering_controllers_library.cpp:581:78:[m[K [01;35m[Kwarning: [m[Kignoring return value of â€˜[01m[Kbool hardware_interface::LoanedCommandInterface::[01;32m[Kset_value[m[K(const T&, unsigned int) [35m[K[with T = double][m[K[m[Kâ€™, declared with attribute â€˜[01m[Knodiscard[m[Kâ€™ [[01;35m[K]8;;https://gcc.gnu.org/onlinedocs/gcc/Warning-Options.html#index-Wunused-result-Wunused-result]8;;[m[K]
[54.457s]   581 | [01;35m[Kerfaces_[i + params_.traction_joints_names.size()].set_value(steering_commands[i])[m[K;
[54.457s]       | [01;35m[K~~~~~~~~~~~~~~~~~~~~~~~~~~~~~~~~~~~~~~~~~~~~~~~~~~~~~~~~~~~~^~~~~~~~~~~~~~~~~~~~~~[m[K
[54.458s] 
[54.458s] [01m[K/opt/ros/jazzy/include/hardware_interface/hardware_interface/loaned_command_interface.hpp:113:22:[m[K [01;36m[Knote: [m[Kdeclared here
[54.458s]   113 |   [[nodiscard]] bool [01;36m[Kset_value[m[K(const T & value, unsigned int max_tries = 10)
[54.458s]       |                      [01;36m[K^~~~~~~~~[m[K
[54.458s] [01m[K/home/rumy/acrome_ws/src/ros2_controllers/steering_controllers_library/src/steering_controllers_library.cpp:632:41:[m[K [01;35m[Kwarning: [m[Kâ€˜[01m[Kdouble hardware_interface::LoanedStateInterface::[01;32m[Kget_value[m[K() const[m[Kâ€™ is deprecated: Use std::optional<T> get_optional() instead to retrieve the value. This method will be removed by the ROS 2 Kilted Kaiju release. [[01;35m[K]8;;https://gcc.gnu.org/onlinedocs/gcc/Warning-Options.html#index-Wdeprecated-declarations-Wdeprecated-declarations]8;;[m[K]
[54.459s]   632 |           [01;35m[Kstate_interfaces_[i].get_value()[m[K);
[54.459s]       |           [01;35m[K~~~~~~~~~~~~~~~~~~~~~~~~~~~~~~^~[m[K
[54.459s] In file included from [01m[K/opt/ros/jazzy/include/controller_interface/controller_interface/controller_interface_base.hpp:28[m[K:
[54.459s] [01m[K/opt/ros/jazzy/include/hardware_interface/hardware_interface/loaned_state_interface.hpp:94:10:[m[K [01;36m[Knote: [m[Kdeclared here
[54.459s]    94 |   double [01;36m[Kget_value[m[K() const
[54.459s]       |          [01;36m[K^~~~~~~~~[m[K
[54.459s] [01m[K/home/rumy/acrome_ws/src/ros2_controllers/steering_controllers_library/src/steering_controllers_library.cpp:637:41:[m[K [01;35m[Kwarning: [m[Kâ€˜[01m[Kdouble hardware_interface::LoanedStateInterface::[01;32m[Kget_value[m[K() const[m[Kâ€™ is deprecated: Use std::optional<T> get_optional() instead to retrieve the value. This method will be removed by the ROS 2 Kilted Kaiju release. [[01;35m[K]8;;https://gcc.gnu.org/onlinedocs/gcc/Warning-Options.html#index-Wdeprecated-declarations-Wdeprecated-declarations]8;;[m[K]
[54.460s]   637 |           [01;35m[Kstate_interfaces_[i].get_value()[m[K);
[54.460s]       |           [01;35m[K~~~~~~~~~~~~~~~~~~~~~~~~~~~~~~^~[m[K
[54.460s] [01m[K/opt/ros/jazzy/include/hardware_interface/hardware_interface/loaned_state_interface.hpp:94:10:[m[K [01;36m[Knote: [m[Kdeclared here
[54.460s]    94 |   double [01;36m[Kget_value[m[K() const
[54.460s]       |          [01;36m[K^~~~~~~~~[m[K
[54.460s] [01m[K/home/rumy/acrome_ws/src/ros2_controllers/steering_controllers_library/src/steering_controllers_library.cpp:640:41:[m[K [01;35m[Kwarning: [m[Kâ€˜[01m[Kdouble hardware_interface::LoanedCommandInterface::[01;32m[Kget_value[m[K() const[m[Kâ€™ is deprecated: Use std::optional<T> get_optional() instead to retrieve the value. This method will be removed by the ROS 2 Kilted Kaiju release. [[01;35m[K]8;;https://gcc.gnu.org/onlinedocs/gcc/Warning-Options.html#index-Wdeprecated-declarations-Wdeprecated-declarations]8;;[m[K]
[54.460s]   640 |         [01;35m[Kcommand_interfaces_[i].get_value()[m[K);
[54.461s]       |         [01;35m[K~~~~~~~~~~~~~~~~~~~~~~~~~~~~~~~~^~[m[K
[54.461s] [01m[K/opt/ros/jazzy/include/hardware_interface/hardware_interface/loaned_command_interface.hpp:134:10:[m[K [01;36m[Knote: [m[Kdeclared here
[54.461s]   134 |   double [01;36m[Kget_value[m[K() const
[54.461s]       |          [01;36m[K^~~~~~~~~[m[K
[54.461s] [01m[K/home/rumy/acrome_ws/src/ros2_controllers/steering_controllers_library/src/steering_controllers_library.cpp:646:67:[m[K [01;35m[Kwarning: [m[Kâ€˜[01m[Kdouble hardware_interface::LoanedStateInterface::[01;32m[Kget_value[m[K() const[m[Kâ€™ is deprecated: Use std::optional<T> get_optional() instead to retrieve the value. This method will be removed by the ROS 2 Kilted Kaiju release. [[01;35m[K]8;;https://gcc.gnu.org/onlinedocs/gcc/Warning-Options.html#index-Wdeprecated-declarations-Wdeprecated-declarations]8;;[m[K]
[54.461s]   646 |         [01;35m[Kstate_interfaces_[number_of_traction_wheels + i].get_value()[m[K);
[54.461s]       |         [01;35m[K~~~~~~~~~~~~~~~~~~~~~~~~~~~~~~~~~~~~~~~~~~~~~~~~~~~~~~~~~~^~[m[K
[54.462s] [01m[K/opt/ros/jazzy/include/hardware_interface/hardware_interface/loaned_state_interface.hpp:94:10:[m[K [01;36m[Knote: [m[Kdeclared here
[54.462s]    94 |   double [01;36m[Kget_value[m[K() const
[54.462s]       |          [01;36m[K^~~~~~~~~[m[K
[54.463s] [01m[K/home/rumy/acrome_ws/src/ros2_controllers/steering_controllers_library/src/steering_controllers_library.cpp:648:69:[m[K [01;35m[Kwarning: [m[Kâ€˜[01m[Kdouble hardware_interface::LoanedCommandInterface::[01;32m[Kget_value[m[K() const[m[Kâ€™ is deprecated: Use std::optional<T> get_optional() instead to retrieve the value. This method will be removed by the ROS 2 Kilted Kaiju release. [[01;35m[K]8;;https://gcc.gnu.org/onlinedocs/gcc/Warning-Options.html#index-Wdeprecated-declarations-Wdeprecated-declarations]8;;[m[K]
[54.463s]   648 |        [01;35m[Kcommand_interfaces_[number_of_traction_wheels + i].get_value()[m[K);
[54.463s]       |        [01;35m[K~~~~~~~~~~~~~~~~~~~~~~~~~~~~~~~~~~~~~~~~~~~~~~~~~~~~~~~~~~~~^~[m[K
[54.463s] 
[54.463s] [01m[K/opt/ros/jazzy/include/hardware_interface/hardware_interface/loaned_command_interface.hpp:134:10:[m[K [01;36m[Knote: [m[Kdeclared here
[54.463s]   134 |   double [01;36m[Kget_value[m[K() const
[54.464s]       |          [01;36m[K^~~~~~~~~[m[K
[54.464s] In file included from [01m[K/opt/ros/jazzy/src/gtest_vendor/include/gtest/gtest.h:72[m[K,
[54.464s]                  from [01m[K/opt/ros/jazzy/src/gmock_vendor/include/gmock/internal/gmock-internal-utils.h:50[m[K,
[54.464s]                  from [01m[K/opt/ros/jazzy/src/gmock_vendor/include/gmock/gmock-actions.h:145[m[K,
[54.464s]                  from [01m[K/opt/ros/jazzy/src/gmock_vendor/include/gmock/gmock.h:56[m[K,
[54.464s]                  from [01m[K/home/rumy/acrome_ws/src/ros2_controllers/steering_controllers_library/test/test_steering_controllers_library.hpp:18[m[K,
[54.464s]                  from [01m[K/home/rumy/acrome_ws/src/ros2_controllers/steering_controllers_library/test/test_steering_controllers_library.cpp:21[m[K:
[54.465s] [01m[K/home/rumy/acrome_ws/src/ros2_controllers/steering_controllers_library/test/test_steering_controllers_library.cpp:[m[K In member function â€˜[01m[Kvirtual void SteeringControllersLibraryTest_test_both_update_methods_for_ref_timeout_Test::[01;32m[KTestBody[m[K()[m[Kâ€™:
[54.465s] [01m[K/home/rumy/acrome_ws/src/ros2_controllers/steering_controllers_library/test/test_steering_controllers_library.cpp:149:58:[m[K [01;35m[Kwarning: [m[Kâ€˜[01m[Kdouble hardware_interface::LoanedCommandInterface::[01;32m[Kget_value[m[K() const[m[Kâ€™ is deprecated: Use std::optional<T> get_optional() instead to retrieve the value. This method will be removed by the ROS 2 Kilted Kaiju release. [[01;35m[K]8;;https://gcc.gnu.org/onlinedocs/gcc/Warning-Options.html#index-Wdeprecated-declarations-Wdeprecated-declarations]8;;[m[K]
[54.465s]   149 |   EXPECT_EQ([01;35m[Kcontroller_->command_interfaces_[0].get_value()[m[K, 0);
[54.465s]       |             [01;35m[K~~~~~~~~~~~~~~~~~~~~~~~~~~~~~~~~~~~~~~~~~~~~~^~[m[K
[54.465s] [01m[K/opt/ros/jazzy/src/gtest_vendor/include/gtest/gtest_pred_impl.h:79:52:[m[K [01;36m[Knote: [m[Kin definition of macro â€˜[01m[KGTEST_ASSERT_[m[Kâ€™
[54.465s]    79 |   if (const ::testing::AssertionResult gtest_ar = ([01;36m[Kexpression[m[K)) \
[54.465s]       |                                                    [01;36m[K^~~~~~~~~~[m[K
[54.466s] [01m[K/opt/ros/jazzy/src/gtest_vendor/include/gtest/gtest_pred_impl.h:144:3:[m[K [01;36m[Knote: [m[Kin expansion of macro â€˜[01m[KGTEST_PRED_FORMAT2_[m[Kâ€™
[54.466s]   144 |   [01;36m[KGTEST_PRED_FORMAT2_[m[K(pred_format, v1, v2, GTEST_NONFATAL_FAILURE_)
[54.466s]       |   [01;36m[K^~~~~~~~~~~~~~~~~~~[m[K
[54.466s] [01m[K/opt/ros/jazzy/src/gtest_vendor/include/gtest/gtest.h:1869:3:[m[K [01;36m[Knote: [m[Kin expansion of macro â€˜[01m[KEXPECT_PRED_FORMAT2[m[Kâ€™
[54.466s]  1869 |   [01;36m[KEXPECT_PRED_FORMAT2[m[K(::testing::internal::EqHelper::Compare, val1, val2)
[54.466s]       |   [01;36m[K^~~~~~~~~~~~~~~~~~~[m[K
[54.466s] [01m[K/home/rumy/acrome_ws/src/ros2_controllers/steering_controllers_library/test/test_steering_controllers_library.cpp:149:3:[m[K [01;36m[Knote: [m[Kin expansion of macro â€˜[01m[KEXPECT_EQ[m[Kâ€™
[54.467s]   149 |   [01;36m[KEXPECT_EQ[m[K(controller_->command_interfaces_[0].get_value(), 0);
[54.467s]       |   [01;36m[K^~~~~~~~~[m[K
[54.467s] In file included from [01m[K/home/rumy/acrome_ws/src/ros2_controllers/steering_controllers_library/test/test_steering_controllers_library.hpp:26[m[K:
[54.467s] [01m[K/opt/ros/jazzy/include/hardware_interface/hardware_interface/loaned_command_interface.hpp:134:10:[m[K [01;36m[Knote: [m[Kdeclared here
[54.467s]   134 |   double [01;36m[Kget_value[m[K() const
[54.467s]       |          [01;36m[K^~~~~~~~~[m[K
[54.467s] [01m[K/home/rumy/acrome_ws/src/ros2_controllers/steering_controllers_library/test/test_steering_controllers_library.cpp:150:58:[m[K [01;35m[Kwarning: [m[Kâ€˜[01m[Kdouble hardware_interface::LoanedCommandInterface::[01;32m[Kget_value[m[K() const[m[Kâ€™ is deprecated: Use std::optional<T> get_optional() instead to retrieve the value. This method will be removed by the ROS 2 Kilted Kaiju release. [[01;35m[K]8;;https://gcc.gnu.org/onlinedocs/gcc/Warning-Options.html#index-Wdeprecated-declarations-Wdeprecated-declarations]8;;[m[K]
[54.468s]   150 |   EXPECT_EQ([01;35m[Kcontroller_->command_interfaces_[1].get_value()[m[K, 0);
[54.468s]       |             [01;35m[K~~~~~~~~~~~~~~~~~~~~~~~~~~~~~~~~~~~~~~~~~~~~~^~[m[K
[54.468s] [01m[K/opt/ros/jazzy/src/gtest_vendor/include/gtest/gtest_pred_impl.h:79:52:[m[K [01;36m[Knote: [m[Kin definition of macro â€˜[01m[KGTEST_ASSERT_[m[Kâ€™
[54.468s]    79 |   if (const ::testing::AssertionResult gtest_ar = ([01;36m[Kexpression[m[K)) \
[54.468s]       |                                                    [01;36m[K^~~~~~~~~~[m[K
[54.468s] [01m[K/opt/ros/jazzy/src/gtest_vendor/include/gtest/gtest_pred_impl.h:144:3:[m[K [01;36m[Knote: [m[Kin expansion of macro â€˜[01m[KGTEST_PRED_FORMAT2_[m[Kâ€™
[54.468s]   144 |   [01;36m[KGTEST_PRED_FORMAT2_[m[K(pred_format, v1, v2, GTEST_NONFATAL_FAILURE_)
[54.469s]       |   [01;36m[K^~~~~~~~~~~~~~~~~~~[m[K
[54.469s] [01m[K/opt/ros/jazzy/src/gtest_vendor/include/gtest/gtest.h:1869:3:[m[K [01;36m[Knote: [m[Kin expansion of macro â€˜[01m[KEXPECT_PRED_FORMAT2[m[Kâ€™
[54.469s]  1869 |   [01;36m[KEXPECT_PRED_FORMAT2[m[K(::testing::internal::EqHelper::Compare, val1, val2)
[54.469s]       |   [01;36m[K^~~~~~~~~~~~~~~~~~~[m[K
[54.469s] [01m[K/home/rumy/acrome_ws/src/ros2_controllers/steering_controllers_library/test/test_steering_controllers_library.cpp:150:3:[m[K [01;36m[Knote: [m[Kin expansion of macro â€˜[01m[KEXPECT_EQ[m[Kâ€™
[54.469s]   150 |   [01;36m[KEXPECT_EQ[m[K(controller_->command_interfaces_[1].get_value(), 0);
[54.470s]       |   [01;36m[K^~~~~~~~~[m[K
[54.470s] [01m[K/opt/ros/jazzy/include/hardware_interface/hardware_interface/loaned_command_interface.hpp:134:10:[m[K [01;36m[Knote: [m[Kdeclared here
[54.470s]   134 |   double [01;36m[Kget_value[m[K() const
[54.470s]       |          [01;36m[K^~~~~~~~~[m[K
[54.470s] [01m[K/home/rumy/acrome_ws/src/ros2_controllers/steering_controllers_library/test/test_steering_controllers_library.cpp:153:60:[m[K [01;35m[Kwarning: [m[Kâ€˜[01m[Kdouble hardware_interface::LoanedCommandInterface::[01;32m[Kget_value[m[K() const[m[Kâ€™ is deprecated: Use std::optional<T> get_optional() instead to retrieve the value. This method will be removed by the ROS 2 Kilted Kaiju release. [[01;35m[K]8;;https://gcc.gnu.org/onlinedocs/gcc/Warning-Options.html#index-Wdeprecated-declarations-Wdeprecated-declarations]8;;[m[K]
[54.470s]   153 |   EXPECT_NEAR([01;35m[Kcontroller_->command_interfaces_[2].get_value()[m[K, 0.575875, 1e-6);
[54.470s]       |               [01;35m[K~~~~~~~~~~~~~~~~~~~~~~~~~~~~~~~~~~~~~~~~~~~~~^~[m[K
[54.471s] [01m[K/opt/ros/jazzy/src/gtest_vendor/include/gtest/gtest_pred_impl.h:79:52:[m[K [01;36m[Knote: [m[Kin definition of macro â€˜[01m[KGTEST_ASSERT_[m[Kâ€™
[54.471s]    79 |   if (const ::testing::AssertionResult gtest_ar = ([01;36m[Kexpression[m[K)) \
[54.471s]       |                                                    [01;36m[K^~~~~~~~~~[m[K
[54.471s] [01m[K/opt/ros/jazzy/src/gtest_vendor/include/gtest/gtest_pred_impl.h:183:3:[m[K [01;36m[Knote: [m[Kin expansion of macro â€˜[01m[KGTEST_PRED_FORMAT3_[m[Kâ€™
[54.471s]   183 |   [01;36m[KGTEST_PRED_FORMAT3_[m[K(pred_format, v1, v2, v3, GTEST_NONFATAL_FAILURE_)
[54.471s]       |   [01;36m[K^~~~~~~~~~~~~~~~~~~[m[K
[54.472s] [01m[K/opt/ros/jazzy/src/gtest_vendor/include/gtest/gtest.h:1986:3:[m[K [01;36m[Knote: [m[Kin expansion of macro â€˜[01m[KEXPECT_PRED_FORMAT3[m[Kâ€™
[54.472s]  1986 |   [01;36m[KEXPECT_PRED_FORMAT3[m[K(::testing::internal::DoubleNearPredFormat, val1, val2, \
[54.472s]       |   [01;36m[K^~~~~~~~~~~~~~~~~~~[m[K
[54.472s] [01m[K/home/rumy/acrome_ws/src/ros2_controllers/steering_controllers_library/test/test_steering_controllers_library.cpp:153:3:[m[K [01;36m[Knote: [m[Kin expansion of macro â€˜[01m[KEXPECT_NEAR[m[Kâ€™
[54.472s]   153 |   [01;36m[KEXPECT_NEAR[m[K(controller_->command_interfaces_[2].get_value(), 0.575875, 1e-6);
[54.472s]       |   [01;36m[K^~~~~~~~~~~[m[K
[54.472s] [01m[K/opt/ros/jazzy/include/hardware_interface/hardware_interface/loaned_command_interface.hpp:134:10:[m[K [01;36m[Knote: [m[Kdeclared here
[54.473s]   134 |   double [01;36m[Kget_value[m[K() const
[54.473s]       |          [01;36m[K^~~~~~~~~[m[K
[54.473s] [01m[K/home/rumy/acrome_ws/src/ros2_controllers/steering_controllers_library/test/test_steering_controllers_library.cpp:154:60:[m[K [01;35m[Kwarning: [m[Kâ€˜[01m[Kdouble hardware_interface::LoanedCommandInterface::[01;32m[Kget_value[m[K() const[m[Kâ€™ is deprecated: Use std::optional<T> get_optional() instead to retrieve the value. This method will be removed by the ROS 2 Kilted Kaiju release. [[01;35m[K]8;;https://gcc.gnu.org/onlinedocs/gcc/Warning-Options.html#index-Wdeprecated-declarations-Wdeprecated-declarations]8;;[m[K]
[54.473s]   154 |   EXPECT_NEAR([01;35m[Kcontroller_->command_interfaces_[3].get_value()[m[K, 0.575875, 1e-6);
[54.473s]       |               [01;35m[K~~~~~~~~~~~~~~~~~~~~~~~~~~~~~~~~~~~~~~~~~~~~~^~[m[K
[54.474s] [01m[K/opt/ros/jazzy/src/gtest_vendor/include/gtest/gtest_pred_impl.h:79:52:[m[K [01;36m[Knote: [m[Kin definition of macro â€˜[01m[KGTEST_ASSERT_[m[Kâ€™
[54.474s]    79 |   if (const ::testing::AssertionResult gtest_ar = ([01;36m[Kexpression[m[K)) \
[54.474s]       |                                                    [01;36m[K^~~~~~~~~~[m[K
[54.474s] [01m[K/opt/ros/jazzy/src/gtest_vendor/include/gtest/gtest_pred_impl.h:183:3:[m[K [01;36m[Knote: [m[Kin expansion of macro â€˜[01m[KGTEST_PRED_FORMAT3_[m[Kâ€™
[54.474s]   183 |   [01;36m[KGTEST_PRED_FORMAT3_[m[K(pred_format, v1, v2, v3, GTEST_NONFATAL_FAILURE_)
[54.474s]       |   [01;36m[K^~~~~~~~~~~~~~~~~~~[m[K
[54.474s] [01m[K/opt/ros/jazzy/src/gtest_vendor/include/gtest/gtest.h:1986:3:[m[K [01;36m[Knote: [m[Kin expansion of macro â€˜[01m[KEXPECT_PRED_FORMAT3[m[Kâ€™
[54.475s]  1986 |   [01;36m[KEXPECT_PRED_FORMAT3[m[K(::testing::internal::DoubleNearPredFormat, val1, val2, \
[54.475s]       |   [01;36m[K^~~~~~~~~~~~~~~~~~~[m[K
[54.475s] [01m[K/home/rumy/acrome_ws/src/ros2_controllers/steering_controllers_library/test/test_steering_controllers_library.cpp:154:3:[m[K [01;36m[Knote: [m[Kin expansion of macro â€˜[01m[KEXPECT_NEAR[m[Kâ€™
[54.475s]   154 |   [01;36m[KEXPECT_NEAR[m[K(controller_->command_interfaces_[3].get_value(), 0.575875, 1e-6);
[54.475s]       |   [01;36m[K^~~~~~~~~~~[m[K
[54.475s] [01m[K/opt/ros/jazzy/include/hardware_interface/hardware_interface/loaned_command_interface.hpp:134:10:[m[K [01;36m[Knote: [m[Kdeclared here
[54.475s]   134 |   double [01;36m[Kget_value[m[K() const
[54.476s]       |          [01;36m[K^~~~~~~~~[m[K
[54.476s] [01m[K/home/rumy/acrome_ws/src/ros2_controllers/steering_controllers_library/test/test_steering_controllers_library.cpp:193:58:[m[K [01;35m[Kwarning: [m[Kâ€˜[01m[Kdouble hardware_interface::LoanedCommandInterface::[01;32m[Kget_value[m[K() const[m[Kâ€™ is deprecated: Use std::optional<T> get_optional() instead to retrieve the value. This method will be removed by the ROS 2 Kilted Kaiju release. [[01;35m[K]8;;https://gcc.gnu.org/onlinedocs/gcc/Warning-Options.html#index-Wdeprecated-declarations-Wdeprecated-declarations]8;;[m[K]
[54.476s]   193 |   EXPECT_EQ([01;35m[Kcontroller_->command_interfaces_[0].get_value()[m[K, 0);
[54.476s]       |             [01;35m[K~~~~~~~~~~~~~~~~~~~~~~~~~~~~~~~~~~~~~~~~~~~~~^~[m[K
[54.476s] [01m[K/opt/ros/jazzy/src/gtest_vendor/include/gtest/gtest_pred_impl.h:79:52:[m[K [01;36m[Knote: [m[Kin definition of macro â€˜[01m[KGTEST_ASSERT_[m[Kâ€™
[54.476s]    79 |   if (const ::testing::AssertionResult gtest_ar = ([01;36m[Kexpression[m[K)) \
[54.476s]       |                                                    [01;36m[K^~~~~~~~~~[m[K
[54.477s] [01m[K/opt/ros/jazzy/src/gtest_vendor/include/gtest/gtest_pred_impl.h:144:3:[m[K [01;36m[Knote: [m[Kin expansion of macro â€˜[01m[KGTEST_PRED_FORMAT2_[m[Kâ€™
[54.477s]   144 |   [01;36m[KGTEST_PRED_FORMAT2_[m[K(pred_format, v1, v2, GTEST_NONFATAL_FAILURE_)
[54.477s]       |   [01;36m[K^~~~~~~~~~~~~~~~~~~[m[K
[54.477s] [01m[K/opt/ros/jazzy/src/gtest_vendor/include/gtest/gtest.h:1869:3:[m[K [01;36m[Knote: [m[Kin expansion of macro â€˜[01m[KEXPECT_PRED_FORMAT2[m[Kâ€™
[54.477s]  1869 |   [01;36m[KEXPECT_PRED_FORMAT2[m[K(::testing::internal::EqHelper::Compare, val1, val2)
[54.477s]       |   [01;36m[K^~~~~~~~~~~~~~~~~~~[m[K
[54.477s] [01m[K/home/rumy/acrome_ws/src/ros2_controllers/steering_controllers_library/test/test_steering_controllers_library.cpp:193:3:[m[K [01;36m[Knote: [m[Kin expansion of macro â€˜[01m[KEXPECT_EQ[m[Kâ€™
[54.478s]   193 |   [01;36m[KEXPECT_EQ[m[K(controller_->command_interfaces_[0].get_value(), 0);
[54.478s]       |   [01;36m[K^~~~~~~~~[m[K
[54.478s] [01m[K/opt/ros/jazzy/include/hardware_interface/hardware_interface/loaned_command_interface.hpp:134:10:[m[K [01;36m[Knote: [m[Kdeclared here
[54.478s]   134 |   double [01;36m[Kget_value[m[K() const
[54.478s]       |          [01;36m[K^~~~~~~~~[m[K
[54.478s] [01m[K/home/rumy/acrome_ws/src/ros2_controllers/steering_controllers_library/test/test_steering_controllers_library.cpp:194:58:[m[K [01;35m[Kwarning: [m[Kâ€˜[01m[Kdouble hardware_interface::LoanedCommandInterface::[01;32m[Kget_value[m[K() const[m[Kâ€™ is deprecated: Use std::optional<T> get_optional() instead to retrieve the value. This method will be removed by the ROS 2 Kilted Kaiju release. [[01;35m[K]8;;https://gcc.gnu.org/onlinedocs/gcc/Warning-Options.html#index-Wdeprecated-declarations-Wdeprecated-declarations]8;;[m[K]
[54.478s]   194 |   EXPECT_EQ([01;35m[Kcontroller_->command_interfaces_[1].get_value()[m[K, 0);
[54.479s]       |             [01;35m[K~~~~~~~~~~~~~~~~~~~~~~~~~~~~~~~~~~~~~~~~~~~~~^~[m[K
[54.479s] [01m[K/opt/ros/jazzy/src/gtest_vendor/include/gtest/gtest_pred_impl.h:79:52:[m[K [01;36m[Knote: [m[Kin definition of macro â€˜[01m[KGTEST_ASSERT_[m[Kâ€™
[54.479s]    79 |   if (const ::testing::AssertionResult gtest_ar = ([01;36m[Kexpression[m[K)) \
[54.479s]       |                                                    [01;36m[K^~~~~~~~~~[m[K
[54.479s] [01m[K/opt/ros/jazzy/src/gtest_vendor/include/gtest/gtest_pred_impl.h:144:3:[m[K [01;36m[Knote: [m[Kin expansion of macro â€˜[01m[KGTEST_PRED_FORMAT2_[m[Kâ€™
[54.479s]   144 |   [01;36m[KGTEST_PRED_FORMAT2_[m[K(pred_format, v1, v2, GTEST_NONFATAL_FAILURE_)
[54.480s]       |   [01;36m[K^~~~~~~~~~~~~~~~~~~[m[K
[54.480s] [01m[K/opt/ros/jazzy/src/gtest_vendor/include/gtest/gtest.h:1869:3:[m[K [01;36m[Knote: [m[Kin expansion of macro â€˜[01m[KEXPECT_PRED_FORMAT2[m[Kâ€™
[54.480s]  1869 |   [01;36m[KEXPECT_PRED_FORMAT2[m[K(::testing::internal::EqHelper::Compare, val1, val2)
[54.480s]       |   [01;36m[K^~~~~~~~~~~~~~~~~~~[m[K
[54.480s] [01m[K/home/rumy/acrome_ws/src/ros2_controllers/steering_controllers_library/test/test_steering_controllers_library.cpp:194:3:[m[K [01;36m[Knote: [m[Kin expansion of macro â€˜[01m[KEXPECT_EQ[m[Kâ€™
[54.480s]   194 |   [01;36m[KEXPECT_EQ[m[K(controller_->command_interfaces_[1].get_value(), 0);
[54.480s]       |   [01;36m[K^~~~~~~~~[m[K
[54.481s] [01m[K/opt/ros/jazzy/include/hardware_interface/hardware_interface/loaned_command_interface.hpp:134:10:[m[K [01;36m[Knote: [m[Kdeclared here
[54.481s]   134 |   double [01;36m[Kget_value[m[K() const
[54.481s]       |          [01;36m[K^~~~~~~~~[m[K
[54.481s] [01m[K/home/rumy/acrome_ws/src/ros2_controllers/steering_controllers_library/test/test_steering_controllers_library.cpp:197:60:[m[K [01;35m[Kwarning: [m[Kâ€˜[01m[Kdouble hardware_interface::LoanedCommandInterface::[01;32m[Kget_value[m[K() const[m[Kâ€™ is deprecated: Use std::optional<T> get_optional() instead to retrieve the value. This method will be removed by the ROS 2 Kilted Kaiju release. [[01;35m[K]8;;https://gcc.gnu.org/onlinedocs/gcc/Warning-Options.html#index-Wdeprecated-declarations-Wdeprecated-declarations]8;;[m[K]
[54.481s]   197 |   EXPECT_NEAR([01;35m[Kcontroller_->command_interfaces_[2].get_value()[m[K, 0.575875, 1e-6);
[54.481s]       |               [01;35m[K~~~~~~~~~~~~~~~~~~~~~~~~~~~~~~~~~~~~~~~~~~~~~^~[m[K
[54.481s] [01m[K/opt/ros/jazzy/src/gtest_vendor/include/gtest/gtest_pred_impl.h:79:52:[m[K [01;36m[Knote: [m[Kin definition of macro â€˜[01m[KGTEST_ASSERT_[m[Kâ€™
[54.482s]    79 |   if (const ::testing::AssertionResult gtest_ar = ([01;36m[Kexpression[m[K)) \
[54.482s]       |                                                    [01;36m[K^~~~~~~~~~[m[K
[54.482s] [01m[K/opt/ros/jazzy/src/gtest_vendor/include/gtest/gtest_pred_impl.h:183:3:[m[K [01;36m[Knote: [m[Kin expansion of macro â€˜[01m[KGTEST_PRED_FORMAT3_[m[Kâ€™
[54.482s]   183 |   [01;36m[KGTEST_PRED_FORMAT3_[m[K(pred_format, v1, v2, v3, GTEST_NONFATAL_FAILURE_)
[54.482s]       |   [01;36m[K^~~~~~~~~~~~~~~~~~~[m[K
[54.482s] [01m[K/opt/ros/jazzy/src/gtest_vendor/include/gtest/gtest.h:1986:3:[m[K [01;36m[Knote: [m[Kin expansion of macro â€˜[01m[KEXPECT_PRED_FORMAT3[m[Kâ€™
[54.482s]  1986 |   [01;36m[KEXPECT_PRED_FORMAT3[m[K(::testing::internal::DoubleNearPredFormat, val1, val2, \
[54.483s]       |   [01;36m[K^~~~~~~~~~~~~~~~~~~[m[K
[54.483s] [01m[K/home/rumy/acrome_ws/src/ros2_controllers/steering_controllers_library/test/test_steering_controllers_library.cpp:197:3:[m[K [01;36m[Knote: [m[Kin expansion of macro â€˜[01m[KEXPECT_NEAR[m[Kâ€™
[54.483s]   197 |   [01;36m[KEXPECT_NEAR[m[K(controller_->command_interfaces_[2].get_value(), 0.575875, 1e-6);
[54.483s]       |   [01;36m[K^~~~~~~~~~~[m[K
[54.483s] [01m[K/opt/ros/jazzy/include/hardware_interface/hardware_interface/loaned_command_interface.hpp:134:10:[m[K [01;36m[Knote: [m[Kdeclared here
[54.483s]   134 |   double [01;36m[Kget_value[m[K() const
[54.483s]       |          [01;36m[K^~~~~~~~~[m[K
[54.484s] [01m[K/home/rumy/acrome_ws/src/ros2_controllers/steering_controllers_library/test/test_steering_controllers_library.cpp:198:60:[m[K [01;35m[Kwarning: [m[Kâ€˜[01m[Kdouble hardware_interface::LoanedCommandInterface::[01;32m[Kget_value[m[K() const[m[Kâ€™ is deprecated: Use std::optional<T> get_optional() instead to retrieve the value. This method will be removed by the ROS 2 Kilted Kaiju release. [[01;35m[K]8;;https://gcc.gnu.org/onlinedocs/gcc/Warning-Options.html#index-Wdeprecated-declarations-Wdeprecated-declarations]8;;[m[K]
[54.484s]   198 |   EXPECT_NEAR([01;35m[Kcontroller_->command_interfaces_[3].get_value()[m[K, 0.575875, 1e-6);
[54.484s]       |               [01;35m[K~~~~~~~~~~~~~~~~~~~~~~~~~~~~~~~~~~~~~~~~~~~~~^~[m[K
[54.484s] [01m[K/opt/ros/jazzy/src/gtest_vendor/include/gtest/gtest_pred_impl.h:79:52:[m[K [01;36m[Knote: [m[Kin definition of macro â€˜[01m[KGTEST_ASSERT_[m[Kâ€™
[54.484s]    79 |   if (const ::testing::AssertionResult gtest_ar = ([01;36m[Kexpression[m[K)) \
[54.484s]       |                                                    [01;36m[K^~~~~~~~~~[m[K
[54.484s] [01m[K/opt/ros/jazzy/src/gtest_vendor/include/gtest/gtest_pred_impl.h:183:3:[m[K [01;36m[Knote: [m[Kin expansion of macro â€˜[01m[KGTEST_PRED_FORMAT3_[m[Kâ€™
[54.485s]   183 |   [01;36m[KGTEST_PRED_FORMAT3_[m[K(pred_format, v1, v2, v3, GTEST_NONFATAL_FAILURE_)
[54.485s]       |   [01;36m[K^~~~~~~~~~~~~~~~~~~[m[K
[54.485s] [01m[K/opt/ros/jazzy/src/gtest_vendor/include/gtest/gtest.h:1986:3:[m[K [01;36m[Knote: [m[Kin expansion of macro â€˜[01m[KEXPECT_PRED_FORMAT3[m[Kâ€™
[54.485s]  1986 |   [01;36m[KEXPECT_PRED_FORMAT3[m[K(::testing::internal::DoubleNearPredFormat, val1, val2, \
[54.485s]       |   [01;36m[K^~~~~~~~~~~~~~~~~~~[m[K
[54.485s] [01m[K/home/rumy/acrome_ws/src/ros2_controllers/steering_controllers_library/test/test_steering_controllers_library.cpp:198:3:[m[K [01;36m[Knote: [m[Kin expansion of macro â€˜[01m[KEXPECT_NEAR[m[Kâ€™
[54.486s]   198 |   [01;36m[KEXPECT_NEAR[m[K(controller_->command_interfaces_[3].get_value(), 0.575875, 1e-6);
[54.486s]       |   [01;36m[K^~~~~~~~~~~[m[K
[54.486s] [01m[K/opt/ros/jazzy/include/hardware_interface/hardware_interface/loaned_command_interface.hpp:134:10:[m[K [01;36m[Knote: [m[Kdeclared here
[54.486s]   134 |   double [01;36m[Kget_value[m[K() const
[54.486s]       |          [01;36m[K^~~~~~~~~[m[K
[58.792s] [ 85%] [32m[1mLinking CXX executable test_steering_controllers_library[0m
[60.249s] [ 85%] Built target test_steering_controllers_library
[60.280s] [ 92%] [32mBuilding CXX object CMakeFiles/test_steering_odometry.dir/test/test_steering_odometry.cpp.o[0m
[62.683s] [100%] [32m[1mLinking CXX executable test_steering_odometry[0m
[64.376s] [100%] Built target test_steering_odometry
[64.392s] Invoked command in '/home/rumy/acrome_ws/build/steering_controllers_library' returned '0': CMAKE_PREFIX_PATH=${CMAKE_PREFIX_PATH}:/opt/ros/jazzy DEBUGINFOD_URLS=https://debuginfod.ubuntu.com /usr/bin/cmake --build /home/rumy/acrome_ws/build/steering_controllers_library -- -j12 -l12
[64.394s] Invoking command in '/home/rumy/acrome_ws/build/steering_controllers_library': CMAKE_PREFIX_PATH=${CMAKE_PREFIX_PATH}:/opt/ros/jazzy DEBUGINFOD_URLS=https://debuginfod.ubuntu.com /usr/bin/cmake --install /home/rumy/acrome_ws/build/steering_controllers_library
[67.190s] -- Install configuration: ""
[67.190s] -- Installing: /home/rumy/acrome_ws/install/steering_controllers_library/include/steering_controllers_library
[67.190s] -- Installing: /home/rumy/acrome_ws/install/steering_controllers_library/include/steering_controllers_library/steering_controllers_library_parameters.hpp
[67.190s] -- Up-to-date: /home/rumy/acrome_ws/install/steering_controllers_library/include/steering_controllers_library
[67.190s] -- Installing: /home/rumy/acrome_ws/install/steering_controllers_library/include/steering_controllers_library/steering_controllers_library
[67.190s] -- Installing: /home/rumy/acrome_ws/install/steering_controllers_library/include/steering_controllers_library/steering_controllers_library/steering_controllers_library.hpp
[67.190s] -- Installing: /home/rumy/acrome_ws/install/steering_controllers_library/include/steering_controllers_library/steering_controllers_library/steering_odometry.hpp
[67.191s] -- Installing: /home/rumy/acrome_ws/install/steering_controllers_library/lib/libsteering_controllers_library.so
[67.191s] -- Set non-toolchain portion of runtime path of "/home/rumy/acrome_ws/install/steering_controllers_library/lib/libsteering_controllers_library.so" to ""
[67.191s] -- Installing: /home/rumy/acrome_ws/install/steering_controllers_library/share/steering_controllers_library/environment/library_path.sh
[67.191s] -- Installing: /home/rumy/acrome_ws/install/steering_controllers_library/share/steering_controllers_library/environment/library_path.dsv
[67.191s] -- Installing: /home/rumy/acrome_ws/install/steering_controllers_library/share/ament_index/resource_index/package_run_dependencies/steering_controllers_library
[67.191s] -- Installing: /home/rumy/acrome_ws/install/steering_controllers_library/share/ament_index/resource_index/parent_prefix_path/steering_controllers_library
[67.198s] -- Installing: /home/rumy/acrome_ws/install/steering_controllers_library/share/steering_controllers_library/environment/ament_prefix_path.sh
[67.198s] -- Installing: /home/rumy/acrome_ws/install/steering_controllers_library/share/steering_controllers_library/environment/ament_prefix_path.dsv
[67.198s] -- Installing: /home/rumy/acrome_ws/install/steering_controllers_library/share/steering_controllers_library/environment/path.sh
[67.199s] -- Installing: /home/rumy/acrome_ws/install/steering_controllers_library/share/steering_controllers_library/environment/path.dsv
[67.199s] -- Installing: /home/rumy/acrome_ws/install/steering_controllers_library/share/steering_controllers_library/local_setup.bash
[67.199s] -- Installing: /home/rumy/acrome_ws/install/steering_controllers_library/share/steering_controllers_library/local_setup.sh
[67.199s] -- Installing: /home/rumy/acrome_ws/install/steering_controllers_library/share/steering_controllers_library/local_setup.zsh
[67.199s] -- Installing: /home/rumy/acrome_ws/install/steering_controllers_library/share/steering_controllers_library/local_setup.dsv
[67.199s] -- Installing: /home/rumy/acrome_ws/install/steering_controllers_library/share/steering_controllers_library/package.dsv
[67.200s] -- Installing: /home/rumy/acrome_ws/install/steering_controllers_library/share/ament_index/resource_index/packages/steering_controllers_library
[67.200s] -- Installing: /home/rumy/acrome_ws/install/steering_controllers_library/share/steering_controllers_library/cmake/export_steering_controllers_libraryExport.cmake
[67.200s] -- Installing: /home/rumy/acrome_ws/install/steering_controllers_library/share/steering_controllers_library/cmake/export_steering_controllers_libraryExport-noconfig.cmake
[67.200s] -- Installing: /home/rumy/acrome_ws/install/steering_controllers_library/share/steering_controllers_library/cmake/ament_cmake_export_dependencies-extras.cmake
[67.200s] -- Installing: /home/rumy/acrome_ws/install/steering_controllers_library/share/steering_controllers_library/cmake/ament_cmake_export_targets-extras.cmake
[67.200s] -- Installing: /home/rumy/acrome_ws/install/steering_controllers_library/share/steering_controllers_library/cmake/steering_controllers_libraryConfig.cmake
[67.200s] -- Installing: /home/rumy/acrome_ws/install/steering_controllers_library/share/steering_controllers_library/cmake/steering_controllers_libraryConfig-version.cmake
[67.200s] -- Installing: /home/rumy/acrome_ws/install/steering_controllers_library/share/steering_controllers_library/package.xml
[67.225s] Invoked command in '/home/rumy/acrome_ws/build/steering_controllers_library' returned '0': CMAKE_PREFIX_PATH=${CMAKE_PREFIX_PATH}:/opt/ros/jazzy DEBUGINFOD_URLS=https://debuginfod.ubuntu.com /usr/bin/cmake --install /home/rumy/acrome_ws/build/steering_controllers_library
