[0.056s] Invoking command in '/home/rumy/acrome_ws/build/pid_controller': CMAKE_PREFIX_PATH=${CMAKE_PREFIX_PATH}:/opt/ros/jazzy DEBUGINFOD_URLS=https://debuginfod.ubuntu.com /usr/bin/cmake /home/rumy/acrome_ws/src/ros2_controllers/pid_controller -DCMAKE_INSTALL_PREFIX=/home/rumy/acrome_ws/install/pid_controller
[0.315s] -- The C compiler identification is GNU 13.3.0
[0.315s] -- The CXX compiler identification is GNU 13.3.0
[0.315s] -- Detecting C compiler ABI info
[0.406s] -- Detecting C compiler ABI info - done
[0.420s] -- Check for working C compiler: /usr/bin/cc - skipped
[0.420s] -- Detecting C compile features
[0.421s] -- Detecting C compile features - done
[0.431s] -- Detecting CXX compiler ABI info
[0.577s] -- Detecting CXX compiler ABI info - done
[0.595s] -- Check for working CXX compiler: /usr/bin/c++ - skipped
[0.595s] -- Detecting CXX compile features
[0.596s] -- Detecting CXX compile features - done
[0.602s] -- Found ros2_control_cmake: 0.2.1 (/opt/ros/jazzy/share/ros2_control_cmake/cmake)
[0.602s] -- Compiler warnings enabled for GNU
[0.603s] -- Detected GCC Version: 13.3.0 (Major: 13, Minor: 3)
[0.608s] -- Found ament_cmake: 2.5.4 (/opt/ros/jazzy/share/ament_cmake/cmake)
[0.829s] -- Found Python3: /usr/bin/python3 (found version "3.12.3") found components: Interpreter 
[1.027s] -- Found angles: 1.16.0 (/opt/ros/jazzy/share/angles/cmake)
[1.035s] -- Found control_msgs: 5.4.1 (/opt/ros/jazzy/share/control_msgs/cmake)
[1.124s] -- Found rosidl_generator_c: 4.6.5 (/opt/ros/jazzy/share/rosidl_generator_c/cmake)
[1.154s] -- Found rosidl_generator_cpp: 4.6.5 (/opt/ros/jazzy/share/rosidl_generator_cpp/cmake)
[1.182s] -- Using all available rosidl_typesupport_c: rosidl_typesupport_fastrtps_c;rosidl_typesupport_introspection_c
[1.218s] -- Using all available rosidl_typesupport_cpp: rosidl_typesupport_fastrtps_cpp;rosidl_typesupport_introspection_cpp
[1.439s] -- Found control_toolbox: 4.5.0 (/opt/ros/jazzy/share/control_toolbox/cmake)
[1.514s] -- Found rmw_implementation_cmake: 7.3.2 (/opt/ros/jazzy/share/rmw_implementation_cmake/cmake)
[1.519s] -- Found rmw_fastrtps_cpp: 8.4.2 (/opt/ros/jazzy/share/rmw_fastrtps_cpp/cmake)
[1.656s] -- Found OpenSSL: /usr/lib/x86_64-linux-gnu/libcrypto.so (found version "3.0.13")  
[1.694s] -- Found FastRTPS: /opt/ros/jazzy/include (Required is at least version "2.13") 
[1.734s] -- Using RMW implementation 'rmw_fastrtps_cpp' as default
[2.279s] -- Found eigen3_cmake_module: 0.3.0 (/opt/ros/jazzy/share/eigen3_cmake_module/cmake)
[2.281s] -- Found Eigen3: TRUE (found version "3.4.0") 
[2.281s] -- Ensuring Eigen3 include directory is part of orocos-kdl CMake target
[2.452s] -- Found controller_interface: 4.32.0 (/opt/ros/jazzy/share/controller_interface/cmake)
[2.584s] -- Found std_srvs: 5.3.6 (/opt/ros/jazzy/share/std_srvs/cmake)
[2.611s] -- Found ament_cmake_gmock: 2.5.4 (/opt/ros/jazzy/share/ament_cmake_gmock/cmake)
[2.614s] -- Found controller_manager: 4.32.0 (/opt/ros/jazzy/share/controller_manager/cmake)
[2.710s] -- Found ros2_control_test_assets: 4.32.0 (/opt/ros/jazzy/share/ros2_control_test_assets/cmake)
[2.714s] -- Found gmock sources under '/opt/ros/jazzy/src/gmock_vendor': C++ tests using 'Google Mock' will be built
[2.723s] -- Found ament_cmake_gtest: 2.5.4 (/opt/ros/jazzy/share/ament_cmake_gtest/cmake)
[2.724s] -- Found gtest sources under '/opt/ros/jazzy/src/gtest_vendor': C++ tests using 'Google Test' will be built
[2.728s] -- Found gmock sources under '/opt/ros/jazzy/src/gmock_vendor': C++ tests using 'Google Mock' will be built
[2.729s] -- Found ament_cmake_gtest: 2.5.4 (/opt/ros/jazzy/share/ament_cmake_gtest/cmake)
[2.729s] -- Found gtest sources under '/opt/ros/jazzy/src/gtest_vendor': C++ tests using 'Google Test' will be built
[2.730s] -- Found gmock sources under '/opt/ros/jazzy/src/gmock_vendor': C++ tests using 'Google Mock' will be built
[2.731s] -- Found ament_cmake_gtest: 2.5.4 (/opt/ros/jazzy/share/ament_cmake_gtest/cmake)
[2.731s] -- Found gtest sources under '/opt/ros/jazzy/src/gtest_vendor': C++ tests using 'Google Test' will be built
[2.732s] -- Found gmock sources under '/opt/ros/jazzy/src/gmock_vendor': C++ tests using 'Google Mock' will be built
[2.733s] -- Found ament_cmake_gtest: 2.5.4 (/opt/ros/jazzy/share/ament_cmake_gtest/cmake)
[2.733s] -- Found gtest sources under '/opt/ros/jazzy/src/gtest_vendor': C++ tests using 'Google Test' will be built
[2.907s] -- Configuring done (2.8s)
[3.035s] -- Generating done (0.1s)
[3.055s] -- Build files have been written to: /home/rumy/acrome_ws/build/pid_controller
[3.106s] Invoked command in '/home/rumy/acrome_ws/build/pid_controller' returned '0': CMAKE_PREFIX_PATH=${CMAKE_PREFIX_PATH}:/opt/ros/jazzy DEBUGINFOD_URLS=https://debuginfod.ubuntu.com /usr/bin/cmake /home/rumy/acrome_ws/src/ros2_controllers/pid_controller -DCMAKE_INSTALL_PREFIX=/home/rumy/acrome_ws/install/pid_controller
[3.125s] Invoking command in '/home/rumy/acrome_ws/build/pid_controller': CMAKE_PREFIX_PATH=${CMAKE_PREFIX_PATH}:/opt/ros/jazzy DEBUGINFOD_URLS=https://debuginfod.ubuntu.com /usr/bin/cmake --build /home/rumy/acrome_ws/build/pid_controller -- -j12 -l12
[3.165s] [  5%] [32mBuilding CXX object gmock/CMakeFiles/gmock.dir/src/gmock-all.cc.o[0m
[3.172s] [ 11%] [34m[1mRunning `/opt/ros/jazzy/bin/generate_parameter_library_cpp /home/rumy/acrome_ws/build/pid_controller/include/pid_controller/pid_controller_parameters.hpp /home/rumy/acrome_ws/src/ros2_controllers/pid_controller/src/pid_controller.yaml `[0m
[3.176s] [ 17%] [32mBuilding CXX object gmock/CMakeFiles/gmock.dir/opt/ros/jazzy/src/gtest_vendor/src/gtest-all.cc.o[0m
[3.182s] [ 23%] [32mBuilding CXX object gmock/CMakeFiles/gmock_main.dir/src/gmock_main.cc.o[0m
[7.949s] [ 29%] [34m[1mCreating deprecated header file /home/rumy/acrome_ws/build/pid_controller/include/pid_controller_parameters.hpp[0m
[7.989s] [ 29%] Built target pid_controller_parameters
[8.428s] [ 35%] [32m[1mLinking CXX static library libgmock_main.a[0m
[8.548s] [ 35%] Built target gmock_main
[12.927s] [ 41%] [32m[1mLinking CXX static library libgmock.a[0m
[13.020s] [ 41%] Built target gmock
[13.052s] [ 47%] [32mBuilding CXX object CMakeFiles/pid_controller.dir/src/pid_controller.cpp.o[0m
[17.882s] [01m[K/home/rumy/acrome_ws/src/ros2_controllers/pid_controller/src/pid_controller.cpp:[m[K In member function â€˜[01m[Kvirtual controller_interface::return_type pid_controller::PidController::[01;32m[Kupdate_and_write_commands[m[K(const rclcpp::Time&, const rclcpp::Duration&)[m[Kâ€™:
[17.883s] [01m[K/home/rumy/acrome_ws/src/ros2_controllers/pid_controller/src/pid_controller.cpp:496:65:[m[K [01;35m[Kwarning: [m[Kâ€˜[01m[Kdouble hardware_interface::LoanedStateInterface::[01;32m[Kget_value[m[K() const[m[Kâ€™ is deprecated: Use std::optional<T> get_optional() instead to retrieve the value. This method will be removed by the ROS 2 Kilted Kaiju release. [[01;35m[K]8;;https://gcc.gnu.org/onlinedocs/gcc/Warning-Options.html#index-Wdeprecated-declarations-Wdeprecated-declarations]8;;[m[K]
[17.883s]   496 |       measured_state_values_[i] = [01;35m[Kstate_interfaces_[i].get_value()[m[K;
[17.884s]       |                                   [01;35m[K~~~~~~~~~~~~~~~~~~~~~~~~~~~~~~^~[m[K
[17.884s] In file included from [01m[K/opt/ros/jazzy/include/controller_interface/controller_interface/controller_interface_base.hpp:28[m[K,
[17.884s]                  from [01m[K/opt/ros/jazzy/include/controller_interface/controller_interface/chainable_controller_interface.hpp:23[m[K,
[17.884s]                  from [01m[K/home/rumy/acrome_ws/src/ros2_controllers/pid_controller/include/pid_controller/pid_controller.hpp:28[m[K,
[17.886s]                  from [01m[K/home/rumy/acrome_ws/src/ros2_controllers/pid_controller/src/pid_controller.cpp:18[m[K:
[17.886s] [01m[K/opt/ros/jazzy/include/hardware_interface/hardware_interface/loaned_state_interface.hpp:94:10:[m[K [01;36m[Knote: [m[Kdeclared here
[17.886s]    94 |   double [01;36m[Kget_value[m[K() const
[17.886s]       |          [01;36m[K^~~~~~~~~[m[K
[17.887s] [01m[K/home/rumy/acrome_ws/src/ros2_controllers/pid_controller/src/pid_controller.cpp:601:85:[m[K [01;35m[Kwarning: [m[Kâ€˜[01m[Kdouble hardware_interface::LoanedCommandInterface::[01;32m[Kget_value[m[K() const[m[Kâ€™ is deprecated: Use std::optional<T> get_optional() instead to retrieve the value. This method will be removed by the ROS 2 Kilted Kaiju release. [[01;35m[K]8;;https://gcc.gnu.org/onlinedocs/gcc/Warning-Options.html#index-Wdeprecated-declarations-Wdeprecated-declarations]8;;[m[K]
[17.887s]   601 | isher_->msg_.dof_states[i].output = [01;35m[Kcommand_interfaces_[i].get_value()[m[K;
[17.887s]       |                                     [01;35m[K~~~~~~~~~~~~~~~~~~~~~~~~~~~~~~~~^~[m[K
[17.887s] 
[17.887s] In file included from [01m[K/opt/ros/jazzy/include/controller_interface/controller_interface/controller_interface_base.hpp:27[m[K:
[17.888s] [01m[K/opt/ros/jazzy/include/hardware_interface/hardware_interface/loaned_command_interface.hpp:134:10:[m[K [01;36m[Knote: [m[Kdeclared here
[17.889s]   134 |   double [01;36m[Kget_value[m[K() const
[17.889s]       |          [01;36m[K^~~~~~~~~[m[K
[20.321s] In file included from [01m[K/usr/include/c++/13/bits/stl_tempbuf.h:61[m[K,
[20.321s]                  from [01m[K/usr/include/c++/13/memory:66[m[K,
[20.321s]                  from [01m[K/home/rumy/acrome_ws/src/ros2_controllers/pid_controller/include/pid_controller/pid_controller.hpp:21[m[K:
[20.321s] /usr/include/c++/13/bits/stl_construct.h: In instantiation of â€˜[01m[Kvoid std::[01;32m[K_Construct[m[K(_Tp*, _Args&& ...) [35m[K[with _Tp = control_toolbox::PidROS; _Args = {shared_ptr<rclcpp_lifecycle::LifecycleNode>, __cxx11::basic_string<char, char_traits<char>, allocator<char> >, __cxx11::basic_string<char, char_traits<char>, allocator<char> >, bool}][m[K[m[Kâ€™:
[20.322s] [01m[K/usr/include/c++/13/bits/alloc_traits.h:661:19:[m[K   required from â€˜[01m[Kstatic void std::allocator_traits<std::allocator<void> >::[01;32m[Kconstruct[m[K(allocator_type&, _Up*, _Args&& ...) [35m[K[with _Up = control_toolbox::PidROS; _Args = {std::shared_ptr<rclcpp_lifecycle::LifecycleNode>, std::__cxx11::basic_string<char, std::char_traits<char>, std::allocator<char> >, std::__cxx11::basic_string<char, std::char_traits<char>, std::allocator<char> >, bool}; allocator_type = std::allocator<void>][m[K[m[Kâ€™
[20.322s] [01m[K/usr/include/c++/13/bits/shared_ptr_base.h:604:39:[m[K   required from â€˜[01m[Kstd::_Sp_counted_ptr_inplace<_Tp, _Alloc, _Lp>::[01;32m[K_Sp_counted_ptr_inplace[m[K(_Alloc, _Args&& ...) [35m[K[with _Args = {std::shared_ptr<rclcpp_lifecycle::LifecycleNode>, std::__cxx11::basic_string<char, std::char_traits<char>, std::allocator<char> >, std::__cxx11::basic_string<char, std::char_traits<char>, std::allocator<char> >, bool}; _Tp = control_toolbox::PidROS; _Alloc = std::allocator<void>; __gnu_cxx::_Lock_policy _Lp = __gnu_cxx::_S_atomic][m[K[m[Kâ€™
[20.322s] [01m[K/usr/include/c++/13/bits/shared_ptr_base.h:971:16:[m[K   required from â€˜[01m[Kstd::__shared_count<_Lp>::[01;32m[K__shared_count[m[K(_Tp*&, std::_Sp_alloc_shared_tag<_Alloc>, _Args&& ...) [35m[K[with _Tp = control_toolbox::PidROS; _Alloc = std::allocator<void>; _Args = {std::shared_ptr<rclcpp_lifecycle::LifecycleNode>, std::__cxx11::basic_string<char, std::char_traits<char>, std::allocator<char> >, std::__cxx11::basic_string<char, std::char_traits<char>, std::allocator<char> >, bool}; __gnu_cxx::_Lock_policy _Lp = __gnu_cxx::_S_atomic][m[K[m[Kâ€™
[20.322s] [01m[K/usr/include/c++/13/bits/shared_ptr_base.h:1712:14:[m[K   required from â€˜[01m[Kstd::__shared_ptr<_Tp, _Lp>::[01;32m[K__shared_ptr[m[K(std::_Sp_alloc_shared_tag<_Tp>, _Args&& ...) [35m[K[with _Alloc = std::allocator<void>; _Args = {std::shared_ptr<rclcpp_lifecycle::LifecycleNode>, std::__cxx11::basic_string<char, std::char_traits<char>, std::allocator<char> >, std::__cxx11::basic_string<char, std::char_traits<char>, std::allocator<char> >, bool}; _Tp = control_toolbox::PidROS; __gnu_cxx::_Lock_policy _Lp = __gnu_cxx::_S_atomic][m[K[m[Kâ€™
[20.322s] [01m[K/usr/include/c++/13/bits/shared_ptr.h:464:59:[m[K   required from â€˜[01m[Kstd::shared_ptr<_Tp>::[01;32m[Kshared_ptr[m[K(std::_Sp_alloc_shared_tag<_Tp>, _Args&& ...) [35m[K[with _Alloc = std::allocator<void>; _Args = {std::shared_ptr<rclcpp_lifecycle::LifecycleNode>, std::__cxx11::basic_string<char, std::char_traits<char>, std::allocator<char> >, std::__cxx11::basic_string<char, std::char_traits<char>, std::allocator<char> >, bool}; _Tp = control_toolbox::PidROS][m[K[m[Kâ€™
[20.322s] [01m[K/usr/include/c++/13/bits/shared_ptr.h:1009:14:[m[K   required from â€˜[01m[Kstd::shared_ptr<typename std::enable_if<(! std::is_array< <template-parameter-1-1> >::value), _Tp>::type> std::[01;32m[Kmake_shared[m[K(_Args&& ...) [35m[K[with _Tp = control_toolbox::PidROS; _Args = {shared_ptr<rclcpp_lifecycle::LifecycleNode>, __cxx11::basic_string<char, char_traits<char>, allocator<char> >, __cxx11::basic_string<char, char_traits<char>, allocator<char> >, bool}; typename enable_if<(! is_array< <template-parameter-1-1> >::value), _Tp>::type = control_toolbox::PidROS][m[K[m[Kâ€™
[20.322s] [01m[K/home/rumy/acrome_ws/src/ros2_controllers/pid_controller/src/pid_controller.cpp:142:57:[m[K   required from here
[20.323s] [01m[K/usr/include/c++/13/bits/stl_construct.h:119:7:[m[K [01;31m[Kerror: [m[Kno matching function for call to â€˜[01m[Kcontrol_toolbox::PidROS::PidROS(std::shared_ptr<rclcpp_lifecycle::LifecycleNode>, std::__cxx11::basic_string<char>, std::__cxx11::basic_string<char>, bool)[m[Kâ€™
[20.323s]   119 |       [01;31m[K::new((void*)__p) _Tp(std::forward<_Args>(__args)...)[m[K;
[20.323s]       |       [01;31m[K^~~~~~~~~~~~~~~~~~~~~~~~~~~~~~~~~~~~~~~~~~~~~~~~~~~~~[m[K
[20.323s] In file included from [01m[K/home/rumy/acrome_ws/src/ros2_controllers/pid_controller/include/pid_controller/pid_controller.hpp:27[m[K:
[20.323s] [01m[K/opt/ros/jazzy/include/control_toolbox/control_toolbox/pid_ros.hpp:71:12:[m[K [01;36m[Knote: [m[Kcandidate: â€˜[01m[Ktemplate<class NodeT> control_toolbox::PidROS::[01;32m[KPidROS[m[K(std::shared_ptr<_Tp>, std::string, bool)[m[Kâ€™
[20.323s]    71 |   explicit [01;36m[KPidROS[m[K(
[20.323s]       |            [01;36m[K^~~~~~[m[K
[20.324s] [01m[K/opt/ros/jazzy/include/control_toolbox/control_toolbox/pid_ros.hpp:71:12:[m[K [01;36m[Knote: [m[K  template argument deduction/substitution failed:
[20.324s] [01m[K/usr/include/c++/13/bits/stl_construct.h:119:7:[m[K [01;36m[Knote: [m[K  candidate expects 3 arguments, 4 provided
[20.324s]   119 |       [01;36m[K::new((void*)__p) _Tp(std::forward<_Args>(__args)...)[m[K;
[20.324s]       |       [01;36m[K^~~~~~~~~~~~~~~~~~~~~~~~~~~~~~~~~~~~~~~~~~~~~~~~~~~~~[m[K
[20.324s] [01m[K/opt/ros/jazzy/include/control_toolbox/control_toolbox/pid_ros.hpp:81:3:[m[K [01;36m[Knote: [m[Kcandidate: â€˜[01m[Kcontrol_toolbox::PidROS::[01;32m[KPidROS[m[K(rclcpp::node_interfaces::NodeBaseInterface::SharedPtr, rclcpp::node_interfaces::NodeLoggingInterface::SharedPtr, rclcpp::node_interfaces::NodeParametersInterface::SharedPtr, rclcpp::node_interfaces::NodeTopicsInterface::SharedPtr, std::string, bool)[m[Kâ€™
[20.324s]    81 |   [01;36m[KPidROS[m[K(
[20.329s]       |   [01;36m[K^~~~~~[m[K
[20.329s] [01m[K/opt/ros/jazzy/include/control_toolbox/control_toolbox/pid_ros.hpp:82:59:[m[K [01;36m[Knote: [m[K  no known conversion for argument 1 from â€˜[01m[Kshared_ptr<[01;32m[Krclcpp_lifecycle::LifecycleNode[m[K>[m[Kâ€™ to â€˜[01m[Kshared_ptr<[01;32m[Krclcpp::node_interfaces::NodeBaseInterface[m[K>[m[Kâ€™
[20.329s]    82 |     [01;36m[Krclcpp::node_interfaces::NodeBaseInterface::SharedPtr node_base[m[K,
[20.329s]       |     [01;36m[K~~~~~~~~~~~~~~~~~~~~~~~~~~~~~~~~~~~~~~~~~~~~~~~~~~~~~~^~~~~~~~~[m[K
[20.329s] [01m[K/opt/ros/jazzy/include/control_toolbox/control_toolbox/pid_ros.hpp:53:7:[m[K [01;36m[Knote: [m[Kcandidate: â€˜[01m[Kcontrol_toolbox::PidROS::[01;32m[KPidROS[m[K(const control_toolbox::PidROS&)[m[Kâ€™
[20.329s]    53 | class [01;36m[KPidROS[m[K
[20.329s]       |       [01;36m[K^~~~~~[m[K
[20.330s] [01m[K/opt/ros/jazzy/include/control_toolbox/control_toolbox/pid_ros.hpp:53:7:[m[K [01;36m[Knote: [m[K  candidate expects 1 argument, 4 provided
[20.330s] [01m[K/opt/ros/jazzy/include/control_toolbox/control_toolbox/pid_ros.hpp:53:7:[m[K [01;36m[Knote: [m[Kcandidate: â€˜[01m[Kcontrol_toolbox::PidROS::[01;32m[KPidROS[m[K(control_toolbox::PidROS&&)[m[Kâ€™
[20.330s] [01m[K/opt/ros/jazzy/include/control_toolbox/control_toolbox/pid_ros.hpp:53:7:[m[K [01;36m[Knote: [m[K  candidate expects 1 argument, 4 provided
[23.028s] gmake[2]: *** [CMakeFiles/pid_controller.dir/build.make:76: CMakeFiles/pid_controller.dir/src/pid_controller.cpp.o] Error 1
[23.028s] gmake[1]: *** [CMakeFiles/Makefile2:210: CMakeFiles/pid_controller.dir/all] Error 2
[23.028s] gmake: *** [Makefile:146: all] Error 2
[23.211s] Invoked command in '/home/rumy/acrome_ws/build/pid_controller' returned '2': CMAKE_PREFIX_PATH=${CMAKE_PREFIX_PATH}:/opt/ros/jazzy DEBUGINFOD_URLS=https://debuginfod.ubuntu.com /usr/bin/cmake --build /home/rumy/acrome_ws/build/pid_controller -- -j12 -l12
