-- The C compiler identification is GNU 13.3.0
-- The CXX compiler identification is GNU 13.3.0
-- Detecting C compiler ABI info
-- Detecting C compiler ABI info - done
-- Check for working C compiler: /usr/bin/cc - skipped
-- Detecting C compile features
-- Detecting C compile features - done
-- Detecting CXX compiler ABI info
-- Detecting CXX compiler ABI info - done
-- Check for working CXX compiler: /usr/bin/c++ - skipped
-- Detecting CXX compile features
-- Detecting CXX compile features - done
-- Found ros2_control_cmake: 0.2.1 (/opt/ros/jazzy/share/ros2_control_cmake/cmake)
-- Compiler warnings enabled for GNU
-- Detected GCC Version: 13.3.0 (Major: 13, Minor: 3)
-- Found ament_cmake: 2.5.4 (/opt/ros/jazzy/share/ament_cmake/cmake)
-- Found Python3: /usr/bin/python3 (found version "3.12.3") found components: Interpreter 
-- Found controller_interface: 4.32.0 (/opt/ros/jazzy/share/controller_interface/cmake)
-- Found rosidl_generator_c: 4.6.5 (/opt/ros/jazzy/share/rosidl_generator_c/cmake)
-- Found rosidl_generator_cpp: 4.6.5 (/opt/ros/jazzy/share/rosidl_generator_cpp/cmake)
-- Using all available rosidl_typesupport_c: rosidl_typesupport_fastrtps_c;rosidl_typesupport_introspection_c
-- Using all available rosidl_typesupport_cpp: rosidl_typesupport_fastrtps_cpp;rosidl_typesupport_introspection_cpp
-- Found TinyXML2 via Config file: /usr/lib/x86_64-linux-gnu/cmake/tinyxml2
-- Found rmw_implementation_cmake: 7.3.2 (/opt/ros/jazzy/share/rmw_implementation_cmake/cmake)
-- Found rmw_fastrtps_cpp: 8.4.2 (/opt/ros/jazzy/share/rmw_fastrtps_cpp/cmake)
-- Found TinyXML2 via Config file: /usr/lib/x86_64-linux-gnu/cmake/tinyxml2
-- Found OpenSSL: /usr/lib/x86_64-linux-gnu/libcrypto.so (found version "3.0.13")  
-- Found TinyXML2 via Config file: /usr/lib/x86_64-linux-gnu/cmake/tinyxml2
-- Found FastRTPS: /opt/ros/jazzy/include (Required is at least version "2.13") 
-- Found TinyXML2 via Config file: /usr/lib/x86_64-linux-gnu/cmake/tinyxml2
-- Found TinyXML2 via Config file: /usr/lib/x86_64-linux-gnu/cmake/tinyxml2
-- Using RMW implementation 'rmw_fastrtps_cpp' as default
-- Found generate_parameter_library: 0.5.0 (/opt/ros/jazzy/share/generate_parameter_library/cmake)
-- Found parameter_traits: 0.5.0 (/opt/ros/jazzy/share/parameter_traits/cmake)
-- Found std_srvs: 5.3.6 (/opt/ros/jazzy/share/std_srvs/cmake)
-- Found steering_controllers_library: 4.30.1 (/home/rumy/acrome_ws/install/steering_controllers_library/share/steering_controllers_library/cmake)
-- Found eigen3_cmake_module: 0.3.0 (/opt/ros/jazzy/share/eigen3_cmake_module/cmake)
-- Found Eigen3: TRUE (found version "3.4.0") 
-- Ensuring Eigen3 include directory is part of orocos-kdl CMake target
-- Found ament_cmake_gmock: 2.5.4 (/opt/ros/jazzy/share/ament_cmake_gmock/cmake)
-- Found controller_manager: 4.32.0 (/opt/ros/jazzy/share/controller_manager/cmake)
-- Found ros2_control_test_assets: 4.32.0 (/opt/ros/jazzy/share/ros2_control_test_assets/cmake)
-- Found gmock sources under '/opt/ros/jazzy/src/gmock_vendor': C++ tests using 'Google Mock' will be built
-- Found ament_cmake_gtest: 2.5.4 (/opt/ros/jazzy/share/ament_cmake_gtest/cmake)
-- Found gtest sources under '/opt/ros/jazzy/src/gtest_vendor': C++ tests using 'Google Test' will be built
-- Configuring done (5.1s)
-- Generating done (0.1s)
-- Build files have been written to: /home/rumy/acrome_ws/build/ackermann_steering_controller
[  6%] [34m[1mRunning `/opt/ros/jazzy/bin/generate_parameter_library_cpp /home/rumy/acrome_ws/build/ackermann_steering_controller/include/ackermann_steering_controller/ackermann_steering_controller_parameters.hpp /home/rumy/acrome_ws/src/ros2_controllers/ackermann_steering_controller/src/ackermann_steering_controller.yaml `[0m
[ 13%] [34m[1mCreating deprecated header file /home/rumy/acrome_ws/build/ackermann_steering_controller/include/ackermann_steering_controller_parameters.hpp[0m
[ 13%] Built target ackermann_steering_controller_parameters
[ 20%] [32mBuilding CXX object gmock/CMakeFiles/gmock.dir/opt/ros/jazzy/src/gtest_vendor/src/gtest-all.cc.o[0m
[ 26%] [32mBuilding CXX object gmock/CMakeFiles/gmock.dir/src/gmock-all.cc.o[0m
[ 33%] [32m[1mLinking CXX static library libgmock.a[0m
[ 33%] Built target gmock
[ 40%] [32mBuilding CXX object gmock/CMakeFiles/gmock_main.dir/src/gmock_main.cc.o[0m
[ 46%] [32mBuilding CXX object CMakeFiles/ackermann_steering_controller.dir/src/ackermann_steering_controller.cpp.o[0m
[ 53%] [32m[1mLinking CXX static library libgmock_main.a[0m
[ 53%] Built target gmock_main
[ 60%] [32mBuilding CXX object CMakeFiles/test_load_ackermann_steering_controller.dir/test/test_load_ackermann_steering_controller.cpp.o[0m
[01m[K/home/rumy/acrome_ws/src/ros2_controllers/ackermann_steering_controller/src/ackermann_steering_controller.cpp:[m[K In member function â€˜[01m[Kvirtual bool ackermann_steering_controller::AckermannSteeringController::[01;32m[Kupdate_odometry[m[K(const rclcpp::Duration&)[m[Kâ€™:
[01m[K/home/rumy/acrome_ws/src/ros2_controllers/ackermann_steering_controller/src/ackermann_steering_controller.cpp:124:62:[m[K [01;35m[Kwarning: [m[Kâ€˜[01m[Kdouble hardware_interface::LoanedStateInterface::[01;32m[Kget_value[m[K() const[m[Kâ€™ is deprecated: Use std::optional<T> get_optional() instead to retrieve the value. This method will be removed by the ROS 2 Kilted Kaiju release. [[01;35m[K]8;;https://gcc.gnu.org/onlinedocs/gcc/Warning-Options.html#index-Wdeprecated-declarations-Wdeprecated-declarations]8;;[m[K]
  124 |       [01;35m[Kstate_interfaces_[STATE_TRACTION_RIGHT_WHEEL].get_value()[m[K;
      |       [01;35m[K~~~~~~~~~~~~~~~~~~~~~~~~~~~~~~~~~~~~~~~~~~~~~~~~~~~~~~~^~[m[K
In file included from [01m[K/opt/ros/jazzy/include/controller_interface/controller_interface/controller_interface_base.hpp:28[m[K,
                 from [01m[K/opt/ros/jazzy/include/controller_interface/controller_interface/chainable_controller_interface.hpp:23[m[K,
                 from [01m[K/home/rumy/acrome_ws/install/steering_controllers_library/include/steering_controllers_library/steering_controllers_library/steering_controllers_library.hpp:23[m[K,
                 from [01m[K/home/rumy/acrome_ws/src/ros2_controllers/ackermann_steering_controller/include/ackermann_steering_controller/ackermann_steering_controller.hpp:24[m[K,
                 from [01m[K/home/rumy/acrome_ws/src/ros2_controllers/ackermann_steering_controller/src/ackermann_steering_controller.cpp:17[m[K:
[01m[K/opt/ros/jazzy/include/hardware_interface/hardware_interface/loaned_state_interface.hpp:94:10:[m[K [01;36m[Knote: [m[Kdeclared here
   94 |   double [01;36m[Kget_value[m[K() const
      |          [01;36m[K^~~~~~~~~[m[K
[01m[K/home/rumy/acrome_ws/src/ros2_controllers/ackermann_steering_controller/src/ackermann_steering_controller.cpp:126:61:[m[K [01;35m[Kwarning: [m[Kâ€˜[01m[Kdouble hardware_interface::LoanedStateInterface::[01;32m[Kget_value[m[K() const[m[Kâ€™ is deprecated: Use std::optional<T> get_optional() instead to retrieve the value. This method will be removed by the ROS 2 Kilted Kaiju release. [[01;35m[K]8;;https://gcc.gnu.org/onlinedocs/gcc/Warning-Options.html#index-Wdeprecated-declarations-Wdeprecated-declarations]8;;[m[K]
  126 |       [01;35m[Kstate_interfaces_[STATE_TRACTION_LEFT_WHEEL].get_value()[m[K;
      |       [01;35m[K~~~~~~~~~~~~~~~~~~~~~~~~~~~~~~~~~~~~~~~~~~~~~~~~~~~~~~^~[m[K
[01m[K/opt/ros/jazzy/include/hardware_interface/hardware_interface/loaned_state_interface.hpp:94:10:[m[K [01;36m[Knote: [m[Kdeclared here
   94 |   double [01;36m[Kget_value[m[K() const
      |          [01;36m[K^~~~~~~~~[m[K
[01m[K/home/rumy/acrome_ws/src/ros2_controllers/ackermann_steering_controller/src/ackermann_steering_controller.cpp:127:96:[m[K [01;35m[Kwarning: [m[Kâ€˜[01m[Kdouble hardware_interface::LoanedStateInterface::[01;32m[Kget_value[m[K() const[m[Kâ€™ is deprecated: Use std::optional<T> get_optional() instead to retrieve the value. This method will be removed by the ROS 2 Kilted Kaiju release. [[01;35m[K]8;;https://gcc.gnu.org/onlinedocs/gcc/Warning-Options.html#index-Wdeprecated-declarations-Wdeprecated-declarations]8;;[m[K]
  127 | ight_position = [01;35m[Kstate_interfaces_[STATE_STEER_RIGHT_WHEEL].get_value()[m[K;
      |                 [01;35m[K~~~~~~~~~~~~~~~~~~~~~~~~~~~~~~~~~~~~~~~~~~~~~~~~~~~~^~[m[K

[01m[K/opt/ros/jazzy/include/hardware_interface/hardware_interface/loaned_state_interface.hpp:94:10:[m[K [01;36m[Knote: [m[Kdeclared here
   94 |   double [01;36m[Kget_value[m[K() const
      |          [01;36m[K^~~~~~~~~[m[K
[01m[K/home/rumy/acrome_ws/src/ros2_controllers/ackermann_steering_controller/src/ackermann_steering_controller.cpp:128:94:[m[K [01;35m[Kwarning: [m[Kâ€˜[01m[Kdouble hardware_interface::LoanedStateInterface::[01;32m[Kget_value[m[K() const[m[Kâ€™ is deprecated: Use std::optional<T> get_optional() instead to retrieve the value. This method will be removed by the ROS 2 Kilted Kaiju release. [[01;35m[K]8;;https://gcc.gnu.org/onlinedocs/gcc/Warning-Options.html#index-Wdeprecated-declarations-Wdeprecated-declarations]8;;[m[K]
  128 | _left_position = [01;35m[Kstate_interfaces_[STATE_STEER_LEFT_WHEEL].get_value()[m[K;
      |                  [01;35m[K~~~~~~~~~~~~~~~~~~~~~~~~~~~~~~~~~~~~~~~~~~~~~~~~~~~^~[m[K

[01m[K/opt/ros/jazzy/include/hardware_interface/hardware_interface/loaned_state_interface.hpp:94:10:[m[K [01;36m[Knote: [m[Kdeclared here
   94 |   double [01;36m[Kget_value[m[K() const
      |          [01;36m[K^~~~~~~~~[m[K
[ 66%] [32m[1mLinking CXX shared library libackermann_steering_controller.so[0m
[ 66%] Built target ackermann_steering_controller
[ 73%] [32mBuilding CXX object CMakeFiles/test_ackermann_steering_controller.dir/test/test_ackermann_steering_controller.cpp.o[0m
[ 80%] [32m[1mLinking CXX executable test_load_ackermann_steering_controller[0m
[ 80%] Built target test_load_ackermann_steering_controller
[ 86%] [32mBuilding CXX object CMakeFiles/test_ackermann_steering_controller_preceding.dir/test/test_ackermann_steering_controller_preceding.cpp.o[0m
In file included from [01m[K/opt/ros/jazzy/src/gtest_vendor/include/gtest/gtest-printers.h:122[m[K,
                 from [01m[K/opt/ros/jazzy/src/gtest_vendor/include/gtest/gtest-matchers.h:49[m[K,
                 from [01m[K/opt/ros/jazzy/src/gtest_vendor/include/gtest/internal/gtest-death-test-internal.h:47[m[K,
                 from [01m[K/opt/ros/jazzy/src/gtest_vendor/include/gtest/gtest-death-test.h:43[m[K,
                 from [01m[K/opt/ros/jazzy/src/gtest_vendor/include/gtest/gtest.h:65[m[K,
                 from [01m[K/opt/ros/jazzy/src/gmock_vendor/include/gmock/internal/gmock-internal-utils.h:50[m[K,
                 from [01m[K/opt/ros/jazzy/src/gmock_vendor/include/gmock/gmock-actions.h:145[m[K,
                 from [01m[K/opt/ros/jazzy/src/gmock_vendor/include/gmock/gmock.h:56[m[K,
                 from [01m[K/home/rumy/acrome_ws/src/ros2_controllers/ackermann_steering_controller/test/test_ackermann_steering_controller.hpp:18[m[K,
                 from [01m[K/home/rumy/acrome_ws/src/ros2_controllers/ackermann_steering_controller/test/test_ackermann_steering_controller.cpp:20[m[K:
[01m[K/home/rumy/acrome_ws/src/ros2_controllers/ackermann_steering_controller/test/test_ackermann_steering_controller.cpp:[m[K In member function â€˜[01m[Kvirtual void AckermannSteeringControllerTest_reactivate_success_Test::[01;32m[KTestBody[m[K()[m[Kâ€™:
[01m[K/home/rumy/acrome_ws/src/ros2_controllers/ackermann_steering_controller/test/test_ackermann_steering_controller.cpp:143:71:[m[K [01;35m[Kwarning: [m[Kâ€˜[01m[Kdouble hardware_interface::LoanedCommandInterface::[01;32m[Kget_value[m[K() const[m[Kâ€™ is deprecated: Use std::optional<T> get_optional() instead to retrieve the value. This method will be removed by the ROS 2 Kilted Kaiju release. [[01;35m[K]8;;https://gcc.gnu.org/onlinedocs/gcc/Warning-Options.html#index-Wdeprecated-declarations-Wdeprecated-declarations]8;;[m[K]
  143 | SERT_TRUE(std::isnan([01;35m[Kcontroller_->command_interfaces_[0].get_value()[m[K));
      |                      [01;35m[K~~~~~~~~~~~~~~~~~~~~~~~~~~~~~~~~~~~~~~~~~~~~~^~[m[K

[01m[K/opt/ros/jazzy/src/gtest_vendor/include/gtest/internal/gtest-internal.h:1493:38:[m[K [01;36m[Knote: [m[Kin definition of macro â€˜[01m[KGTEST_TEST_BOOLEAN_[m[Kâ€™
 1493 |           ::testing::AssertionResult([01;36m[Kexpression[m[K))                     \
      |                                      [01;36m[K^~~~~~~~~~[m[K
[01m[K/opt/ros/jazzy/src/gtest_vendor/include/gtest/gtest.h:1815:32:[m[K [01;36m[Knote: [m[Kin expansion of macro â€˜[01m[KGTEST_ASSERT_TRUE[m[Kâ€™
 1815 | #define ASSERT_TRUE(condition) [01;36m[KGTEST_ASSERT_TRUE[m[K(condition)
      |                                [01;36m[K^~~~~~~~~~~~~~~~~[m[K
[01m[K/home/rumy/acrome_ws/src/ros2_controllers/ackermann_steering_controller/test/test_ackermann_steering_controller.cpp:143:3:[m[K [01;36m[Knote: [m[Kin expansion of macro â€˜[01m[KASSERT_TRUE[m[Kâ€™
  143 |   [01;36m[KASSERT_TRUE[m[K(std::isnan(controller_->command_interfaces_[0].get_value()));
      |   [01;36m[K^~~~~~~~~~~[m[K
In file included from [01m[K/opt/ros/jazzy/include/controller_interface/controller_interface/controller_interface_base.hpp:27[m[K,
                 from [01m[K/opt/ros/jazzy/include/controller_interface/controller_interface/chainable_controller_interface.hpp:23[m[K,
                 from [01m[K/home/rumy/acrome_ws/install/steering_controllers_library/include/steering_controllers_library/steering_controllers_library/steering_controllers_library.hpp:23[m[K,
                 from [01m[K/home/rumy/acrome_ws/src/ros2_controllers/ackermann_steering_controller/include/ackermann_steering_controller/ackermann_steering_controller.hpp:24[m[K,
                 from [01m[K/home/rumy/acrome_ws/src/ros2_controllers/ackermann_steering_controller/test/test_ackermann_steering_controller.hpp:26[m[K:
[01m[K/opt/ros/jazzy/include/hardware_interface/hardware_interface/loaned_command_interface.hpp:134:10:[m[K [01;36m[Knote: [m[Kdeclared here
  134 |   double [01;36m[Kget_value[m[K() const
      |          [01;36m[K^~~~~~~~~[m[K
[01m[K/home/rumy/acrome_ws/src/ros2_controllers/ackermann_steering_controller/test/test_ackermann_steering_controller.cpp:145:71:[m[K [01;35m[Kwarning: [m[Kâ€˜[01m[Kdouble hardware_interface::LoanedCommandInterface::[01;32m[Kget_value[m[K() const[m[Kâ€™ is deprecated: Use std::optional<T> get_optional() instead to retrieve the value. This method will be removed by the ROS 2 Kilted Kaiju release. [[01;35m[K]8;;https://gcc.gnu.org/onlinedocs/gcc/Warning-Options.html#index-Wdeprecated-declarations-Wdeprecated-declarations]8;;[m[K]
  145 | SERT_TRUE(std::isnan([01;35m[Kcontroller_->command_interfaces_[0].get_value()[m[K));
      |                      [01;35m[K~~~~~~~~~~~~~~~~~~~~~~~~~~~~~~~~~~~~~~~~~~~~~^~[m[K

[01m[K/opt/ros/jazzy/src/gtest_vendor/include/gtest/internal/gtest-internal.h:1493:38:[m[K [01;36m[Knote: [m[Kin definition of macro â€˜[01m[KGTEST_TEST_BOOLEAN_[m[Kâ€™
 1493 |           ::testing::AssertionResult([01;36m[Kexpression[m[K))                     \
      |                                      [01;36m[K^~~~~~~~~~[m[K
[01m[K/opt/ros/jazzy/src/gtest_vendor/include/gtest/gtest.h:1815:32:[m[K [01;36m[Knote: [m[Kin expansion of macro â€˜[01m[KGTEST_ASSERT_TRUE[m[Kâ€™
 1815 | #define ASSERT_TRUE(condition) [01;36m[KGTEST_ASSERT_TRUE[m[K(condition)
      |                                [01;36m[K^~~~~~~~~~~~~~~~~[m[K
[01m[K/home/rumy/acrome_ws/src/ros2_controllers/ackermann_steering_controller/test/test_ackermann_steering_controller.cpp:145:3:[m[K [01;36m[Knote: [m[Kin expansion of macro â€˜[01m[KASSERT_TRUE[m[Kâ€™
  145 |   [01;36m[KASSERT_TRUE[m[K(std::isnan(controller_->command_interfaces_[0].get_value()));
      |   [01;36m[K^~~~~~~~~~~[m[K
[01m[K/opt/ros/jazzy/include/hardware_interface/hardware_interface/loaned_command_interface.hpp:134:10:[m[K [01;36m[Knote: [m[Kdeclared here
  134 |   double [01;36m[Kget_value[m[K() const
      |          [01;36m[K^~~~~~~~~[m[K
In file included from [01m[K/opt/ros/jazzy/src/gtest_vendor/include/gtest/gtest.h:72[m[K:
[01m[K/home/rumy/acrome_ws/src/ros2_controllers/ackermann_steering_controller/test/test_ackermann_steering_controller.cpp:[m[K In member function â€˜[01m[Kvirtual void AckermannSteeringControllerTest_test_update_logic_Test::[01;32m[KTestBody[m[K()[m[Kâ€™:
[01m[K/home/rumy/acrome_ws/src/ros2_controllers/ackermann_steering_controller/test/test_ackermann_steering_controller.cpp:176:73:[m[K [01;35m[Kwarning: [m[Kâ€˜[01m[Kdouble hardware_interface::LoanedCommandInterface::[01;32m[Kget_value[m[K() const[m[Kâ€™ is deprecated: Use std::optional<T> get_optional() instead to retrieve the value. This method will be removed by the ROS 2 Kilted Kaiju release. [[01;35m[K]8;;https://gcc.gnu.org/onlinedocs/gcc/Warning-Options.html#index-Wdeprecated-declarations-Wdeprecated-declarations]8;;[m[K]
  176 | [01;35m[Ker_->command_interfaces_[CMD_TRACTION_RIGHT_WHEEL].get_value()[m[K, 0.22222222222222224,
      | [01;35m[K~~~~~~~~~~~~~~~~~~~~~~~~~~~~~~~~~~~~~~~~~~~~~~~~~~~~~~~~~~~~^~[m[K

[01m[K/opt/ros/jazzy/src/gtest_vendor/include/gtest/gtest_pred_impl.h:79:52:[m[K [01;36m[Knote: [m[Kin definition of macro â€˜[01m[KGTEST_ASSERT_[m[Kâ€™
   79 |   if (const ::testing::AssertionResult gtest_ar = ([01;36m[Kexpression[m[K)) \
      |                                                    [01;36m[K^~~~~~~~~~[m[K
[01m[K/opt/ros/jazzy/src/gtest_vendor/include/gtest/gtest_pred_impl.h:183:3:[m[K [01;36m[Knote: [m[Kin expansion of macro â€˜[01m[KGTEST_PRED_FORMAT3_[m[Kâ€™
  183 |   [01;36m[KGTEST_PRED_FORMAT3_[m[K(pred_format, v1, v2, v3, GTEST_NONFATAL_FAILURE_)
      |   [01;36m[K^~~~~~~~~~~~~~~~~~~[m[K
[01m[K/opt/ros/jazzy/src/gtest_vendor/include/gtest/gtest.h:1986:3:[m[K [01;36m[Knote: [m[Kin expansion of macro â€˜[01m[KEXPECT_PRED_FORMAT3[m[Kâ€™
 1986 |   [01;36m[KEXPECT_PRED_FORMAT3[m[K(::testing::internal::DoubleNearPredFormat, val1, val2, \
      |   [01;36m[K^~~~~~~~~~~~~~~~~~~[m[K
[01m[K/home/rumy/acrome_ws/src/ros2_controllers/ackermann_steering_controller/test/test_ackermann_steering_controller.cpp:175:3:[m[K [01;36m[Knote: [m[Kin expansion of macro â€˜[01m[KEXPECT_NEAR[m[Kâ€™
  175 |   [01;36m[KEXPECT_NEAR[m[K(
      |   [01;36m[K^~~~~~~~~~~[m[K
[01m[K/opt/ros/jazzy/include/hardware_interface/hardware_interface/loaned_command_interface.hpp:134:10:[m[K [01;36m[Knote: [m[Kdeclared here
  134 |   double [01;36m[Kget_value[m[K() const
      |          [01;36m[K^~~~~~~~~[m[K
[01m[K/home/rumy/acrome_ws/src/ros2_controllers/ackermann_steering_controller/test/test_ackermann_steering_controller.cpp:179:72:[m[K [01;35m[Kwarning: [m[Kâ€˜[01m[Kdouble hardware_interface::LoanedCommandInterface::[01;32m[Kget_value[m[K() const[m[Kâ€™ is deprecated: Use std::optional<T> get_optional() instead to retrieve the value. This method will be removed by the ROS 2 Kilted Kaiju release. [[01;35m[K]8;;https://gcc.gnu.org/onlinedocs/gcc/Warning-Options.html#index-Wdeprecated-declarations-Wdeprecated-declarations]8;;[m[K]
  179 | [01;35m[Kler_->command_interfaces_[CMD_TRACTION_LEFT_WHEEL].get_value()[m[K, 0.22222222222222224,
      | [01;35m[K~~~~~~~~~~~~~~~~~~~~~~~~~~~~~~~~~~~~~~~~~~~~~~~~~~~~~~~~~~~~^~[m[K

[01m[K/opt/ros/jazzy/src/gtest_vendor/include/gtest/gtest_pred_impl.h:79:52:[m[K [01;36m[Knote: [m[Kin definition of macro â€˜[01m[KGTEST_ASSERT_[m[Kâ€™
   79 |   if (const ::testing::AssertionResult gtest_ar = ([01;36m[Kexpression[m[K)) \
      |                                                    [01;36m[K^~~~~~~~~~[m[K
[01m[K/opt/ros/jazzy/src/gtest_vendor/include/gtest/gtest_pred_impl.h:183:3:[m[K [01;36m[Knote: [m[Kin expansion of macro â€˜[01m[KGTEST_PRED_FORMAT3_[m[Kâ€™
  183 |   [01;36m[KGTEST_PRED_FORMAT3_[m[K(pred_format, v1, v2, v3, GTEST_NONFATAL_FAILURE_)
      |   [01;36m[K^~~~~~~~~~~~~~~~~~~[m[K
[01m[K/opt/ros/jazzy/src/gtest_vendor/include/gtest/gtest.h:1986:3:[m[K [01;36m[Knote: [m[Kin expansion of macro â€˜[01m[KEXPECT_PRED_FORMAT3[m[Kâ€™
 1986 |   [01;36m[KEXPECT_PRED_FORMAT3[m[K(::testing::internal::DoubleNearPredFormat, val1, val2, \
      |   [01;36m[K^~~~~~~~~~~~~~~~~~~[m[K
[01m[K/home/rumy/acrome_ws/src/ros2_controllers/ackermann_steering_controller/test/test_ackermann_steering_controller.cpp:178:3:[m[K [01;36m[Knote: [m[Kin expansion of macro â€˜[01m[KEXPECT_NEAR[m[Kâ€™
  178 |   [01;36m[KEXPECT_NEAR[m[K(
      |   [01;36m[K^~~~~~~~~~~[m[K
[01m[K/opt/ros/jazzy/include/hardware_interface/hardware_interface/loaned_command_interface.hpp:134:10:[m[K [01;36m[Knote: [m[Kdeclared here
  134 |   double [01;36m[Kget_value[m[K() const
      |          [01;36m[K^~~~~~~~~[m[K
[01m[K/home/rumy/acrome_ws/src/ros2_controllers/ackermann_steering_controller/test/test_ackermann_steering_controller.cpp:182:70:[m[K [01;35m[Kwarning: [m[Kâ€˜[01m[Kdouble hardware_interface::LoanedCommandInterface::[01;32m[Kget_value[m[K() const[m[Kâ€™ is deprecated: Use std::optional<T> get_optional() instead to retrieve the value. This method will be removed by the ROS 2 Kilted Kaiju release. [[01;35m[K]8;;https://gcc.gnu.org/onlinedocs/gcc/Warning-Options.html#index-Wdeprecated-declarations-Wdeprecated-declarations]8;;[m[K]
  182 | [01;35m[Koller_->command_interfaces_[CMD_STEER_RIGHT_WHEEL].get_value()[m[K, 1.4179821977774734,
      | [01;35m[K~~~~~~~~~~~~~~~~~~~~~~~~~~~~~~~~~~~~~~~~~~~~~~~~~~~~~~~~~~~~^~[m[K

[01m[K/opt/ros/jazzy/src/gtest_vendor/include/gtest/gtest_pred_impl.h:79:52:[m[K [01;36m[Knote: [m[Kin definition of macro â€˜[01m[KGTEST_ASSERT_[m[Kâ€™
   79 |   if (const ::testing::AssertionResult gtest_ar = ([01;36m[Kexpression[m[K)) \
      |                                                    [01;36m[K^~~~~~~~~~[m[K
[01m[K/opt/ros/jazzy/src/gtest_vendor/include/gtest/gtest_pred_impl.h:183:3:[m[K [01;36m[Knote: [m[Kin expansion of macro â€˜[01m[KGTEST_PRED_FORMAT3_[m[Kâ€™
  183 |   [01;36m[KGTEST_PRED_FORMAT3_[m[K(pred_format, v1, v2, v3, GTEST_NONFATAL_FAILURE_)
      |   [01;36m[K^~~~~~~~~~~~~~~~~~~[m[K
[01m[K/opt/ros/jazzy/src/gtest_vendor/include/gtest/gtest.h:1986:3:[m[K [01;36m[Knote: [m[Kin expansion of macro â€˜[01m[KEXPECT_PRED_FORMAT3[m[Kâ€™
 1986 |   [01;36m[KEXPECT_PRED_FORMAT3[m[K(::testing::internal::DoubleNearPredFormat, val1, val2, \
      |   [01;36m[K^~~~~~~~~~~~~~~~~~~[m[K
[01m[K/home/rumy/acrome_ws/src/ros2_controllers/ackermann_steering_controller/test/test_ackermann_steering_controller.cpp:181:3:[m[K [01;36m[Knote: [m[Kin expansion of macro â€˜[01m[KEXPECT_NEAR[m[Kâ€™
  181 |   [01;36m[KEXPECT_NEAR[m[K(
      |   [01;36m[K^~~~~~~~~~~[m[K
[01m[K/opt/ros/jazzy/include/hardware_interface/hardware_interface/loaned_command_interface.hpp:134:10:[m[K [01;36m[Knote: [m[Kdeclared here
  134 |   double [01;36m[Kget_value[m[K() const
      |          [01;36m[K^~~~~~~~~[m[K
[01m[K/home/rumy/acrome_ws/src/ros2_controllers/ackermann_steering_controller/test/test_ackermann_steering_controller.cpp:185:69:[m[K [01;35m[Kwarning: [m[Kâ€˜[01m[Kdouble hardware_interface::LoanedCommandInterface::[01;32m[Kget_value[m[K() const[m[Kâ€™ is deprecated: Use std::optional<T> get_optional() instead to retrieve the value. This method will be removed by the ROS 2 Kilted Kaiju release. [[01;35m[K]8;;https://gcc.gnu.org/onlinedocs/gcc/Warning-Options.html#index-Wdeprecated-declarations-Wdeprecated-declarations]8;;[m[K]
  185 | [01;35m[Kroller_->command_interfaces_[CMD_STEER_LEFT_WHEEL].get_value()[m[K, 1.4179821977774734,
      | [01;35m[K~~~~~~~~~~~~~~~~~~~~~~~~~~~~~~~~~~~~~~~~~~~~~~~~~~~~~~~~~~~~^~[m[K

[01m[K/opt/ros/jazzy/src/gtest_vendor/include/gtest/gtest_pred_impl.h:79:52:[m[K [01;36m[Knote: [m[Kin definition of macro â€˜[01m[KGTEST_ASSERT_[m[Kâ€™
   79 |   if (const ::testing::AssertionResult gtest_ar = ([01;36m[Kexpression[m[K)) \
      |                                                    [01;36m[K^~~~~~~~~~[m[K
[01m[K/opt/ros/jazzy/src/gtest_vendor/include/gtest/gtest_pred_impl.h:183:3:[m[K [01;36m[Knote: [m[Kin expansion of macro â€˜[01m[KGTEST_PRED_FORMAT3_[m[Kâ€™
  183 |   [01;36m[KGTEST_PRED_FORMAT3_[m[K(pred_format, v1, v2, v3, GTEST_NONFATAL_FAILURE_)
      |   [01;36m[K^~~~~~~~~~~~~~~~~~~[m[K
[01m[K/opt/ros/jazzy/src/gtest_vendor/include/gtest/gtest.h:1986:3:[m[K [01;36m[Knote: [m[Kin expansion of macro â€˜[01m[KEXPECT_PRED_FORMAT3[m[Kâ€™
 1986 |   [01;36m[KEXPECT_PRED_FORMAT3[m[K(::testing::internal::DoubleNearPredFormat, val1, val2, \
      |   [01;36m[K^~~~~~~~~~~~~~~~~~~[m[K
[01m[K/home/rumy/acrome_ws/src/ros2_controllers/ackermann_steering_controller/test/test_ackermann_steering_controller.cpp:184:3:[m[K [01;36m[Knote: [m[Kin expansion of macro â€˜[01m[KEXPECT_NEAR[m[Kâ€™
  184 |   [01;36m[KEXPECT_NEAR[m[K(
      |   [01;36m[K^~~~~~~~~~~[m[K
[01m[K/opt/ros/jazzy/include/hardware_interface/hardware_interface/loaned_command_interface.hpp:134:10:[m[K [01;36m[Knote: [m[Kdeclared here
  134 |   double [01;36m[Kget_value[m[K() const
      |          [01;36m[K^~~~~~~~~[m[K
[01m[K/home/rumy/acrome_ws/src/ros2_controllers/ackermann_steering_controller/test/test_ackermann_steering_controller.cpp:[m[K In member function â€˜[01m[Kvirtual void AckermannSteeringControllerTest_test_update_logic_chained_Test::[01;32m[KTestBody[m[K()[m[Kâ€™:
[01m[K/home/rumy/acrome_ws/src/ros2_controllers/ackermann_steering_controller/test/test_ackermann_steering_controller.cpp:216:75:[m[K [01;35m[Kwarning: [m[Kâ€˜[01m[Kdouble hardware_interface::LoanedCommandInterface::[01;32m[Kget_value[m[K() const[m[Kâ€™ is deprecated: Use std::optional<T> get_optional() instead to retrieve the value. This method will be removed by the ROS 2 Kilted Kaiju release. [[01;35m[K]8;;https://gcc.gnu.org/onlinedocs/gcc/Warning-Options.html#index-Wdeprecated-declarations-Wdeprecated-declarations]8;;[m[K]
  216 | [01;35m[K_->command_interfaces_[STATE_TRACTION_RIGHT_WHEEL].get_value()[m[K, 0.22222222222222224,
      | [01;35m[K~~~~~~~~~~~~~~~~~~~~~~~~~~~~~~~~~~~~~~~~~~~~~~~~~~~~~~~~~~~~^~[m[K

[01m[K/opt/ros/jazzy/src/gtest_vendor/include/gtest/gtest_pred_impl.h:79:52:[m[K [01;36m[Knote: [m[Kin definition of macro â€˜[01m[KGTEST_ASSERT_[m[Kâ€™
   79 |   if (const ::testing::AssertionResult gtest_ar = ([01;36m[Kexpression[m[K)) \
      |                                                    [01;36m[K^~~~~~~~~~[m[K
[01m[K/opt/ros/jazzy/src/gtest_vendor/include/gtest/gtest_pred_impl.h:183:3:[m[K [01;36m[Knote: [m[Kin expansion of macro â€˜[01m[KGTEST_PRED_FORMAT3_[m[Kâ€™
  183 |   [01;36m[KGTEST_PRED_FORMAT3_[m[K(pred_format, v1, v2, v3, GTEST_NONFATAL_FAILURE_)
      |   [01;36m[K^~~~~~~~~~~~~~~~~~~[m[K
[01m[K/opt/ros/jazzy/src/gtest_vendor/include/gtest/gtest.h:1986:3:[m[K [01;36m[Knote: [m[Kin expansion of macro â€˜[01m[KEXPECT_PRED_FORMAT3[m[Kâ€™
 1986 |   [01;36m[KEXPECT_PRED_FORMAT3[m[K(::testing::internal::DoubleNearPredFormat, val1, val2, \
      |   [01;36m[K^~~~~~~~~~~~~~~~~~~[m[K
[01m[K/home/rumy/acrome_ws/src/ros2_controllers/ackermann_steering_controller/test/test_ackermann_steering_controller.cpp:215:3:[m[K [01;36m[Knote: [m[Kin expansion of macro â€˜[01m[KEXPECT_NEAR[m[Kâ€™
  215 |   [01;36m[KEXPECT_NEAR[m[K(
      |   [01;36m[K^~~~~~~~~~~[m[K
[01m[K/opt/ros/jazzy/include/hardware_interface/hardware_interface/loaned_command_interface.hpp:134:10:[m[K [01;36m[Knote: [m[Kdeclared here
  134 |   double [01;36m[Kget_value[m[K() const
      |          [01;36m[K^~~~~~~~~[m[K
[01m[K/home/rumy/acrome_ws/src/ros2_controllers/ackermann_steering_controller/test/test_ackermann_steering_controller.cpp:219:74:[m[K [01;35m[Kwarning: [m[Kâ€˜[01m[Kdouble hardware_interface::LoanedCommandInterface::[01;32m[Kget_value[m[K() const[m[Kâ€™ is deprecated: Use std::optional<T> get_optional() instead to retrieve the value. This method will be removed by the ROS 2 Kilted Kaiju release. [[01;35m[K]8;;https://gcc.gnu.org/onlinedocs/gcc/Warning-Options.html#index-Wdeprecated-declarations-Wdeprecated-declarations]8;;[m[K]
  219 | [01;35m[Kr_->command_interfaces_[STATE_TRACTION_LEFT_WHEEL].get_value()[m[K, 0.22222222222222224,
      | [01;35m[K~~~~~~~~~~~~~~~~~~~~~~~~~~~~~~~~~~~~~~~~~~~~~~~~~~~~~~~~~~~~^~[m[K

[01m[K/opt/ros/jazzy/src/gtest_vendor/include/gtest/gtest_pred_impl.h:79:52:[m[K [01;36m[Knote: [m[Kin definition of macro â€˜[01m[KGTEST_ASSERT_[m[Kâ€™
   79 |   if (const ::testing::AssertionResult gtest_ar = ([01;36m[Kexpression[m[K)) \
      |                                                    [01;36m[K^~~~~~~~~~[m[K
[01m[K/opt/ros/jazzy/src/gtest_vendor/include/gtest/gtest_pred_impl.h:183:3:[m[K [01;36m[Knote: [m[Kin expansion of macro â€˜[01m[KGTEST_PRED_FORMAT3_[m[Kâ€™
  183 |   [01;36m[KGTEST_PRED_FORMAT3_[m[K(pred_format, v1, v2, v3, GTEST_NONFATAL_FAILURE_)
      |   [01;36m[K^~~~~~~~~~~~~~~~~~~[m[K
[01m[K/opt/ros/jazzy/src/gtest_vendor/include/gtest/gtest.h:1986:3:[m[K [01;36m[Knote: [m[Kin expansion of macro â€˜[01m[KEXPECT_PRED_FORMAT3[m[Kâ€™
 1986 |   [01;36m[KEXPECT_PRED_FORMAT3[m[K(::testing::internal::DoubleNearPredFormat, val1, val2, \
      |   [01;36m[K^~~~~~~~~~~~~~~~~~~[m[K
[01m[K/home/rumy/acrome_ws/src/ros2_controllers/ackermann_steering_controller/test/test_ackermann_steering_controller.cpp:218:3:[m[K [01;36m[Knote: [m[Kin expansion of macro â€˜[01m[KEXPECT_NEAR[m[Kâ€™
  218 |   [01;36m[KEXPECT_NEAR[m[K(
      |   [01;36m[K^~~~~~~~~~~[m[K
[01m[K/opt/ros/jazzy/include/hardware_interface/hardware_interface/loaned_command_interface.hpp:134:10:[m[K [01;36m[Knote: [m[Kdeclared here
  134 |   double [01;36m[Kget_value[m[K() const
      |          [01;36m[K^~~~~~~~~[m[K
[01m[K/home/rumy/acrome_ws/src/ros2_controllers/ackermann_steering_controller/test/test_ackermann_steering_controller.cpp:222:72:[m[K [01;35m[Kwarning: [m[Kâ€˜[01m[Kdouble hardware_interface::LoanedCommandInterface::[01;32m[Kget_value[m[K() const[m[Kâ€™ is deprecated: Use std::optional<T> get_optional() instead to retrieve the value. This method will be removed by the ROS 2 Kilted Kaiju release. [[01;35m[K]8;;https://gcc.gnu.org/onlinedocs/gcc/Warning-Options.html#index-Wdeprecated-declarations-Wdeprecated-declarations]8;;[m[K]
  222 | [01;35m[Kler_->command_interfaces_[STATE_STEER_RIGHT_WHEEL].get_value()[m[K, 1.4179821977774734,
      | [01;35m[K~~~~~~~~~~~~~~~~~~~~~~~~~~~~~~~~~~~~~~~~~~~~~~~~~~~~~~~~~~~~^~[m[K

[01m[K/opt/ros/jazzy/src/gtest_vendor/include/gtest/gtest_pred_impl.h:79:52:[m[K [01;36m[Knote: [m[Kin definition of macro â€˜[01m[KGTEST_ASSERT_[m[Kâ€™
   79 |   if (const ::testing::AssertionResult gtest_ar = ([01;36m[Kexpression[m[K)) \
      |                                                    [01;36m[K^~~~~~~~~~[m[K
[01m[K/opt/ros/jazzy/src/gtest_vendor/include/gtest/gtest_pred_impl.h:183:3:[m[K [01;36m[Knote: [m[Kin expansion of macro â€˜[01m[KGTEST_PRED_FORMAT3_[m[Kâ€™
  183 |   [01;36m[KGTEST_PRED_FORMAT3_[m[K(pred_format, v1, v2, v3, GTEST_NONFATAL_FAILURE_)
      |   [01;36m[K^~~~~~~~~~~~~~~~~~~[m[K
[01m[K/opt/ros/jazzy/src/gtest_vendor/include/gtest/gtest.h:1986:3:[m[K [01;36m[Knote: [m[Kin expansion of macro â€˜[01m[KEXPECT_PRED_FORMAT3[m[Kâ€™
 1986 |   [01;36m[KEXPECT_PRED_FORMAT3[m[K(::testing::internal::DoubleNearPredFormat, val1, val2, \
      |   [01;36m[K^~~~~~~~~~~~~~~~~~~[m[K
[01m[K/home/rumy/acrome_ws/src/ros2_controllers/ackermann_steering_controller/test/test_ackermann_steering_controller.cpp:221:3:[m[K [01;36m[Knote: [m[Kin expansion of macro â€˜[01m[KEXPECT_NEAR[m[Kâ€™
  221 |   [01;36m[KEXPECT_NEAR[m[K(
      |   [01;36m[K^~~~~~~~~~~[m[K
[01m[K/opt/ros/jazzy/include/hardware_interface/hardware_interface/loaned_command_interface.hpp:134:10:[m[K [01;36m[Knote: [m[Kdeclared here
  134 |   double [01;36m[Kget_value[m[K() const
      |          [01;36m[K^~~~~~~~~[m[K
[01m[K/home/rumy/acrome_ws/src/ros2_controllers/ackermann_steering_controller/test/test_ackermann_steering_controller.cpp:225:71:[m[K [01;35m[Kwarning: [m[Kâ€˜[01m[Kdouble hardware_interface::LoanedCommandInterface::[01;32m[Kget_value[m[K() const[m[Kâ€™ is deprecated: Use std::optional<T> get_optional() instead to retrieve the value. This method will be removed by the ROS 2 Kilted Kaiju release. [[01;35m[K]8;;https://gcc.gnu.org/onlinedocs/gcc/Warning-Options.html#index-Wdeprecated-declarations-Wdeprecated-declarations]8;;[m[K]
  225 | [01;35m[Kller_->command_interfaces_[STATE_STEER_LEFT_WHEEL].get_value()[m[K, 1.4179821977774734,
      | [01;35m[K~~~~~~~~~~~~~~~~~~~~~~~~~~~~~~~~~~~~~~~~~~~~~~~~~~~~~~~~~~~~^~[m[K

[01m[K/opt/ros/jazzy/src/gtest_vendor/include/gtest/gtest_pred_impl.h:79:52:[m[K [01;36m[Knote: [m[Kin definition of macro â€˜[01m[KGTEST_ASSERT_[m[Kâ€™
   79 |   if (const ::testing::AssertionResult gtest_ar = ([01;36m[Kexpression[m[K)) \
      |                                                    [01;36m[K^~~~~~~~~~[m[K
[01m[K/opt/ros/jazzy/src/gtest_vendor/include/gtest/gtest_pred_impl.h:183:3:[m[K [01;36m[Knote: [m[Kin expansion of macro â€˜[01m[KGTEST_PRED_FORMAT3_[m[Kâ€™
  183 |   [01;36m[KGTEST_PRED_FORMAT3_[m[K(pred_format, v1, v2, v3, GTEST_NONFATAL_FAILURE_)
      |   [01;36m[K^~~~~~~~~~~~~~~~~~~[m[K
[01m[K/opt/ros/jazzy/src/gtest_vendor/include/gtest/gtest.h:1986:3:[m[K [01;36m[Knote: [m[Kin expansion of macro â€˜[01m[KEXPECT_PRED_FORMAT3[m[Kâ€™
 1986 |   [01;36m[KEXPECT_PRED_FORMAT3[m[K(::testing::internal::DoubleNearPredFormat, val1, val2, \
      |   [01;36m[K^~~~~~~~~~~~~~~~~~~[m[K
[01m[K/home/rumy/acrome_ws/src/ros2_controllers/ackermann_steering_controller/test/test_ackermann_steering_controller.cpp:224:3:[m[K [01;36m[Knote: [m[Kin expansion of macro â€˜[01m[KEXPECT_NEAR[m[Kâ€™
  224 |   [01;36m[KEXPECT_NEAR[m[K(
      |   [01;36m[K^~~~~~~~~~~[m[K
[01m[K/opt/ros/jazzy/include/hardware_interface/hardware_interface/loaned_command_interface.hpp:134:10:[m[K [01;36m[Knote: [m[Kdeclared here
  134 |   double [01;36m[Kget_value[m[K() const
      |          [01;36m[K^~~~~~~~~[m[K
[01m[K/home/rumy/acrome_ws/src/ros2_controllers/ackermann_steering_controller/test/test_ackermann_steering_controller.cpp:[m[K In member function â€˜[01m[Kvirtual void AckermannSteeringControllerTest_receive_message_and_publish_updated_status_Test::[01;32m[KTestBody[m[K()[m[Kâ€™:
[01m[K/home/rumy/acrome_ws/src/ros2_controllers/ackermann_steering_controller/test/test_ackermann_steering_controller.cpp:266:73:[m[K [01;35m[Kwarning: [m[Kâ€˜[01m[Kdouble hardware_interface::LoanedCommandInterface::[01;32m[Kget_value[m[K() const[m[Kâ€™ is deprecated: Use std::optional<T> get_optional() instead to retrieve the value. This method will be removed by the ROS 2 Kilted Kaiju release. [[01;35m[K]8;;https://gcc.gnu.org/onlinedocs/gcc/Warning-Options.html#index-Wdeprecated-declarations-Wdeprecated-declarations]8;;[m[K]
  266 | [01;35m[Ker_->command_interfaces_[CMD_TRACTION_RIGHT_WHEEL].get_value()[m[K, 0.22222222222222224,
      | [01;35m[K~~~~~~~~~~~~~~~~~~~~~~~~~~~~~~~~~~~~~~~~~~~~~~~~~~~~~~~~~~~~^~[m[K

[01m[K/opt/ros/jazzy/src/gtest_vendor/include/gtest/gtest_pred_impl.h:79:52:[m[K [01;36m[Knote: [m[Kin definition of macro â€˜[01m[KGTEST_ASSERT_[m[Kâ€™
   79 |   if (const ::testing::AssertionResult gtest_ar = ([01;36m[Kexpression[m[K)) \
      |                                                    [01;36m[K^~~~~~~~~~[m[K
[01m[K/opt/ros/jazzy/src/gtest_vendor/include/gtest/gtest_pred_impl.h:183:3:[m[K [01;36m[Knote: [m[Kin expansion of macro â€˜[01m[KGTEST_PRED_FORMAT3_[m[Kâ€™
  183 |   [01;36m[KGTEST_PRED_FORMAT3_[m[K(pred_format, v1, v2, v3, GTEST_NONFATAL_FAILURE_)
      |   [01;36m[K^~~~~~~~~~~~~~~~~~~[m[K
[01m[K/opt/ros/jazzy/src/gtest_vendor/include/gtest/gtest.h:1986:3:[m[K [01;36m[Knote: [m[Kin expansion of macro â€˜[01m[KEXPECT_PRED_FORMAT3[m[Kâ€™
 1986 |   [01;36m[KEXPECT_PRED_FORMAT3[m[K(::testing::internal::DoubleNearPredFormat, val1, val2, \
      |   [01;36m[K^~~~~~~~~~~~~~~~~~~[m[K
[01m[K/home/rumy/acrome_ws/src/ros2_controllers/ackermann_steering_controller/test/test_ackermann_steering_controller.cpp:265:3:[m[K [01;36m[Knote: [m[Kin expansion of macro â€˜[01m[KEXPECT_NEAR[m[Kâ€™
  265 |   [01;36m[KEXPECT_NEAR[m[K(
      |   [01;36m[K^~~~~~~~~~~[m[K
[01m[K/opt/ros/jazzy/include/hardware_interface/hardware_interface/loaned_command_interface.hpp:134:10:[m[K [01;36m[Knote: [m[Kdeclared here
  134 |   double [01;36m[Kget_value[m[K() const
      |          [01;36m[K^~~~~~~~~[m[K
[01m[K/home/rumy/acrome_ws/src/ros2_controllers/ackermann_steering_controller/test/test_ackermann_steering_controller.cpp:269:72:[m[K [01;35m[Kwarning: [m[Kâ€˜[01m[Kdouble hardware_interface::LoanedCommandInterface::[01;32m[Kget_value[m[K() const[m[Kâ€™ is deprecated: Use std::optional<T> get_optional() instead to retrieve the value. This method will be removed by the ROS 2 Kilted Kaiju release. [[01;35m[K]8;;https://gcc.gnu.org/onlinedocs/gcc/Warning-Options.html#index-Wdeprecated-declarations-Wdeprecated-declarations]8;;[m[K]
  269 | [01;35m[Kler_->command_interfaces_[CMD_TRACTION_LEFT_WHEEL].get_value()[m[K, 0.22222222222222224,
      | [01;35m[K~~~~~~~~~~~~~~~~~~~~~~~~~~~~~~~~~~~~~~~~~~~~~~~~~~~~~~~~~~~~^~[m[K

[01m[K/opt/ros/jazzy/src/gtest_vendor/include/gtest/gtest_pred_impl.h:79:52:[m[K [01;36m[Knote: [m[Kin definition of macro â€˜[01m[KGTEST_ASSERT_[m[Kâ€™
   79 |   if (const ::testing::AssertionResult gtest_ar = ([01;36m[Kexpression[m[K)) \
      |                                                    [01;36m[K^~~~~~~~~~[m[K
[01m[K/opt/ros/jazzy/src/gtest_vendor/include/gtest/gtest_pred_impl.h:183:3:[m[K [01;36m[Knote: [m[Kin expansion of macro â€˜[01m[KGTEST_PRED_FORMAT3_[m[Kâ€™
  183 |   [01;36m[KGTEST_PRED_FORMAT3_[m[K(pred_format, v1, v2, v3, GTEST_NONFATAL_FAILURE_)
      |   [01;36m[K^~~~~~~~~~~~~~~~~~~[m[K
[01m[K/opt/ros/jazzy/src/gtest_vendor/include/gtest/gtest.h:1986:3:[m[K [01;36m[Knote: [m[Kin expansion of macro â€˜[01m[KEXPECT_PRED_FORMAT3[m[Kâ€™
 1986 |   [01;36m[KEXPECT_PRED_FORMAT3[m[K(::testing::internal::DoubleNearPredFormat, val1, val2, \
      |   [01;36m[K^~~~~~~~~~~~~~~~~~~[m[K
[01m[K/home/rumy/acrome_ws/src/ros2_controllers/ackermann_steering_controller/test/test_ackermann_steering_controller.cpp:268:3:[m[K [01;36m[Knote: [m[Kin expansion of macro â€˜[01m[KEXPECT_NEAR[m[Kâ€™
  268 |   [01;36m[KEXPECT_NEAR[m[K(
      |   [01;36m[K^~~~~~~~~~~[m[K
[01m[K/opt/ros/jazzy/include/hardware_interface/hardware_interface/loaned_command_interface.hpp:134:10:[m[K [01;36m[Knote: [m[Kdeclared here
  134 |   double [01;36m[Kget_value[m[K() const
      |          [01;36m[K^~~~~~~~~[m[K
[01m[K/home/rumy/acrome_ws/src/ros2_controllers/ackermann_steering_controller/test/test_ackermann_steering_controller.cpp:272:70:[m[K [01;35m[Kwarning: [m[Kâ€˜[01m[Kdouble hardware_interface::LoanedCommandInterface::[01;32m[Kget_value[m[K() const[m[Kâ€™ is deprecated: Use std::optional<T> get_optional() instead to retrieve the value. This method will be removed by the ROS 2 Kilted Kaiju release. [[01;35m[K]8;;https://gcc.gnu.org/onlinedocs/gcc/Warning-Options.html#index-Wdeprecated-declarations-Wdeprecated-declarations]8;;[m[K]
  272 | [01;35m[Koller_->command_interfaces_[CMD_STEER_RIGHT_WHEEL].get_value()[m[K, 1.4179821977774734,
      | [01;35m[K~~~~~~~~~~~~~~~~~~~~~~~~~~~~~~~~~~~~~~~~~~~~~~~~~~~~~~~~~~~~^~[m[K

[01m[K/opt/ros/jazzy/src/gtest_vendor/include/gtest/gtest_pred_impl.h:79:52:[m[K [01;36m[Knote: [m[Kin definition of macro â€˜[01m[KGTEST_ASSERT_[m[Kâ€™
   79 |   if (const ::testing::AssertionResult gtest_ar = ([01;36m[Kexpression[m[K)) \
      |                                                    [01;36m[K^~~~~~~~~~[m[K
[01m[K/opt/ros/jazzy/src/gtest_vendor/include/gtest/gtest_pred_impl.h:183:3:[m[K [01;36m[Knote: [m[Kin expansion of macro â€˜[01m[KGTEST_PRED_FORMAT3_[m[Kâ€™
  183 |   [01;36m[KGTEST_PRED_FORMAT3_[m[K(pred_format, v1, v2, v3, GTEST_NONFATAL_FAILURE_)
      |   [01;36m[K^~~~~~~~~~~~~~~~~~~[m[K
[01m[K/opt/ros/jazzy/src/gtest_vendor/include/gtest/gtest.h:1986:3:[m[K [01;36m[Knote: [m[Kin expansion of macro â€˜[01m[KEXPECT_PRED_FORMAT3[m[Kâ€™
 1986 |   [01;36m[KEXPECT_PRED_FORMAT3[m[K(::testing::internal::DoubleNearPredFormat, val1, val2, \
      |   [01;36m[K^~~~~~~~~~~~~~~~~~~[m[K
[01m[K/home/rumy/acrome_ws/src/ros2_controllers/ackermann_steering_controller/test/test_ackermann_steering_controller.cpp:271:3:[m[K [01;36m[Knote: [m[Kin expansion of macro â€˜[01m[KEXPECT_NEAR[m[Kâ€™
  271 |   [01;36m[KEXPECT_NEAR[m[K(
      |   [01;36m[K^~~~~~~~~~~[m[K
[01m[K/opt/ros/jazzy/include/hardware_interface/hardware_interface/loaned_command_interface.hpp:134:10:[m[K [01;36m[Knote: [m[Kdeclared here
  134 |   double [01;36m[Kget_value[m[K() const
      |          [01;36m[K^~~~~~~~~[m[K
[01m[K/home/rumy/acrome_ws/src/ros2_controllers/ackermann_steering_controller/test/test_ackermann_steering_controller.cpp:275:69:[m[K [01;35m[Kwarning: [m[Kâ€˜[01m[Kdouble hardware_interface::LoanedCommandInterface::[01;32m[Kget_value[m[K() const[m[Kâ€™ is deprecated: Use std::optional<T> get_optional() instead to retrieve the value. This method will be removed by the ROS 2 Kilted Kaiju release. [[01;35m[K]8;;https://gcc.gnu.org/onlinedocs/gcc/Warning-Options.html#index-Wdeprecated-declarations-Wdeprecated-declarations]8;;[m[K]
  275 | [01;35m[Kroller_->command_interfaces_[CMD_STEER_LEFT_WHEEL].get_value()[m[K, 1.4179821977774734,
      | [01;35m[K~~~~~~~~~~~~~~~~~~~~~~~~~~~~~~~~~~~~~~~~~~~~~~~~~~~~~~~~~~~~^~[m[K

[01m[K/opt/ros/jazzy/src/gtest_vendor/include/gtest/gtest_pred_impl.h:79:52:[m[K [01;36m[Knote: [m[Kin definition of macro â€˜[01m[KGTEST_ASSERT_[m[Kâ€™
   79 |   if (const ::testing::AssertionResult gtest_ar = ([01;36m[Kexpression[m[K)) \
      |                                                    [01;36m[K^~~~~~~~~~[m[K
[01m[K/opt/ros/jazzy/src/gtest_vendor/include/gtest/gtest_pred_impl.h:183:3:[m[K [01;36m[Knote: [m[Kin expansion of macro â€˜[01m[KGTEST_PRED_FORMAT3_[m[Kâ€™
  183 |   [01;36m[KGTEST_PRED_FORMAT3_[m[K(pred_format, v1, v2, v3, GTEST_NONFATAL_FAILURE_)
      |   [01;36m[K^~~~~~~~~~~~~~~~~~~[m[K
[01m[K/opt/ros/jazzy/src/gtest_vendor/include/gtest/gtest.h:1986:3:[m[K [01;36m[Knote: [m[Kin expansion of macro â€˜[01m[KEXPECT_PRED_FORMAT3[m[Kâ€™
 1986 |   [01;36m[KEXPECT_PRED_FORMAT3[m[K(::testing::internal::DoubleNearPredFormat, val1, val2, \
      |   [01;36m[K^~~~~~~~~~~~~~~~~~~[m[K
[01m[K/home/rumy/acrome_ws/src/ros2_controllers/ackermann_steering_controller/test/test_ackermann_steering_controller.cpp:274:3:[m[K [01;36m[Knote: [m[Kin expansion of macro â€˜[01m[KEXPECT_NEAR[m[Kâ€™
  274 |   [01;36m[KEXPECT_NEAR[m[K(
      |   [01;36m[K^~~~~~~~~~~[m[K
[01m[K/opt/ros/jazzy/include/hardware_interface/hardware_interface/loaned_command_interface.hpp:134:10:[m[K [01;36m[Knote: [m[Kdeclared here
  134 |   double [01;36m[Kget_value[m[K() const
      |          [01;36m[K^~~~~~~~~[m[K
[ 93%] [32m[1mLinking CXX executable test_ackermann_steering_controller_preceding[0m
[ 93%] Built target test_ackermann_steering_controller_preceding
[100%] [32m[1mLinking CXX executable test_ackermann_steering_controller[0m
[100%] Built target test_ackermann_steering_controller
