[0.035s] Invoking command in '/home/rumy/acrome_ws/build/ackermann_steering_controller': AMENT_PREFIX_PATH=/home/rumy/acrome_ws/install/steering_controllers_library:${AMENT_PREFIX_PATH} CMAKE_PREFIX_PATH=/home/rumy/acrome_ws/install/steering_controllers_library:/home/rumy/acrome_ws/install/acrome_mini_robot:/home/rumy/acrome_ws/src/acrome_mini_robot/install/acrome_mini_robot:/opt/ros/jazzy/opt/gz_sim_vendor:/opt/ros/jazzy/opt/gz_sensors_vendor:/opt/ros/jazzy/opt/gz_physics_vendor:/opt/ros/jazzy/opt/sdformat_vendor:/opt/ros/jazzy/opt/gz_gui_vendor:/opt/ros/jazzy/opt/gz_transport_vendor:/opt/ros/jazzy/opt/gz_rendering_vendor:/opt/ros/jazzy/opt/gz_plugin_vendor:/opt/ros/jazzy/opt/gz_fuel_tools_vendor:/opt/ros/jazzy/opt/gz_msgs_vendor:/opt/ros/jazzy/opt/gz_common_vendor:/opt/ros/jazzy/opt/gz_math_vendor:/opt/ros/jazzy/opt/gz_utils_vendor:/opt/ros/jazzy/opt/gz_tools_vendor:/opt/ros/jazzy/opt/gz_ogre_next_vendor:/opt/ros/jazzy/opt/gz_dartsim_vendor:/opt/ros/jazzy/opt/gz_cmake_vendor:/opt/ros/jazzy DEBUGINFOD_URLS=https://debuginfod.ubuntu.com LD_LIBRARY_PATH=/home/rumy/acrome_ws/install/steering_controllers_library/lib:${LD_LIBRARY_PATH} /usr/bin/cmake /home/rumy/acrome_ws/src/ros2_controllers/ackermann_steering_controller -DCMAKE_INSTALL_PREFIX=/home/rumy/acrome_ws/install/ackermann_steering_controller
[12.349s] -- The C compiler identification is GNU 13.3.0
[12.349s] -- The CXX compiler identification is GNU 13.3.0
[12.350s] -- Detecting C compiler ABI info
[12.350s] -- Detecting C compiler ABI info - done
[12.350s] -- Check for working C compiler: /usr/bin/cc - skipped
[12.351s] -- Detecting C compile features
[12.351s] -- Detecting C compile features - done
[12.351s] -- Detecting CXX compiler ABI info
[12.352s] -- Detecting CXX compiler ABI info - done
[12.353s] -- Check for working CXX compiler: /usr/bin/c++ - skipped
[12.354s] -- Detecting CXX compile features
[12.354s] -- Detecting CXX compile features - done
[12.354s] -- Found ros2_control_cmake: 0.2.1 (/opt/ros/jazzy/share/ros2_control_cmake/cmake)
[12.354s] -- Compiler warnings enabled for GNU
[12.354s] -- Detected GCC Version: 13.3.0 (Major: 13, Minor: 3)
[12.354s] -- Found ament_cmake: 2.5.4 (/opt/ros/jazzy/share/ament_cmake/cmake)
[12.354s] -- Found Python3: /usr/bin/python3 (found version "3.12.3") found components: Interpreter 
[12.355s] -- Found controller_interface: 4.32.0 (/opt/ros/jazzy/share/controller_interface/cmake)
[12.355s] -- Found rosidl_generator_c: 4.6.5 (/opt/ros/jazzy/share/rosidl_generator_c/cmake)
[12.355s] -- Found rosidl_generator_cpp: 4.6.5 (/opt/ros/jazzy/share/rosidl_generator_cpp/cmake)
[12.355s] -- Using all available rosidl_typesupport_c: rosidl_typesupport_fastrtps_c;rosidl_typesupport_introspection_c
[12.355s] -- Using all available rosidl_typesupport_cpp: rosidl_typesupport_fastrtps_cpp;rosidl_typesupport_introspection_cpp
[12.355s] -- Found TinyXML2 via Config file: /usr/lib/x86_64-linux-gnu/cmake/tinyxml2
[12.355s] -- Found rmw_implementation_cmake: 7.3.2 (/opt/ros/jazzy/share/rmw_implementation_cmake/cmake)
[12.356s] -- Found rmw_fastrtps_cpp: 8.4.2 (/opt/ros/jazzy/share/rmw_fastrtps_cpp/cmake)
[12.356s] -- Found TinyXML2 via Config file: /usr/lib/x86_64-linux-gnu/cmake/tinyxml2
[12.356s] -- Found OpenSSL: /usr/lib/x86_64-linux-gnu/libcrypto.so (found version "3.0.13")  
[12.356s] -- Found TinyXML2 via Config file: /usr/lib/x86_64-linux-gnu/cmake/tinyxml2
[12.356s] -- Found FastRTPS: /opt/ros/jazzy/include (Required is at least version "2.13") 
[12.360s] -- Found TinyXML2 via Config file: /usr/lib/x86_64-linux-gnu/cmake/tinyxml2
[12.360s] -- Found TinyXML2 via Config file: /usr/lib/x86_64-linux-gnu/cmake/tinyxml2
[12.361s] -- Using RMW implementation 'rmw_fastrtps_cpp' as default
[12.361s] -- Found generate_parameter_library: 0.5.0 (/opt/ros/jazzy/share/generate_parameter_library/cmake)
[12.361s] -- Found parameter_traits: 0.5.0 (/opt/ros/jazzy/share/parameter_traits/cmake)
[12.361s] -- Found std_srvs: 5.3.6 (/opt/ros/jazzy/share/std_srvs/cmake)
[12.361s] -- Found steering_controllers_library: 4.30.1 (/home/rumy/acrome_ws/install/steering_controllers_library/share/steering_controllers_library/cmake)
[12.361s] -- Found eigen3_cmake_module: 0.3.0 (/opt/ros/jazzy/share/eigen3_cmake_module/cmake)
[12.362s] -- Found Eigen3: TRUE (found version "3.4.0") 
[12.362s] -- Ensuring Eigen3 include directory is part of orocos-kdl CMake target
[12.362s] -- Found ament_cmake_gmock: 2.5.4 (/opt/ros/jazzy/share/ament_cmake_gmock/cmake)
[12.362s] -- Found controller_manager: 4.32.0 (/opt/ros/jazzy/share/controller_manager/cmake)
[12.362s] -- Found ros2_control_test_assets: 4.32.0 (/opt/ros/jazzy/share/ros2_control_test_assets/cmake)
[12.362s] -- Found gmock sources under '/opt/ros/jazzy/src/gmock_vendor': C++ tests using 'Google Mock' will be built
[12.362s] -- Found ament_cmake_gtest: 2.5.4 (/opt/ros/jazzy/share/ament_cmake_gtest/cmake)
[12.364s] -- Found gtest sources under '/opt/ros/jazzy/src/gtest_vendor': C++ tests using 'Google Test' will be built
[12.364s] -- Configuring done (5.1s)
[12.365s] -- Generating done (0.1s)
[12.365s] -- Build files have been written to: /home/rumy/acrome_ws/build/ackermann_steering_controller
[12.379s] Invoked command in '/home/rumy/acrome_ws/build/ackermann_steering_controller' returned '0': AMENT_PREFIX_PATH=/home/rumy/acrome_ws/install/steering_controllers_library:${AMENT_PREFIX_PATH} CMAKE_PREFIX_PATH=/home/rumy/acrome_ws/install/steering_controllers_library:/home/rumy/acrome_ws/install/acrome_mini_robot:/home/rumy/acrome_ws/src/acrome_mini_robot/install/acrome_mini_robot:/opt/ros/jazzy/opt/gz_sim_vendor:/opt/ros/jazzy/opt/gz_sensors_vendor:/opt/ros/jazzy/opt/gz_physics_vendor:/opt/ros/jazzy/opt/sdformat_vendor:/opt/ros/jazzy/opt/gz_gui_vendor:/opt/ros/jazzy/opt/gz_transport_vendor:/opt/ros/jazzy/opt/gz_rendering_vendor:/opt/ros/jazzy/opt/gz_plugin_vendor:/opt/ros/jazzy/opt/gz_fuel_tools_vendor:/opt/ros/jazzy/opt/gz_msgs_vendor:/opt/ros/jazzy/opt/gz_common_vendor:/opt/ros/jazzy/opt/gz_math_vendor:/opt/ros/jazzy/opt/gz_utils_vendor:/opt/ros/jazzy/opt/gz_tools_vendor:/opt/ros/jazzy/opt/gz_ogre_next_vendor:/opt/ros/jazzy/opt/gz_dartsim_vendor:/opt/ros/jazzy/opt/gz_cmake_vendor:/opt/ros/jazzy DEBUGINFOD_URLS=https://debuginfod.ubuntu.com LD_LIBRARY_PATH=/home/rumy/acrome_ws/install/steering_controllers_library/lib:${LD_LIBRARY_PATH} /usr/bin/cmake /home/rumy/acrome_ws/src/ros2_controllers/ackermann_steering_controller -DCMAKE_INSTALL_PREFIX=/home/rumy/acrome_ws/install/ackermann_steering_controller
[12.379s] Invoking command in '/home/rumy/acrome_ws/build/ackermann_steering_controller': AMENT_PREFIX_PATH=/home/rumy/acrome_ws/install/steering_controllers_library:${AMENT_PREFIX_PATH} CMAKE_PREFIX_PATH=/home/rumy/acrome_ws/install/steering_controllers_library:/home/rumy/acrome_ws/install/acrome_mini_robot:/home/rumy/acrome_ws/src/acrome_mini_robot/install/acrome_mini_robot:/opt/ros/jazzy/opt/gz_sim_vendor:/opt/ros/jazzy/opt/gz_sensors_vendor:/opt/ros/jazzy/opt/gz_physics_vendor:/opt/ros/jazzy/opt/sdformat_vendor:/opt/ros/jazzy/opt/gz_gui_vendor:/opt/ros/jazzy/opt/gz_transport_vendor:/opt/ros/jazzy/opt/gz_rendering_vendor:/opt/ros/jazzy/opt/gz_plugin_vendor:/opt/ros/jazzy/opt/gz_fuel_tools_vendor:/opt/ros/jazzy/opt/gz_msgs_vendor:/opt/ros/jazzy/opt/gz_common_vendor:/opt/ros/jazzy/opt/gz_math_vendor:/opt/ros/jazzy/opt/gz_utils_vendor:/opt/ros/jazzy/opt/gz_tools_vendor:/opt/ros/jazzy/opt/gz_ogre_next_vendor:/opt/ros/jazzy/opt/gz_dartsim_vendor:/opt/ros/jazzy/opt/gz_cmake_vendor:/opt/ros/jazzy DEBUGINFOD_URLS=https://debuginfod.ubuntu.com LD_LIBRARY_PATH=/home/rumy/acrome_ws/install/steering_controllers_library/lib:${LD_LIBRARY_PATH} /usr/bin/cmake --build /home/rumy/acrome_ws/build/ackermann_steering_controller -- -j12 -l12
[19.846s] [  6%] [34m[1mRunning `/opt/ros/jazzy/bin/generate_parameter_library_cpp /home/rumy/acrome_ws/build/ackermann_steering_controller/include/ackermann_steering_controller/ackermann_steering_controller_parameters.hpp /home/rumy/acrome_ws/src/ros2_controllers/ackermann_steering_controller/src/ackermann_steering_controller.yaml `[0m
[19.846s] [ 13%] [34m[1mCreating deprecated header file /home/rumy/acrome_ws/build/ackermann_steering_controller/include/ackermann_steering_controller_parameters.hpp[0m
[19.847s] [ 13%] Built target ackermann_steering_controller_parameters
[19.847s] [ 20%] [32mBuilding CXX object gmock/CMakeFiles/gmock.dir/opt/ros/jazzy/src/gtest_vendor/src/gtest-all.cc.o[0m
[19.847s] [ 26%] [32mBuilding CXX object gmock/CMakeFiles/gmock.dir/src/gmock-all.cc.o[0m
[21.932s] [ 33%] [32m[1mLinking CXX static library libgmock.a[0m
[22.030s] [ 33%] Built target gmock
[22.060s] [ 40%] [32mBuilding CXX object gmock/CMakeFiles/gmock_main.dir/src/gmock_main.cc.o[0m
[22.068s] [ 46%] [32mBuilding CXX object CMakeFiles/ackermann_steering_controller.dir/src/ackermann_steering_controller.cpp.o[0m
[23.866s] [ 53%] [32m[1mLinking CXX static library libgmock_main.a[0m
[23.916s] [ 53%] Built target gmock_main
[23.950s] [ 60%] [32mBuilding CXX object CMakeFiles/test_load_ackermann_steering_controller.dir/test/test_load_ackermann_steering_controller.cpp.o[0m
[27.046s] [01m[K/home/rumy/acrome_ws/src/ros2_controllers/ackermann_steering_controller/src/ackermann_steering_controller.cpp:[m[K In member function â€˜[01m[Kvirtual bool ackermann_steering_controller::AckermannSteeringController::[01;32m[Kupdate_odometry[m[K(const rclcpp::Duration&)[m[Kâ€™:
[27.047s] [01m[K/home/rumy/acrome_ws/src/ros2_controllers/ackermann_steering_controller/src/ackermann_steering_controller.cpp:124:62:[m[K [01;35m[Kwarning: [m[Kâ€˜[01m[Kdouble hardware_interface::LoanedStateInterface::[01;32m[Kget_value[m[K() const[m[Kâ€™ is deprecated: Use std::optional<T> get_optional() instead to retrieve the value. This method will be removed by the ROS 2 Kilted Kaiju release. [[01;35m[K]8;;https://gcc.gnu.org/onlinedocs/gcc/Warning-Options.html#index-Wdeprecated-declarations-Wdeprecated-declarations]8;;[m[K]
[27.047s]   124 |       [01;35m[Kstate_interfaces_[STATE_TRACTION_RIGHT_WHEEL].get_value()[m[K;
[27.047s]       |       [01;35m[K~~~~~~~~~~~~~~~~~~~~~~~~~~~~~~~~~~~~~~~~~~~~~~~~~~~~~~~^~[m[K
[27.047s] In file included from [01m[K/opt/ros/jazzy/include/controller_interface/controller_interface/controller_interface_base.hpp:28[m[K,
[27.047s]                  from [01m[K/opt/ros/jazzy/include/controller_interface/controller_interface/chainable_controller_interface.hpp:23[m[K,
[27.047s]                  from [01m[K/home/rumy/acrome_ws/install/steering_controllers_library/include/steering_controllers_library/steering_controllers_library/steering_controllers_library.hpp:23[m[K,
[27.047s]                  from [01m[K/home/rumy/acrome_ws/src/ros2_controllers/ackermann_steering_controller/include/ackermann_steering_controller/ackermann_steering_controller.hpp:24[m[K,
[27.048s]                  from [01m[K/home/rumy/acrome_ws/src/ros2_controllers/ackermann_steering_controller/src/ackermann_steering_controller.cpp:17[m[K:
[27.048s] [01m[K/opt/ros/jazzy/include/hardware_interface/hardware_interface/loaned_state_interface.hpp:94:10:[m[K [01;36m[Knote: [m[Kdeclared here
[27.048s]    94 |   double [01;36m[Kget_value[m[K() const
[27.048s]       |          [01;36m[K^~~~~~~~~[m[K
[27.048s] [01m[K/home/rumy/acrome_ws/src/ros2_controllers/ackermann_steering_controller/src/ackermann_steering_controller.cpp:126:61:[m[K [01;35m[Kwarning: [m[Kâ€˜[01m[Kdouble hardware_interface::LoanedStateInterface::[01;32m[Kget_value[m[K() const[m[Kâ€™ is deprecated: Use std::optional<T> get_optional() instead to retrieve the value. This method will be removed by the ROS 2 Kilted Kaiju release. [[01;35m[K]8;;https://gcc.gnu.org/onlinedocs/gcc/Warning-Options.html#index-Wdeprecated-declarations-Wdeprecated-declarations]8;;[m[K]
[27.048s]   126 |       [01;35m[Kstate_interfaces_[STATE_TRACTION_LEFT_WHEEL].get_value()[m[K;
[27.048s]       |       [01;35m[K~~~~~~~~~~~~~~~~~~~~~~~~~~~~~~~~~~~~~~~~~~~~~~~~~~~~~~^~[m[K
[27.048s] [01m[K/opt/ros/jazzy/include/hardware_interface/hardware_interface/loaned_state_interface.hpp:94:10:[m[K [01;36m[Knote: [m[Kdeclared here
[27.049s]    94 |   double [01;36m[Kget_value[m[K() const
[27.049s]       |          [01;36m[K^~~~~~~~~[m[K
[27.049s] [01m[K/home/rumy/acrome_ws/src/ros2_controllers/ackermann_steering_controller/src/ackermann_steering_controller.cpp:127:96:[m[K [01;35m[Kwarning: [m[Kâ€˜[01m[Kdouble hardware_interface::LoanedStateInterface::[01;32m[Kget_value[m[K() const[m[Kâ€™ is deprecated: Use std::optional<T> get_optional() instead to retrieve the value. This method will be removed by the ROS 2 Kilted Kaiju release. [[01;35m[K]8;;https://gcc.gnu.org/onlinedocs/gcc/Warning-Options.html#index-Wdeprecated-declarations-Wdeprecated-declarations]8;;[m[K]
[27.049s]   127 | ight_position = [01;35m[Kstate_interfaces_[STATE_STEER_RIGHT_WHEEL].get_value()[m[K;
[27.049s]       |                 [01;35m[K~~~~~~~~~~~~~~~~~~~~~~~~~~~~~~~~~~~~~~~~~~~~~~~~~~~~^~[m[K
[27.049s] 
[27.049s] [01m[K/opt/ros/jazzy/include/hardware_interface/hardware_interface/loaned_state_interface.hpp:94:10:[m[K [01;36m[Knote: [m[Kdeclared here
[27.050s]    94 |   double [01;36m[Kget_value[m[K() const
[27.050s]       |          [01;36m[K^~~~~~~~~[m[K
[27.050s] [01m[K/home/rumy/acrome_ws/src/ros2_controllers/ackermann_steering_controller/src/ackermann_steering_controller.cpp:128:94:[m[K [01;35m[Kwarning: [m[Kâ€˜[01m[Kdouble hardware_interface::LoanedStateInterface::[01;32m[Kget_value[m[K() const[m[Kâ€™ is deprecated: Use std::optional<T> get_optional() instead to retrieve the value. This method will be removed by the ROS 2 Kilted Kaiju release. [[01;35m[K]8;;https://gcc.gnu.org/onlinedocs/gcc/Warning-Options.html#index-Wdeprecated-declarations-Wdeprecated-declarations]8;;[m[K]
[27.050s]   128 | _left_position = [01;35m[Kstate_interfaces_[STATE_STEER_LEFT_WHEEL].get_value()[m[K;
[27.050s]       |                  [01;35m[K~~~~~~~~~~~~~~~~~~~~~~~~~~~~~~~~~~~~~~~~~~~~~~~~~~~^~[m[K
[27.053s] 
[27.054s] [01m[K/opt/ros/jazzy/include/hardware_interface/hardware_interface/loaned_state_interface.hpp:94:10:[m[K [01;36m[Knote: [m[Kdeclared here
[27.054s]    94 |   double [01;36m[Kget_value[m[K() const
[27.054s]       |          [01;36m[K^~~~~~~~~[m[K
[30.379s] [ 66%] [32m[1mLinking CXX shared library libackermann_steering_controller.so[0m
[31.465s] [ 66%] Built target ackermann_steering_controller
[31.485s] [ 73%] [32mBuilding CXX object CMakeFiles/test_ackermann_steering_controller.dir/test/test_ackermann_steering_controller.cpp.o[0m
[33.256s] [ 80%] [32m[1mLinking CXX executable test_load_ackermann_steering_controller[0m
[33.688s] [ 80%] Built target test_load_ackermann_steering_controller
[33.712s] [ 86%] [32mBuilding CXX object CMakeFiles/test_ackermann_steering_controller_preceding.dir/test/test_ackermann_steering_controller_preceding.cpp.o[0m
[34.811s] In file included from [01m[K/opt/ros/jazzy/src/gtest_vendor/include/gtest/gtest-printers.h:122[m[K,
[34.811s]                  from [01m[K/opt/ros/jazzy/src/gtest_vendor/include/gtest/gtest-matchers.h:49[m[K,
[34.811s]                  from [01m[K/opt/ros/jazzy/src/gtest_vendor/include/gtest/internal/gtest-death-test-internal.h:47[m[K,
[34.811s]                  from [01m[K/opt/ros/jazzy/src/gtest_vendor/include/gtest/gtest-death-test.h:43[m[K,
[34.811s]                  from [01m[K/opt/ros/jazzy/src/gtest_vendor/include/gtest/gtest.h:65[m[K,
[34.811s]                  from [01m[K/opt/ros/jazzy/src/gmock_vendor/include/gmock/internal/gmock-internal-utils.h:50[m[K,
[34.811s]                  from [01m[K/opt/ros/jazzy/src/gmock_vendor/include/gmock/gmock-actions.h:145[m[K,
[34.811s]                  from [01m[K/opt/ros/jazzy/src/gmock_vendor/include/gmock/gmock.h:56[m[K,
[34.812s]                  from [01m[K/home/rumy/acrome_ws/src/ros2_controllers/ackermann_steering_controller/test/test_ackermann_steering_controller.hpp:18[m[K,
[34.812s]                  from [01m[K/home/rumy/acrome_ws/src/ros2_controllers/ackermann_steering_controller/test/test_ackermann_steering_controller.cpp:20[m[K:
[34.812s] [01m[K/home/rumy/acrome_ws/src/ros2_controllers/ackermann_steering_controller/test/test_ackermann_steering_controller.cpp:[m[K In member function â€˜[01m[Kvirtual void AckermannSteeringControllerTest_reactivate_success_Test::[01;32m[KTestBody[m[K()[m[Kâ€™:
[34.812s] [01m[K/home/rumy/acrome_ws/src/ros2_controllers/ackermann_steering_controller/test/test_ackermann_steering_controller.cpp:143:71:[m[K [01;35m[Kwarning: [m[Kâ€˜[01m[Kdouble hardware_interface::LoanedCommandInterface::[01;32m[Kget_value[m[K() const[m[Kâ€™ is deprecated: Use std::optional<T> get_optional() instead to retrieve the value. This method will be removed by the ROS 2 Kilted Kaiju release. [[01;35m[K]8;;https://gcc.gnu.org/onlinedocs/gcc/Warning-Options.html#index-Wdeprecated-declarations-Wdeprecated-declarations]8;;[m[K]
[34.812s]   143 | SERT_TRUE(std::isnan([01;35m[Kcontroller_->command_interfaces_[0].get_value()[m[K));
[34.812s]       |                      [01;35m[K~~~~~~~~~~~~~~~~~~~~~~~~~~~~~~~~~~~~~~~~~~~~~^~[m[K
[34.812s] 
[34.812s] [01m[K/opt/ros/jazzy/src/gtest_vendor/include/gtest/internal/gtest-internal.h:1493:38:[m[K [01;36m[Knote: [m[Kin definition of macro â€˜[01m[KGTEST_TEST_BOOLEAN_[m[Kâ€™
[34.812s]  1493 |           ::testing::AssertionResult([01;36m[Kexpression[m[K))                     \
[34.813s]       |                                      [01;36m[K^~~~~~~~~~[m[K
[34.813s] [01m[K/opt/ros/jazzy/src/gtest_vendor/include/gtest/gtest.h:1815:32:[m[K [01;36m[Knote: [m[Kin expansion of macro â€˜[01m[KGTEST_ASSERT_TRUE[m[Kâ€™
[34.813s]  1815 | #define ASSERT_TRUE(condition) [01;36m[KGTEST_ASSERT_TRUE[m[K(condition)
[34.813s]       |                                [01;36m[K^~~~~~~~~~~~~~~~~[m[K
[34.813s] [01m[K/home/rumy/acrome_ws/src/ros2_controllers/ackermann_steering_controller/test/test_ackermann_steering_controller.cpp:143:3:[m[K [01;36m[Knote: [m[Kin expansion of macro â€˜[01m[KASSERT_TRUE[m[Kâ€™
[34.813s]   143 |   [01;36m[KASSERT_TRUE[m[K(std::isnan(controller_->command_interfaces_[0].get_value()));
[34.813s]       |   [01;36m[K^~~~~~~~~~~[m[K
[34.813s] In file included from [01m[K/opt/ros/jazzy/include/controller_interface/controller_interface/controller_interface_base.hpp:27[m[K,
[34.813s]                  from [01m[K/opt/ros/jazzy/include/controller_interface/controller_interface/chainable_controller_interface.hpp:23[m[K,
[34.813s]                  from [01m[K/home/rumy/acrome_ws/install/steering_controllers_library/include/steering_controllers_library/steering_controllers_library/steering_controllers_library.hpp:23[m[K,
[34.814s]                  from [01m[K/home/rumy/acrome_ws/src/ros2_controllers/ackermann_steering_controller/include/ackermann_steering_controller/ackermann_steering_controller.hpp:24[m[K,
[34.814s]                  from [01m[K/home/rumy/acrome_ws/src/ros2_controllers/ackermann_steering_controller/test/test_ackermann_steering_controller.hpp:26[m[K:
[34.814s] [01m[K/opt/ros/jazzy/include/hardware_interface/hardware_interface/loaned_command_interface.hpp:134:10:[m[K [01;36m[Knote: [m[Kdeclared here
[34.814s]   134 |   double [01;36m[Kget_value[m[K() const
[34.814s]       |          [01;36m[K^~~~~~~~~[m[K
[34.814s] [01m[K/home/rumy/acrome_ws/src/ros2_controllers/ackermann_steering_controller/test/test_ackermann_steering_controller.cpp:145:71:[m[K [01;35m[Kwarning: [m[Kâ€˜[01m[Kdouble hardware_interface::LoanedCommandInterface::[01;32m[Kget_value[m[K() const[m[Kâ€™ is deprecated: Use std::optional<T> get_optional() instead to retrieve the value. This method will be removed by the ROS 2 Kilted Kaiju release. [[01;35m[K]8;;https://gcc.gnu.org/onlinedocs/gcc/Warning-Options.html#index-Wdeprecated-declarations-Wdeprecated-declarations]8;;[m[K]
[34.814s]   145 | SERT_TRUE(std::isnan([01;35m[Kcontroller_->command_interfaces_[0].get_value()[m[K));
[34.814s]       |                      [01;35m[K~~~~~~~~~~~~~~~~~~~~~~~~~~~~~~~~~~~~~~~~~~~~~^~[m[K
[34.814s] 
[34.815s] [01m[K/opt/ros/jazzy/src/gtest_vendor/include/gtest/internal/gtest-internal.h:1493:38:[m[K [01;36m[Knote: [m[Kin definition of macro â€˜[01m[KGTEST_TEST_BOOLEAN_[m[Kâ€™
[34.815s]  1493 |           ::testing::AssertionResult([01;36m[Kexpression[m[K))                     \
[34.815s]       |                                      [01;36m[K^~~~~~~~~~[m[K
[34.815s] [01m[K/opt/ros/jazzy/src/gtest_vendor/include/gtest/gtest.h:1815:32:[m[K [01;36m[Knote: [m[Kin expansion of macro â€˜[01m[KGTEST_ASSERT_TRUE[m[Kâ€™
[34.815s]  1815 | #define ASSERT_TRUE(condition) [01;36m[KGTEST_ASSERT_TRUE[m[K(condition)
[34.815s]       |                                [01;36m[K^~~~~~~~~~~~~~~~~[m[K
[34.815s] [01m[K/home/rumy/acrome_ws/src/ros2_controllers/ackermann_steering_controller/test/test_ackermann_steering_controller.cpp:145:3:[m[K [01;36m[Knote: [m[Kin expansion of macro â€˜[01m[KASSERT_TRUE[m[Kâ€™
[34.815s]   145 |   [01;36m[KASSERT_TRUE[m[K(std::isnan(controller_->command_interfaces_[0].get_value()));
[34.816s]       |   [01;36m[K^~~~~~~~~~~[m[K
[34.816s] [01m[K/opt/ros/jazzy/include/hardware_interface/hardware_interface/loaned_command_interface.hpp:134:10:[m[K [01;36m[Knote: [m[Kdeclared here
[34.816s]   134 |   double [01;36m[Kget_value[m[K() const
[34.816s]       |          [01;36m[K^~~~~~~~~[m[K
[34.816s] In file included from [01m[K/opt/ros/jazzy/src/gtest_vendor/include/gtest/gtest.h:72[m[K:
[34.816s] [01m[K/home/rumy/acrome_ws/src/ros2_controllers/ackermann_steering_controller/test/test_ackermann_steering_controller.cpp:[m[K In member function â€˜[01m[Kvirtual void AckermannSteeringControllerTest_test_update_logic_Test::[01;32m[KTestBody[m[K()[m[Kâ€™:
[34.816s] [01m[K/home/rumy/acrome_ws/src/ros2_controllers/ackermann_steering_controller/test/test_ackermann_steering_controller.cpp:176:73:[m[K [01;35m[Kwarning: [m[Kâ€˜[01m[Kdouble hardware_interface::LoanedCommandInterface::[01;32m[Kget_value[m[K() const[m[Kâ€™ is deprecated: Use std::optional<T> get_optional() instead to retrieve the value. This method will be removed by the ROS 2 Kilted Kaiju release. [[01;35m[K]8;;https://gcc.gnu.org/onlinedocs/gcc/Warning-Options.html#index-Wdeprecated-declarations-Wdeprecated-declarations]8;;[m[K]
[34.816s]   176 | [01;35m[Ker_->command_interfaces_[CMD_TRACTION_RIGHT_WHEEL].get_value()[m[K, 0.22222222222222224,
[34.817s]       | [01;35m[K~~~~~~~~~~~~~~~~~~~~~~~~~~~~~~~~~~~~~~~~~~~~~~~~~~~~~~~~~~~~^~[m[K
[34.817s] 
[34.817s] [01m[K/opt/ros/jazzy/src/gtest_vendor/include/gtest/gtest_pred_impl.h:79:52:[m[K [01;36m[Knote: [m[Kin definition of macro â€˜[01m[KGTEST_ASSERT_[m[Kâ€™
[34.817s]    79 |   if (const ::testing::AssertionResult gtest_ar = ([01;36m[Kexpression[m[K)) \
[34.817s]       |                                                    [01;36m[K^~~~~~~~~~[m[K
[34.817s] [01m[K/opt/ros/jazzy/src/gtest_vendor/include/gtest/gtest_pred_impl.h:183:3:[m[K [01;36m[Knote: [m[Kin expansion of macro â€˜[01m[KGTEST_PRED_FORMAT3_[m[Kâ€™
[34.817s]   183 |   [01;36m[KGTEST_PRED_FORMAT3_[m[K(pred_format, v1, v2, v3, GTEST_NONFATAL_FAILURE_)
[34.817s]       |   [01;36m[K^~~~~~~~~~~~~~~~~~~[m[K
[34.817s] [01m[K/opt/ros/jazzy/src/gtest_vendor/include/gtest/gtest.h:1986:3:[m[K [01;36m[Knote: [m[Kin expansion of macro â€˜[01m[KEXPECT_PRED_FORMAT3[m[Kâ€™
[34.818s]  1986 |   [01;36m[KEXPECT_PRED_FORMAT3[m[K(::testing::internal::DoubleNearPredFormat, val1, val2, \
[34.818s]       |   [01;36m[K^~~~~~~~~~~~~~~~~~~[m[K
[34.818s] [01m[K/home/rumy/acrome_ws/src/ros2_controllers/ackermann_steering_controller/test/test_ackermann_steering_controller.cpp:175:3:[m[K [01;36m[Knote: [m[Kin expansion of macro â€˜[01m[KEXPECT_NEAR[m[Kâ€™
[34.818s]   175 |   [01;36m[KEXPECT_NEAR[m[K(
[34.818s]       |   [01;36m[K^~~~~~~~~~~[m[K
[34.818s] [01m[K/opt/ros/jazzy/include/hardware_interface/hardware_interface/loaned_command_interface.hpp:134:10:[m[K [01;36m[Knote: [m[Kdeclared here
[34.818s]   134 |   double [01;36m[Kget_value[m[K() const
[34.818s]       |          [01;36m[K^~~~~~~~~[m[K
[34.818s] [01m[K/home/rumy/acrome_ws/src/ros2_controllers/ackermann_steering_controller/test/test_ackermann_steering_controller.cpp:179:72:[m[K [01;35m[Kwarning: [m[Kâ€˜[01m[Kdouble hardware_interface::LoanedCommandInterface::[01;32m[Kget_value[m[K() const[m[Kâ€™ is deprecated: Use std::optional<T> get_optional() instead to retrieve the value. This method will be removed by the ROS 2 Kilted Kaiju release. [[01;35m[K]8;;https://gcc.gnu.org/onlinedocs/gcc/Warning-Options.html#index-Wdeprecated-declarations-Wdeprecated-declarations]8;;[m[K]
[34.819s]   179 | [01;35m[Kler_->command_interfaces_[CMD_TRACTION_LEFT_WHEEL].get_value()[m[K, 0.22222222222222224,
[34.819s]       | [01;35m[K~~~~~~~~~~~~~~~~~~~~~~~~~~~~~~~~~~~~~~~~~~~~~~~~~~~~~~~~~~~~^~[m[K
[34.819s] 
[34.819s] [01m[K/opt/ros/jazzy/src/gtest_vendor/include/gtest/gtest_pred_impl.h:79:52:[m[K [01;36m[Knote: [m[Kin definition of macro â€˜[01m[KGTEST_ASSERT_[m[Kâ€™
[34.819s]    79 |   if (const ::testing::AssertionResult gtest_ar = ([01;36m[Kexpression[m[K)) \
[34.819s]       |                                                    [01;36m[K^~~~~~~~~~[m[K
[34.819s] [01m[K/opt/ros/jazzy/src/gtest_vendor/include/gtest/gtest_pred_impl.h:183:3:[m[K [01;36m[Knote: [m[Kin expansion of macro â€˜[01m[KGTEST_PRED_FORMAT3_[m[Kâ€™
[34.819s]   183 |   [01;36m[KGTEST_PRED_FORMAT3_[m[K(pred_format, v1, v2, v3, GTEST_NONFATAL_FAILURE_)
[34.820s]       |   [01;36m[K^~~~~~~~~~~~~~~~~~~[m[K
[34.820s] [01m[K/opt/ros/jazzy/src/gtest_vendor/include/gtest/gtest.h:1986:3:[m[K [01;36m[Knote: [m[Kin expansion of macro â€˜[01m[KEXPECT_PRED_FORMAT3[m[Kâ€™
[34.820s]  1986 |   [01;36m[KEXPECT_PRED_FORMAT3[m[K(::testing::internal::DoubleNearPredFormat, val1, val2, \
[34.820s]       |   [01;36m[K^~~~~~~~~~~~~~~~~~~[m[K
[34.820s] [01m[K/home/rumy/acrome_ws/src/ros2_controllers/ackermann_steering_controller/test/test_ackermann_steering_controller.cpp:178:3:[m[K [01;36m[Knote: [m[Kin expansion of macro â€˜[01m[KEXPECT_NEAR[m[Kâ€™
[34.820s]   178 |   [01;36m[KEXPECT_NEAR[m[K(
[34.820s]       |   [01;36m[K^~~~~~~~~~~[m[K
[34.821s] [01m[K/opt/ros/jazzy/include/hardware_interface/hardware_interface/loaned_command_interface.hpp:134:10:[m[K [01;36m[Knote: [m[Kdeclared here
[34.821s]   134 |   double [01;36m[Kget_value[m[K() const
[34.821s]       |          [01;36m[K^~~~~~~~~[m[K
[34.821s] [01m[K/home/rumy/acrome_ws/src/ros2_controllers/ackermann_steering_controller/test/test_ackermann_steering_controller.cpp:182:70:[m[K [01;35m[Kwarning: [m[Kâ€˜[01m[Kdouble hardware_interface::LoanedCommandInterface::[01;32m[Kget_value[m[K() const[m[Kâ€™ is deprecated: Use std::optional<T> get_optional() instead to retrieve the value. This method will be removed by the ROS 2 Kilted Kaiju release. [[01;35m[K]8;;https://gcc.gnu.org/onlinedocs/gcc/Warning-Options.html#index-Wdeprecated-declarations-Wdeprecated-declarations]8;;[m[K]
[34.821s]   182 | [01;35m[Koller_->command_interfaces_[CMD_STEER_RIGHT_WHEEL].get_value()[m[K, 1.4179821977774734,
[34.821s]       | [01;35m[K~~~~~~~~~~~~~~~~~~~~~~~~~~~~~~~~~~~~~~~~~~~~~~~~~~~~~~~~~~~~^~[m[K
[34.821s] 
[34.821s] [01m[K/opt/ros/jazzy/src/gtest_vendor/include/gtest/gtest_pred_impl.h:79:52:[m[K [01;36m[Knote: [m[Kin definition of macro â€˜[01m[KGTEST_ASSERT_[m[Kâ€™
[34.821s]    79 |   if (const ::testing::AssertionResult gtest_ar = ([01;36m[Kexpression[m[K)) \
[34.822s]       |                                                    [01;36m[K^~~~~~~~~~[m[K
[34.822s] [01m[K/opt/ros/jazzy/src/gtest_vendor/include/gtest/gtest_pred_impl.h:183:3:[m[K [01;36m[Knote: [m[Kin expansion of macro â€˜[01m[KGTEST_PRED_FORMAT3_[m[Kâ€™
[34.822s]   183 |   [01;36m[KGTEST_PRED_FORMAT3_[m[K(pred_format, v1, v2, v3, GTEST_NONFATAL_FAILURE_)
[34.822s]       |   [01;36m[K^~~~~~~~~~~~~~~~~~~[m[K
[34.822s] [01m[K/opt/ros/jazzy/src/gtest_vendor/include/gtest/gtest.h:1986:3:[m[K [01;36m[Knote: [m[Kin expansion of macro â€˜[01m[KEXPECT_PRED_FORMAT3[m[Kâ€™
[34.822s]  1986 |   [01;36m[KEXPECT_PRED_FORMAT3[m[K(::testing::internal::DoubleNearPredFormat, val1, val2, \
[34.822s]       |   [01;36m[K^~~~~~~~~~~~~~~~~~~[m[K
[34.822s] [01m[K/home/rumy/acrome_ws/src/ros2_controllers/ackermann_steering_controller/test/test_ackermann_steering_controller.cpp:181:3:[m[K [01;36m[Knote: [m[Kin expansion of macro â€˜[01m[KEXPECT_NEAR[m[Kâ€™
[34.822s]   181 |   [01;36m[KEXPECT_NEAR[m[K(
[34.823s]       |   [01;36m[K^~~~~~~~~~~[m[K
[34.823s] [01m[K/opt/ros/jazzy/include/hardware_interface/hardware_interface/loaned_command_interface.hpp:134:10:[m[K [01;36m[Knote: [m[Kdeclared here
[34.823s]   134 |   double [01;36m[Kget_value[m[K() const
[34.823s]       |          [01;36m[K^~~~~~~~~[m[K
[34.823s] [01m[K/home/rumy/acrome_ws/src/ros2_controllers/ackermann_steering_controller/test/test_ackermann_steering_controller.cpp:185:69:[m[K [01;35m[Kwarning: [m[Kâ€˜[01m[Kdouble hardware_interface::LoanedCommandInterface::[01;32m[Kget_value[m[K() const[m[Kâ€™ is deprecated: Use std::optional<T> get_optional() instead to retrieve the value. This method will be removed by the ROS 2 Kilted Kaiju release. [[01;35m[K]8;;https://gcc.gnu.org/onlinedocs/gcc/Warning-Options.html#index-Wdeprecated-declarations-Wdeprecated-declarations]8;;[m[K]
[34.823s]   185 | [01;35m[Kroller_->command_interfaces_[CMD_STEER_LEFT_WHEEL].get_value()[m[K, 1.4179821977774734,
[34.823s]       | [01;35m[K~~~~~~~~~~~~~~~~~~~~~~~~~~~~~~~~~~~~~~~~~~~~~~~~~~~~~~~~~~~~^~[m[K
[34.823s] 
[34.824s] [01m[K/opt/ros/jazzy/src/gtest_vendor/include/gtest/gtest_pred_impl.h:79:52:[m[K [01;36m[Knote: [m[Kin definition of macro â€˜[01m[KGTEST_ASSERT_[m[Kâ€™
[34.824s]    79 |   if (const ::testing::AssertionResult gtest_ar = ([01;36m[Kexpression[m[K)) \
[34.824s]       |                                                    [01;36m[K^~~~~~~~~~[m[K
[34.824s] [01m[K/opt/ros/jazzy/src/gtest_vendor/include/gtest/gtest_pred_impl.h:183:3:[m[K [01;36m[Knote: [m[Kin expansion of macro â€˜[01m[KGTEST_PRED_FORMAT3_[m[Kâ€™
[34.824s]   183 |   [01;36m[KGTEST_PRED_FORMAT3_[m[K(pred_format, v1, v2, v3, GTEST_NONFATAL_FAILURE_)
[34.824s]       |   [01;36m[K^~~~~~~~~~~~~~~~~~~[m[K
[34.824s] [01m[K/opt/ros/jazzy/src/gtest_vendor/include/gtest/gtest.h:1986:3:[m[K [01;36m[Knote: [m[Kin expansion of macro â€˜[01m[KEXPECT_PRED_FORMAT3[m[Kâ€™
[34.824s]  1986 |   [01;36m[KEXPECT_PRED_FORMAT3[m[K(::testing::internal::DoubleNearPredFormat, val1, val2, \
[34.825s]       |   [01;36m[K^~~~~~~~~~~~~~~~~~~[m[K
[34.825s] [01m[K/home/rumy/acrome_ws/src/ros2_controllers/ackermann_steering_controller/test/test_ackermann_steering_controller.cpp:184:3:[m[K [01;36m[Knote: [m[Kin expansion of macro â€˜[01m[KEXPECT_NEAR[m[Kâ€™
[34.825s]   184 |   [01;36m[KEXPECT_NEAR[m[K(
[34.825s]       |   [01;36m[K^~~~~~~~~~~[m[K
[34.825s] [01m[K/opt/ros/jazzy/include/hardware_interface/hardware_interface/loaned_command_interface.hpp:134:10:[m[K [01;36m[Knote: [m[Kdeclared here
[34.825s]   134 |   double [01;36m[Kget_value[m[K() const
[34.825s]       |          [01;36m[K^~~~~~~~~[m[K
[34.826s] [01m[K/home/rumy/acrome_ws/src/ros2_controllers/ackermann_steering_controller/test/test_ackermann_steering_controller.cpp:[m[K In member function â€˜[01m[Kvirtual void AckermannSteeringControllerTest_test_update_logic_chained_Test::[01;32m[KTestBody[m[K()[m[Kâ€™:
[34.826s] [01m[K/home/rumy/acrome_ws/src/ros2_controllers/ackermann_steering_controller/test/test_ackermann_steering_controller.cpp:216:75:[m[K [01;35m[Kwarning: [m[Kâ€˜[01m[Kdouble hardware_interface::LoanedCommandInterface::[01;32m[Kget_value[m[K() const[m[Kâ€™ is deprecated: Use std::optional<T> get_optional() instead to retrieve the value. This method will be removed by the ROS 2 Kilted Kaiju release. [[01;35m[K]8;;https://gcc.gnu.org/onlinedocs/gcc/Warning-Options.html#index-Wdeprecated-declarations-Wdeprecated-declarations]8;;[m[K]
[34.826s]   216 | [01;35m[K_->command_interfaces_[STATE_TRACTION_RIGHT_WHEEL].get_value()[m[K, 0.22222222222222224,
[34.826s]       | [01;35m[K~~~~~~~~~~~~~~~~~~~~~~~~~~~~~~~~~~~~~~~~~~~~~~~~~~~~~~~~~~~~^~[m[K
[34.826s] 
[34.826s] [01m[K/opt/ros/jazzy/src/gtest_vendor/include/gtest/gtest_pred_impl.h:79:52:[m[K [01;36m[Knote: [m[Kin definition of macro â€˜[01m[KGTEST_ASSERT_[m[Kâ€™
[34.826s]    79 |   if (const ::testing::AssertionResult gtest_ar = ([01;36m[Kexpression[m[K)) \
[34.826s]       |                                                    [01;36m[K^~~~~~~~~~[m[K
[34.826s] [01m[K/opt/ros/jazzy/src/gtest_vendor/include/gtest/gtest_pred_impl.h:183:3:[m[K [01;36m[Knote: [m[Kin expansion of macro â€˜[01m[KGTEST_PRED_FORMAT3_[m[Kâ€™
[34.827s]   183 |   [01;36m[KGTEST_PRED_FORMAT3_[m[K(pred_format, v1, v2, v3, GTEST_NONFATAL_FAILURE_)
[34.827s]       |   [01;36m[K^~~~~~~~~~~~~~~~~~~[m[K
[34.827s] [01m[K/opt/ros/jazzy/src/gtest_vendor/include/gtest/gtest.h:1986:3:[m[K [01;36m[Knote: [m[Kin expansion of macro â€˜[01m[KEXPECT_PRED_FORMAT3[m[Kâ€™
[34.827s]  1986 |   [01;36m[KEXPECT_PRED_FORMAT3[m[K(::testing::internal::DoubleNearPredFormat, val1, val2, \
[34.827s]       |   [01;36m[K^~~~~~~~~~~~~~~~~~~[m[K
[34.827s] [01m[K/home/rumy/acrome_ws/src/ros2_controllers/ackermann_steering_controller/test/test_ackermann_steering_controller.cpp:215:3:[m[K [01;36m[Knote: [m[Kin expansion of macro â€˜[01m[KEXPECT_NEAR[m[Kâ€™
[34.827s]   215 |   [01;36m[KEXPECT_NEAR[m[K(
[34.827s]       |   [01;36m[K^~~~~~~~~~~[m[K
[34.827s] [01m[K/opt/ros/jazzy/include/hardware_interface/hardware_interface/loaned_command_interface.hpp:134:10:[m[K [01;36m[Knote: [m[Kdeclared here
[34.828s]   134 |   double [01;36m[Kget_value[m[K() const
[34.828s]       |          [01;36m[K^~~~~~~~~[m[K
[34.828s] [01m[K/home/rumy/acrome_ws/src/ros2_controllers/ackermann_steering_controller/test/test_ackermann_steering_controller.cpp:219:74:[m[K [01;35m[Kwarning: [m[Kâ€˜[01m[Kdouble hardware_interface::LoanedCommandInterface::[01;32m[Kget_value[m[K() const[m[Kâ€™ is deprecated: Use std::optional<T> get_optional() instead to retrieve the value. This method will be removed by the ROS 2 Kilted Kaiju release. [[01;35m[K]8;;https://gcc.gnu.org/onlinedocs/gcc/Warning-Options.html#index-Wdeprecated-declarations-Wdeprecated-declarations]8;;[m[K]
[34.828s]   219 | [01;35m[Kr_->command_interfaces_[STATE_TRACTION_LEFT_WHEEL].get_value()[m[K, 0.22222222222222224,
[34.828s]       | [01;35m[K~~~~~~~~~~~~~~~~~~~~~~~~~~~~~~~~~~~~~~~~~~~~~~~~~~~~~~~~~~~~^~[m[K
[34.828s] 
[34.828s] [01m[K/opt/ros/jazzy/src/gtest_vendor/include/gtest/gtest_pred_impl.h:79:52:[m[K [01;36m[Knote: [m[Kin definition of macro â€˜[01m[KGTEST_ASSERT_[m[Kâ€™
[34.828s]    79 |   if (const ::testing::AssertionResult gtest_ar = ([01;36m[Kexpression[m[K)) \
[34.828s]       |                                                    [01;36m[K^~~~~~~~~~[m[K
[34.829s] [01m[K/opt/ros/jazzy/src/gtest_vendor/include/gtest/gtest_pred_impl.h:183:3:[m[K [01;36m[Knote: [m[Kin expansion of macro â€˜[01m[KGTEST_PRED_FORMAT3_[m[Kâ€™
[34.829s]   183 |   [01;36m[KGTEST_PRED_FORMAT3_[m[K(pred_format, v1, v2, v3, GTEST_NONFATAL_FAILURE_)
[34.829s]       |   [01;36m[K^~~~~~~~~~~~~~~~~~~[m[K
[34.829s] [01m[K/opt/ros/jazzy/src/gtest_vendor/include/gtest/gtest.h:1986:3:[m[K [01;36m[Knote: [m[Kin expansion of macro â€˜[01m[KEXPECT_PRED_FORMAT3[m[Kâ€™
[34.829s]  1986 |   [01;36m[KEXPECT_PRED_FORMAT3[m[K(::testing::internal::DoubleNearPredFormat, val1, val2, \
[34.829s]       |   [01;36m[K^~~~~~~~~~~~~~~~~~~[m[K
[34.829s] [01m[K/home/rumy/acrome_ws/src/ros2_controllers/ackermann_steering_controller/test/test_ackermann_steering_controller.cpp:218:3:[m[K [01;36m[Knote: [m[Kin expansion of macro â€˜[01m[KEXPECT_NEAR[m[Kâ€™
[34.829s]   218 |   [01;36m[KEXPECT_NEAR[m[K(
[34.829s]       |   [01;36m[K^~~~~~~~~~~[m[K
[34.830s] [01m[K/opt/ros/jazzy/include/hardware_interface/hardware_interface/loaned_command_interface.hpp:134:10:[m[K [01;36m[Knote: [m[Kdeclared here
[34.830s]   134 |   double [01;36m[Kget_value[m[K() const
[34.830s]       |          [01;36m[K^~~~~~~~~[m[K
[34.830s] [01m[K/home/rumy/acrome_ws/src/ros2_controllers/ackermann_steering_controller/test/test_ackermann_steering_controller.cpp:222:72:[m[K [01;35m[Kwarning: [m[Kâ€˜[01m[Kdouble hardware_interface::LoanedCommandInterface::[01;32m[Kget_value[m[K() const[m[Kâ€™ is deprecated: Use std::optional<T> get_optional() instead to retrieve the value. This method will be removed by the ROS 2 Kilted Kaiju release. [[01;35m[K]8;;https://gcc.gnu.org/onlinedocs/gcc/Warning-Options.html#index-Wdeprecated-declarations-Wdeprecated-declarations]8;;[m[K]
[34.830s]   222 | [01;35m[Kler_->command_interfaces_[STATE_STEER_RIGHT_WHEEL].get_value()[m[K, 1.4179821977774734,
[34.830s]       | [01;35m[K~~~~~~~~~~~~~~~~~~~~~~~~~~~~~~~~~~~~~~~~~~~~~~~~~~~~~~~~~~~~^~[m[K
[34.830s] 
[34.830s] [01m[K/opt/ros/jazzy/src/gtest_vendor/include/gtest/gtest_pred_impl.h:79:52:[m[K [01;36m[Knote: [m[Kin definition of macro â€˜[01m[KGTEST_ASSERT_[m[Kâ€™
[34.830s]    79 |   if (const ::testing::AssertionResult gtest_ar = ([01;36m[Kexpression[m[K)) \
[34.831s]       |                                                    [01;36m[K^~~~~~~~~~[m[K
[34.831s] [01m[K/opt/ros/jazzy/src/gtest_vendor/include/gtest/gtest_pred_impl.h:183:3:[m[K [01;36m[Knote: [m[Kin expansion of macro â€˜[01m[KGTEST_PRED_FORMAT3_[m[Kâ€™
[34.831s]   183 |   [01;36m[KGTEST_PRED_FORMAT3_[m[K(pred_format, v1, v2, v3, GTEST_NONFATAL_FAILURE_)
[34.831s]       |   [01;36m[K^~~~~~~~~~~~~~~~~~~[m[K
[34.831s] [01m[K/opt/ros/jazzy/src/gtest_vendor/include/gtest/gtest.h:1986:3:[m[K [01;36m[Knote: [m[Kin expansion of macro â€˜[01m[KEXPECT_PRED_FORMAT3[m[Kâ€™
[34.831s]  1986 |   [01;36m[KEXPECT_PRED_FORMAT3[m[K(::testing::internal::DoubleNearPredFormat, val1, val2, \
[34.831s]       |   [01;36m[K^~~~~~~~~~~~~~~~~~~[m[K
[34.831s] [01m[K/home/rumy/acrome_ws/src/ros2_controllers/ackermann_steering_controller/test/test_ackermann_steering_controller.cpp:221:3:[m[K [01;36m[Knote: [m[Kin expansion of macro â€˜[01m[KEXPECT_NEAR[m[Kâ€™
[34.832s]   221 |   [01;36m[KEXPECT_NEAR[m[K(
[34.832s]       |   [01;36m[K^~~~~~~~~~~[m[K
[34.832s] [01m[K/opt/ros/jazzy/include/hardware_interface/hardware_interface/loaned_command_interface.hpp:134:10:[m[K [01;36m[Knote: [m[Kdeclared here
[34.832s]   134 |   double [01;36m[Kget_value[m[K() const
[34.832s]       |          [01;36m[K^~~~~~~~~[m[K
[34.832s] [01m[K/home/rumy/acrome_ws/src/ros2_controllers/ackermann_steering_controller/test/test_ackermann_steering_controller.cpp:225:71:[m[K [01;35m[Kwarning: [m[Kâ€˜[01m[Kdouble hardware_interface::LoanedCommandInterface::[01;32m[Kget_value[m[K() const[m[Kâ€™ is deprecated: Use std::optional<T> get_optional() instead to retrieve the value. This method will be removed by the ROS 2 Kilted Kaiju release. [[01;35m[K]8;;https://gcc.gnu.org/onlinedocs/gcc/Warning-Options.html#index-Wdeprecated-declarations-Wdeprecated-declarations]8;;[m[K]
[34.832s]   225 | [01;35m[Kller_->command_interfaces_[STATE_STEER_LEFT_WHEEL].get_value()[m[K, 1.4179821977774734,
[34.832s]       | [01;35m[K~~~~~~~~~~~~~~~~~~~~~~~~~~~~~~~~~~~~~~~~~~~~~~~~~~~~~~~~~~~~^~[m[K
[34.832s] 
[34.833s] [01m[K/opt/ros/jazzy/src/gtest_vendor/include/gtest/gtest_pred_impl.h:79:52:[m[K [01;36m[Knote: [m[Kin definition of macro â€˜[01m[KGTEST_ASSERT_[m[Kâ€™
[34.833s]    79 |   if (const ::testing::AssertionResult gtest_ar = ([01;36m[Kexpression[m[K)) \
[34.833s]       |                                                    [01;36m[K^~~~~~~~~~[m[K
[34.833s] [01m[K/opt/ros/jazzy/src/gtest_vendor/include/gtest/gtest_pred_impl.h:183:3:[m[K [01;36m[Knote: [m[Kin expansion of macro â€˜[01m[KGTEST_PRED_FORMAT3_[m[Kâ€™
[34.833s]   183 |   [01;36m[KGTEST_PRED_FORMAT3_[m[K(pred_format, v1, v2, v3, GTEST_NONFATAL_FAILURE_)
[34.833s]       |   [01;36m[K^~~~~~~~~~~~~~~~~~~[m[K
[34.833s] [01m[K/opt/ros/jazzy/src/gtest_vendor/include/gtest/gtest.h:1986:3:[m[K [01;36m[Knote: [m[Kin expansion of macro â€˜[01m[KEXPECT_PRED_FORMAT3[m[Kâ€™
[34.833s]  1986 |   [01;36m[KEXPECT_PRED_FORMAT3[m[K(::testing::internal::DoubleNearPredFormat, val1, val2, \
[34.833s]       |   [01;36m[K^~~~~~~~~~~~~~~~~~~[m[K
[34.834s] [01m[K/home/rumy/acrome_ws/src/ros2_controllers/ackermann_steering_controller/test/test_ackermann_steering_controller.cpp:224:3:[m[K [01;36m[Knote: [m[Kin expansion of macro â€˜[01m[KEXPECT_NEAR[m[Kâ€™
[34.834s]   224 |   [01;36m[KEXPECT_NEAR[m[K(
[34.834s]       |   [01;36m[K^~~~~~~~~~~[m[K
[34.834s] [01m[K/opt/ros/jazzy/include/hardware_interface/hardware_interface/loaned_command_interface.hpp:134:10:[m[K [01;36m[Knote: [m[Kdeclared here
[34.834s]   134 |   double [01;36m[Kget_value[m[K() const
[34.834s]       |          [01;36m[K^~~~~~~~~[m[K
[34.834s] [01m[K/home/rumy/acrome_ws/src/ros2_controllers/ackermann_steering_controller/test/test_ackermann_steering_controller.cpp:[m[K In member function â€˜[01m[Kvirtual void AckermannSteeringControllerTest_receive_message_and_publish_updated_status_Test::[01;32m[KTestBody[m[K()[m[Kâ€™:
[34.834s] [01m[K/home/rumy/acrome_ws/src/ros2_controllers/ackermann_steering_controller/test/test_ackermann_steering_controller.cpp:266:73:[m[K [01;35m[Kwarning: [m[Kâ€˜[01m[Kdouble hardware_interface::LoanedCommandInterface::[01;32m[Kget_value[m[K() const[m[Kâ€™ is deprecated: Use std::optional<T> get_optional() instead to retrieve the value. This method will be removed by the ROS 2 Kilted Kaiju release. [[01;35m[K]8;;https://gcc.gnu.org/onlinedocs/gcc/Warning-Options.html#index-Wdeprecated-declarations-Wdeprecated-declarations]8;;[m[K]
[34.835s]   266 | [01;35m[Ker_->command_interfaces_[CMD_TRACTION_RIGHT_WHEEL].get_value()[m[K, 0.22222222222222224,
[34.835s]       | [01;35m[K~~~~~~~~~~~~~~~~~~~~~~~~~~~~~~~~~~~~~~~~~~~~~~~~~~~~~~~~~~~~^~[m[K
[34.835s] 
[34.835s] [01m[K/opt/ros/jazzy/src/gtest_vendor/include/gtest/gtest_pred_impl.h:79:52:[m[K [01;36m[Knote: [m[Kin definition of macro â€˜[01m[KGTEST_ASSERT_[m[Kâ€™
[34.835s]    79 |   if (const ::testing::AssertionResult gtest_ar = ([01;36m[Kexpression[m[K)) \
[34.835s]       |                                                    [01;36m[K^~~~~~~~~~[m[K
[34.835s] [01m[K/opt/ros/jazzy/src/gtest_vendor/include/gtest/gtest_pred_impl.h:183:3:[m[K [01;36m[Knote: [m[Kin expansion of macro â€˜[01m[KGTEST_PRED_FORMAT3_[m[Kâ€™
[34.835s]   183 |   [01;36m[KGTEST_PRED_FORMAT3_[m[K(pred_format, v1, v2, v3, GTEST_NONFATAL_FAILURE_)
[34.835s]       |   [01;36m[K^~~~~~~~~~~~~~~~~~~[m[K
[34.836s] [01m[K/opt/ros/jazzy/src/gtest_vendor/include/gtest/gtest.h:1986:3:[m[K [01;36m[Knote: [m[Kin expansion of macro â€˜[01m[KEXPECT_PRED_FORMAT3[m[Kâ€™
[34.836s]  1986 |   [01;36m[KEXPECT_PRED_FORMAT3[m[K(::testing::internal::DoubleNearPredFormat, val1, val2, \
[34.836s]       |   [01;36m[K^~~~~~~~~~~~~~~~~~~[m[K
[34.836s] [01m[K/home/rumy/acrome_ws/src/ros2_controllers/ackermann_steering_controller/test/test_ackermann_steering_controller.cpp:265:3:[m[K [01;36m[Knote: [m[Kin expansion of macro â€˜[01m[KEXPECT_NEAR[m[Kâ€™
[34.836s]   265 |   [01;36m[KEXPECT_NEAR[m[K(
[34.836s]       |   [01;36m[K^~~~~~~~~~~[m[K
[34.836s] [01m[K/opt/ros/jazzy/include/hardware_interface/hardware_interface/loaned_command_interface.hpp:134:10:[m[K [01;36m[Knote: [m[Kdeclared here
[34.836s]   134 |   double [01;36m[Kget_value[m[K() const
[34.836s]       |          [01;36m[K^~~~~~~~~[m[K
[34.837s] [01m[K/home/rumy/acrome_ws/src/ros2_controllers/ackermann_steering_controller/test/test_ackermann_steering_controller.cpp:269:72:[m[K [01;35m[Kwarning: [m[Kâ€˜[01m[Kdouble hardware_interface::LoanedCommandInterface::[01;32m[Kget_value[m[K() const[m[Kâ€™ is deprecated: Use std::optional<T> get_optional() instead to retrieve the value. This method will be removed by the ROS 2 Kilted Kaiju release. [[01;35m[K]8;;https://gcc.gnu.org/onlinedocs/gcc/Warning-Options.html#index-Wdeprecated-declarations-Wdeprecated-declarations]8;;[m[K]
[34.837s]   269 | [01;35m[Kler_->command_interfaces_[CMD_TRACTION_LEFT_WHEEL].get_value()[m[K, 0.22222222222222224,
[34.837s]       | [01;35m[K~~~~~~~~~~~~~~~~~~~~~~~~~~~~~~~~~~~~~~~~~~~~~~~~~~~~~~~~~~~~^~[m[K
[34.837s] 
[34.837s] [01m[K/opt/ros/jazzy/src/gtest_vendor/include/gtest/gtest_pred_impl.h:79:52:[m[K [01;36m[Knote: [m[Kin definition of macro â€˜[01m[KGTEST_ASSERT_[m[Kâ€™
[34.837s]    79 |   if (const ::testing::AssertionResult gtest_ar = ([01;36m[Kexpression[m[K)) \
[34.837s]       |                                                    [01;36m[K^~~~~~~~~~[m[K
[34.837s] [01m[K/opt/ros/jazzy/src/gtest_vendor/include/gtest/gtest_pred_impl.h:183:3:[m[K [01;36m[Knote: [m[Kin expansion of macro â€˜[01m[KGTEST_PRED_FORMAT3_[m[Kâ€™
[34.838s]   183 |   [01;36m[KGTEST_PRED_FORMAT3_[m[K(pred_format, v1, v2, v3, GTEST_NONFATAL_FAILURE_)
[34.838s]       |   [01;36m[K^~~~~~~~~~~~~~~~~~~[m[K
[34.838s] [01m[K/opt/ros/jazzy/src/gtest_vendor/include/gtest/gtest.h:1986:3:[m[K [01;36m[Knote: [m[Kin expansion of macro â€˜[01m[KEXPECT_PRED_FORMAT3[m[Kâ€™
[34.838s]  1986 |   [01;36m[KEXPECT_PRED_FORMAT3[m[K(::testing::internal::DoubleNearPredFormat, val1, val2, \
[34.838s]       |   [01;36m[K^~~~~~~~~~~~~~~~~~~[m[K
[34.838s] [01m[K/home/rumy/acrome_ws/src/ros2_controllers/ackermann_steering_controller/test/test_ackermann_steering_controller.cpp:268:3:[m[K [01;36m[Knote: [m[Kin expansion of macro â€˜[01m[KEXPECT_NEAR[m[Kâ€™
[34.838s]   268 |   [01;36m[KEXPECT_NEAR[m[K(
[34.838s]       |   [01;36m[K^~~~~~~~~~~[m[K
[34.838s] [01m[K/opt/ros/jazzy/include/hardware_interface/hardware_interface/loaned_command_interface.hpp:134:10:[m[K [01;36m[Knote: [m[Kdeclared here
[34.839s]   134 |   double [01;36m[Kget_value[m[K() const
[34.839s]       |          [01;36m[K^~~~~~~~~[m[K
[34.839s] [01m[K/home/rumy/acrome_ws/src/ros2_controllers/ackermann_steering_controller/test/test_ackermann_steering_controller.cpp:272:70:[m[K [01;35m[Kwarning: [m[Kâ€˜[01m[Kdouble hardware_interface::LoanedCommandInterface::[01;32m[Kget_value[m[K() const[m[Kâ€™ is deprecated: Use std::optional<T> get_optional() instead to retrieve the value. This method will be removed by the ROS 2 Kilted Kaiju release. [[01;35m[K]8;;https://gcc.gnu.org/onlinedocs/gcc/Warning-Options.html#index-Wdeprecated-declarations-Wdeprecated-declarations]8;;[m[K]
[34.839s]   272 | [01;35m[Koller_->command_interfaces_[CMD_STEER_RIGHT_WHEEL].get_value()[m[K, 1.4179821977774734,
[34.839s]       | [01;35m[K~~~~~~~~~~~~~~~~~~~~~~~~~~~~~~~~~~~~~~~~~~~~~~~~~~~~~~~~~~~~^~[m[K
[34.839s] 
[34.839s] [01m[K/opt/ros/jazzy/src/gtest_vendor/include/gtest/gtest_pred_impl.h:79:52:[m[K [01;36m[Knote: [m[Kin definition of macro â€˜[01m[KGTEST_ASSERT_[m[Kâ€™
[34.839s]    79 |   if (const ::testing::AssertionResult gtest_ar = ([01;36m[Kexpression[m[K)) \
[34.840s]       |                                                    [01;36m[K^~~~~~~~~~[m[K
[34.840s] [01m[K/opt/ros/jazzy/src/gtest_vendor/include/gtest/gtest_pred_impl.h:183:3:[m[K [01;36m[Knote: [m[Kin expansion of macro â€˜[01m[KGTEST_PRED_FORMAT3_[m[Kâ€™
[34.840s]   183 |   [01;36m[KGTEST_PRED_FORMAT3_[m[K(pred_format, v1, v2, v3, GTEST_NONFATAL_FAILURE_)
[34.840s]       |   [01;36m[K^~~~~~~~~~~~~~~~~~~[m[K
[34.840s] [01m[K/opt/ros/jazzy/src/gtest_vendor/include/gtest/gtest.h:1986:3:[m[K [01;36m[Knote: [m[Kin expansion of macro â€˜[01m[KEXPECT_PRED_FORMAT3[m[Kâ€™
[34.840s]  1986 |   [01;36m[KEXPECT_PRED_FORMAT3[m[K(::testing::internal::DoubleNearPredFormat, val1, val2, \
[34.840s]       |   [01;36m[K^~~~~~~~~~~~~~~~~~~[m[K
[34.840s] [01m[K/home/rumy/acrome_ws/src/ros2_controllers/ackermann_steering_controller/test/test_ackermann_steering_controller.cpp:271:3:[m[K [01;36m[Knote: [m[Kin expansion of macro â€˜[01m[KEXPECT_NEAR[m[Kâ€™
[34.841s]   271 |   [01;36m[KEXPECT_NEAR[m[K(
[34.841s]       |   [01;36m[K^~~~~~~~~~~[m[K
[34.841s] [01m[K/opt/ros/jazzy/include/hardware_interface/hardware_interface/loaned_command_interface.hpp:134:10:[m[K [01;36m[Knote: [m[Kdeclared here
[34.841s]   134 |   double [01;36m[Kget_value[m[K() const
[34.841s]       |          [01;36m[K^~~~~~~~~[m[K
[34.841s] [01m[K/home/rumy/acrome_ws/src/ros2_controllers/ackermann_steering_controller/test/test_ackermann_steering_controller.cpp:275:69:[m[K [01;35m[Kwarning: [m[Kâ€˜[01m[Kdouble hardware_interface::LoanedCommandInterface::[01;32m[Kget_value[m[K() const[m[Kâ€™ is deprecated: Use std::optional<T> get_optional() instead to retrieve the value. This method will be removed by the ROS 2 Kilted Kaiju release. [[01;35m[K]8;;https://gcc.gnu.org/onlinedocs/gcc/Warning-Options.html#index-Wdeprecated-declarations-Wdeprecated-declarations]8;;[m[K]
[34.841s]   275 | [01;35m[Kroller_->command_interfaces_[CMD_STEER_LEFT_WHEEL].get_value()[m[K, 1.4179821977774734,
[34.841s]       | [01;35m[K~~~~~~~~~~~~~~~~~~~~~~~~~~~~~~~~~~~~~~~~~~~~~~~~~~~~~~~~~~~~^~[m[K
[34.842s] 
[34.842s] [01m[K/opt/ros/jazzy/src/gtest_vendor/include/gtest/gtest_pred_impl.h:79:52:[m[K [01;36m[Knote: [m[Kin definition of macro â€˜[01m[KGTEST_ASSERT_[m[Kâ€™
[34.842s]    79 |   if (const ::testing::AssertionResult gtest_ar = ([01;36m[Kexpression[m[K)) \
[34.842s]       |                                                    [01;36m[K^~~~~~~~~~[m[K
[34.842s] [01m[K/opt/ros/jazzy/src/gtest_vendor/include/gtest/gtest_pred_impl.h:183:3:[m[K [01;36m[Knote: [m[Kin expansion of macro â€˜[01m[KGTEST_PRED_FORMAT3_[m[Kâ€™
[34.842s]   183 |   [01;36m[KGTEST_PRED_FORMAT3_[m[K(pred_format, v1, v2, v3, GTEST_NONFATAL_FAILURE_)
[34.842s]       |   [01;36m[K^~~~~~~~~~~~~~~~~~~[m[K
[34.843s] [01m[K/opt/ros/jazzy/src/gtest_vendor/include/gtest/gtest.h:1986:3:[m[K [01;36m[Knote: [m[Kin expansion of macro â€˜[01m[KEXPECT_PRED_FORMAT3[m[Kâ€™
[34.843s]  1986 |   [01;36m[KEXPECT_PRED_FORMAT3[m[K(::testing::internal::DoubleNearPredFormat, val1, val2, \
[34.843s]       |   [01;36m[K^~~~~~~~~~~~~~~~~~~[m[K
[34.843s] [01m[K/home/rumy/acrome_ws/src/ros2_controllers/ackermann_steering_controller/test/test_ackermann_steering_controller.cpp:274:3:[m[K [01;36m[Knote: [m[Kin expansion of macro â€˜[01m[KEXPECT_NEAR[m[Kâ€™
[34.843s]   274 |   [01;36m[KEXPECT_NEAR[m[K(
[34.843s]       |   [01;36m[K^~~~~~~~~~~[m[K
[34.843s] [01m[K/opt/ros/jazzy/include/hardware_interface/hardware_interface/loaned_command_interface.hpp:134:10:[m[K [01;36m[Knote: [m[Kdeclared here
[34.844s]   134 |   double [01;36m[Kget_value[m[K() const
[34.844s]       |          [01;36m[K^~~~~~~~~[m[K
[40.743s] [ 93%] [32m[1mLinking CXX executable test_ackermann_steering_controller_preceding[0m
[41.700s] [ 93%] Built target test_ackermann_steering_controller_preceding
[42.999s] [100%] [32m[1mLinking CXX executable test_ackermann_steering_controller[0m
[43.750s] [100%] Built target test_ackermann_steering_controller
