[0.049s] Invoking command in '/home/rumy/acrome_ws/build/force_torque_sensor_broadcaster': CMAKE_PREFIX_PATH=${CMAKE_PREFIX_PATH}:/home/rumy/acrome_ws/install/rqt_joint_trajectory_controller:/home/rumy/acrome_ws/install/ros2_controllers_test_nodes:/opt/ros/jazzy DEBUGINFOD_URLS=https://debuginfod.ubuntu.com /usr/bin/cmake --build /home/rumy/acrome_ws/build/force_torque_sensor_broadcaster -- -j12 -l12
[0.083s] -- Found ros2_control_cmake: 0.2.1 (/opt/ros/jazzy/share/ros2_control_cmake/cmake)
[0.083s] -- Compiler warnings enabled for GNU
[0.083s] -- Detected GCC Version: 13.3.0 (Major: 13, Minor: 3)
[0.083s] -- Found ament_cmake: 2.5.4 (/opt/ros/jazzy/share/ament_cmake/cmake)
[0.451s] -- Override CMake install command with custom implementation using symlinks instead of copying resources
[0.461s] -- Found controller_interface: 4.32.0 (/opt/ros/jazzy/share/controller_interface/cmake)
[0.506s] -- Found rosidl_generator_c: 4.6.5 (/opt/ros/jazzy/share/rosidl_generator_c/cmake)
[0.519s] -- Found rosidl_generator_cpp: 4.6.5 (/opt/ros/jazzy/share/rosidl_generator_cpp/cmake)
[0.538s] -- Using all available rosidl_typesupport_c: rosidl_typesupport_fastrtps_c;rosidl_typesupport_introspection_c
[0.560s] -- Using all available rosidl_typesupport_cpp: rosidl_typesupport_fastrtps_cpp;rosidl_typesupport_introspection_cpp
[0.865s] -- Found TinyXML2 via Config file: /usr/lib/x86_64-linux-gnu/cmake/tinyxml2
[0.923s] -- Found rmw_implementation_cmake: 7.3.2 (/opt/ros/jazzy/share/rmw_implementation_cmake/cmake)
[0.929s] -- Found rmw_fastrtps_cpp: 8.4.2 (/opt/ros/jazzy/share/rmw_fastrtps_cpp/cmake)
[0.959s] -- Found TinyXML2 via Config file: /usr/lib/x86_64-linux-gnu/cmake/tinyxml2
[0.973s] -- Found TinyXML2 via Config file: /usr/lib/x86_64-linux-gnu/cmake/tinyxml2
[1.000s] -- Found TinyXML2 via Config file: /usr/lib/x86_64-linux-gnu/cmake/tinyxml2
[1.012s] -- Found TinyXML2 via Config file: /usr/lib/x86_64-linux-gnu/cmake/tinyxml2
[1.033s] -- Using RMW implementation 'rmw_fastrtps_cpp' as default
[1.243s] -- Found generate_parameter_library: 0.5.0 (/opt/ros/jazzy/share/generate_parameter_library/cmake)
[1.243s] -- Found parameter_traits: 0.5.0 (/opt/ros/jazzy/share/parameter_traits/cmake)
[1.258s] -- Found ament_cmake_gmock: 2.5.4 (/opt/ros/jazzy/share/ament_cmake_gmock/cmake)
[1.261s] -- Found controller_manager: 4.32.0 (/opt/ros/jazzy/share/controller_manager/cmake)
[1.375s] -- Found ros2_control_test_assets: 4.32.0 (/opt/ros/jazzy/share/ros2_control_test_assets/cmake)
[1.377s] -- Found gmock sources under '/opt/ros/jazzy/src/gmock_vendor': C++ tests using 'Google Mock' will be built
[1.380s] -- Found ament_cmake_gtest: 2.5.4 (/opt/ros/jazzy/share/ament_cmake_gtest/cmake)
[1.381s] -- Found gtest sources under '/opt/ros/jazzy/src/gtest_vendor': C++ tests using 'Google Test' will be built
[1.538s] -- Configuring done (1.5s)
[1.664s] -- Generating done (0.1s)
[1.706s] -- Build files have been written to: /home/rumy/acrome_ws/build/force_torque_sensor_broadcaster
[1.825s] [  7%] [34m[1mRunning `/opt/ros/jazzy/bin/generate_parameter_library_cpp /home/rumy/acrome_ws/build/force_torque_sensor_broadcaster/include/force_torque_sensor_broadcaster/force_torque_sensor_broadcaster_parameters.hpp /home/rumy/acrome_ws/src/ros2_controllers/force_torque_sensor_broadcaster/src/force_torque_sensor_broadcaster_parameters.yaml `[0m
[1.836s] [ 30%] Built target gmock
[1.840s] [ 46%] Built target gmock_main
[4.245s] [ 53%] [34m[1mCreating deprecated header file /home/rumy/acrome_ws/build/force_torque_sensor_broadcaster/include/force_torque_sensor_broadcaster_parameters.hpp[0m
[4.304s] [ 53%] Built target force_torque_sensor_broadcaster_parameters
[4.395s] [ 61%] [32mBuilding CXX object CMakeFiles/force_torque_sensor_broadcaster.dir/src/force_torque_sensor_broadcaster.cpp.o[0m
[20.829s] [ 69%] [32m[1mLinking CXX shared library libforce_torque_sensor_broadcaster.so[0m
[22.008s] [ 69%] Built target force_torque_sensor_broadcaster
[22.101s] [ 76%] [32mBuilding CXX object CMakeFiles/test_load_force_torque_sensor_broadcaster.dir/test/test_load_force_torque_sensor_broadcaster.cpp.o[0m
[22.133s] [ 84%] [32mBuilding CXX object CMakeFiles/test_force_torque_sensor_broadcaster.dir/test/test_force_torque_sensor_broadcaster.cpp.o[0m
[28.834s] In file included from [01m[K/opt/ros/jazzy/src/gtest_vendor/include/gtest/gtest.h:72[m[K,
[28.834s]                  from [01m[K/opt/ros/jazzy/src/gmock_vendor/include/gmock/internal/gmock-internal-utils.h:50[m[K,
[28.834s]                  from [01m[K/opt/ros/jazzy/src/gmock_vendor/include/gmock/gmock-actions.h:145[m[K,
[28.835s]                  from [01m[K/opt/ros/jazzy/src/gmock_vendor/include/gmock/gmock.h:56[m[K,
[28.835s]                  from [01m[K/home/rumy/acrome_ws/src/ros2_controllers/force_torque_sensor_broadcaster/test/test_force_torque_sensor_broadcaster.hpp:22[m[K,
[28.835s]                  from [01m[K/home/rumy/acrome_ws/src/ros2_controllers/force_torque_sensor_broadcaster/test/test_force_torque_sensor_broadcaster.cpp:19[m[K:
[28.835s] [01m[K/home/rumy/acrome_ws/src/ros2_controllers/force_torque_sensor_broadcaster/test/test_force_torque_sensor_broadcaster.cpp:[m[K In member function â€˜[01m[Kvirtual void ForceTorqueSensorBroadcasterTest_SensorName_Publish_Success_with_Offsets_Test::[01;32m[KTestBody[m[K()[m[Kâ€™:
[28.835s] [01m[K/home/rumy/acrome_ws/src/ros2_controllers/force_torque_sensor_broadcaster/test/test_force_torque_sensor_broadcaster.cpp:340:46:[m[K [01;35m[Kwarning: [m[Kâ€˜[01m[Kdouble hardware_interface::Handle::[01;32m[Kget_value[m[K() const[m[Kâ€™ is deprecated: Use std::optional<T> get_optional() instead to retrieve the value. This method will be removed by the ROS 2 Kilted Kaiju release. [[01;35m[K]8;;https://gcc.gnu.org/onlinedocs/gcc/Warning-Options.html#index-Wdeprecated-declarations-Wdeprecated-declarations]8;;[m[K]
[28.835s]   340 |       [01;35m[Kexported_state_interfaces[i]->get_value()[m[K,
[28.835s]       |       [01;35m[K~~~~~~~~~~~~~~~~~~~~~~~~~~~~~~~~~~~~~~~^~[m[K
[28.835s] [01m[K/opt/ros/jazzy/src/gtest_vendor/include/gtest/gtest_pred_impl.h:79:52:[m[K [01;36m[Knote: [m[Kin definition of macro â€˜[01m[KGTEST_ASSERT_[m[Kâ€™
[28.836s]    79 |   if (const ::testing::AssertionResult gtest_ar = ([01;36m[Kexpression[m[K)) \
[28.836s]       |                                                    [01;36m[K^~~~~~~~~~[m[K
[28.836s] [01m[K/opt/ros/jazzy/src/gtest_vendor/include/gtest/gtest_pred_impl.h:148:3:[m[K [01;36m[Knote: [m[Kin expansion of macro â€˜[01m[KGTEST_PRED_FORMAT2_[m[Kâ€™
[28.836s]   148 |   [01;36m[KGTEST_PRED_FORMAT2_[m[K(pred_format, v1, v2, GTEST_FATAL_FAILURE_)
[28.836s]       |   [01;36m[K^~~~~~~~~~~~~~~~~~~[m[K
[28.836s] [01m[K/opt/ros/jazzy/src/gtest_vendor/include/gtest/gtest.h:1882:3:[m[K [01;36m[Knote: [m[Kin expansion of macro â€˜[01m[KASSERT_PRED_FORMAT2[m[Kâ€™
[28.836s]  1882 |   [01;36m[KASSERT_PRED_FORMAT2[m[K(::testing::internal::EqHelper::Compare, val1, val2)
[28.836s]       |   [01;36m[K^~~~~~~~~~~~~~~~~~~[m[K
[28.837s] [01m[K/opt/ros/jazzy/src/gtest_vendor/include/gtest/gtest.h:1898:31:[m[K [01;36m[Knote: [m[Kin expansion of macro â€˜[01m[KGTEST_ASSERT_EQ[m[Kâ€™
[28.837s]  1898 | #define ASSERT_EQ(val1, val2) [01;36m[KGTEST_ASSERT_EQ[m[K(val1, val2)
[28.837s]       |                               [01;36m[K^~~~~~~~~~~~~~~[m[K
[28.837s] [01m[K/home/rumy/acrome_ws/src/ros2_controllers/force_torque_sensor_broadcaster/test/test_force_torque_sensor_broadcaster.cpp:339:5:[m[K [01;36m[Knote: [m[Kin expansion of macro â€˜[01m[KASSERT_EQ[m[Kâ€™
[28.837s]   339 |     [01;36m[KASSERT_EQ[m[K(
[28.837s]       |     [01;36m[K^~~~~~~~~[m[K
[28.837s] In file included from [01m[K/opt/ros/jazzy/include/controller_interface/controller_interface/controller_interface_base.hpp:25[m[K,
[28.837s]                  from [01m[K/opt/ros/jazzy/include/controller_interface/controller_interface/chainable_controller_interface.hpp:23[m[K,
[28.846s]                  from [01m[K/home/rumy/acrome_ws/src/ros2_controllers/force_torque_sensor_broadcaster/include/force_torque_sensor_broadcaster/force_torque_sensor_broadcaster.hpp:25[m[K,
[28.846s]                  from [01m[K/home/rumy/acrome_ws/src/ros2_controllers/force_torque_sensor_broadcaster/test/test_force_torque_sensor_broadcaster.hpp:27[m[K:
[28.846s] [01m[K/opt/ros/jazzy/include/hardware_interface/hardware_interface/handle.hpp:171:10:[m[K [01;36m[Knote: [m[Kdeclared here
[28.846s]   171 |   double [01;36m[Kget_value[m[K() const
[28.846s]       |          [01;36m[K^~~~~~~~~[m[K
[28.846s] [01m[K/home/rumy/acrome_ws/src/ros2_controllers/force_torque_sensor_broadcaster/test/test_force_torque_sensor_broadcaster.cpp:[m[K In member function â€˜[01m[Kvirtual void ForceTorqueSensorBroadcasterTest_SensorName_Publish_Success_with_Multipliers_Test::[01;32m[KTestBody[m[K()[m[Kâ€™:
[28.847s] [01m[K/home/rumy/acrome_ws/src/ros2_controllers/force_torque_sensor_broadcaster/test/test_force_torque_sensor_broadcaster.cpp:410:46:[m[K [01;35m[Kwarning: [m[Kâ€˜[01m[Kdouble hardware_interface::Handle::[01;32m[Kget_value[m[K() const[m[Kâ€™ is deprecated: Use std::optional<T> get_optional() instead to retrieve the value. This method will be removed by the ROS 2 Kilted Kaiju release. [[01;35m[K]8;;https://gcc.gnu.org/onlinedocs/gcc/Warning-Options.html#index-Wdeprecated-declarations-Wdeprecated-declarations]8;;[m[K]
[28.847s]   410 |       [01;35m[Kexported_state_interfaces[i]->get_value()[m[K,
[28.847s]       |       [01;35m[K~~~~~~~~~~~~~~~~~~~~~~~~~~~~~~~~~~~~~~~^~[m[K
[28.847s] [01m[K/opt/ros/jazzy/src/gtest_vendor/include/gtest/gtest_pred_impl.h:79:52:[m[K [01;36m[Knote: [m[Kin definition of macro â€˜[01m[KGTEST_ASSERT_[m[Kâ€™
[28.851s]    79 |   if (const ::testing::AssertionResult gtest_ar = ([01;36m[Kexpression[m[K)) \
[28.851s]       |                                                    [01;36m[K^~~~~~~~~~[m[K
[28.851s] [01m[K/opt/ros/jazzy/src/gtest_vendor/include/gtest/gtest_pred_impl.h:148:3:[m[K [01;36m[Knote: [m[Kin expansion of macro â€˜[01m[KGTEST_PRED_FORMAT2_[m[Kâ€™
[28.851s]   148 |   [01;36m[KGTEST_PRED_FORMAT2_[m[K(pred_format, v1, v2, GTEST_FATAL_FAILURE_)
[28.851s]       |   [01;36m[K^~~~~~~~~~~~~~~~~~~[m[K
[28.851s] [01m[K/opt/ros/jazzy/src/gtest_vendor/include/gtest/gtest.h:1882:3:[m[K [01;36m[Knote: [m[Kin expansion of macro â€˜[01m[KASSERT_PRED_FORMAT2[m[Kâ€™
[28.851s]  1882 |   [01;36m[KASSERT_PRED_FORMAT2[m[K(::testing::internal::EqHelper::Compare, val1, val2)
[28.852s]       |   [01;36m[K^~~~~~~~~~~~~~~~~~~[m[K
[28.852s] [01m[K/opt/ros/jazzy/src/gtest_vendor/include/gtest/gtest.h:1898:31:[m[K [01;36m[Knote: [m[Kin expansion of macro â€˜[01m[KGTEST_ASSERT_EQ[m[Kâ€™
[28.852s]  1898 | #define ASSERT_EQ(val1, val2) [01;36m[KGTEST_ASSERT_EQ[m[K(val1, val2)
[28.852s]       |                               [01;36m[K^~~~~~~~~~~~~~~[m[K
[28.852s] [01m[K/home/rumy/acrome_ws/src/ros2_controllers/force_torque_sensor_broadcaster/test/test_force_torque_sensor_broadcaster.cpp:409:5:[m[K [01;36m[Knote: [m[Kin expansion of macro â€˜[01m[KASSERT_EQ[m[Kâ€™
[28.852s]   409 |     [01;36m[KASSERT_EQ[m[K(
[28.852s]       |     [01;36m[K^~~~~~~~~[m[K
[28.852s] [01m[K/opt/ros/jazzy/include/hardware_interface/hardware_interface/handle.hpp:171:10:[m[K [01;36m[Knote: [m[Kdeclared here
[28.864s]   171 |   double [01;36m[Kget_value[m[K() const
[28.864s]       |          [01;36m[K^~~~~~~~~[m[K
[28.864s] [01m[K/home/rumy/acrome_ws/src/ros2_controllers/force_torque_sensor_broadcaster/test/test_force_torque_sensor_broadcaster.cpp:[m[K In member function â€˜[01m[Kvirtual void ForceTorqueSensorBroadcasterTest_InterfaceNames_Publish_Success_Test::[01;32m[KTestBody[m[K()[m[Kâ€™:
[28.864s] [01m[K/home/rumy/acrome_ws/src/ros2_controllers/force_torque_sensor_broadcaster/test/test_force_torque_sensor_broadcaster.cpp:448:52:[m[K [01;35m[Kwarning: [m[Kâ€˜[01m[Kdouble hardware_interface::Handle::[01;32m[Kget_value[m[K() const[m[Kâ€™ is deprecated: Use std::optional<T> get_optional() instead to retrieve the value. This method will be removed by the ROS 2 Kilted Kaiju release. [[01;35m[K]8;;https://gcc.gnu.org/onlinedocs/gcc/Warning-Options.html#index-Wdeprecated-declarations-Wdeprecated-declarations]8;;[m[K]
[28.864s]   448 |   ASSERT_EQ([01;35m[Kexported_state_interfaces[0]->get_value()[m[K, sensor_values_[0]);
[28.864s]       |             [01;35m[K~~~~~~~~~~~~~~~~~~~~~~~~~~~~~~~~~~~~~~~^~[m[K
[28.865s] [01m[K/opt/ros/jazzy/src/gtest_vendor/include/gtest/gtest_pred_impl.h:79:52:[m[K [01;36m[Knote: [m[Kin definition of macro â€˜[01m[KGTEST_ASSERT_[m[Kâ€™
[28.865s]    79 |   if (const ::testing::AssertionResult gtest_ar = ([01;36m[Kexpression[m[K)) \
[28.865s]       |                                                    [01;36m[K^~~~~~~~~~[m[K
[28.865s] [01m[K/opt/ros/jazzy/src/gtest_vendor/include/gtest/gtest_pred_impl.h:148:3:[m[K [01;36m[Knote: [m[Kin expansion of macro â€˜[01m[KGTEST_PRED_FORMAT2_[m[Kâ€™
[28.865s]   148 |   [01;36m[KGTEST_PRED_FORMAT2_[m[K(pred_format, v1, v2, GTEST_FATAL_FAILURE_)
[28.865s]       |   [01;36m[K^~~~~~~~~~~~~~~~~~~[m[K
[28.865s] [01m[K/opt/ros/jazzy/src/gtest_vendor/include/gtest/gtest.h:1882:3:[m[K [01;36m[Knote: [m[Kin expansion of macro â€˜[01m[KASSERT_PRED_FORMAT2[m[Kâ€™
[28.865s]  1882 |   [01;36m[KASSERT_PRED_FORMAT2[m[K(::testing::internal::EqHelper::Compare, val1, val2)
[28.866s]       |   [01;36m[K^~~~~~~~~~~~~~~~~~~[m[K
[28.866s] [01m[K/opt/ros/jazzy/src/gtest_vendor/include/gtest/gtest.h:1898:31:[m[K [01;36m[Knote: [m[Kin expansion of macro â€˜[01m[KGTEST_ASSERT_EQ[m[Kâ€™
[28.866s]  1898 | #define ASSERT_EQ(val1, val2) [01;36m[KGTEST_ASSERT_EQ[m[K(val1, val2)
[28.866s]       |                               [01;36m[K^~~~~~~~~~~~~~~[m[K
[28.866s] [01m[K/home/rumy/acrome_ws/src/ros2_controllers/force_torque_sensor_broadcaster/test/test_force_torque_sensor_broadcaster.cpp:448:3:[m[K [01;36m[Knote: [m[Kin expansion of macro â€˜[01m[KASSERT_EQ[m[Kâ€™
[28.866s]   448 |   [01;36m[KASSERT_EQ[m[K(exported_state_interfaces[0]->get_value(), sensor_values_[0]);
[28.866s]       |   [01;36m[K^~~~~~~~~[m[K
[28.866s] [01m[K/opt/ros/jazzy/include/hardware_interface/hardware_interface/handle.hpp:171:10:[m[K [01;36m[Knote: [m[Kdeclared here
[28.866s]   171 |   double [01;36m[Kget_value[m[K() const
[28.867s]       |          [01;36m[K^~~~~~~~~[m[K
[28.867s] [01m[K/home/rumy/acrome_ws/src/ros2_controllers/force_torque_sensor_broadcaster/test/test_force_torque_sensor_broadcaster.cpp:449:52:[m[K [01;35m[Kwarning: [m[Kâ€˜[01m[Kdouble hardware_interface::Handle::[01;32m[Kget_value[m[K() const[m[Kâ€™ is deprecated: Use std::optional<T> get_optional() instead to retrieve the value. This method will be removed by the ROS 2 Kilted Kaiju release. [[01;35m[K]8;;https://gcc.gnu.org/onlinedocs/gcc/Warning-Options.html#index-Wdeprecated-declarations-Wdeprecated-declarations]8;;[m[K]
[28.867s]   449 |   ASSERT_EQ([01;35m[Kexported_state_interfaces[1]->get_value()[m[K, sensor_values_[5]);
[28.867s]       |             [01;35m[K~~~~~~~~~~~~~~~~~~~~~~~~~~~~~~~~~~~~~~~^~[m[K
[28.867s] [01m[K/opt/ros/jazzy/src/gtest_vendor/include/gtest/gtest_pred_impl.h:79:52:[m[K [01;36m[Knote: [m[Kin definition of macro â€˜[01m[KGTEST_ASSERT_[m[Kâ€™
[28.867s]    79 |   if (const ::testing::AssertionResult gtest_ar = ([01;36m[Kexpression[m[K)) \
[28.867s]       |                                                    [01;36m[K^~~~~~~~~~[m[K
[28.867s] [01m[K/opt/ros/jazzy/src/gtest_vendor/include/gtest/gtest_pred_impl.h:148:3:[m[K [01;36m[Knote: [m[Kin expansion of macro â€˜[01m[KGTEST_PRED_FORMAT2_[m[Kâ€™
[28.871s]   148 |   [01;36m[KGTEST_PRED_FORMAT2_[m[K(pred_format, v1, v2, GTEST_FATAL_FAILURE_)
[28.871s]       |   [01;36m[K^~~~~~~~~~~~~~~~~~~[m[K
[28.871s] [01m[K/opt/ros/jazzy/src/gtest_vendor/include/gtest/gtest.h:1882:3:[m[K [01;36m[Knote: [m[Kin expansion of macro â€˜[01m[KASSERT_PRED_FORMAT2[m[Kâ€™
[28.871s]  1882 |   [01;36m[KASSERT_PRED_FORMAT2[m[K(::testing::internal::EqHelper::Compare, val1, val2)
[28.871s]       |   [01;36m[K^~~~~~~~~~~~~~~~~~~[m[K
[28.871s] [01m[K/opt/ros/jazzy/src/gtest_vendor/include/gtest/gtest.h:1898:31:[m[K [01;36m[Knote: [m[Kin expansion of macro â€˜[01m[KGTEST_ASSERT_EQ[m[Kâ€™
[28.872s]  1898 | #define ASSERT_EQ(val1, val2) [01;36m[KGTEST_ASSERT_EQ[m[K(val1, val2)
[28.872s]       |                               [01;36m[K^~~~~~~~~~~~~~~[m[K
[28.872s] [01m[K/home/rumy/acrome_ws/src/ros2_controllers/force_torque_sensor_broadcaster/test/test_force_torque_sensor_broadcaster.cpp:449:3:[m[K [01;36m[Knote: [m[Kin expansion of macro â€˜[01m[KASSERT_EQ[m[Kâ€™
[28.872s]   449 |   [01;36m[KASSERT_EQ[m[K(exported_state_interfaces[1]->get_value(), sensor_values_[5]);
[28.872s]       |   [01;36m[K^~~~~~~~~[m[K
[28.872s] [01m[K/opt/ros/jazzy/include/hardware_interface/hardware_interface/handle.hpp:171:10:[m[K [01;36m[Knote: [m[Kdeclared here
[28.872s]   171 |   double [01;36m[Kget_value[m[K() const
[28.872s]       |          [01;36m[K^~~~~~~~~[m[K
[28.872s] [01m[K/home/rumy/acrome_ws/src/ros2_controllers/force_torque_sensor_broadcaster/test/test_force_torque_sensor_broadcaster.cpp:[m[K In member function â€˜[01m[Kvirtual void ForceTorqueSensorBroadcasterTest_All_InterfaceNames_Publish_Success_Test::[01;32m[KTestBody[m[K()[m[Kâ€™:
[28.873s] [01m[K/home/rumy/acrome_ws/src/ros2_controllers/force_torque_sensor_broadcaster/test/test_force_torque_sensor_broadcaster.cpp:498:54:[m[K [01;35m[Kwarning: [m[Kâ€˜[01m[Kdouble hardware_interface::Handle::[01;32m[Kget_value[m[K() const[m[Kâ€™ is deprecated: Use std::optional<T> get_optional() instead to retrieve the value. This method will be removed by the ROS 2 Kilted Kaiju release. [[01;35m[K]8;;https://gcc.gnu.org/onlinedocs/gcc/Warning-Options.html#index-Wdeprecated-declarations-Wdeprecated-declarations]8;;[m[K]
[28.873s]   498 |     ASSERT_EQ([01;35m[Kexported_state_interfaces[i]->get_value()[m[K, sensor_values_[i]);
[28.873s]       |               [01;35m[K~~~~~~~~~~~~~~~~~~~~~~~~~~~~~~~~~~~~~~~^~[m[K
[28.873s] [01m[K/opt/ros/jazzy/src/gtest_vendor/include/gtest/gtest_pred_impl.h:79:52:[m[K [01;36m[Knote: [m[Kin definition of macro â€˜[01m[KGTEST_ASSERT_[m[Kâ€™
[28.873s]    79 |   if (const ::testing::AssertionResult gtest_ar = ([01;36m[Kexpression[m[K)) \
[28.873s]       |                                                    [01;36m[K^~~~~~~~~~[m[K
[28.873s] [01m[K/opt/ros/jazzy/src/gtest_vendor/include/gtest/gtest_pred_impl.h:148:3:[m[K [01;36m[Knote: [m[Kin expansion of macro â€˜[01m[KGTEST_PRED_FORMAT2_[m[Kâ€™
[28.873s]   148 |   [01;36m[KGTEST_PRED_FORMAT2_[m[K(pred_format, v1, v2, GTEST_FATAL_FAILURE_)
[28.882s]       |   [01;36m[K^~~~~~~~~~~~~~~~~~~[m[K
[28.882s] [01m[K/opt/ros/jazzy/src/gtest_vendor/include/gtest/gtest.h:1882:3:[m[K [01;36m[Knote: [m[Kin expansion of macro â€˜[01m[KASSERT_PRED_FORMAT2[m[Kâ€™
[28.882s]  1882 |   [01;36m[KASSERT_PRED_FORMAT2[m[K(::testing::internal::EqHelper::Compare, val1, val2)
[28.882s]       |   [01;36m[K^~~~~~~~~~~~~~~~~~~[m[K
[28.882s] [01m[K/opt/ros/jazzy/src/gtest_vendor/include/gtest/gtest.h:1898:31:[m[K [01;36m[Knote: [m[Kin expansion of macro â€˜[01m[KGTEST_ASSERT_EQ[m[Kâ€™
[28.882s]  1898 | #define ASSERT_EQ(val1, val2) [01;36m[KGTEST_ASSERT_EQ[m[K(val1, val2)
[28.882s]       |                               [01;36m[K^~~~~~~~~~~~~~~[m[K
[28.883s] [01m[K/home/rumy/acrome_ws/src/ros2_controllers/force_torque_sensor_broadcaster/test/test_force_torque_sensor_broadcaster.cpp:498:5:[m[K [01;36m[Knote: [m[Kin expansion of macro â€˜[01m[KASSERT_EQ[m[Kâ€™
[28.883s]   498 |     [01;36m[KASSERT_EQ[m[K(exported_state_interfaces[i]->get_value(), sensor_values_[i]);
[28.883s]       |     [01;36m[K^~~~~~~~~[m[K
[28.883s] [01m[K/opt/ros/jazzy/include/hardware_interface/hardware_interface/handle.hpp:171:10:[m[K [01;36m[Knote: [m[Kdeclared here
[28.883s]   171 |   double [01;36m[Kget_value[m[K() const
[28.883s]       |          [01;36m[K^~~~~~~~~[m[K
[36.679s] [ 92%] [32m[1mLinking CXX executable test_load_force_torque_sensor_broadcaster[0m
[38.501s] [ 92%] Built target test_load_force_torque_sensor_broadcaster
[41.298s] [100%] [32m[1mLinking CXX executable test_force_torque_sensor_broadcaster[0m
[43.069s] [100%] Built target test_force_torque_sensor_broadcaster
[43.143s] Invoked command in '/home/rumy/acrome_ws/build/force_torque_sensor_broadcaster' returned '0': CMAKE_PREFIX_PATH=${CMAKE_PREFIX_PATH}:/home/rumy/acrome_ws/install/rqt_joint_trajectory_controller:/home/rumy/acrome_ws/install/ros2_controllers_test_nodes:/opt/ros/jazzy DEBUGINFOD_URLS=https://debuginfod.ubuntu.com /usr/bin/cmake --build /home/rumy/acrome_ws/build/force_torque_sensor_broadcaster -- -j12 -l12
[43.151s] Invoking command in '/home/rumy/acrome_ws/build/force_torque_sensor_broadcaster': CMAKE_PREFIX_PATH=${CMAKE_PREFIX_PATH}:/home/rumy/acrome_ws/install/rqt_joint_trajectory_controller:/home/rumy/acrome_ws/install/ros2_controllers_test_nodes:/opt/ros/jazzy DEBUGINFOD_URLS=https://debuginfod.ubuntu.com /usr/bin/cmake --install /home/rumy/acrome_ws/build/force_torque_sensor_broadcaster
[45.145s] -- Install configuration: ""
[45.145s] -- Execute custom install script
[45.145s] -- Up-to-date symlink: /home/rumy/acrome_ws/install/force_torque_sensor_broadcaster/include/force_torque_sensor_broadcaster/force_torque_sensor_broadcaster_parameters.hpp
[45.145s] -- Up-to-date symlink: /home/rumy/acrome_ws/install/force_torque_sensor_broadcaster/share/force_torque_sensor_broadcaster//force_torque_sensor_broadcaster.xml
[45.145s] -- Up-to-date symlink: /home/rumy/acrome_ws/install/force_torque_sensor_broadcaster/include/force_torque_sensor_broadcaster/force_torque_sensor_broadcaster/force_torque_sensor_broadcaster.hpp
[45.145s] -- Up-to-date symlink: /home/rumy/acrome_ws/install/force_torque_sensor_broadcaster/share/force_torque_sensor_broadcaster/environment/library_path.sh
[45.146s] -- Up-to-date symlink: /home/rumy/acrome_ws/install/force_torque_sensor_broadcaster/share/force_torque_sensor_broadcaster/environment/library_path.dsv
[45.146s] -- Up-to-date symlink: /home/rumy/acrome_ws/install/force_torque_sensor_broadcaster/share/ament_index/resource_index/package_run_dependencies/force_torque_sensor_broadcaster
[45.146s] -- Up-to-date symlink: /home/rumy/acrome_ws/install/force_torque_sensor_broadcaster/share/ament_index/resource_index/parent_prefix_path/force_torque_sensor_broadcaster
[45.146s] -- Up-to-date symlink: /home/rumy/acrome_ws/install/force_torque_sensor_broadcaster/share/force_torque_sensor_broadcaster/environment/ament_prefix_path.sh
[45.146s] -- Up-to-date symlink: /home/rumy/acrome_ws/install/force_torque_sensor_broadcaster/share/force_torque_sensor_broadcaster/environment/ament_prefix_path.dsv
[45.147s] -- Up-to-date symlink: /home/rumy/acrome_ws/install/force_torque_sensor_broadcaster/share/force_torque_sensor_broadcaster/environment/path.sh
[45.148s] -- Up-to-date symlink: /home/rumy/acrome_ws/install/force_torque_sensor_broadcaster/share/force_torque_sensor_broadcaster/environment/path.dsv
[45.148s] -- Up-to-date symlink: /home/rumy/acrome_ws/install/force_torque_sensor_broadcaster/share/force_torque_sensor_broadcaster/local_setup.bash
[45.148s] -- Up-to-date symlink: /home/rumy/acrome_ws/install/force_torque_sensor_broadcaster/share/force_torque_sensor_broadcaster/local_setup.sh
[45.148s] -- Up-to-date symlink: /home/rumy/acrome_ws/install/force_torque_sensor_broadcaster/share/force_torque_sensor_broadcaster/local_setup.zsh
[45.148s] -- Up-to-date symlink: /home/rumy/acrome_ws/install/force_torque_sensor_broadcaster/share/force_torque_sensor_broadcaster/local_setup.dsv
[45.149s] -- Symlinking: /home/rumy/acrome_ws/install/force_torque_sensor_broadcaster/share/force_torque_sensor_broadcaster/package.dsv
[45.149s] -- Up-to-date symlink: /home/rumy/acrome_ws/install/force_torque_sensor_broadcaster/share/ament_index/resource_index/packages/force_torque_sensor_broadcaster
[45.149s] -- Up-to-date symlink: /home/rumy/acrome_ws/install/force_torque_sensor_broadcaster/share/ament_index/resource_index/controller_interface__pluginlib__plugin/force_torque_sensor_broadcaster
[45.150s] -- Up-to-date symlink: /home/rumy/acrome_ws/install/force_torque_sensor_broadcaster/share/force_torque_sensor_broadcaster/cmake/ament_cmake_export_dependencies-extras.cmake
[45.150s] -- Up-to-date symlink: /home/rumy/acrome_ws/install/force_torque_sensor_broadcaster/share/force_torque_sensor_broadcaster/cmake/ament_cmake_export_targets-extras.cmake
[45.150s] -- Up-to-date symlink: /home/rumy/acrome_ws/install/force_torque_sensor_broadcaster/share/force_torque_sensor_broadcaster/cmake/force_torque_sensor_broadcasterConfig.cmake
[45.151s] -- Up-to-date symlink: /home/rumy/acrome_ws/install/force_torque_sensor_broadcaster/share/force_torque_sensor_broadcaster/cmake/force_torque_sensor_broadcasterConfig-version.cmake
[45.151s] -- Up-to-date symlink: /home/rumy/acrome_ws/install/force_torque_sensor_broadcaster/share/force_torque_sensor_broadcaster/package.xml
[45.151s] -- Installing: /home/rumy/acrome_ws/install/force_torque_sensor_broadcaster/lib/libforce_torque_sensor_broadcaster.so
[45.151s] -- Set non-toolchain portion of runtime path of "/home/rumy/acrome_ws/install/force_torque_sensor_broadcaster/lib/libforce_torque_sensor_broadcaster.so" to ""
[45.151s] -- Up-to-date: /home/rumy/acrome_ws/install/force_torque_sensor_broadcaster/share/force_torque_sensor_broadcaster/cmake/export_force_torque_sensor_broadcasterExport.cmake
[45.152s] -- Up-to-date: /home/rumy/acrome_ws/install/force_torque_sensor_broadcaster/share/force_torque_sensor_broadcaster/cmake/export_force_torque_sensor_broadcasterExport-noconfig.cmake
[45.211s] Invoked command in '/home/rumy/acrome_ws/build/force_torque_sensor_broadcaster' returned '0': CMAKE_PREFIX_PATH=${CMAKE_PREFIX_PATH}:/home/rumy/acrome_ws/install/rqt_joint_trajectory_controller:/home/rumy/acrome_ws/install/ros2_controllers_test_nodes:/opt/ros/jazzy DEBUGINFOD_URLS=https://debuginfod.ubuntu.com /usr/bin/cmake --install /home/rumy/acrome_ws/build/force_torque_sensor_broadcaster
