[0.078s] Invoking command in '/home/rumy/acrome_ws/build/pid_controller': CMAKE_PREFIX_PATH=${CMAKE_PREFIX_PATH}:/home/rumy/acrome_ws/install/rqt_joint_trajectory_controller:/home/rumy/acrome_ws/install/ros2_controllers_test_nodes:/opt/ros/jazzy DEBUGINFOD_URLS=https://debuginfod.ubuntu.com /usr/bin/cmake /home/rumy/acrome_ws/src/ros2_controllers/pid_controller -DCMAKE_INSTALL_PREFIX=/home/rumy/acrome_ws/install/pid_controller
[0.100s] -- Found ros2_control_cmake: 0.2.1 (/opt/ros/jazzy/share/ros2_control_cmake/cmake)
[0.100s] -- Compiler warnings enabled for GNU
[0.100s] -- Detected GCC Version: 13.3.0 (Major: 13, Minor: 3)
[0.103s] -- Found ament_cmake: 2.5.4 (/opt/ros/jazzy/share/ament_cmake/cmake)
[0.353s] -- Override CMake install command with custom implementation using symlinks instead of copying resources
[0.362s] -- Found angles: 1.16.0 (/opt/ros/jazzy/share/angles/cmake)
[0.363s] -- Found control_msgs: 5.4.1 (/opt/ros/jazzy/share/control_msgs/cmake)
[0.400s] -- Found rosidl_generator_c: 4.6.5 (/opt/ros/jazzy/share/rosidl_generator_c/cmake)
[0.417s] -- Found rosidl_generator_cpp: 4.6.5 (/opt/ros/jazzy/share/rosidl_generator_cpp/cmake)
[0.434s] -- Using all available rosidl_typesupport_c: rosidl_typesupport_fastrtps_c;rosidl_typesupport_introspection_c
[0.458s] -- Using all available rosidl_typesupport_cpp: rosidl_typesupport_fastrtps_cpp;rosidl_typesupport_introspection_cpp
[0.715s] -- Found control_toolbox: 4.5.0 (/opt/ros/jazzy/share/control_toolbox/cmake)
[0.774s] -- Found rmw_implementation_cmake: 7.3.2 (/opt/ros/jazzy/share/rmw_implementation_cmake/cmake)
[0.777s] -- Found rmw_fastrtps_cpp: 8.4.2 (/opt/ros/jazzy/share/rmw_fastrtps_cpp/cmake)
[0.872s] -- Using RMW implementation 'rmw_fastrtps_cpp' as default
[1.108s] -- Found eigen3_cmake_module: 0.3.0 (/opt/ros/jazzy/share/eigen3_cmake_module/cmake)
[1.110s] -- Ensuring Eigen3 include directory is part of orocos-kdl CMake target
[1.225s] -- Found controller_interface: 4.32.0 (/opt/ros/jazzy/share/controller_interface/cmake)
[1.299s] -- Found std_srvs: 5.3.6 (/opt/ros/jazzy/share/std_srvs/cmake)
[1.327s] -- Found ament_cmake_gmock: 2.5.4 (/opt/ros/jazzy/share/ament_cmake_gmock/cmake)
[1.328s] -- Found controller_manager: 4.32.0 (/opt/ros/jazzy/share/controller_manager/cmake)
[1.437s] -- Found ros2_control_test_assets: 4.32.0 (/opt/ros/jazzy/share/ros2_control_test_assets/cmake)
[1.439s] -- Found gmock sources under '/opt/ros/jazzy/src/gmock_vendor': C++ tests using 'Google Mock' will be built
[1.442s] -- Found ament_cmake_gtest: 2.5.4 (/opt/ros/jazzy/share/ament_cmake_gtest/cmake)
[1.442s] -- Found gtest sources under '/opt/ros/jazzy/src/gtest_vendor': C++ tests using 'Google Test' will be built
[1.446s] -- Found gmock sources under '/opt/ros/jazzy/src/gmock_vendor': C++ tests using 'Google Mock' will be built
[1.446s] -- Found ament_cmake_gtest: 2.5.4 (/opt/ros/jazzy/share/ament_cmake_gtest/cmake)
[1.447s] -- Found gtest sources under '/opt/ros/jazzy/src/gtest_vendor': C++ tests using 'Google Test' will be built
[1.448s] -- Found gmock sources under '/opt/ros/jazzy/src/gmock_vendor': C++ tests using 'Google Mock' will be built
[1.450s] -- Found ament_cmake_gtest: 2.5.4 (/opt/ros/jazzy/share/ament_cmake_gtest/cmake)
[1.450s] -- Found gtest sources under '/opt/ros/jazzy/src/gtest_vendor': C++ tests using 'Google Test' will be built
[1.451s] -- Found gmock sources under '/opt/ros/jazzy/src/gmock_vendor': C++ tests using 'Google Mock' will be built
[1.451s] -- Found ament_cmake_gtest: 2.5.4 (/opt/ros/jazzy/share/ament_cmake_gtest/cmake)
[1.452s] -- Found gtest sources under '/opt/ros/jazzy/src/gtest_vendor': C++ tests using 'Google Test' will be built
[1.607s] -- Configuring done (1.5s)
[1.713s] -- Generating done (0.1s)
[1.739s] -- Build files have been written to: /home/rumy/acrome_ws/build/pid_controller
[1.767s] Invoked command in '/home/rumy/acrome_ws/build/pid_controller' returned '0': CMAKE_PREFIX_PATH=${CMAKE_PREFIX_PATH}:/home/rumy/acrome_ws/install/rqt_joint_trajectory_controller:/home/rumy/acrome_ws/install/ros2_controllers_test_nodes:/opt/ros/jazzy DEBUGINFOD_URLS=https://debuginfod.ubuntu.com /usr/bin/cmake /home/rumy/acrome_ws/src/ros2_controllers/pid_controller -DCMAKE_INSTALL_PREFIX=/home/rumy/acrome_ws/install/pid_controller
[1.768s] Invoking command in '/home/rumy/acrome_ws/build/pid_controller': CMAKE_PREFIX_PATH=${CMAKE_PREFIX_PATH}:/home/rumy/acrome_ws/install/rqt_joint_trajectory_controller:/home/rumy/acrome_ws/install/ros2_controllers_test_nodes:/opt/ros/jazzy DEBUGINFOD_URLS=https://debuginfod.ubuntu.com /usr/bin/cmake --build /home/rumy/acrome_ws/build/pid_controller -- -j12 -l12
[1.860s] [ 11%] Built target pid_controller_parameters
[1.881s] [ 23%] Built target gmock_main
[1.885s] [ 41%] Built target gmock
[1.911s] [ 47%] [32mBuilding CXX object CMakeFiles/pid_controller.dir/src/pid_controller.cpp.o[0m
[1.929s] [ 58%] Built target test_load_pid_controller
[6.285s] [01m[K/home/rumy/acrome_ws/src/ros2_controllers/pid_controller/src/pid_controller.cpp:[m[K In member function â€˜[01m[Kvirtual controller_interface::return_type pid_controller::PidController::[01;32m[Kupdate_and_write_commands[m[K(const rclcpp::Time&, const rclcpp::Duration&)[m[Kâ€™:
[6.285s] [01m[K/home/rumy/acrome_ws/src/ros2_controllers/pid_controller/src/pid_controller.cpp:496:65:[m[K [01;35m[Kwarning: [m[Kâ€˜[01m[Kdouble hardware_interface::LoanedStateInterface::[01;32m[Kget_value[m[K() const[m[Kâ€™ is deprecated: Use std::optional<T> get_optional() instead to retrieve the value. This method will be removed by the ROS 2 Kilted Kaiju release. [[01;35m[K]8;;https://gcc.gnu.org/onlinedocs/gcc/Warning-Options.html#index-Wdeprecated-declarations-Wdeprecated-declarations]8;;[m[K]
[6.285s]   496 |       measured_state_values_[i] = [01;35m[Kstate_interfaces_[i].get_value()[m[K;
[6.285s]       |                                   [01;35m[K~~~~~~~~~~~~~~~~~~~~~~~~~~~~~~^~[m[K
[6.285s] In file included from [01m[K/opt/ros/jazzy/include/controller_interface/controller_interface/controller_interface_base.hpp:28[m[K,
[6.285s]                  from [01m[K/opt/ros/jazzy/include/controller_interface/controller_interface/chainable_controller_interface.hpp:23[m[K,
[6.285s]                  from [01m[K/home/rumy/acrome_ws/src/ros2_controllers/pid_controller/include/pid_controller/pid_controller.hpp:28[m[K,
[6.285s]                  from [01m[K/home/rumy/acrome_ws/src/ros2_controllers/pid_controller/src/pid_controller.cpp:18[m[K:
[6.286s] [01m[K/opt/ros/jazzy/include/hardware_interface/hardware_interface/loaned_state_interface.hpp:94:10:[m[K [01;36m[Knote: [m[Kdeclared here
[6.286s]    94 |   double [01;36m[Kget_value[m[K() const
[6.286s]       |          [01;36m[K^~~~~~~~~[m[K
[6.287s] [01m[K/home/rumy/acrome_ws/src/ros2_controllers/pid_controller/src/pid_controller.cpp:601:85:[m[K [01;35m[Kwarning: [m[Kâ€˜[01m[Kdouble hardware_interface::LoanedCommandInterface::[01;32m[Kget_value[m[K() const[m[Kâ€™ is deprecated: Use std::optional<T> get_optional() instead to retrieve the value. This method will be removed by the ROS 2 Kilted Kaiju release. [[01;35m[K]8;;https://gcc.gnu.org/onlinedocs/gcc/Warning-Options.html#index-Wdeprecated-declarations-Wdeprecated-declarations]8;;[m[K]
[6.287s]   601 | isher_->msg_.dof_states[i].output = [01;35m[Kcommand_interfaces_[i].get_value()[m[K;
[6.287s]       |                                     [01;35m[K~~~~~~~~~~~~~~~~~~~~~~~~~~~~~~~~^~[m[K
[6.287s] 
[6.287s] In file included from [01m[K/opt/ros/jazzy/include/controller_interface/controller_interface/controller_interface_base.hpp:27[m[K:
[6.288s] [01m[K/opt/ros/jazzy/include/hardware_interface/hardware_interface/loaned_command_interface.hpp:134:10:[m[K [01;36m[Knote: [m[Kdeclared here
[6.288s]   134 |   double [01;36m[Kget_value[m[K() const
[6.288s]       |          [01;36m[K^~~~~~~~~[m[K
[8.811s] In file included from [01m[K/usr/include/c++/13/bits/stl_tempbuf.h:61[m[K,
[8.812s]                  from [01m[K/usr/include/c++/13/memory:66[m[K,
[8.812s]                  from [01m[K/home/rumy/acrome_ws/src/ros2_controllers/pid_controller/include/pid_controller/pid_controller.hpp:21[m[K:
[8.812s] /usr/include/c++/13/bits/stl_construct.h: In instantiation of â€˜[01m[Kvoid std::[01;32m[K_Construct[m[K(_Tp*, _Args&& ...) [35m[K[with _Tp = control_toolbox::PidROS; _Args = {shared_ptr<rclcpp_lifecycle::LifecycleNode>, __cxx11::basic_string<char, char_traits<char>, allocator<char> >, __cxx11::basic_string<char, char_traits<char>, allocator<char> >, bool}][m[K[m[Kâ€™:
[8.812s] [01m[K/usr/include/c++/13/bits/alloc_traits.h:661:19:[m[K   required from â€˜[01m[Kstatic void std::allocator_traits<std::allocator<void> >::[01;32m[Kconstruct[m[K(allocator_type&, _Up*, _Args&& ...) [35m[K[with _Up = control_toolbox::PidROS; _Args = {std::shared_ptr<rclcpp_lifecycle::LifecycleNode>, std::__cxx11::basic_string<char, std::char_traits<char>, std::allocator<char> >, std::__cxx11::basic_string<char, std::char_traits<char>, std::allocator<char> >, bool}; allocator_type = std::allocator<void>][m[K[m[Kâ€™
[8.812s] [01m[K/usr/include/c++/13/bits/shared_ptr_base.h:604:39:[m[K   required from â€˜[01m[Kstd::_Sp_counted_ptr_inplace<_Tp, _Alloc, _Lp>::[01;32m[K_Sp_counted_ptr_inplace[m[K(_Alloc, _Args&& ...) [35m[K[with _Args = {std::shared_ptr<rclcpp_lifecycle::LifecycleNode>, std::__cxx11::basic_string<char, std::char_traits<char>, std::allocator<char> >, std::__cxx11::basic_string<char, std::char_traits<char>, std::allocator<char> >, bool}; _Tp = control_toolbox::PidROS; _Alloc = std::allocator<void>; __gnu_cxx::_Lock_policy _Lp = __gnu_cxx::_S_atomic][m[K[m[Kâ€™
[8.815s] [01m[K/usr/include/c++/13/bits/shared_ptr_base.h:971:16:[m[K   required from â€˜[01m[Kstd::__shared_count<_Lp>::[01;32m[K__shared_count[m[K(_Tp*&, std::_Sp_alloc_shared_tag<_Alloc>, _Args&& ...) [35m[K[with _Tp = control_toolbox::PidROS; _Alloc = std::allocator<void>; _Args = {std::shared_ptr<rclcpp_lifecycle::LifecycleNode>, std::__cxx11::basic_string<char, std::char_traits<char>, std::allocator<char> >, std::__cxx11::basic_string<char, std::char_traits<char>, std::allocator<char> >, bool}; __gnu_cxx::_Lock_policy _Lp = __gnu_cxx::_S_atomic][m[K[m[Kâ€™
[8.815s] [01m[K/usr/include/c++/13/bits/shared_ptr_base.h:1712:14:[m[K   required from â€˜[01m[Kstd::__shared_ptr<_Tp, _Lp>::[01;32m[K__shared_ptr[m[K(std::_Sp_alloc_shared_tag<_Tp>, _Args&& ...) [35m[K[with _Alloc = std::allocator<void>; _Args = {std::shared_ptr<rclcpp_lifecycle::LifecycleNode>, std::__cxx11::basic_string<char, std::char_traits<char>, std::allocator<char> >, std::__cxx11::basic_string<char, std::char_traits<char>, std::allocator<char> >, bool}; _Tp = control_toolbox::PidROS; __gnu_cxx::_Lock_policy _Lp = __gnu_cxx::_S_atomic][m[K[m[Kâ€™
[8.815s] [01m[K/usr/include/c++/13/bits/shared_ptr.h:464:59:[m[K   required from â€˜[01m[Kstd::shared_ptr<_Tp>::[01;32m[Kshared_ptr[m[K(std::_Sp_alloc_shared_tag<_Tp>, _Args&& ...) [35m[K[with _Alloc = std::allocator<void>; _Args = {std::shared_ptr<rclcpp_lifecycle::LifecycleNode>, std::__cxx11::basic_string<char, std::char_traits<char>, std::allocator<char> >, std::__cxx11::basic_string<char, std::char_traits<char>, std::allocator<char> >, bool}; _Tp = control_toolbox::PidROS][m[K[m[Kâ€™
[8.815s] [01m[K/usr/include/c++/13/bits/shared_ptr.h:1009:14:[m[K   required from â€˜[01m[Kstd::shared_ptr<typename std::enable_if<(! std::is_array< <template-parameter-1-1> >::value), _Tp>::type> std::[01;32m[Kmake_shared[m[K(_Args&& ...) [35m[K[with _Tp = control_toolbox::PidROS; _Args = {shared_ptr<rclcpp_lifecycle::LifecycleNode>, __cxx11::basic_string<char, char_traits<char>, allocator<char> >, __cxx11::basic_string<char, char_traits<char>, allocator<char> >, bool}; typename enable_if<(! is_array< <template-parameter-1-1> >::value), _Tp>::type = control_toolbox::PidROS][m[K[m[Kâ€™
[8.815s] [01m[K/home/rumy/acrome_ws/src/ros2_controllers/pid_controller/src/pid_controller.cpp:142:57:[m[K   required from here
[8.815s] [01m[K/usr/include/c++/13/bits/stl_construct.h:119:7:[m[K [01;31m[Kerror: [m[Kno matching function for call to â€˜[01m[Kcontrol_toolbox::PidROS::PidROS(std::shared_ptr<rclcpp_lifecycle::LifecycleNode>, std::__cxx11::basic_string<char>, std::__cxx11::basic_string<char>, bool)[m[Kâ€™
[8.815s]   119 |       [01;31m[K::new((void*)__p) _Tp(std::forward<_Args>(__args)...)[m[K;
[8.815s]       |       [01;31m[K^~~~~~~~~~~~~~~~~~~~~~~~~~~~~~~~~~~~~~~~~~~~~~~~~~~~~[m[K
[8.815s] In file included from [01m[K/home/rumy/acrome_ws/src/ros2_controllers/pid_controller/include/pid_controller/pid_controller.hpp:27[m[K:
[8.815s] [01m[K/opt/ros/jazzy/include/control_toolbox/control_toolbox/pid_ros.hpp:71:12:[m[K [01;36m[Knote: [m[Kcandidate: â€˜[01m[Ktemplate<class NodeT> control_toolbox::PidROS::[01;32m[KPidROS[m[K(std::shared_ptr<_Tp>, std::string, bool)[m[Kâ€™
[8.815s]    71 |   explicit [01;36m[KPidROS[m[K(
[8.816s]       |            [01;36m[K^~~~~~[m[K
[8.816s] [01m[K/opt/ros/jazzy/include/control_toolbox/control_toolbox/pid_ros.hpp:71:12:[m[K [01;36m[Knote: [m[K  template argument deduction/substitution failed:
[8.816s] [01m[K/usr/include/c++/13/bits/stl_construct.h:119:7:[m[K [01;36m[Knote: [m[K  candidate expects 3 arguments, 4 provided
[8.816s]   119 |       [01;36m[K::new((void*)__p) _Tp(std::forward<_Args>(__args)...)[m[K;
[8.816s]       |       [01;36m[K^~~~~~~~~~~~~~~~~~~~~~~~~~~~~~~~~~~~~~~~~~~~~~~~~~~~~[m[K
[8.816s] [01m[K/opt/ros/jazzy/include/control_toolbox/control_toolbox/pid_ros.hpp:81:3:[m[K [01;36m[Knote: [m[Kcandidate: â€˜[01m[Kcontrol_toolbox::PidROS::[01;32m[KPidROS[m[K(rclcpp::node_interfaces::NodeBaseInterface::SharedPtr, rclcpp::node_interfaces::NodeLoggingInterface::SharedPtr, rclcpp::node_interfaces::NodeParametersInterface::SharedPtr, rclcpp::node_interfaces::NodeTopicsInterface::SharedPtr, std::string, bool)[m[Kâ€™
[8.816s]    81 |   [01;36m[KPidROS[m[K(
[8.816s]       |   [01;36m[K^~~~~~[m[K
[8.816s] [01m[K/opt/ros/jazzy/include/control_toolbox/control_toolbox/pid_ros.hpp:82:59:[m[K [01;36m[Knote: [m[K  no known conversion for argument 1 from â€˜[01m[Kshared_ptr<[01;32m[Krclcpp_lifecycle::LifecycleNode[m[K>[m[Kâ€™ to â€˜[01m[Kshared_ptr<[01;32m[Krclcpp::node_interfaces::NodeBaseInterface[m[K>[m[Kâ€™
[8.816s]    82 |     [01;36m[Krclcpp::node_interfaces::NodeBaseInterface::SharedPtr node_base[m[K,
[8.816s]       |     [01;36m[K~~~~~~~~~~~~~~~~~~~~~~~~~~~~~~~~~~~~~~~~~~~~~~~~~~~~~~^~~~~~~~~[m[K
[8.816s] [01m[K/opt/ros/jazzy/include/control_toolbox/control_toolbox/pid_ros.hpp:53:7:[m[K [01;36m[Knote: [m[Kcandidate: â€˜[01m[Kcontrol_toolbox::PidROS::[01;32m[KPidROS[m[K(const control_toolbox::PidROS&)[m[Kâ€™
[8.817s]    53 | class [01;36m[KPidROS[m[K
[8.817s]       |       [01;36m[K^~~~~~[m[K
[8.817s] [01m[K/opt/ros/jazzy/include/control_toolbox/control_toolbox/pid_ros.hpp:53:7:[m[K [01;36m[Knote: [m[K  candidate expects 1 argument, 4 provided
[8.817s] [01m[K/opt/ros/jazzy/include/control_toolbox/control_toolbox/pid_ros.hpp:53:7:[m[K [01;36m[Knote: [m[Kcandidate: â€˜[01m[Kcontrol_toolbox::PidROS::[01;32m[KPidROS[m[K(control_toolbox::PidROS&&)[m[Kâ€™
[8.817s] [01m[K/opt/ros/jazzy/include/control_toolbox/control_toolbox/pid_ros.hpp:53:7:[m[K [01;36m[Knote: [m[K  candidate expects 1 argument, 4 provided
[11.493s] gmake[2]: *** [CMakeFiles/pid_controller.dir/build.make:76: CMakeFiles/pid_controller.dir/src/pid_controller.cpp.o] Error 1
[11.494s] gmake[1]: *** [CMakeFiles/Makefile2:210: CMakeFiles/pid_controller.dir/all] Error 2
[11.494s] gmake: *** [Makefile:146: all] Error 2
[11.516s] Invoked command in '/home/rumy/acrome_ws/build/pid_controller' returned '2': CMAKE_PREFIX_PATH=${CMAKE_PREFIX_PATH}:/home/rumy/acrome_ws/install/rqt_joint_trajectory_controller:/home/rumy/acrome_ws/install/ros2_controllers_test_nodes:/opt/ros/jazzy DEBUGINFOD_URLS=https://debuginfod.ubuntu.com /usr/bin/cmake --build /home/rumy/acrome_ws/build/pid_controller -- -j12 -l12
